[0.060s] Invoking command in '/home/neha/gitjazzy/build/bme_gazebo_basics': CMAKE_PREFIX_PATH=${CMAKE_PREFIX_PATH}:/opt/ros/jazzy /usr/bin/cmake --build /home/neha/gitjazzy/build/bme_gazebo_basics -- -j8 -l8
[0.871s] Invoked command in '/home/neha/gitjazzy/build/bme_gazebo_basics' returned '0': CMAKE_PREFIX_PATH=${CMAKE_PREFIX_PATH}:/opt/ros/jazzy /usr/bin/cmake --build /home/neha/gitjazzy/build/bme_gazebo_basics -- -j8 -l8
[0.883s] Invoking command in '/home/neha/gitjazzy/build/bme_gazebo_basics': CMAKE_PREFIX_PATH=${CMAKE_PREFIX_PATH}:/opt/ros/jazzy /usr/bin/cmake --install /home/neha/gitjazzy/build/bme_gazebo_basics
[0.895s] -- Install configuration: ""
[0.912s] -- Execute custom install script
[0.912s] -- Up-to-date symlink: /home/neha/gitjazzy/install/bme_gazebo_basics/share/bme_gazebo_basics/launch/check_urdf.launch.py
[0.912s] -- Up-to-date symlink: /home/neha/gitjazzy/install/bme_gazebo_basics/share/bme_gazebo_basics/launch/spawn_robot.launch.py
[0.913s] -- Up-to-date symlink: /home/neha/gitjazzy/install/bme_gazebo_basics/share/bme_gazebo_basics/launch/world.launch.py
[0.913s] -- Up-to-date symlink: /home/neha/gitjazzy/install/bme_gazebo_basics/share/bme_gazebo_basics/worlds/empty.sdf
[0.920s] -- Up-to-date symlink: /home/neha/gitjazzy/install/bme_gazebo_basics/share/bme_gazebo_basics/worlds/world.sdf
[0.921s] -- Up-to-date symlink: /home/neha/gitjazzy/install/bme_gazebo_basics/share/bme_gazebo_basics/rviz/rviz.rviz
[0.921s] -- Up-to-date symlink: /home/neha/gitjazzy/install/bme_gazebo_basics/share/bme_gazebo_basics/rviz/urdf.rviz
[0.927s] -- Up-to-date symlink: /home/neha/gitjazzy/install/bme_gazebo_basics/share/bme_gazebo_basics/urdf/materials.xacro
[0.929s] -- Up-to-date symlink: /home/neha/gitjazzy/install/bme_gazebo_basics/share/bme_gazebo_basics/urdf/mogi_bot.gazebo
[0.931s] -- Up-to-date symlink: /home/neha/gitjazzy/install/bme_gazebo_basics/share/bme_gazebo_basics/urdf/mogi_bot.urdf
[0.932s] -- Up-to-date symlink: /home/neha/gitjazzy/install/bme_gazebo_basics/share/bme_gazebo_basics/urdf/mogi_bot_mecanum.gazebo
[0.932s] -- Up-to-date symlink: /home/neha/gitjazzy/install/bme_gazebo_basics/share/bme_gazebo_basics/urdf/mogi_bot_mecanum.urdf
[0.933s] -- Up-to-date symlink: /home/neha/gitjazzy/install/bme_gazebo_basics/share/bme_gazebo_basics/urdf/mogi_bot_skid_steer.gazebo
[0.933s] -- Up-to-date symlink: /home/neha/gitjazzy/install/bme_gazebo_basics/share/bme_gazebo_basics/urdf/mogi_bot_skid_steer.urdf
[0.933s] -- Up-to-date symlink: /home/neha/gitjazzy/install/bme_gazebo_basics/share/bme_gazebo_basics/meshes/mecanum_wheel_left.STL
[0.934s] -- Up-to-date symlink: /home/neha/gitjazzy/install/bme_gazebo_basics/share/bme_gazebo_basics/meshes/mecanum_wheel_right.STL
[0.939s] -- Up-to-date symlink: /home/neha/gitjazzy/install/bme_gazebo_basics/share/bme_gazebo_basics/meshes/mogi_bot.SLDPRT
[0.940s] -- Up-to-date symlink: /home/neha/gitjazzy/install/bme_gazebo_basics/share/bme_gazebo_basics/meshes/mogi_bot.STEP
[0.940s] -- Up-to-date symlink: /home/neha/gitjazzy/install/bme_gazebo_basics/share/bme_gazebo_basics/meshes/mogi_bot.STL
[0.940s] -- Up-to-date symlink: /home/neha/gitjazzy/install/bme_gazebo_basics/share/bme_gazebo_basics/meshes/mogi_bot.blend
[0.941s] -- Up-to-date symlink: /home/neha/gitjazzy/install/bme_gazebo_basics/share/bme_gazebo_basics/meshes/mogi_bot.dae
[0.941s] -- Up-to-date symlink: /home/neha/gitjazzy/install/bme_gazebo_basics/share/bme_gazebo_basics/meshes/wheel.SLDPRT
[0.941s] -- Up-to-date symlink: /home/neha/gitjazzy/install/bme_gazebo_basics/share/bme_gazebo_basics/meshes/wheel.STEP
[0.941s] -- Up-to-date symlink: /home/neha/gitjazzy/install/bme_gazebo_basics/share/bme_gazebo_basics/meshes/wheel.STL
[0.941s] -- Up-to-date symlink: /home/neha/gitjazzy/install/bme_gazebo_basics/share/bme_gazebo_basics/meshes/wheel.blend
[0.941s] -- Up-to-date symlink: /home/neha/gitjazzy/install/bme_gazebo_basics/share/bme_gazebo_basics/meshes/wheel.dae
[0.942s] -- Up-to-date symlink: /home/neha/gitjazzy/install/bme_gazebo_basics/share/ament_index/resource_index/package_run_dependencies/bme_gazebo_basics
[0.942s] -- Up-to-date symlink: /home/neha/gitjazzy/install/bme_gazebo_basics/share/ament_index/resource_index/parent_prefix_path/bme_gazebo_basics
[0.942s] -- Up-to-date symlink: /home/neha/gitjazzy/install/bme_gazebo_basics/share/bme_gazebo_basics/environment/ament_prefix_path.sh
[0.942s] -- Up-to-date symlink: /home/neha/gitjazzy/install/bme_gazebo_basics/share/bme_gazebo_basics/environment/ament_prefix_path.dsv
[0.942s] -- Up-to-date symlink: /home/neha/gitjazzy/install/bme_gazebo_basics/share/bme_gazebo_basics/environment/path.sh
[0.943s] -- Up-to-date symlink: /home/neha/gitjazzy/install/bme_gazebo_basics/share/bme_gazebo_basics/environment/path.dsv
[0.943s] -- Up-to-date symlink: /home/neha/gitjazzy/install/bme_gazebo_basics/share/bme_gazebo_basics/local_setup.bash
[0.943s] -- Up-to-date symlink: /home/neha/gitjazzy/install/bme_gazebo_basics/share/bme_gazebo_basics/local_setup.sh
[0.943s] -- Up-to-date symlink: /home/neha/gitjazzy/install/bme_gazebo_basics/share/bme_gazebo_basics/local_setup.zsh
[0.943s] -- Up-to-date symlink: /home/neha/gitjazzy/install/bme_gazebo_basics/share/bme_gazebo_basics/local_setup.dsv
[0.943s] -- Symlinking: /home/neha/gitjazzy/install/bme_gazebo_basics/share/bme_gazebo_basics/package.dsv
[0.943s] -- Up-to-date symlink: /home/neha/gitjazzy/install/bme_gazebo_basics/share/ament_index/resource_index/packages/bme_gazebo_basics
[0.944s] -- Up-to-date symlink: /home/neha/gitjazzy/install/bme_gazebo_basics/share/bme_gazebo_basics/cmake/bme_gazebo_basicsConfig.cmake
[0.944s] -- Up-to-date symlink: /home/neha/gitjazzy/install/bme_gazebo_basics/share/bme_gazebo_basics/cmake/bme_gazebo_basicsConfig-version.cmake
[0.944s] -- Up-to-date symlink: /home/neha/gitjazzy/install/bme_gazebo_basics/share/bme_gazebo_basics/package.xml
[0.988s] Invoked command in '/home/neha/gitjazzy/build/bme_gazebo_basics' returned '0': CMAKE_PREFIX_PATH=${CMAKE_PREFIX_PATH}:/opt/ros/jazzy /usr/bin/cmake --install /home/neha/gitjazzy/build/bme_gazebo_basics
