[1.704s] Invoking command in '/home/neha/gitjazzy/src/Week-5-6-Gazebo-sensors/bme_gazebo_sensors_py': PYTHONPATH=/home/neha/gitjazzy/src/build/bme_gazebo_sensors_py/prefix_override:/usr/lib/python3/dist-packages/colcon_core/task/python/colcon_distutils_commands:/home/neha/gitjazzy/src/install/bme_gazebo_sensors_py/lib/python3.12/site-packages:${PYTHONPATH} /usr/bin/python3 -W ignore:setup.py install is deprecated -W ignore:easy_install command is deprecated setup.py egg_info --egg-base ../../build/bme_gazebo_sensors_py build --build-base /home/neha/gitjazzy/src/build/bme_gazebo_sensors_py/build install --record /home/neha/gitjazzy/src/build/bme_gazebo_sensors_py/install.log --single-version-externally-managed install_data
[2.158s] running egg_info
[2.184s] writing ../../build/bme_gazebo_sensors_py/bme_gazebo_sensors_py.egg-info/PKG-INFO
[2.185s] writing dependency_links to ../../build/bme_gazebo_sensors_py/bme_gazebo_sensors_py.egg-info/dependency_links.txt
[2.185s] writing entry points to ../../build/bme_gazebo_sensors_py/bme_gazebo_sensors_py.egg-info/entry_points.txt
[2.185s] writing requirements to ../../build/bme_gazebo_sensors_py/bme_gazebo_sensors_py.egg-info/requires.txt
[2.185s] writing top-level names to ../../build/bme_gazebo_sensors_py/bme_gazebo_sensors_py.egg-info/top_level.txt
[2.243s] reading manifest file '../../build/bme_gazebo_sensors_py/bme_gazebo_sensors_py.egg-info/SOURCES.txt'
[2.244s] writing manifest file '../../build/bme_gazebo_sensors_py/bme_gazebo_sensors_py.egg-info/SOURCES.txt'
[2.244s] running build
[2.244s] running build_py
[2.244s] running install
[2.252s] running install_lib
[2.282s] running install_data
[2.282s] running install_egg_info
[2.316s] removing '/home/neha/gitjazzy/src/install/bme_gazebo_sensors_py/lib/python3.12/site-packages/bme_gazebo_sensors_py-1.0.0-py3.12.egg-info' (and everything under it)
[2.316s] Copying ../../build/bme_gazebo_sensors_py/bme_gazebo_sensors_py.egg-info to /home/neha/gitjazzy/src/install/bme_gazebo_sensors_py/lib/python3.12/site-packages/bme_gazebo_sensors_py-1.0.0-py3.12.egg-info
[2.317s] running install_scripts
[2.525s] Installing chase_the_ball script to /home/neha/gitjazzy/src/install/bme_gazebo_sensors_py/lib/bme_gazebo_sensors_py
[2.525s] Installing gps_waypoint_follower script to /home/neha/gitjazzy/src/install/bme_gazebo_sensors_py/lib/bme_gazebo_sensors_py
[2.526s] Installing image_republisher script to /home/neha/gitjazzy/src/install/bme_gazebo_sensors_py/lib/bme_gazebo_sensors_py
[2.526s] writing list of installed files to '/home/neha/gitjazzy/src/build/bme_gazebo_sensors_py/install.log'
[2.583s] Invoked command in '/home/neha/gitjazzy/src/Week-5-6-Gazebo-sensors/bme_gazebo_sensors_py' returned '0': PYTHONPATH=/home/neha/gitjazzy/src/build/bme_gazebo_sensors_py/prefix_override:/usr/lib/python3/dist-packages/colcon_core/task/python/colcon_distutils_commands:/home/neha/gitjazzy/src/install/bme_gazebo_sensors_py/lib/python3.12/site-packages:${PYTHONPATH} /usr/bin/python3 -W ignore:setup.py install is deprecated -W ignore:easy_install command is deprecated setup.py egg_info --egg-base ../../build/bme_gazebo_sensors_py build --build-base /home/neha/gitjazzy/src/build/bme_gazebo_sensors_py/build install --record /home/neha/gitjazzy/src/build/bme_gazebo_sensors_py/install.log --single-version-externally-managed install_data
