[0.143s] DEBUG:colcon:Command line arguments: ['/usr/bin/colcon', 'build']
[0.143s] DEBUG:colcon:Parsed command line arguments: Namespace(log_base=None, log_level=None, verb_name='build', build_base='build', install_base='install', merge_install=False, symlink_install=False, test_result_base=None, continue_on_error=False, executor='parallel', parallel_workers=8, event_handlers=None, ignore_user_meta=False, metas=['./colcon.meta'], base_paths=['.'], packages_ignore=None, packages_ignore_regex=None, paths=None, packages_up_to=None, packages_up_to_regex=None, packages_above=None, packages_above_and_dependencies=None, packages_above_depth=None, packages_select_by_dep=None, packages_skip_by_dep=None, packages_skip_up_to=None, packages_select_build_failed=False, packages_skip_build_finished=False, packages_select_test_failures=False, packages_skip_test_passed=False, packages_select=None, packages_skip=None, packages_select_regex=None, packages_skip_regex=None, packages_start=None, packages_end=None, cmake_args=None, cmake_target=None, cmake_target_skip_unavailable=False, cmake_clean_cache=False, cmake_clean_first=False, cmake_force_configure=False, ament_cmake_args=None, catkin_cmake_args=None, catkin_skip_building_tests=False, verb_parser=<colcon_defaults.argument_parser.defaults.DefaultArgumentsDecorator object at 0x7f701848d2b0>, verb_extension=<colcon_core.verb.build.BuildVerb object at 0x7f701848d130>, main=<bound method BuildVerb.main of <colcon_core.verb.build.BuildVerb object at 0x7f701848d130>>)
[0.183s] Level 1:colcon.colcon_core.package_discovery:discover_packages(colcon_meta) check parameters
[0.183s] Level 1:colcon.colcon_core.package_discovery:discover_packages(recursive) check parameters
[0.183s] Level 1:colcon.colcon_core.package_discovery:discover_packages(ignore) check parameters
[0.183s] Level 1:colcon.colcon_core.package_discovery:discover_packages(path) check parameters
[0.183s] Level 1:colcon.colcon_core.package_discovery:discover_packages(colcon_meta) discover
[0.183s] Level 1:colcon.colcon_core.package_discovery:discover_packages(recursive) discover
[0.184s] INFO:colcon.colcon_core.package_discovery:Crawling recursively for packages in '/home/neha/gitjazzy'
[0.184s] Level 1:colcon.colcon_core.package_identification:_identify(.) by extensions ['ignore', 'ignore_ament_install']
[0.184s] Level 1:colcon.colcon_core.package_identification:_identify(.) by extension 'ignore'
[0.184s] Level 1:colcon.colcon_core.package_identification:_identify(.) by extension 'ignore_ament_install'
[0.184s] Level 1:colcon.colcon_core.package_identification:_identify(.) by extensions ['colcon_pkg']
[0.184s] Level 1:colcon.colcon_core.package_identification:_identify(.) by extension 'colcon_pkg'
[0.184s] Level 1:colcon.colcon_core.package_identification:_identify(.) by extensions ['colcon_meta']
[0.184s] Level 1:colcon.colcon_core.package_identification:_identify(.) by extension 'colcon_meta'
[0.184s] Level 1:colcon.colcon_core.package_identification:_identify(.) by extensions ['ros']
[0.184s] Level 1:colcon.colcon_core.package_identification:_identify(.) by extension 'ros'
[0.213s] Level 1:colcon.colcon_core.package_identification:_identify(.) by extensions ['cmake', 'python']
[0.213s] Level 1:colcon.colcon_core.package_identification:_identify(.) by extension 'cmake'
[0.213s] Level 1:colcon.colcon_core.package_identification:_identify(.) by extension 'python'
[0.213s] Level 1:colcon.colcon_core.package_identification:_identify(.) by extensions ['python_setup_py']
[0.213s] Level 1:colcon.colcon_core.package_identification:_identify(.) by extension 'python_setup_py'
[0.213s] Level 1:colcon.colcon_core.package_identification:_identify(build) by extensions ['ignore', 'ignore_ament_install']
[0.213s] Level 1:colcon.colcon_core.package_identification:_identify(build) by extension 'ignore'
[0.214s] Level 1:colcon.colcon_core.package_identification:_identify(build) ignored
[0.214s] Level 1:colcon.colcon_core.package_identification:_identify(install) by extensions ['ignore', 'ignore_ament_install']
[0.214s] Level 1:colcon.colcon_core.package_identification:_identify(install) by extension 'ignore'
[0.214s] Level 1:colcon.colcon_core.package_identification:_identify(install) ignored
[0.214s] Level 1:colcon.colcon_core.package_identification:_identify(log) by extensions ['ignore', 'ignore_ament_install']
[0.214s] Level 1:colcon.colcon_core.package_identification:_identify(log) by extension 'ignore'
[0.214s] Level 1:colcon.colcon_core.package_identification:_identify(log) ignored
[0.214s] Level 1:colcon.colcon_core.package_identification:_identify(mogi_trajectory_server) by extensions ['ignore', 'ignore_ament_install']
[0.214s] Level 1:colcon.colcon_core.package_identification:_identify(mogi_trajectory_server) by extension 'ignore'
[0.214s] Level 1:colcon.colcon_core.package_identification:_identify(mogi_trajectory_server) by extension 'ignore_ament_install'
[0.214s] Level 1:colcon.colcon_core.package_identification:_identify(mogi_trajectory_server) by extensions ['colcon_pkg']
[0.214s] Level 1:colcon.colcon_core.package_identification:_identify(mogi_trajectory_server) by extension 'colcon_pkg'
[0.215s] Level 1:colcon.colcon_core.package_identification:_identify(mogi_trajectory_server) by extensions ['colcon_meta']
[0.215s] Level 1:colcon.colcon_core.package_identification:_identify(mogi_trajectory_server) by extension 'colcon_meta'
[0.215s] Level 1:colcon.colcon_core.package_identification:_identify(mogi_trajectory_server) by extensions ['ros']
[0.215s] Level 1:colcon.colcon_core.package_identification:_identify(mogi_trajectory_server) by extension 'ros'
[0.217s] DEBUG:colcon.colcon_core.package_identification:Package 'mogi_trajectory_server' with type 'ros.ament_python' and name 'mogi_trajectory_server'
[0.217s] Level 1:colcon.colcon_core.package_identification:_identify(src) by extensions ['ignore', 'ignore_ament_install']
[0.217s] Level 1:colcon.colcon_core.package_identification:_identify(src) by extension 'ignore'
[0.217s] Level 1:colcon.colcon_core.package_identification:_identify(src) by extension 'ignore_ament_install'
[0.217s] Level 1:colcon.colcon_core.package_identification:_identify(src) by extensions ['colcon_pkg']
[0.217s] Level 1:colcon.colcon_core.package_identification:_identify(src) by extension 'colcon_pkg'
[0.217s] Level 1:colcon.colcon_core.package_identification:_identify(src) by extensions ['colcon_meta']
[0.217s] Level 1:colcon.colcon_core.package_identification:_identify(src) by extension 'colcon_meta'
[0.217s] Level 1:colcon.colcon_core.package_identification:_identify(src) by extensions ['ros']
[0.217s] Level 1:colcon.colcon_core.package_identification:_identify(src) by extension 'ros'
[0.217s] Level 1:colcon.colcon_core.package_identification:_identify(src) by extensions ['cmake', 'python']
[0.217s] Level 1:colcon.colcon_core.package_identification:_identify(src) by extension 'cmake'
[0.218s] Level 1:colcon.colcon_core.package_identification:_identify(src) by extension 'python'
[0.218s] Level 1:colcon.colcon_core.package_identification:_identify(src) by extensions ['python_setup_py']
[0.218s] Level 1:colcon.colcon_core.package_identification:_identify(src) by extension 'python_setup_py'
[0.218s] Level 1:colcon.colcon_core.package_identification:_identify(src/Week-3-4-Gazebo-basics) by extensions ['ignore', 'ignore_ament_install']
[0.218s] Level 1:colcon.colcon_core.package_identification:_identify(src/Week-3-4-Gazebo-basics) by extension 'ignore'
[0.218s] Level 1:colcon.colcon_core.package_identification:_identify(src/Week-3-4-Gazebo-basics) by extension 'ignore_ament_install'
[0.218s] Level 1:colcon.colcon_core.package_identification:_identify(src/Week-3-4-Gazebo-basics) by extensions ['colcon_pkg']
[0.218s] Level 1:colcon.colcon_core.package_identification:_identify(src/Week-3-4-Gazebo-basics) by extension 'colcon_pkg'
[0.218s] Level 1:colcon.colcon_core.package_identification:_identify(src/Week-3-4-Gazebo-basics) by extensions ['colcon_meta']
[0.218s] Level 1:colcon.colcon_core.package_identification:_identify(src/Week-3-4-Gazebo-basics) by extension 'colcon_meta'
[0.218s] Level 1:colcon.colcon_core.package_identification:_identify(src/Week-3-4-Gazebo-basics) by extensions ['ros']
[0.218s] Level 1:colcon.colcon_core.package_identification:_identify(src/Week-3-4-Gazebo-basics) by extension 'ros'
[0.218s] Level 1:colcon.colcon_core.package_identification:_identify(src/Week-3-4-Gazebo-basics) by extensions ['cmake', 'python']
[0.218s] Level 1:colcon.colcon_core.package_identification:_identify(src/Week-3-4-Gazebo-basics) by extension 'cmake'
[0.218s] Level 1:colcon.colcon_core.package_identification:_identify(src/Week-3-4-Gazebo-basics) by extension 'python'
[0.218s] Level 1:colcon.colcon_core.package_identification:_identify(src/Week-3-4-Gazebo-basics) by extensions ['python_setup_py']
[0.218s] Level 1:colcon.colcon_core.package_identification:_identify(src/Week-3-4-Gazebo-basics) by extension 'python_setup_py'
[0.219s] Level 1:colcon.colcon_core.package_identification:_identify(src/Week-3-4-Gazebo-basics/assets) by extensions ['ignore', 'ignore_ament_install']
[0.219s] Level 1:colcon.colcon_core.package_identification:_identify(src/Week-3-4-Gazebo-basics/assets) by extension 'ignore'
[0.219s] Level 1:colcon.colcon_core.package_identification:_identify(src/Week-3-4-Gazebo-basics/assets) by extension 'ignore_ament_install'
[0.219s] Level 1:colcon.colcon_core.package_identification:_identify(src/Week-3-4-Gazebo-basics/assets) by extensions ['colcon_pkg']
[0.219s] Level 1:colcon.colcon_core.package_identification:_identify(src/Week-3-4-Gazebo-basics/assets) by extension 'colcon_pkg'
[0.219s] Level 1:colcon.colcon_core.package_identification:_identify(src/Week-3-4-Gazebo-basics/assets) by extensions ['colcon_meta']
[0.219s] Level 1:colcon.colcon_core.package_identification:_identify(src/Week-3-4-Gazebo-basics/assets) by extension 'colcon_meta'
[0.219s] Level 1:colcon.colcon_core.package_identification:_identify(src/Week-3-4-Gazebo-basics/assets) by extensions ['ros']
[0.219s] Level 1:colcon.colcon_core.package_identification:_identify(src/Week-3-4-Gazebo-basics/assets) by extension 'ros'
[0.219s] Level 1:colcon.colcon_core.package_identification:_identify(src/Week-3-4-Gazebo-basics/assets) by extensions ['cmake', 'python']
[0.219s] Level 1:colcon.colcon_core.package_identification:_identify(src/Week-3-4-Gazebo-basics/assets) by extension 'cmake'
[0.219s] Level 1:colcon.colcon_core.package_identification:_identify(src/Week-3-4-Gazebo-basics/assets) by extension 'python'
[0.219s] Level 1:colcon.colcon_core.package_identification:_identify(src/Week-3-4-Gazebo-basics/assets) by extensions ['python_setup_py']
[0.219s] Level 1:colcon.colcon_core.package_identification:_identify(src/Week-3-4-Gazebo-basics/assets) by extension 'python_setup_py'
[0.219s] Level 1:colcon.colcon_core.package_identification:_identify(src/Week-3-4-Gazebo-basics/bme_gazebo_basics) by extensions ['ignore', 'ignore_ament_install']
[0.220s] Level 1:colcon.colcon_core.package_identification:_identify(src/Week-3-4-Gazebo-basics/bme_gazebo_basics) by extension 'ignore'
[0.220s] Level 1:colcon.colcon_core.package_identification:_identify(src/Week-3-4-Gazebo-basics/bme_gazebo_basics) by extension 'ignore_ament_install'
[0.220s] Level 1:colcon.colcon_core.package_identification:_identify(src/Week-3-4-Gazebo-basics/bme_gazebo_basics) by extensions ['colcon_pkg']
[0.220s] Level 1:colcon.colcon_core.package_identification:_identify(src/Week-3-4-Gazebo-basics/bme_gazebo_basics) by extension 'colcon_pkg'
[0.220s] Level 1:colcon.colcon_core.package_identification:_identify(src/Week-3-4-Gazebo-basics/bme_gazebo_basics) by extensions ['colcon_meta']
[0.220s] Level 1:colcon.colcon_core.package_identification:_identify(src/Week-3-4-Gazebo-basics/bme_gazebo_basics) by extension 'colcon_meta'
[0.220s] Level 1:colcon.colcon_core.package_identification:_identify(src/Week-3-4-Gazebo-basics/bme_gazebo_basics) by extensions ['ros']
[0.220s] Level 1:colcon.colcon_core.package_identification:_identify(src/Week-3-4-Gazebo-basics/bme_gazebo_basics) by extension 'ros'
[0.220s] DEBUG:colcon.colcon_core.package_identification:Package 'src/Week-3-4-Gazebo-basics/bme_gazebo_basics' with type 'ros.ament_cmake' and name 'bme_gazebo_basics'
[0.220s] Level 1:colcon.colcon_core.package_identification:_identify(src/Week-5-6-Gazebo-sensors) by extensions ['ignore', 'ignore_ament_install']
[0.220s] Level 1:colcon.colcon_core.package_identification:_identify(src/Week-5-6-Gazebo-sensors) by extension 'ignore'
[0.221s] Level 1:colcon.colcon_core.package_identification:_identify(src/Week-5-6-Gazebo-sensors) by extension 'ignore_ament_install'
[0.221s] Level 1:colcon.colcon_core.package_identification:_identify(src/Week-5-6-Gazebo-sensors) by extensions ['colcon_pkg']
[0.221s] Level 1:colcon.colcon_core.package_identification:_identify(src/Week-5-6-Gazebo-sensors) by extension 'colcon_pkg'
[0.221s] Level 1:colcon.colcon_core.package_identification:_identify(src/Week-5-6-Gazebo-sensors) by extensions ['colcon_meta']
[0.221s] Level 1:colcon.colcon_core.package_identification:_identify(src/Week-5-6-Gazebo-sensors) by extension 'colcon_meta'
[0.221s] Level 1:colcon.colcon_core.package_identification:_identify(src/Week-5-6-Gazebo-sensors) by extensions ['ros']
[0.221s] Level 1:colcon.colcon_core.package_identification:_identify(src/Week-5-6-Gazebo-sensors) by extension 'ros'
[0.221s] Level 1:colcon.colcon_core.package_identification:_identify(src/Week-5-6-Gazebo-sensors) by extensions ['cmake', 'python']
[0.221s] Level 1:colcon.colcon_core.package_identification:_identify(src/Week-5-6-Gazebo-sensors) by extension 'cmake'
[0.221s] Level 1:colcon.colcon_core.package_identification:_identify(src/Week-5-6-Gazebo-sensors) by extension 'python'
[0.221s] Level 1:colcon.colcon_core.package_identification:_identify(src/Week-5-6-Gazebo-sensors) by extensions ['python_setup_py']
[0.221s] Level 1:colcon.colcon_core.package_identification:_identify(src/Week-5-6-Gazebo-sensors) by extension 'python_setup_py'
[0.221s] Level 1:colcon.colcon_core.package_identification:_identify(src/Week-5-6-Gazebo-sensors/assets) by extensions ['ignore', 'ignore_ament_install']
[0.221s] Level 1:colcon.colcon_core.package_identification:_identify(src/Week-5-6-Gazebo-sensors/assets) by extension 'ignore'
[0.222s] Level 1:colcon.colcon_core.package_identification:_identify(src/Week-5-6-Gazebo-sensors/assets) by extension 'ignore_ament_install'
[0.222s] Level 1:colcon.colcon_core.package_identification:_identify(src/Week-5-6-Gazebo-sensors/assets) by extensions ['colcon_pkg']
[0.222s] Level 1:colcon.colcon_core.package_identification:_identify(src/Week-5-6-Gazebo-sensors/assets) by extension 'colcon_pkg'
[0.222s] Level 1:colcon.colcon_core.package_identification:_identify(src/Week-5-6-Gazebo-sensors/assets) by extensions ['colcon_meta']
[0.222s] Level 1:colcon.colcon_core.package_identification:_identify(src/Week-5-6-Gazebo-sensors/assets) by extension 'colcon_meta'
[0.222s] Level 1:colcon.colcon_core.package_identification:_identify(src/Week-5-6-Gazebo-sensors/assets) by extensions ['ros']
[0.222s] Level 1:colcon.colcon_core.package_identification:_identify(src/Week-5-6-Gazebo-sensors/assets) by extension 'ros'
[0.222s] Level 1:colcon.colcon_core.package_identification:_identify(src/Week-5-6-Gazebo-sensors/assets) by extensions ['cmake', 'python']
[0.222s] Level 1:colcon.colcon_core.package_identification:_identify(src/Week-5-6-Gazebo-sensors/assets) by extension 'cmake'
[0.222s] Level 1:colcon.colcon_core.package_identification:_identify(src/Week-5-6-Gazebo-sensors/assets) by extension 'python'
[0.222s] Level 1:colcon.colcon_core.package_identification:_identify(src/Week-5-6-Gazebo-sensors/assets) by extensions ['python_setup_py']
[0.222s] Level 1:colcon.colcon_core.package_identification:_identify(src/Week-5-6-Gazebo-sensors/assets) by extension 'python_setup_py'
[0.223s] Level 1:colcon.colcon_core.package_identification:_identify(src/Week-5-6-Gazebo-sensors/bme_gazebo_sensors) by extensions ['ignore', 'ignore_ament_install']
[0.223s] Level 1:colcon.colcon_core.package_identification:_identify(src/Week-5-6-Gazebo-sensors/bme_gazebo_sensors) by extension 'ignore'
[0.223s] Level 1:colcon.colcon_core.package_identification:_identify(src/Week-5-6-Gazebo-sensors/bme_gazebo_sensors) by extension 'ignore_ament_install'
[0.223s] Level 1:colcon.colcon_core.package_identification:_identify(src/Week-5-6-Gazebo-sensors/bme_gazebo_sensors) by extensions ['colcon_pkg']
[0.223s] Level 1:colcon.colcon_core.package_identification:_identify(src/Week-5-6-Gazebo-sensors/bme_gazebo_sensors) by extension 'colcon_pkg'
[0.223s] Level 1:colcon.colcon_core.package_identification:_identify(src/Week-5-6-Gazebo-sensors/bme_gazebo_sensors) by extensions ['colcon_meta']
[0.223s] Level 1:colcon.colcon_core.package_identification:_identify(src/Week-5-6-Gazebo-sensors/bme_gazebo_sensors) by extension 'colcon_meta'
[0.223s] Level 1:colcon.colcon_core.package_identification:_identify(src/Week-5-6-Gazebo-sensors/bme_gazebo_sensors) by extensions ['ros']
[0.223s] Level 1:colcon.colcon_core.package_identification:_identify(src/Week-5-6-Gazebo-sensors/bme_gazebo_sensors) by extension 'ros'
[0.224s] DEBUG:colcon.colcon_core.package_identification:Package 'src/Week-5-6-Gazebo-sensors/bme_gazebo_sensors' with type 'ros.ament_cmake' and name 'bme_gazebo_sensors'
[0.224s] Level 1:colcon.colcon_core.package_identification:_identify(src/Week-5-6-Gazebo-sensors/bme_gazebo_sensors_py) by extensions ['ignore', 'ignore_ament_install']
[0.224s] Level 1:colcon.colcon_core.package_identification:_identify(src/Week-5-6-Gazebo-sensors/bme_gazebo_sensors_py) by extension 'ignore'
[0.224s] Level 1:colcon.colcon_core.package_identification:_identify(src/Week-5-6-Gazebo-sensors/bme_gazebo_sensors_py) by extension 'ignore_ament_install'
[0.224s] Level 1:colcon.colcon_core.package_identification:_identify(src/Week-5-6-Gazebo-sensors/bme_gazebo_sensors_py) by extensions ['colcon_pkg']
[0.224s] Level 1:colcon.colcon_core.package_identification:_identify(src/Week-5-6-Gazebo-sensors/bme_gazebo_sensors_py) by extension 'colcon_pkg'
[0.224s] Level 1:colcon.colcon_core.package_identification:_identify(src/Week-5-6-Gazebo-sensors/bme_gazebo_sensors_py) by extensions ['colcon_meta']
[0.224s] Level 1:colcon.colcon_core.package_identification:_identify(src/Week-5-6-Gazebo-sensors/bme_gazebo_sensors_py) by extension 'colcon_meta'
[0.224s] Level 1:colcon.colcon_core.package_identification:_identify(src/Week-5-6-Gazebo-sensors/bme_gazebo_sensors_py) by extensions ['ros']
[0.224s] Level 1:colcon.colcon_core.package_identification:_identify(src/Week-5-6-Gazebo-sensors/bme_gazebo_sensors_py) by extension 'ros'
[0.225s] DEBUG:colcon.colcon_core.package_identification:Package 'src/Week-5-6-Gazebo-sensors/bme_gazebo_sensors_py' with type 'ros.ament_python' and name 'bme_gazebo_sensors_py'
[0.225s] Level 1:colcon.colcon_core.package_identification:_identify(src/build) by extensions ['ignore', 'ignore_ament_install']
[0.225s] Level 1:colcon.colcon_core.package_identification:_identify(src/build) by extension 'ignore'
[0.225s] Level 1:colcon.colcon_core.package_identification:_identify(src/build) ignored
[0.225s] Level 1:colcon.colcon_core.package_identification:_identify(src/install) by extensions ['ignore', 'ignore_ament_install']
[0.225s] Level 1:colcon.colcon_core.package_identification:_identify(src/install) by extension 'ignore'
[0.225s] Level 1:colcon.colcon_core.package_identification:_identify(src/install) ignored
[0.225s] Level 1:colcon.colcon_core.package_identification:_identify(src/log) by extensions ['ignore', 'ignore_ament_install']
[0.226s] Level 1:colcon.colcon_core.package_identification:_identify(src/log) by extension 'ignore'
[0.226s] Level 1:colcon.colcon_core.package_identification:_identify(src/log) ignored
[0.226s] Level 1:colcon.colcon_core.package_discovery:discover_packages(recursive) using defaults
[0.226s] Level 1:colcon.colcon_core.package_discovery:discover_packages(ignore) discover
[0.226s] Level 1:colcon.colcon_core.package_discovery:discover_packages(ignore) using defaults
[0.226s] Level 1:colcon.colcon_core.package_discovery:discover_packages(path) discover
[0.226s] Level 1:colcon.colcon_core.package_discovery:discover_packages(path) using defaults
[0.245s] Level 5:colcon.colcon_core.verb:set package 'bme_gazebo_basics' build argument 'cmake_args' from command line to 'None'
[0.245s] Level 5:colcon.colcon_core.verb:set package 'bme_gazebo_basics' build argument 'cmake_target' from command line to 'None'
[0.245s] Level 5:colcon.colcon_core.verb:set package 'bme_gazebo_basics' build argument 'cmake_target_skip_unavailable' from command line to 'False'
[0.245s] Level 5:colcon.colcon_core.verb:set package 'bme_gazebo_basics' build argument 'cmake_clean_cache' from command line to 'False'
[0.245s] Level 5:colcon.colcon_core.verb:set package 'bme_gazebo_basics' build argument 'cmake_clean_first' from command line to 'False'
[0.245s] Level 5:colcon.colcon_core.verb:set package 'bme_gazebo_basics' build argument 'cmake_force_configure' from command line to 'False'
[0.245s] Level 5:colcon.colcon_core.verb:set package 'bme_gazebo_basics' build argument 'ament_cmake_args' from command line to 'None'
[0.245s] Level 5:colcon.colcon_core.verb:set package 'bme_gazebo_basics' build argument 'catkin_cmake_args' from command line to 'None'
[0.245s] Level 5:colcon.colcon_core.verb:set package 'bme_gazebo_basics' build argument 'catkin_skip_building_tests' from command line to 'False'
[0.245s] DEBUG:colcon.colcon_core.verb:Building package 'bme_gazebo_basics' with the following arguments: {'ament_cmake_args': None, 'build_base': '/home/neha/gitjazzy/build/bme_gazebo_basics', 'catkin_cmake_args': None, 'catkin_skip_building_tests': False, 'cmake_args': None, 'cmake_clean_cache': False, 'cmake_clean_first': False, 'cmake_force_configure': False, 'cmake_target': None, 'cmake_target_skip_unavailable': False, 'install_base': '/home/neha/gitjazzy/install/bme_gazebo_basics', 'merge_install': False, 'path': '/home/neha/gitjazzy/src/Week-3-4-Gazebo-basics/bme_gazebo_basics', 'symlink_install': False, 'test_result_base': None}
[0.246s] Level 5:colcon.colcon_core.verb:set package 'bme_gazebo_sensors' build argument 'cmake_args' from command line to 'None'
[0.246s] Level 5:colcon.colcon_core.verb:set package 'bme_gazebo_sensors' build argument 'cmake_target' from command line to 'None'
[0.246s] Level 5:colcon.colcon_core.verb:set package 'bme_gazebo_sensors' build argument 'cmake_target_skip_unavailable' from command line to 'False'
[0.246s] Level 5:colcon.colcon_core.verb:set package 'bme_gazebo_sensors' build argument 'cmake_clean_cache' from command line to 'False'
[0.246s] Level 5:colcon.colcon_core.verb:set package 'bme_gazebo_sensors' build argument 'cmake_clean_first' from command line to 'False'
[0.246s] Level 5:colcon.colcon_core.verb:set package 'bme_gazebo_sensors' build argument 'cmake_force_configure' from command line to 'False'
[0.246s] Level 5:colcon.colcon_core.verb:set package 'bme_gazebo_sensors' build argument 'ament_cmake_args' from command line to 'None'
[0.246s] Level 5:colcon.colcon_core.verb:set package 'bme_gazebo_sensors' build argument 'catkin_cmake_args' from command line to 'None'
[0.246s] Level 5:colcon.colcon_core.verb:set package 'bme_gazebo_sensors' build argument 'catkin_skip_building_tests' from command line to 'False'
[0.246s] DEBUG:colcon.colcon_core.verb:Building package 'bme_gazebo_sensors' with the following arguments: {'ament_cmake_args': None, 'build_base': '/home/neha/gitjazzy/build/bme_gazebo_sensors', 'catkin_cmake_args': None, 'catkin_skip_building_tests': False, 'cmake_args': None, 'cmake_clean_cache': False, 'cmake_clean_first': False, 'cmake_force_configure': False, 'cmake_target': None, 'cmake_target_skip_unavailable': False, 'install_base': '/home/neha/gitjazzy/install/bme_gazebo_sensors', 'merge_install': False, 'path': '/home/neha/gitjazzy/src/Week-5-6-Gazebo-sensors/bme_gazebo_sensors', 'symlink_install': False, 'test_result_base': None}
[0.246s] Level 5:colcon.colcon_core.verb:set package 'bme_gazebo_sensors_py' build argument 'cmake_args' from command line to 'None'
[0.246s] Level 5:colcon.colcon_core.verb:set package 'bme_gazebo_sensors_py' build argument 'cmake_target' from command line to 'None'
[0.246s] Level 5:colcon.colcon_core.verb:set package 'bme_gazebo_sensors_py' build argument 'cmake_target_skip_unavailable' from command line to 'False'
[0.246s] Level 5:colcon.colcon_core.verb:set package 'bme_gazebo_sensors_py' build argument 'cmake_clean_cache' from command line to 'False'
[0.246s] Level 5:colcon.colcon_core.verb:set package 'bme_gazebo_sensors_py' build argument 'cmake_clean_first' from command line to 'False'
[0.246s] Level 5:colcon.colcon_core.verb:set package 'bme_gazebo_sensors_py' build argument 'cmake_force_configure' from command line to 'False'
[0.246s] Level 5:colcon.colcon_core.verb:set package 'bme_gazebo_sensors_py' build argument 'ament_cmake_args' from command line to 'None'
[0.246s] Level 5:colcon.colcon_core.verb:set package 'bme_gazebo_sensors_py' build argument 'catkin_cmake_args' from command line to 'None'
[0.247s] Level 5:colcon.colcon_core.verb:set package 'bme_gazebo_sensors_py' build argument 'catkin_skip_building_tests' from command line to 'False'
[0.247s] DEBUG:colcon.colcon_core.verb:Building package 'bme_gazebo_sensors_py' with the following arguments: {'ament_cmake_args': None, 'build_base': '/home/neha/gitjazzy/build/bme_gazebo_sensors_py', 'catkin_cmake_args': None, 'catkin_skip_building_tests': False, 'cmake_args': None, 'cmake_clean_cache': False, 'cmake_clean_first': False, 'cmake_force_configure': False, 'cmake_target': None, 'cmake_target_skip_unavailable': False, 'install_base': '/home/neha/gitjazzy/install/bme_gazebo_sensors_py', 'merge_install': False, 'path': '/home/neha/gitjazzy/src/Week-5-6-Gazebo-sensors/bme_gazebo_sensors_py', 'symlink_install': False, 'test_result_base': None}
[0.247s] Level 5:colcon.colcon_core.verb:set package 'mogi_trajectory_server' build argument 'cmake_args' from command line to 'None'
[0.247s] Level 5:colcon.colcon_core.verb:set package 'mogi_trajectory_server' build argument 'cmake_target' from command line to 'None'
[0.247s] Level 5:colcon.colcon_core.verb:set package 'mogi_trajectory_server' build argument 'cmake_target_skip_unavailable' from command line to 'False'
[0.247s] Level 5:colcon.colcon_core.verb:set package 'mogi_trajectory_server' build argument 'cmake_clean_cache' from command line to 'False'
[0.247s] Level 5:colcon.colcon_core.verb:set package 'mogi_trajectory_server' build argument 'cmake_clean_first' from command line to 'False'
[0.247s] Level 5:colcon.colcon_core.verb:set package 'mogi_trajectory_server' build argument 'cmake_force_configure' from command line to 'False'
[0.247s] Level 5:colcon.colcon_core.verb:set package 'mogi_trajectory_server' build argument 'ament_cmake_args' from command line to 'None'
[0.247s] Level 5:colcon.colcon_core.verb:set package 'mogi_trajectory_server' build argument 'catkin_cmake_args' from command line to 'None'
[0.247s] Level 5:colcon.colcon_core.verb:set package 'mogi_trajectory_server' build argument 'catkin_skip_building_tests' from command line to 'False'
[0.247s] DEBUG:colcon.colcon_core.verb:Building package 'mogi_trajectory_server' with the following arguments: {'ament_cmake_args': None, 'build_base': '/home/neha/gitjazzy/build/mogi_trajectory_server', 'catkin_cmake_args': None, 'catkin_skip_building_tests': False, 'cmake_args': None, 'cmake_clean_cache': False, 'cmake_clean_first': False, 'cmake_force_configure': False, 'cmake_target': None, 'cmake_target_skip_unavailable': False, 'install_base': '/home/neha/gitjazzy/install/mogi_trajectory_server', 'merge_install': False, 'path': '/home/neha/gitjazzy/mogi_trajectory_server', 'symlink_install': False, 'test_result_base': None}
[0.247s] INFO:colcon.colcon_core.executor:Executing jobs using 'parallel' executor
[0.248s] DEBUG:colcon.colcon_parallel_executor.executor.parallel:run_until_complete
[0.249s] INFO:colcon.colcon_ros.task.ament_cmake.build:Building ROS package in '/home/neha/gitjazzy/src/Week-3-4-Gazebo-basics/bme_gazebo_basics' with build type 'ament_cmake'
[0.249s] INFO:colcon.colcon_cmake.task.cmake.build:Building CMake package in '/home/neha/gitjazzy/src/Week-3-4-Gazebo-basics/bme_gazebo_basics'
[0.252s] INFO:colcon.colcon_core.plugin_system:Skipping extension 'colcon_core.shell.bat': Not used on non-Windows systems
[0.252s] DEBUG:colcon.colcon_core.shell:Skip shell extension 'dsv' for command environment
[0.258s] INFO:colcon.colcon_ros.task.ament_cmake.build:Building ROS package in '/home/neha/gitjazzy/src/Week-5-6-Gazebo-sensors/bme_gazebo_sensors' with build type 'ament_cmake'
[0.258s] INFO:colcon.colcon_cmake.task.cmake.build:Building CMake package in '/home/neha/gitjazzy/src/Week-5-6-Gazebo-sensors/bme_gazebo_sensors'
[0.259s] DEBUG:colcon.colcon_core.shell:Skip shell extension 'dsv' for command environment
[0.264s] INFO:colcon.colcon_ros.task.ament_python.build:Building ROS package in '/home/neha/gitjazzy/src/Week-5-6-Gazebo-sensors/bme_gazebo_sensors_py' with build type 'ament_python'
[0.264s] Level 1:colcon.colcon_core.shell:create_environment_hook('bme_gazebo_sensors_py', 'ament_prefix_path')
[0.265s] INFO:colcon.colcon_core.shell:Creating environment descriptor '/home/neha/gitjazzy/install/bme_gazebo_sensors_py/share/bme_gazebo_sensors_py/hook/ament_prefix_path.dsv'
[0.266s] INFO:colcon.colcon_core.shell:Creating environment hook '/home/neha/gitjazzy/install/bme_gazebo_sensors_py/share/bme_gazebo_sensors_py/hook/ament_prefix_path.sh'
[0.267s] DEBUG:colcon.colcon_core.shell:Skip shell extension 'dsv' for command environment
[0.273s] INFO:colcon.colcon_ros.task.ament_python.build:Building ROS package in '/home/neha/gitjazzy/mogi_trajectory_server' with build type 'ament_python'
[0.274s] Level 1:colcon.colcon_core.shell:create_environment_hook('mogi_trajectory_server', 'ament_prefix_path')
[0.275s] INFO:colcon.colcon_core.shell:Creating environment descriptor '/home/neha/gitjazzy/install/mogi_trajectory_server/share/mogi_trajectory_server/hook/ament_prefix_path.dsv'
[0.276s] INFO:colcon.colcon_core.shell:Creating environment hook '/home/neha/gitjazzy/install/mogi_trajectory_server/share/mogi_trajectory_server/hook/ament_prefix_path.sh'
[0.276s] DEBUG:colcon.colcon_core.shell:Skip shell extension 'dsv' for command environment
[0.294s] DEBUG:colcon.colcon_core.event_handler.log_command:Invoking command in '/home/neha/gitjazzy/build/bme_gazebo_basics': CMAKE_PREFIX_PATH=${CMAKE_PREFIX_PATH}:/home/neha/gitjazzy/install/mogi_trajectory_server:/home/neha/gitjazzy/install/bme_gazebo_sensors_py:/opt/ros/jazzy /usr/bin/cmake --build /home/neha/gitjazzy/build/bme_gazebo_basics -- -j8 -l8
[0.299s] DEBUG:colcon.colcon_core.event_handler.log_command:Invoking command in '/home/neha/gitjazzy/build/bme_gazebo_sensors': CMAKE_PREFIX_PATH=${CMAKE_PREFIX_PATH}:/home/neha/gitjazzy/install/mogi_trajectory_server:/home/neha/gitjazzy/install/bme_gazebo_sensors_py:/opt/ros/jazzy /usr/bin/cmake --build /home/neha/gitjazzy/build/bme_gazebo_sensors -- -j8 -l8
[0.593s] INFO:colcon.colcon_core.task.python.build:Building Python package in '/home/neha/gitjazzy/src/Week-5-6-Gazebo-sensors/bme_gazebo_sensors_py'
[0.593s] DEBUG:colcon.colcon_core.shell:Skip shell extension 'dsv' for command environment
[0.605s] DEBUG:colcon.colcon_core.event_handler.log_command:Invoked command in '/home/neha/gitjazzy/build/bme_gazebo_basics' returned '0': CMAKE_PREFIX_PATH=${CMAKE_PREFIX_PATH}:/home/neha/gitjazzy/install/mogi_trajectory_server:/home/neha/gitjazzy/install/bme_gazebo_sensors_py:/opt/ros/jazzy /usr/bin/cmake --build /home/neha/gitjazzy/build/bme_gazebo_basics -- -j8 -l8
[0.619s] DEBUG:colcon.colcon_core.event_handler.log_command:Invoking command in '/home/neha/gitjazzy/build/bme_gazebo_basics': CMAKE_PREFIX_PATH=${CMAKE_PREFIX_PATH}:/home/neha/gitjazzy/install/mogi_trajectory_server:/home/neha/gitjazzy/install/bme_gazebo_sensors_py:/opt/ros/jazzy /usr/bin/cmake --install /home/neha/gitjazzy/build/bme_gazebo_basics
[0.620s] DEBUG:colcon.colcon_core.event_handler.log_command:Invoked command in '/home/neha/gitjazzy/build/bme_gazebo_sensors' returned '0': CMAKE_PREFIX_PATH=${CMAKE_PREFIX_PATH}:/home/neha/gitjazzy/install/mogi_trajectory_server:/home/neha/gitjazzy/install/bme_gazebo_sensors_py:/opt/ros/jazzy /usr/bin/cmake --build /home/neha/gitjazzy/build/bme_gazebo_sensors -- -j8 -l8
[0.621s] DEBUG:colcon.colcon_core.event_handler.log_command:Invoking command in '/home/neha/gitjazzy/build/bme_gazebo_sensors': CMAKE_PREFIX_PATH=${CMAKE_PREFIX_PATH}:/home/neha/gitjazzy/install/mogi_trajectory_server:/home/neha/gitjazzy/install/bme_gazebo_sensors_py:/opt/ros/jazzy /usr/bin/cmake --install /home/neha/gitjazzy/build/bme_gazebo_sensors
[0.909s] INFO:colcon.colcon_core.task.python.build:Building Python package in '/home/neha/gitjazzy/mogi_trajectory_server'
[0.910s] DEBUG:colcon.colcon_core.shell:Skip shell extension 'dsv' for command environment
[0.933s] Level 1:colcon.colcon_core.environment:create_environment_scripts_only(bme_gazebo_sensors)
[0.947s] Level 1:colcon.colcon_core.environment:checking '/home/neha/gitjazzy/install/bme_gazebo_sensors' for CMake module files
[0.953s] Level 1:colcon.colcon_core.environment:checking '/home/neha/gitjazzy/install/bme_gazebo_sensors' for CMake config files
[0.958s] DEBUG:colcon.colcon_core.event_handler.log_command:Invoked command in '/home/neha/gitjazzy/build/bme_gazebo_sensors' returned '0': CMAKE_PREFIX_PATH=${CMAKE_PREFIX_PATH}:/home/neha/gitjazzy/install/mogi_trajectory_server:/home/neha/gitjazzy/install/bme_gazebo_sensors_py:/opt/ros/jazzy /usr/bin/cmake --install /home/neha/gitjazzy/build/bme_gazebo_sensors
[0.958s] Level 1:colcon.colcon_core.shell:create_environment_hook('bme_gazebo_sensors', 'cmake_prefix_path')
[0.959s] INFO:colcon.colcon_core.shell:Creating environment descriptor '/home/neha/gitjazzy/install/bme_gazebo_sensors/share/bme_gazebo_sensors/hook/cmake_prefix_path.dsv'
[0.959s] INFO:colcon.colcon_core.shell:Creating environment hook '/home/neha/gitjazzy/install/bme_gazebo_sensors/share/bme_gazebo_sensors/hook/cmake_prefix_path.sh'
[0.961s] Level 1:colcon.colcon_core.environment:checking '/home/neha/gitjazzy/install/bme_gazebo_sensors/bin'
[0.961s] Level 1:colcon.colcon_core.environment:checking '/home/neha/gitjazzy/install/bme_gazebo_sensors/lib/pkgconfig/bme_gazebo_sensors.pc'
[0.962s] Level 1:colcon.colcon_core.environment:checking '/home/neha/gitjazzy/install/bme_gazebo_sensors/lib/python3.12/site-packages'
[0.962s] Level 1:colcon.colcon_core.environment:checking '/home/neha/gitjazzy/install/bme_gazebo_sensors/bin'
[0.963s] INFO:colcon.colcon_core.shell:Creating package descriptor '/home/neha/gitjazzy/install/bme_gazebo_sensors/share/bme_gazebo_sensors/package.dsv'
[0.965s] INFO:colcon.colcon_core.shell:Creating package script '/home/neha/gitjazzy/install/bme_gazebo_sensors/share/bme_gazebo_sensors/package.sh'
[0.967s] INFO:colcon.colcon_core.shell:Creating package script '/home/neha/gitjazzy/install/bme_gazebo_sensors/share/bme_gazebo_sensors/package.bash'
[0.968s] INFO:colcon.colcon_core.shell:Creating package script '/home/neha/gitjazzy/install/bme_gazebo_sensors/share/bme_gazebo_sensors/package.zsh'
[0.969s] Level 1:colcon.colcon_core.environment:create_file_with_runtime_dependencies(/home/neha/gitjazzy/install/bme_gazebo_sensors/share/colcon-core/packages/bme_gazebo_sensors)
[0.970s] Level 1:colcon.colcon_core.environment:create_environment_scripts_only(bme_gazebo_sensors)
[0.971s] Level 1:colcon.colcon_core.environment:checking '/home/neha/gitjazzy/install/bme_gazebo_sensors' for CMake module files
[0.972s] Level 1:colcon.colcon_core.environment:checking '/home/neha/gitjazzy/install/bme_gazebo_sensors' for CMake config files
[0.972s] Level 1:colcon.colcon_core.shell:create_environment_hook('bme_gazebo_sensors', 'cmake_prefix_path')
[0.973s] INFO:colcon.colcon_core.shell:Creating environment descriptor '/home/neha/gitjazzy/install/bme_gazebo_sensors/share/bme_gazebo_sensors/hook/cmake_prefix_path.dsv'
[0.973s] INFO:colcon.colcon_core.shell:Creating environment hook '/home/neha/gitjazzy/install/bme_gazebo_sensors/share/bme_gazebo_sensors/hook/cmake_prefix_path.sh'
[0.975s] Level 1:colcon.colcon_core.environment:checking '/home/neha/gitjazzy/install/bme_gazebo_sensors/bin'
[0.975s] Level 1:colcon.colcon_core.environment:checking '/home/neha/gitjazzy/install/bme_gazebo_sensors/lib/pkgconfig/bme_gazebo_sensors.pc'
[0.975s] Level 1:colcon.colcon_core.environment:checking '/home/neha/gitjazzy/install/bme_gazebo_sensors/lib/python3.12/site-packages'
[0.976s] Level 1:colcon.colcon_core.environment:checking '/home/neha/gitjazzy/install/bme_gazebo_sensors/bin'
[0.976s] INFO:colcon.colcon_core.shell:Creating package descriptor '/home/neha/gitjazzy/install/bme_gazebo_sensors/share/bme_gazebo_sensors/package.dsv'
[0.977s] INFO:colcon.colcon_core.shell:Creating package script '/home/neha/gitjazzy/install/bme_gazebo_sensors/share/bme_gazebo_sensors/package.sh'
[0.978s] INFO:colcon.colcon_core.shell:Creating package script '/home/neha/gitjazzy/install/bme_gazebo_sensors/share/bme_gazebo_sensors/package.bash'
[0.979s] INFO:colcon.colcon_core.shell:Creating package script '/home/neha/gitjazzy/install/bme_gazebo_sensors/share/bme_gazebo_sensors/package.zsh'
[0.979s] Level 1:colcon.colcon_core.environment:create_file_with_runtime_dependencies(/home/neha/gitjazzy/install/bme_gazebo_sensors/share/colcon-core/packages/bme_gazebo_sensors)
[0.980s] Level 1:colcon.colcon_core.environment:create_environment_scripts_only(bme_gazebo_basics)
[0.981s] Level 1:colcon.colcon_core.environment:checking '/home/neha/gitjazzy/install/bme_gazebo_basics' for CMake module files
[0.983s] DEBUG:colcon.colcon_core.event_handler.log_command:Invoked command in '/home/neha/gitjazzy/build/bme_gazebo_basics' returned '0': CMAKE_PREFIX_PATH=${CMAKE_PREFIX_PATH}:/home/neha/gitjazzy/install/mogi_trajectory_server:/home/neha/gitjazzy/install/bme_gazebo_sensors_py:/opt/ros/jazzy /usr/bin/cmake --install /home/neha/gitjazzy/build/bme_gazebo_basics
[0.984s] Level 1:colcon.colcon_core.environment:checking '/home/neha/gitjazzy/install/bme_gazebo_basics' for CMake config files
[0.984s] Level 1:colcon.colcon_core.shell:create_environment_hook('bme_gazebo_basics', 'cmake_prefix_path')
[0.985s] INFO:colcon.colcon_core.shell:Creating environment descriptor '/home/neha/gitjazzy/install/bme_gazebo_basics/share/bme_gazebo_basics/hook/cmake_prefix_path.dsv'
[0.986s] INFO:colcon.colcon_core.shell:Creating environment hook '/home/neha/gitjazzy/install/bme_gazebo_basics/share/bme_gazebo_basics/hook/cmake_prefix_path.sh'
[0.986s] Level 1:colcon.colcon_core.environment:checking '/home/neha/gitjazzy/install/bme_gazebo_basics/bin'
[0.986s] Level 1:colcon.colcon_core.environment:checking '/home/neha/gitjazzy/install/bme_gazebo_basics/lib/pkgconfig/bme_gazebo_basics.pc'
[0.987s] Level 1:colcon.colcon_core.environment:checking '/home/neha/gitjazzy/install/bme_gazebo_basics/lib/python3.12/site-packages'
[0.987s] Level 1:colcon.colcon_core.environment:checking '/home/neha/gitjazzy/install/bme_gazebo_basics/bin'
[0.987s] INFO:colcon.colcon_core.shell:Creating package descriptor '/home/neha/gitjazzy/install/bme_gazebo_basics/share/bme_gazebo_basics/package.dsv'
[0.988s] INFO:colcon.colcon_core.shell:Creating package script '/home/neha/gitjazzy/install/bme_gazebo_basics/share/bme_gazebo_basics/package.sh'
[0.989s] INFO:colcon.colcon_core.shell:Creating package script '/home/neha/gitjazzy/install/bme_gazebo_basics/share/bme_gazebo_basics/package.bash'
[0.989s] INFO:colcon.colcon_core.shell:Creating package script '/home/neha/gitjazzy/install/bme_gazebo_basics/share/bme_gazebo_basics/package.zsh'
[0.990s] Level 1:colcon.colcon_core.environment:create_file_with_runtime_dependencies(/home/neha/gitjazzy/install/bme_gazebo_basics/share/colcon-core/packages/bme_gazebo_basics)
[0.991s] Level 1:colcon.colcon_core.environment:create_environment_scripts_only(bme_gazebo_basics)
[0.991s] Level 1:colcon.colcon_core.environment:checking '/home/neha/gitjazzy/install/bme_gazebo_basics' for CMake module files
[0.992s] Level 1:colcon.colcon_core.environment:checking '/home/neha/gitjazzy/install/bme_gazebo_basics' for CMake config files
[0.992s] Level 1:colcon.colcon_core.shell:create_environment_hook('bme_gazebo_basics', 'cmake_prefix_path')
[0.992s] INFO:colcon.colcon_core.shell:Creating environment descriptor '/home/neha/gitjazzy/install/bme_gazebo_basics/share/bme_gazebo_basics/hook/cmake_prefix_path.dsv'
[0.993s] INFO:colcon.colcon_core.shell:Creating environment hook '/home/neha/gitjazzy/install/bme_gazebo_basics/share/bme_gazebo_basics/hook/cmake_prefix_path.sh'
[0.994s] Level 1:colcon.colcon_core.environment:checking '/home/neha/gitjazzy/install/bme_gazebo_basics/bin'
[0.994s] Level 1:colcon.colcon_core.environment:checking '/home/neha/gitjazzy/install/bme_gazebo_basics/lib/pkgconfig/bme_gazebo_basics.pc'
[0.994s] Level 1:colcon.colcon_core.environment:checking '/home/neha/gitjazzy/install/bme_gazebo_basics/lib/python3.12/site-packages'
[0.994s] Level 1:colcon.colcon_core.environment:checking '/home/neha/gitjazzy/install/bme_gazebo_basics/bin'
[0.995s] INFO:colcon.colcon_core.shell:Creating package descriptor '/home/neha/gitjazzy/install/bme_gazebo_basics/share/bme_gazebo_basics/package.dsv'
[0.995s] INFO:colcon.colcon_core.shell:Creating package script '/home/neha/gitjazzy/install/bme_gazebo_basics/share/bme_gazebo_basics/package.sh'
[0.996s] INFO:colcon.colcon_core.shell:Creating package script '/home/neha/gitjazzy/install/bme_gazebo_basics/share/bme_gazebo_basics/package.bash'
[0.997s] INFO:colcon.colcon_core.shell:Creating package script '/home/neha/gitjazzy/install/bme_gazebo_basics/share/bme_gazebo_basics/package.zsh'
[0.997s] Level 1:colcon.colcon_core.environment:create_file_with_runtime_dependencies(/home/neha/gitjazzy/install/bme_gazebo_basics/share/colcon-core/packages/bme_gazebo_basics)
[1.716s] DEBUG:colcon.colcon_core.event_handler.log_command:Invoking command in '/home/neha/gitjazzy/src/Week-5-6-Gazebo-sensors/bme_gazebo_sensors_py': PYTHONPATH=/home/neha/gitjazzy/build/bme_gazebo_sensors_py/prefix_override:/usr/lib/python3/dist-packages/colcon_core/task/python/colcon_distutils_commands:/home/neha/gitjazzy/install/bme_gazebo_sensors_py/lib/python3.12/site-packages:${PYTHONPATH} /usr/bin/python3 -W ignore:setup.py install is deprecated -W ignore:easy_install command is deprecated setup.py egg_info --egg-base ../../../build/bme_gazebo_sensors_py build --build-base /home/neha/gitjazzy/build/bme_gazebo_sensors_py/build install --record /home/neha/gitjazzy/build/bme_gazebo_sensors_py/install.log --single-version-externally-managed install_data
[1.762s] DEBUG:colcon.colcon_core.event_handler.log_command:Invoking command in '/home/neha/gitjazzy/mogi_trajectory_server': PYTHONPATH=/home/neha/gitjazzy/build/mogi_trajectory_server/prefix_override:/usr/lib/python3/dist-packages/colcon_core/task/python/colcon_distutils_commands:/home/neha/gitjazzy/install/mogi_trajectory_server/lib/python3.12/site-packages:${PYTHONPATH} /usr/bin/python3 -W ignore:setup.py install is deprecated -W ignore:easy_install command is deprecated setup.py egg_info --egg-base ../build/mogi_trajectory_server build --build-base /home/neha/gitjazzy/build/mogi_trajectory_server/build install --record /home/neha/gitjazzy/build/mogi_trajectory_server/install.log --single-version-externally-managed install_data
[2.482s] Level 1:colcon.colcon_core.environment:checking '/home/neha/gitjazzy/install/bme_gazebo_sensors_py' for CMake module files
[2.484s] DEBUG:colcon.colcon_core.event_handler.log_command:Invoked command in '/home/neha/gitjazzy/src/Week-5-6-Gazebo-sensors/bme_gazebo_sensors_py' returned '0': PYTHONPATH=/home/neha/gitjazzy/build/bme_gazebo_sensors_py/prefix_override:/usr/lib/python3/dist-packages/colcon_core/task/python/colcon_distutils_commands:/home/neha/gitjazzy/install/bme_gazebo_sensors_py/lib/python3.12/site-packages:${PYTHONPATH} /usr/bin/python3 -W ignore:setup.py install is deprecated -W ignore:easy_install command is deprecated setup.py egg_info --egg-base ../../../build/bme_gazebo_sensors_py build --build-base /home/neha/gitjazzy/build/bme_gazebo_sensors_py/build install --record /home/neha/gitjazzy/build/bme_gazebo_sensors_py/install.log --single-version-externally-managed install_data
[2.485s] Level 1:colcon.colcon_core.environment:checking '/home/neha/gitjazzy/install/bme_gazebo_sensors_py' for CMake config files
[2.487s] Level 1:colcon.colcon_core.environment:checking '/home/neha/gitjazzy/install/bme_gazebo_sensors_py/lib'
[2.487s] Level 1:colcon.colcon_core.environment:checking '/home/neha/gitjazzy/install/bme_gazebo_sensors_py/bin'
[2.487s] Level 1:colcon.colcon_core.environment:checking '/home/neha/gitjazzy/install/bme_gazebo_sensors_py/lib/pkgconfig/bme_gazebo_sensors_py.pc'
[2.488s] Level 1:colcon.colcon_core.environment:checking '/home/neha/gitjazzy/install/bme_gazebo_sensors_py/lib/python3.12/site-packages'
[2.488s] Level 1:colcon.colcon_core.shell:create_environment_hook('bme_gazebo_sensors_py', 'pythonpath')
[2.489s] INFO:colcon.colcon_core.shell:Creating environment descriptor '/home/neha/gitjazzy/install/bme_gazebo_sensors_py/share/bme_gazebo_sensors_py/hook/pythonpath.dsv'
[2.490s] INFO:colcon.colcon_core.shell:Creating environment hook '/home/neha/gitjazzy/install/bme_gazebo_sensors_py/share/bme_gazebo_sensors_py/hook/pythonpath.sh'
[2.492s] Level 1:colcon.colcon_core.environment:checking '/home/neha/gitjazzy/install/bme_gazebo_sensors_py/bin'
[2.492s] Level 1:colcon.colcon_core.environment:create_environment_scripts_only(bme_gazebo_sensors_py)
[2.492s] INFO:colcon.colcon_core.shell:Creating package descriptor '/home/neha/gitjazzy/install/bme_gazebo_sensors_py/share/bme_gazebo_sensors_py/package.dsv'
[2.493s] INFO:colcon.colcon_core.shell:Creating package script '/home/neha/gitjazzy/install/bme_gazebo_sensors_py/share/bme_gazebo_sensors_py/package.sh'
[2.494s] INFO:colcon.colcon_core.shell:Creating package script '/home/neha/gitjazzy/install/bme_gazebo_sensors_py/share/bme_gazebo_sensors_py/package.bash'
[2.494s] INFO:colcon.colcon_core.shell:Creating package script '/home/neha/gitjazzy/install/bme_gazebo_sensors_py/share/bme_gazebo_sensors_py/package.zsh'
[2.495s] Level 1:colcon.colcon_core.environment:create_file_with_runtime_dependencies(/home/neha/gitjazzy/install/bme_gazebo_sensors_py/share/colcon-core/packages/bme_gazebo_sensors_py)
[2.539s] Level 1:colcon.colcon_core.environment:checking '/home/neha/gitjazzy/install/mogi_trajectory_server' for CMake module files
[2.541s] DEBUG:colcon.colcon_core.event_handler.log_command:Invoked command in '/home/neha/gitjazzy/mogi_trajectory_server' returned '0': PYTHONPATH=/home/neha/gitjazzy/build/mogi_trajectory_server/prefix_override:/usr/lib/python3/dist-packages/colcon_core/task/python/colcon_distutils_commands:/home/neha/gitjazzy/install/mogi_trajectory_server/lib/python3.12/site-packages:${PYTHONPATH} /usr/bin/python3 -W ignore:setup.py install is deprecated -W ignore:easy_install command is deprecated setup.py egg_info --egg-base ../build/mogi_trajectory_server build --build-base /home/neha/gitjazzy/build/mogi_trajectory_server/build install --record /home/neha/gitjazzy/build/mogi_trajectory_server/install.log --single-version-externally-managed install_data
[2.541s] Level 1:colcon.colcon_core.environment:checking '/home/neha/gitjazzy/install/mogi_trajectory_server' for CMake config files
[2.542s] Level 1:colcon.colcon_core.environment:checking '/home/neha/gitjazzy/install/mogi_trajectory_server/lib'
[2.542s] Level 1:colcon.colcon_core.environment:checking '/home/neha/gitjazzy/install/mogi_trajectory_server/bin'
[2.542s] Level 1:colcon.colcon_core.environment:checking '/home/neha/gitjazzy/install/mogi_trajectory_server/lib/pkgconfig/mogi_trajectory_server.pc'
[2.543s] Level 1:colcon.colcon_core.environment:checking '/home/neha/gitjazzy/install/mogi_trajectory_server/lib/python3.12/site-packages'
[2.543s] Level 1:colcon.colcon_core.shell:create_environment_hook('mogi_trajectory_server', 'pythonpath')
[2.543s] INFO:colcon.colcon_core.shell:Creating environment descriptor '/home/neha/gitjazzy/install/mogi_trajectory_server/share/mogi_trajectory_server/hook/pythonpath.dsv'
[2.544s] INFO:colcon.colcon_core.shell:Creating environment hook '/home/neha/gitjazzy/install/mogi_trajectory_server/share/mogi_trajectory_server/hook/pythonpath.sh'
[2.545s] Level 1:colcon.colcon_core.environment:checking '/home/neha/gitjazzy/install/mogi_trajectory_server/bin'
[2.545s] Level 1:colcon.colcon_core.environment:create_environment_scripts_only(mogi_trajectory_server)
[2.545s] INFO:colcon.colcon_core.shell:Creating package descriptor '/home/neha/gitjazzy/install/mogi_trajectory_server/share/mogi_trajectory_server/package.dsv'
[2.546s] INFO:colcon.colcon_core.shell:Creating package script '/home/neha/gitjazzy/install/mogi_trajectory_server/share/mogi_trajectory_server/package.sh'
[2.547s] INFO:colcon.colcon_core.shell:Creating package script '/home/neha/gitjazzy/install/mogi_trajectory_server/share/mogi_trajectory_server/package.bash'
[2.548s] INFO:colcon.colcon_core.shell:Creating package script '/home/neha/gitjazzy/install/mogi_trajectory_server/share/mogi_trajectory_server/package.zsh'
[2.548s] Level 1:colcon.colcon_core.environment:create_file_with_runtime_dependencies(/home/neha/gitjazzy/install/mogi_trajectory_server/share/colcon-core/packages/mogi_trajectory_server)
[2.549s] DEBUG:colcon.colcon_parallel_executor.executor.parallel:closing loop
[2.549s] DEBUG:colcon.colcon_parallel_executor.executor.parallel:loop closed
[2.549s] DEBUG:colcon.colcon_parallel_executor.executor.parallel:run_until_complete finished with '0'
[2.549s] DEBUG:colcon.colcon_core.event_reactor:joining thread
[2.601s] INFO:colcon.colcon_core.plugin_system:Skipping extension 'colcon_notification.desktop_notification.notify_send': Could not find 'notify-send'
[2.601s] INFO:colcon.colcon_core.plugin_system:Skipping extension 'colcon_notification.desktop_notification.terminal_notifier': Not used on non-Darwin systems
[2.601s] INFO:colcon.colcon_core.plugin_system:Skipping extension 'colcon_notification.desktop_notification.win32': Not used on non-Windows systems
[2.601s] INFO:colcon.colcon_notification.desktop_notification:Sending desktop notification using 'notify2'
[2.603s] DEBUG:colcon.colcon_notification.desktop_notification.notify2:Failed to initialize notify2: org.freedesktop.DBus.Error.ServiceUnknown: The name org.freedesktop.Notifications was not provided by any .service files
[2.603s] DEBUG:colcon.colcon_core.event_reactor:joined thread
[2.604s] INFO:colcon.colcon_core.shell:Creating prefix script '/home/neha/gitjazzy/install/local_setup.sh'
[2.605s] INFO:colcon.colcon_core.shell:Creating prefix util module '/home/neha/gitjazzy/install/_local_setup_util_sh.py'
[2.606s] INFO:colcon.colcon_core.shell:Creating prefix chain script '/home/neha/gitjazzy/install/setup.sh'
[2.607s] INFO:colcon.colcon_core.shell:Creating prefix script '/home/neha/gitjazzy/install/local_setup.bash'
[2.608s] INFO:colcon.colcon_core.shell:Creating prefix chain script '/home/neha/gitjazzy/install/setup.bash'
[2.609s] INFO:colcon.colcon_core.shell:Creating prefix script '/home/neha/gitjazzy/install/local_setup.zsh'
[2.610s] INFO:colcon.colcon_core.shell:Creating prefix chain script '/home/neha/gitjazzy/install/setup.zsh'
