[2.460s] Invoking command in '/home/neha/gitjazzy/src/Week-5-6-Gazebo-sensors/bme_gazebo_sensors_py': PYTHONPATH=/home/neha/gitjazzy/build/bme_gazebo_sensors_py/prefix_override:/usr/lib/python3/dist-packages/colcon_core/task/python/colcon_distutils_commands:/home/neha/gitjazzy/install/bme_gazebo_sensors_py/lib/python3.12/site-packages:${PYTHONPATH} /usr/bin/python3 -W ignore:setup.py install is deprecated -W ignore:easy_install command is deprecated setup.py egg_info --egg-base ../../../build/bme_gazebo_sensors_py build --build-base /home/neha/gitjazzy/build/bme_gazebo_sensors_py/build install --record /home/neha/gitjazzy/build/bme_gazebo_sensors_py/install.log --single-version-externally-managed install_data
[2.799s] running egg_info
[2.822s] writing ../../../build/bme_gazebo_sensors_py/bme_gazebo_sensors_py.egg-info/PKG-INFO
[2.823s] writing dependency_links to ../../../build/bme_gazebo_sensors_py/bme_gazebo_sensors_py.egg-info/dependency_links.txt
[2.823s] writing entry points to ../../../build/bme_gazebo_sensors_py/bme_gazebo_sensors_py.egg-info/entry_points.txt
[2.824s] writing requirements to ../../../build/bme_gazebo_sensors_py/bme_gazebo_sensors_py.egg-info/requires.txt
[2.824s] writing top-level names to ../../../build/bme_gazebo_sensors_py/bme_gazebo_sensors_py.egg-info/top_level.txt
[2.867s] reading manifest file '../../../build/bme_gazebo_sensors_py/bme_gazebo_sensors_py.egg-info/SOURCES.txt'
[2.869s] writing manifest file '../../../build/bme_gazebo_sensors_py/bme_gazebo_sensors_py.egg-info/SOURCES.txt'
[2.869s] running build
[2.869s] running build_py
[2.869s] running install
[2.877s] running install_lib
[2.905s] running install_data
[2.905s] running install_egg_info
[2.929s] removing '/home/neha/gitjazzy/install/bme_gazebo_sensors_py/lib/python3.12/site-packages/bme_gazebo_sensors_py-1.0.0-py3.12.egg-info' (and everything under it)
[2.930s] Copying ../../../build/bme_gazebo_sensors_py/bme_gazebo_sensors_py.egg-info to /home/neha/gitjazzy/install/bme_gazebo_sensors_py/lib/python3.12/site-packages/bme_gazebo_sensors_py-1.0.0-py3.12.egg-info
[2.932s] running install_scripts
[3.159s] Installing gps_waypoint_follower script to /home/neha/gitjazzy/install/bme_gazebo_sensors_py/lib/bme_gazebo_sensors_py
[3.160s] Installing image_republisher script to /home/neha/gitjazzy/install/bme_gazebo_sensors_py/lib/bme_gazebo_sensors_py
[3.160s] writing list of installed files to '/home/neha/gitjazzy/build/bme_gazebo_sensors_py/install.log'
[3.239s] Invoked command in '/home/neha/gitjazzy/src/Week-5-6-Gazebo-sensors/bme_gazebo_sensors_py' returned '0': PYTHONPATH=/home/neha/gitjazzy/build/bme_gazebo_sensors_py/prefix_override:/usr/lib/python3/dist-packages/colcon_core/task/python/colcon_distutils_commands:/home/neha/gitjazzy/install/bme_gazebo_sensors_py/lib/python3.12/site-packages:${PYTHONPATH} /usr/bin/python3 -W ignore:setup.py install is deprecated -W ignore:easy_install command is deprecated setup.py egg_info --egg-base ../../../build/bme_gazebo_sensors_py build --build-base /home/neha/gitjazzy/build/bme_gazebo_sensors_py/build install --record /home/neha/gitjazzy/build/bme_gazebo_sensors_py/install.log --single-version-externally-managed install_data
