[1.317s] Invoking command in '/home/neha/gitjazzy/build/bme_ros2_navigation': CMAKE_PREFIX_PATH=${CMAKE_PREFIX_PATH}:/opt/ros/jazzy /usr/bin/cmake --build /home/neha/gitjazzy/build/bme_ros2_navigation -- -j8 -l8
[3.021s] Invoked command in '/home/neha/gitjazzy/build/bme_ros2_navigation' returned '0': CMAKE_PREFIX_PATH=${CMAKE_PREFIX_PATH}:/opt/ros/jazzy /usr/bin/cmake --build /home/neha/gitjazzy/build/bme_ros2_navigation -- -j8 -l8
[3.022s] Invoking command in '/home/neha/gitjazzy/build/bme_ros2_navigation': CMAKE_PREFIX_PATH=${CMAKE_PREFIX_PATH}:/opt/ros/jazzy /usr/bin/cmake --install /home/neha/gitjazzy/build/bme_ros2_navigation
[3.105s] -- Install configuration: ""
[3.105s] -- Up-to-date: /home/neha/gitjazzy/install/bme_ros2_navigation/share/bme_ros2_navigation/launch
[3.106s] -- Up-to-date: /home/neha/gitjazzy/install/bme_ros2_navigation/share/bme_ros2_navigation/launch/check_urdf.launch.py
[3.106s] -- Up-to-date: /home/neha/gitjazzy/install/bme_ros2_navigation/share/bme_ros2_navigation/launch/navigation.launch.py
[3.106s] -- Up-to-date: /home/neha/gitjazzy/install/bme_ros2_navigation/share/bme_ros2_navigation/launch/navigation_with_slam.launch.py
[3.106s] -- Up-to-date: /home/neha/gitjazzy/install/bme_ros2_navigation/share/bme_ros2_navigation/launch/localization_slam_toolbox.launch.py
[3.107s] -- Up-to-date: /home/neha/gitjazzy/install/bme_ros2_navigation/share/bme_ros2_navigation/launch/mapping.launch.py
[3.107s] -- Up-to-date: /home/neha/gitjazzy/install/bme_ros2_navigation/share/bme_ros2_navigation/launch/localization.launch.py
[3.107s] -- Up-to-date: /home/neha/gitjazzy/install/bme_ros2_navigation/share/bme_ros2_navigation/launch/spawn_robot.launch.py
[3.107s] -- Up-to-date: /home/neha/gitjazzy/install/bme_ros2_navigation/share/bme_ros2_navigation/launch/world.launch.py
[3.107s] -- Up-to-date: /home/neha/gitjazzy/install/bme_ros2_navigation/share/bme_ros2_navigation/worlds
[3.107s] -- Up-to-date: /home/neha/gitjazzy/install/bme_ros2_navigation/share/bme_ros2_navigation/worlds/home.sdf
[3.107s] -- Up-to-date: /home/neha/gitjazzy/install/bme_ros2_navigation/share/bme_ros2_navigation/worlds/empty.sdf
[3.107s] -- Up-to-date: /home/neha/gitjazzy/install/bme_ros2_navigation/share/bme_ros2_navigation/rviz
[3.108s] -- Up-to-date: /home/neha/gitjazzy/install/bme_ros2_navigation/share/bme_ros2_navigation/rviz/navigation.rviz
[3.108s] -- Up-to-date: /home/neha/gitjazzy/install/bme_ros2_navigation/share/bme_ros2_navigation/rviz/rviz.rviz
[3.108s] -- Up-to-date: /home/neha/gitjazzy/install/bme_ros2_navigation/share/bme_ros2_navigation/rviz/mapping.rviz
[3.108s] -- Up-to-date: /home/neha/gitjazzy/install/bme_ros2_navigation/share/bme_ros2_navigation/rviz/localization.rviz
[3.108s] -- Up-to-date: /home/neha/gitjazzy/install/bme_ros2_navigation/share/bme_ros2_navigation/rviz/urdf.rviz
[3.108s] -- Up-to-date: /home/neha/gitjazzy/install/bme_ros2_navigation/share/bme_ros2_navigation/urdf
[3.108s] -- Up-to-date: /home/neha/gitjazzy/install/bme_ros2_navigation/share/bme_ros2_navigation/urdf/mogi_bot.urdf
[3.109s] -- Up-to-date: /home/neha/gitjazzy/install/bme_ros2_navigation/share/bme_ros2_navigation/urdf/materials.xacro
[3.109s] -- Up-to-date: /home/neha/gitjazzy/install/bme_ros2_navigation/share/bme_ros2_navigation/urdf/mogi_bot.gazebo
[3.109s] -- Up-to-date: /home/neha/gitjazzy/install/bme_ros2_navigation/share/bme_ros2_navigation/meshes
[3.109s] -- Up-to-date: /home/neha/gitjazzy/install/bme_ros2_navigation/share/bme_ros2_navigation/meshes/lidar.dae
[3.109s] -- Up-to-date: /home/neha/gitjazzy/install/bme_ros2_navigation/share/bme_ros2_navigation/meshes/mogi_bot.dae
[3.110s] -- Up-to-date: /home/neha/gitjazzy/install/bme_ros2_navigation/share/bme_ros2_navigation/meshes/wheel.dae
[3.110s] -- Up-to-date: /home/neha/gitjazzy/install/bme_ros2_navigation/share/bme_ros2_navigation/config
[3.110s] -- Up-to-date: /home/neha/gitjazzy/install/bme_ros2_navigation/share/bme_ros2_navigation/config/amcl_localization.yaml
[3.110s] -- Up-to-date: /home/neha/gitjazzy/install/bme_ros2_navigation/share/bme_ros2_navigation/config/navigation.yaml
[3.111s] -- Up-to-date: /home/neha/gitjazzy/install/bme_ros2_navigation/share/bme_ros2_navigation/config/gz_bridge.yaml
[3.111s] -- Up-to-date: /home/neha/gitjazzy/install/bme_ros2_navigation/share/bme_ros2_navigation/config/waypoints.yaml
[3.111s] -- Up-to-date: /home/neha/gitjazzy/install/bme_ros2_navigation/share/bme_ros2_navigation/config/ekf.yaml
[3.111s] -- Up-to-date: /home/neha/gitjazzy/install/bme_ros2_navigation/share/bme_ros2_navigation/config/slam_toolbox_localization.yaml
[3.112s] -- Up-to-date: /home/neha/gitjazzy/install/bme_ros2_navigation/share/bme_ros2_navigation/config/slam_toolbox_mapping.yaml
[3.112s] -- Up-to-date: /home/neha/gitjazzy/install/bme_ros2_navigation/share/bme_ros2_navigation/maps
[3.112s] -- Up-to-date: /home/neha/gitjazzy/install/bme_ros2_navigation/share/bme_ros2_navigation/maps/my_map.pgm
[3.113s] -- Up-to-date: /home/neha/gitjazzy/install/bme_ros2_navigation/share/bme_ros2_navigation/maps/my_map.yaml
[3.113s] -- Up-to-date: /home/neha/gitjazzy/install/bme_ros2_navigation/share/bme_ros2_navigation/maps/serialized.data
[3.114s] -- Up-to-date: /home/neha/gitjazzy/install/bme_ros2_navigation/share/bme_ros2_navigation/maps/serialized.posegraph
[3.117s] -- Up-to-date: /home/neha/gitjazzy/install/bme_ros2_navigation/share/ament_index/resource_index/package_run_dependencies/bme_ros2_navigation
[3.117s] -- Up-to-date: /home/neha/gitjazzy/install/bme_ros2_navigation/share/ament_index/resource_index/parent_prefix_path/bme_ros2_navigation
[3.118s] -- Up-to-date: /home/neha/gitjazzy/install/bme_ros2_navigation/share/bme_ros2_navigation/environment/ament_prefix_path.sh
[3.122s] -- Up-to-date: /home/neha/gitjazzy/install/bme_ros2_navigation/share/bme_ros2_navigation/environment/ament_prefix_path.dsv
[3.122s] -- Up-to-date: /home/neha/gitjazzy/install/bme_ros2_navigation/share/bme_ros2_navigation/environment/path.sh
[3.122s] -- Up-to-date: /home/neha/gitjazzy/install/bme_ros2_navigation/share/bme_ros2_navigation/environment/path.dsv
[3.122s] -- Up-to-date: /home/neha/gitjazzy/install/bme_ros2_navigation/share/bme_ros2_navigation/local_setup.bash
[3.123s] -- Up-to-date: /home/neha/gitjazzy/install/bme_ros2_navigation/share/bme_ros2_navigation/local_setup.sh
[3.123s] -- Up-to-date: /home/neha/gitjazzy/install/bme_ros2_navigation/share/bme_ros2_navigation/local_setup.zsh
[3.123s] -- Up-to-date: /home/neha/gitjazzy/install/bme_ros2_navigation/share/bme_ros2_navigation/local_setup.dsv
[3.123s] -- Installing: /home/neha/gitjazzy/install/bme_ros2_navigation/share/bme_ros2_navigation/package.dsv
[3.124s] -- Up-to-date: /home/neha/gitjazzy/install/bme_ros2_navigation/share/ament_index/resource_index/packages/bme_ros2_navigation
[3.124s] -- Up-to-date: /home/neha/gitjazzy/install/bme_ros2_navigation/share/bme_ros2_navigation/cmake/bme_ros2_navigationConfig.cmake
[3.133s] -- Up-to-date: /home/neha/gitjazzy/install/bme_ros2_navigation/share/bme_ros2_navigation/cmake/bme_ros2_navigationConfig-version.cmake
[3.133s] -- Up-to-date: /home/neha/gitjazzy/install/bme_ros2_navigation/share/bme_ros2_navigation/package.xml
[3.172s] Invoked command in '/home/neha/gitjazzy/build/bme_ros2_navigation' returned '0': CMAKE_PREFIX_PATH=${CMAKE_PREFIX_PATH}:/opt/ros/jazzy /usr/bin/cmake --install /home/neha/gitjazzy/build/bme_ros2_navigation
