[0.301s] DEBUG:colcon:Command line arguments: ['/usr/bin/colcon', 'build']
[0.301s] DEBUG:colcon:Parsed command line arguments: Namespace(log_base=None, log_level=None, verb_name='build', build_base='build', install_base='install', merge_install=False, symlink_install=False, test_result_base=None, continue_on_error=False, executor='parallel', parallel_workers=8, event_handlers=None, ignore_user_meta=False, metas=['./colcon.meta'], base_paths=['.'], packages_ignore=None, packages_ignore_regex=None, paths=None, packages_up_to=None, packages_up_to_regex=None, packages_above=None, packages_above_and_dependencies=None, packages_above_depth=None, packages_select_by_dep=None, packages_skip_by_dep=None, packages_skip_up_to=None, packages_select_build_failed=False, packages_skip_build_finished=False, packages_select_test_failures=False, packages_skip_test_passed=False, packages_select=None, packages_skip=None, packages_select_regex=None, packages_skip_regex=None, packages_start=None, packages_end=None, cmake_args=None, cmake_target=None, cmake_target_skip_unavailable=False, cmake_clean_cache=False, cmake_clean_first=False, cmake_force_configure=False, ament_cmake_args=None, catkin_cmake_args=None, catkin_skip_building_tests=False, verb_parser=<colcon_defaults.argument_parser.defaults.DefaultArgumentsDecorator object at 0x7f27cc0e1190>, verb_extension=<colcon_core.verb.build.BuildVerb object at 0x7f27cc0e0f80>, main=<bound method BuildVerb.main of <colcon_core.verb.build.BuildVerb object at 0x7f27cc0e0f80>>)
[0.351s] Level 1:colcon.colcon_core.package_discovery:discover_packages(colcon_meta) check parameters
[0.351s] Level 1:colcon.colcon_core.package_discovery:discover_packages(recursive) check parameters
[0.351s] Level 1:colcon.colcon_core.package_discovery:discover_packages(ignore) check parameters
[0.351s] Level 1:colcon.colcon_core.package_discovery:discover_packages(path) check parameters
[0.351s] Level 1:colcon.colcon_core.package_discovery:discover_packages(colcon_meta) discover
[0.351s] Level 1:colcon.colcon_core.package_discovery:discover_packages(recursive) discover
[0.351s] INFO:colcon.colcon_core.package_discovery:Crawling recursively for packages in '/home/neha/gitjazzy/src'
[0.351s] Level 1:colcon.colcon_core.package_identification:_identify(.) by extensions ['ignore', 'ignore_ament_install']
[0.351s] Level 1:colcon.colcon_core.package_identification:_identify(.) by extension 'ignore'
[0.351s] Level 1:colcon.colcon_core.package_identification:_identify(.) by extension 'ignore_ament_install'
[0.351s] Level 1:colcon.colcon_core.package_identification:_identify(.) by extensions ['colcon_pkg']
[0.352s] Level 1:colcon.colcon_core.package_identification:_identify(.) by extension 'colcon_pkg'
[0.352s] Level 1:colcon.colcon_core.package_identification:_identify(.) by extensions ['colcon_meta']
[0.352s] Level 1:colcon.colcon_core.package_identification:_identify(.) by extension 'colcon_meta'
[0.352s] Level 1:colcon.colcon_core.package_identification:_identify(.) by extensions ['ros']
[0.352s] Level 1:colcon.colcon_core.package_identification:_identify(.) by extension 'ros'
[0.383s] Level 1:colcon.colcon_core.package_identification:_identify(.) by extensions ['cmake', 'python']
[0.383s] Level 1:colcon.colcon_core.package_identification:_identify(.) by extension 'cmake'
[0.383s] Level 1:colcon.colcon_core.package_identification:_identify(.) by extension 'python'
[0.383s] Level 1:colcon.colcon_core.package_identification:_identify(.) by extensions ['python_setup_py']
[0.383s] Level 1:colcon.colcon_core.package_identification:_identify(.) by extension 'python_setup_py'
[0.383s] Level 1:colcon.colcon_core.package_identification:_identify(Week-3-4-Gazebo-basics) by extensions ['ignore', 'ignore_ament_install']
[0.384s] Level 1:colcon.colcon_core.package_identification:_identify(Week-3-4-Gazebo-basics) by extension 'ignore'
[0.384s] Level 1:colcon.colcon_core.package_identification:_identify(Week-3-4-Gazebo-basics) by extension 'ignore_ament_install'
[0.384s] Level 1:colcon.colcon_core.package_identification:_identify(Week-3-4-Gazebo-basics) by extensions ['colcon_pkg']
[0.384s] Level 1:colcon.colcon_core.package_identification:_identify(Week-3-4-Gazebo-basics) by extension 'colcon_pkg'
[0.384s] Level 1:colcon.colcon_core.package_identification:_identify(Week-3-4-Gazebo-basics) by extensions ['colcon_meta']
[0.384s] Level 1:colcon.colcon_core.package_identification:_identify(Week-3-4-Gazebo-basics) by extension 'colcon_meta'
[0.384s] Level 1:colcon.colcon_core.package_identification:_identify(Week-3-4-Gazebo-basics) by extensions ['ros']
[0.384s] Level 1:colcon.colcon_core.package_identification:_identify(Week-3-4-Gazebo-basics) by extension 'ros'
[0.384s] Level 1:colcon.colcon_core.package_identification:_identify(Week-3-4-Gazebo-basics) by extensions ['cmake', 'python']
[0.384s] Level 1:colcon.colcon_core.package_identification:_identify(Week-3-4-Gazebo-basics) by extension 'cmake'
[0.384s] Level 1:colcon.colcon_core.package_identification:_identify(Week-3-4-Gazebo-basics) by extension 'python'
[0.384s] Level 1:colcon.colcon_core.package_identification:_identify(Week-3-4-Gazebo-basics) by extensions ['python_setup_py']
[0.384s] Level 1:colcon.colcon_core.package_identification:_identify(Week-3-4-Gazebo-basics) by extension 'python_setup_py'
[0.385s] Level 1:colcon.colcon_core.package_identification:_identify(Week-3-4-Gazebo-basics/assets) by extensions ['ignore', 'ignore_ament_install']
[0.385s] Level 1:colcon.colcon_core.package_identification:_identify(Week-3-4-Gazebo-basics/assets) by extension 'ignore'
[0.385s] Level 1:colcon.colcon_core.package_identification:_identify(Week-3-4-Gazebo-basics/assets) by extension 'ignore_ament_install'
[0.385s] Level 1:colcon.colcon_core.package_identification:_identify(Week-3-4-Gazebo-basics/assets) by extensions ['colcon_pkg']
[0.385s] Level 1:colcon.colcon_core.package_identification:_identify(Week-3-4-Gazebo-basics/assets) by extension 'colcon_pkg'
[0.385s] Level 1:colcon.colcon_core.package_identification:_identify(Week-3-4-Gazebo-basics/assets) by extensions ['colcon_meta']
[0.385s] Level 1:colcon.colcon_core.package_identification:_identify(Week-3-4-Gazebo-basics/assets) by extension 'colcon_meta'
[0.385s] Level 1:colcon.colcon_core.package_identification:_identify(Week-3-4-Gazebo-basics/assets) by extensions ['ros']
[0.385s] Level 1:colcon.colcon_core.package_identification:_identify(Week-3-4-Gazebo-basics/assets) by extension 'ros'
[0.385s] Level 1:colcon.colcon_core.package_identification:_identify(Week-3-4-Gazebo-basics/assets) by extensions ['cmake', 'python']
[0.385s] Level 1:colcon.colcon_core.package_identification:_identify(Week-3-4-Gazebo-basics/assets) by extension 'cmake'
[0.386s] Level 1:colcon.colcon_core.package_identification:_identify(Week-3-4-Gazebo-basics/assets) by extension 'python'
[0.386s] Level 1:colcon.colcon_core.package_identification:_identify(Week-3-4-Gazebo-basics/assets) by extensions ['python_setup_py']
[0.386s] Level 1:colcon.colcon_core.package_identification:_identify(Week-3-4-Gazebo-basics/assets) by extension 'python_setup_py'
[0.386s] Level 1:colcon.colcon_core.package_identification:_identify(Week-3-4-Gazebo-basics/bme_gazebo_basics) by extensions ['ignore', 'ignore_ament_install']
[0.386s] Level 1:colcon.colcon_core.package_identification:_identify(Week-3-4-Gazebo-basics/bme_gazebo_basics) by extension 'ignore'
[0.386s] Level 1:colcon.colcon_core.package_identification:_identify(Week-3-4-Gazebo-basics/bme_gazebo_basics) by extension 'ignore_ament_install'
[0.386s] Level 1:colcon.colcon_core.package_identification:_identify(Week-3-4-Gazebo-basics/bme_gazebo_basics) by extensions ['colcon_pkg']
[0.386s] Level 1:colcon.colcon_core.package_identification:_identify(Week-3-4-Gazebo-basics/bme_gazebo_basics) by extension 'colcon_pkg'
[0.386s] Level 1:colcon.colcon_core.package_identification:_identify(Week-3-4-Gazebo-basics/bme_gazebo_basics) by extensions ['colcon_meta']
[0.386s] Level 1:colcon.colcon_core.package_identification:_identify(Week-3-4-Gazebo-basics/bme_gazebo_basics) by extension 'colcon_meta'
[0.386s] Level 1:colcon.colcon_core.package_identification:_identify(Week-3-4-Gazebo-basics/bme_gazebo_basics) by extensions ['ros']
[0.386s] Level 1:colcon.colcon_core.package_identification:_identify(Week-3-4-Gazebo-basics/bme_gazebo_basics) by extension 'ros'
[0.389s] DEBUG:colcon.colcon_core.package_identification:Package 'Week-3-4-Gazebo-basics/bme_gazebo_basics' with type 'ros.ament_cmake' and name 'bme_gazebo_basics'
[0.389s] Level 1:colcon.colcon_core.package_identification:_identify(Week-5-6-Gazebo-sensors) by extensions ['ignore', 'ignore_ament_install']
[0.389s] Level 1:colcon.colcon_core.package_identification:_identify(Week-5-6-Gazebo-sensors) by extension 'ignore'
[0.389s] Level 1:colcon.colcon_core.package_identification:_identify(Week-5-6-Gazebo-sensors) by extension 'ignore_ament_install'
[0.390s] Level 1:colcon.colcon_core.package_identification:_identify(Week-5-6-Gazebo-sensors) by extensions ['colcon_pkg']
[0.390s] Level 1:colcon.colcon_core.package_identification:_identify(Week-5-6-Gazebo-sensors) by extension 'colcon_pkg'
[0.390s] Level 1:colcon.colcon_core.package_identification:_identify(Week-5-6-Gazebo-sensors) by extensions ['colcon_meta']
[0.390s] Level 1:colcon.colcon_core.package_identification:_identify(Week-5-6-Gazebo-sensors) by extension 'colcon_meta'
[0.390s] Level 1:colcon.colcon_core.package_identification:_identify(Week-5-6-Gazebo-sensors) by extensions ['ros']
[0.390s] Level 1:colcon.colcon_core.package_identification:_identify(Week-5-6-Gazebo-sensors) by extension 'ros'
[0.390s] Level 1:colcon.colcon_core.package_identification:_identify(Week-5-6-Gazebo-sensors) by extensions ['cmake', 'python']
[0.390s] Level 1:colcon.colcon_core.package_identification:_identify(Week-5-6-Gazebo-sensors) by extension 'cmake'
[0.390s] Level 1:colcon.colcon_core.package_identification:_identify(Week-5-6-Gazebo-sensors) by extension 'python'
[0.390s] Level 1:colcon.colcon_core.package_identification:_identify(Week-5-6-Gazebo-sensors) by extensions ['python_setup_py']
[0.390s] Level 1:colcon.colcon_core.package_identification:_identify(Week-5-6-Gazebo-sensors) by extension 'python_setup_py'
[0.390s] Level 1:colcon.colcon_core.package_identification:_identify(Week-5-6-Gazebo-sensors/assets) by extensions ['ignore', 'ignore_ament_install']
[0.390s] Level 1:colcon.colcon_core.package_identification:_identify(Week-5-6-Gazebo-sensors/assets) by extension 'ignore'
[0.391s] Level 1:colcon.colcon_core.package_identification:_identify(Week-5-6-Gazebo-sensors/assets) by extension 'ignore_ament_install'
[0.391s] Level 1:colcon.colcon_core.package_identification:_identify(Week-5-6-Gazebo-sensors/assets) by extensions ['colcon_pkg']
[0.391s] Level 1:colcon.colcon_core.package_identification:_identify(Week-5-6-Gazebo-sensors/assets) by extension 'colcon_pkg'
[0.391s] Level 1:colcon.colcon_core.package_identification:_identify(Week-5-6-Gazebo-sensors/assets) by extensions ['colcon_meta']
[0.391s] Level 1:colcon.colcon_core.package_identification:_identify(Week-5-6-Gazebo-sensors/assets) by extension 'colcon_meta'
[0.391s] Level 1:colcon.colcon_core.package_identification:_identify(Week-5-6-Gazebo-sensors/assets) by extensions ['ros']
[0.391s] Level 1:colcon.colcon_core.package_identification:_identify(Week-5-6-Gazebo-sensors/assets) by extension 'ros'
[0.391s] Level 1:colcon.colcon_core.package_identification:_identify(Week-5-6-Gazebo-sensors/assets) by extensions ['cmake', 'python']
[0.391s] Level 1:colcon.colcon_core.package_identification:_identify(Week-5-6-Gazebo-sensors/assets) by extension 'cmake'
[0.391s] Level 1:colcon.colcon_core.package_identification:_identify(Week-5-6-Gazebo-sensors/assets) by extension 'python'
[0.391s] Level 1:colcon.colcon_core.package_identification:_identify(Week-5-6-Gazebo-sensors/assets) by extensions ['python_setup_py']
[0.391s] Level 1:colcon.colcon_core.package_identification:_identify(Week-5-6-Gazebo-sensors/assets) by extension 'python_setup_py'
[0.391s] Level 1:colcon.colcon_core.package_identification:_identify(Week-5-6-Gazebo-sensors/bme_gazebo_sensors) by extensions ['ignore', 'ignore_ament_install']
[0.392s] Level 1:colcon.colcon_core.package_identification:_identify(Week-5-6-Gazebo-sensors/bme_gazebo_sensors) by extension 'ignore'
[0.392s] Level 1:colcon.colcon_core.package_identification:_identify(Week-5-6-Gazebo-sensors/bme_gazebo_sensors) by extension 'ignore_ament_install'
[0.392s] Level 1:colcon.colcon_core.package_identification:_identify(Week-5-6-Gazebo-sensors/bme_gazebo_sensors) by extensions ['colcon_pkg']
[0.392s] Level 1:colcon.colcon_core.package_identification:_identify(Week-5-6-Gazebo-sensors/bme_gazebo_sensors) by extension 'colcon_pkg'
[0.392s] Level 1:colcon.colcon_core.package_identification:_identify(Week-5-6-Gazebo-sensors/bme_gazebo_sensors) by extensions ['colcon_meta']
[0.392s] Level 1:colcon.colcon_core.package_identification:_identify(Week-5-6-Gazebo-sensors/bme_gazebo_sensors) by extension 'colcon_meta'
[0.392s] Level 1:colcon.colcon_core.package_identification:_identify(Week-5-6-Gazebo-sensors/bme_gazebo_sensors) by extensions ['ros']
[0.392s] Level 1:colcon.colcon_core.package_identification:_identify(Week-5-6-Gazebo-sensors/bme_gazebo_sensors) by extension 'ros'
[0.393s] DEBUG:colcon.colcon_core.package_identification:Package 'Week-5-6-Gazebo-sensors/bme_gazebo_sensors' with type 'ros.ament_cmake' and name 'bme_gazebo_sensors'
[0.393s] Level 1:colcon.colcon_core.package_identification:_identify(Week-5-6-Gazebo-sensors/bme_gazebo_sensors_py) by extensions ['ignore', 'ignore_ament_install']
[0.393s] Level 1:colcon.colcon_core.package_identification:_identify(Week-5-6-Gazebo-sensors/bme_gazebo_sensors_py) by extension 'ignore'
[0.393s] Level 1:colcon.colcon_core.package_identification:_identify(Week-5-6-Gazebo-sensors/bme_gazebo_sensors_py) by extension 'ignore_ament_install'
[0.393s] Level 1:colcon.colcon_core.package_identification:_identify(Week-5-6-Gazebo-sensors/bme_gazebo_sensors_py) by extensions ['colcon_pkg']
[0.393s] Level 1:colcon.colcon_core.package_identification:_identify(Week-5-6-Gazebo-sensors/bme_gazebo_sensors_py) by extension 'colcon_pkg'
[0.393s] Level 1:colcon.colcon_core.package_identification:_identify(Week-5-6-Gazebo-sensors/bme_gazebo_sensors_py) by extensions ['colcon_meta']
[0.393s] Level 1:colcon.colcon_core.package_identification:_identify(Week-5-6-Gazebo-sensors/bme_gazebo_sensors_py) by extension 'colcon_meta'
[0.393s] Level 1:colcon.colcon_core.package_identification:_identify(Week-5-6-Gazebo-sensors/bme_gazebo_sensors_py) by extensions ['ros']
[0.393s] Level 1:colcon.colcon_core.package_identification:_identify(Week-5-6-Gazebo-sensors/bme_gazebo_sensors_py) by extension 'ros'
[0.394s] DEBUG:colcon.colcon_core.package_identification:Package 'Week-5-6-Gazebo-sensors/bme_gazebo_sensors_py' with type 'ros.ament_python' and name 'bme_gazebo_sensors_py'
[0.394s] Level 1:colcon.colcon_core.package_identification:_identify(build) by extensions ['ignore', 'ignore_ament_install']
[0.394s] Level 1:colcon.colcon_core.package_identification:_identify(build) by extension 'ignore'
[0.394s] Level 1:colcon.colcon_core.package_identification:_identify(build) ignored
[0.394s] Level 1:colcon.colcon_core.package_identification:_identify(install) by extensions ['ignore', 'ignore_ament_install']
[0.394s] Level 1:colcon.colcon_core.package_identification:_identify(install) by extension 'ignore'
[0.394s] Level 1:colcon.colcon_core.package_identification:_identify(install) ignored
[0.395s] Level 1:colcon.colcon_core.package_identification:_identify(log) by extensions ['ignore', 'ignore_ament_install']
[0.395s] Level 1:colcon.colcon_core.package_identification:_identify(log) by extension 'ignore'
[0.395s] Level 1:colcon.colcon_core.package_identification:_identify(log) ignored
[0.395s] Level 1:colcon.colcon_core.package_discovery:discover_packages(recursive) using defaults
[0.395s] Level 1:colcon.colcon_core.package_discovery:discover_packages(ignore) discover
[0.395s] Level 1:colcon.colcon_core.package_discovery:discover_packages(ignore) using defaults
[0.395s] Level 1:colcon.colcon_core.package_discovery:discover_packages(path) discover
[0.395s] Level 1:colcon.colcon_core.package_discovery:discover_packages(path) using defaults
[0.417s] Level 5:colcon.colcon_core.verb:set package 'bme_gazebo_basics' build argument 'cmake_args' from command line to 'None'
[0.418s] Level 5:colcon.colcon_core.verb:set package 'bme_gazebo_basics' build argument 'cmake_target' from command line to 'None'
[0.418s] Level 5:colcon.colcon_core.verb:set package 'bme_gazebo_basics' build argument 'cmake_target_skip_unavailable' from command line to 'False'
[0.418s] Level 5:colcon.colcon_core.verb:set package 'bme_gazebo_basics' build argument 'cmake_clean_cache' from command line to 'False'
[0.418s] Level 5:colcon.colcon_core.verb:set package 'bme_gazebo_basics' build argument 'cmake_clean_first' from command line to 'False'
[0.418s] Level 5:colcon.colcon_core.verb:set package 'bme_gazebo_basics' build argument 'cmake_force_configure' from command line to 'False'
[0.418s] Level 5:colcon.colcon_core.verb:set package 'bme_gazebo_basics' build argument 'ament_cmake_args' from command line to 'None'
[0.418s] Level 5:colcon.colcon_core.verb:set package 'bme_gazebo_basics' build argument 'catkin_cmake_args' from command line to 'None'
[0.418s] Level 5:colcon.colcon_core.verb:set package 'bme_gazebo_basics' build argument 'catkin_skip_building_tests' from command line to 'False'
[0.418s] DEBUG:colcon.colcon_core.verb:Building package 'bme_gazebo_basics' with the following arguments: {'ament_cmake_args': None, 'build_base': '/home/neha/gitjazzy/src/build/bme_gazebo_basics', 'catkin_cmake_args': None, 'catkin_skip_building_tests': False, 'cmake_args': None, 'cmake_clean_cache': False, 'cmake_clean_first': False, 'cmake_force_configure': False, 'cmake_target': None, 'cmake_target_skip_unavailable': False, 'install_base': '/home/neha/gitjazzy/src/install/bme_gazebo_basics', 'merge_install': False, 'path': '/home/neha/gitjazzy/src/Week-3-4-Gazebo-basics/bme_gazebo_basics', 'symlink_install': False, 'test_result_base': None}
[0.418s] Level 5:colcon.colcon_core.verb:set package 'bme_gazebo_sensors' build argument 'cmake_args' from command line to 'None'
[0.418s] Level 5:colcon.colcon_core.verb:set package 'bme_gazebo_sensors' build argument 'cmake_target' from command line to 'None'
[0.418s] Level 5:colcon.colcon_core.verb:set package 'bme_gazebo_sensors' build argument 'cmake_target_skip_unavailable' from command line to 'False'
[0.418s] Level 5:colcon.colcon_core.verb:set package 'bme_gazebo_sensors' build argument 'cmake_clean_cache' from command line to 'False'
[0.418s] Level 5:colcon.colcon_core.verb:set package 'bme_gazebo_sensors' build argument 'cmake_clean_first' from command line to 'False'
[0.418s] Level 5:colcon.colcon_core.verb:set package 'bme_gazebo_sensors' build argument 'cmake_force_configure' from command line to 'False'
[0.418s] Level 5:colcon.colcon_core.verb:set package 'bme_gazebo_sensors' build argument 'ament_cmake_args' from command line to 'None'
[0.418s] Level 5:colcon.colcon_core.verb:set package 'bme_gazebo_sensors' build argument 'catkin_cmake_args' from command line to 'None'
[0.418s] Level 5:colcon.colcon_core.verb:set package 'bme_gazebo_sensors' build argument 'catkin_skip_building_tests' from command line to 'False'
[0.419s] DEBUG:colcon.colcon_core.verb:Building package 'bme_gazebo_sensors' with the following arguments: {'ament_cmake_args': None, 'build_base': '/home/neha/gitjazzy/src/build/bme_gazebo_sensors', 'catkin_cmake_args': None, 'catkin_skip_building_tests': False, 'cmake_args': None, 'cmake_clean_cache': False, 'cmake_clean_first': False, 'cmake_force_configure': False, 'cmake_target': None, 'cmake_target_skip_unavailable': False, 'install_base': '/home/neha/gitjazzy/src/install/bme_gazebo_sensors', 'merge_install': False, 'path': '/home/neha/gitjazzy/src/Week-5-6-Gazebo-sensors/bme_gazebo_sensors', 'symlink_install': False, 'test_result_base': None}
[0.419s] Level 5:colcon.colcon_core.verb:set package 'bme_gazebo_sensors_py' build argument 'cmake_args' from command line to 'None'
[0.419s] Level 5:colcon.colcon_core.verb:set package 'bme_gazebo_sensors_py' build argument 'cmake_target' from command line to 'None'
[0.419s] Level 5:colcon.colcon_core.verb:set package 'bme_gazebo_sensors_py' build argument 'cmake_target_skip_unavailable' from command line to 'False'
[0.419s] Level 5:colcon.colcon_core.verb:set package 'bme_gazebo_sensors_py' build argument 'cmake_clean_cache' from command line to 'False'
[0.419s] Level 5:colcon.colcon_core.verb:set package 'bme_gazebo_sensors_py' build argument 'cmake_clean_first' from command line to 'False'
[0.419s] Level 5:colcon.colcon_core.verb:set package 'bme_gazebo_sensors_py' build argument 'cmake_force_configure' from command line to 'False'
[0.419s] Level 5:colcon.colcon_core.verb:set package 'bme_gazebo_sensors_py' build argument 'ament_cmake_args' from command line to 'None'
[0.419s] Level 5:colcon.colcon_core.verb:set package 'bme_gazebo_sensors_py' build argument 'catkin_cmake_args' from command line to 'None'
[0.419s] Level 5:colcon.colcon_core.verb:set package 'bme_gazebo_sensors_py' build argument 'catkin_skip_building_tests' from command line to 'False'
[0.419s] DEBUG:colcon.colcon_core.verb:Building package 'bme_gazebo_sensors_py' with the following arguments: {'ament_cmake_args': None, 'build_base': '/home/neha/gitjazzy/src/build/bme_gazebo_sensors_py', 'catkin_cmake_args': None, 'catkin_skip_building_tests': False, 'cmake_args': None, 'cmake_clean_cache': False, 'cmake_clean_first': False, 'cmake_force_configure': False, 'cmake_target': None, 'cmake_target_skip_unavailable': False, 'install_base': '/home/neha/gitjazzy/src/install/bme_gazebo_sensors_py', 'merge_install': False, 'path': '/home/neha/gitjazzy/src/Week-5-6-Gazebo-sensors/bme_gazebo_sensors_py', 'symlink_install': False, 'test_result_base': None}
[0.419s] INFO:colcon.colcon_core.executor:Executing jobs using 'parallel' executor
[0.421s] DEBUG:colcon.colcon_parallel_executor.executor.parallel:run_until_complete
[0.421s] INFO:colcon.colcon_ros.task.ament_cmake.build:Building ROS package in '/home/neha/gitjazzy/src/Week-3-4-Gazebo-basics/bme_gazebo_basics' with build type 'ament_cmake'
[0.421s] INFO:colcon.colcon_cmake.task.cmake.build:Building CMake package in '/home/neha/gitjazzy/src/Week-3-4-Gazebo-basics/bme_gazebo_basics'
[0.424s] INFO:colcon.colcon_core.plugin_system:Skipping extension 'colcon_core.shell.bat': Not used on non-Windows systems
[0.424s] DEBUG:colcon.colcon_core.shell:Skip shell extension 'dsv' for command environment
[0.436s] INFO:colcon.colcon_ros.task.ament_cmake.build:Building ROS package in '/home/neha/gitjazzy/src/Week-5-6-Gazebo-sensors/bme_gazebo_sensors' with build type 'ament_cmake'
[0.436s] INFO:colcon.colcon_cmake.task.cmake.build:Building CMake package in '/home/neha/gitjazzy/src/Week-5-6-Gazebo-sensors/bme_gazebo_sensors'
[0.437s] DEBUG:colcon.colcon_core.shell:Skip shell extension 'dsv' for command environment
[0.442s] INFO:colcon.colcon_ros.task.ament_python.build:Building ROS package in '/home/neha/gitjazzy/src/Week-5-6-Gazebo-sensors/bme_gazebo_sensors_py' with build type 'ament_python'
[0.442s] Level 1:colcon.colcon_core.shell:create_environment_hook('bme_gazebo_sensors_py', 'ament_prefix_path')
[0.443s] INFO:colcon.colcon_core.shell:Creating environment descriptor '/home/neha/gitjazzy/src/install/bme_gazebo_sensors_py/share/bme_gazebo_sensors_py/hook/ament_prefix_path.dsv'
[0.445s] INFO:colcon.colcon_core.shell:Creating environment hook '/home/neha/gitjazzy/src/install/bme_gazebo_sensors_py/share/bme_gazebo_sensors_py/hook/ament_prefix_path.sh'
[0.446s] DEBUG:colcon.colcon_core.shell:Skip shell extension 'dsv' for command environment
[0.462s] DEBUG:colcon.colcon_core.event_handler.log_command:Invoking command in '/home/neha/gitjazzy/src/build/bme_gazebo_basics': CMAKE_PREFIX_PATH=${CMAKE_PREFIX_PATH}:/home/neha/gitjazzy/install/mogi_trajectory_server:/opt/ros/jazzy /usr/bin/cmake --build /home/neha/gitjazzy/src/build/bme_gazebo_basics -- -j8 -l8
[0.472s] DEBUG:colcon.colcon_core.event_handler.log_command:Invoking command in '/home/neha/gitjazzy/src/build/bme_gazebo_sensors': CMAKE_PREFIX_PATH=${CMAKE_PREFIX_PATH}:/home/neha/gitjazzy/install/mogi_trajectory_server:/opt/ros/jazzy /usr/bin/cmake /home/neha/gitjazzy/src/Week-5-6-Gazebo-sensors/bme_gazebo_sensors -DCMAKE_INSTALL_PREFIX=/home/neha/gitjazzy/src/install/bme_gazebo_sensors
[0.807s] INFO:colcon.colcon_core.task.python.build:Building Python package in '/home/neha/gitjazzy/src/Week-5-6-Gazebo-sensors/bme_gazebo_sensors_py'
[0.808s] DEBUG:colcon.colcon_core.shell:Skip shell extension 'dsv' for command environment
[0.816s] DEBUG:colcon.colcon_core.event_handler.log_command:Invoked command in '/home/neha/gitjazzy/src/build/bme_gazebo_basics' returned '0': CMAKE_PREFIX_PATH=${CMAKE_PREFIX_PATH}:/home/neha/gitjazzy/install/mogi_trajectory_server:/opt/ros/jazzy /usr/bin/cmake --build /home/neha/gitjazzy/src/build/bme_gazebo_basics -- -j8 -l8
[0.834s] DEBUG:colcon.colcon_core.event_handler.log_command:Invoking command in '/home/neha/gitjazzy/src/build/bme_gazebo_basics': CMAKE_PREFIX_PATH=${CMAKE_PREFIX_PATH}:/home/neha/gitjazzy/install/mogi_trajectory_server:/opt/ros/jazzy /usr/bin/cmake --install /home/neha/gitjazzy/src/build/bme_gazebo_basics
[0.866s] Level 1:colcon.colcon_core.environment:create_environment_scripts_only(bme_gazebo_basics)
[0.870s] DEBUG:colcon.colcon_core.event_handler.log_command:Invoked command in '/home/neha/gitjazzy/src/build/bme_gazebo_basics' returned '0': CMAKE_PREFIX_PATH=${CMAKE_PREFIX_PATH}:/home/neha/gitjazzy/install/mogi_trajectory_server:/opt/ros/jazzy /usr/bin/cmake --install /home/neha/gitjazzy/src/build/bme_gazebo_basics
[0.873s] Level 1:colcon.colcon_core.environment:checking '/home/neha/gitjazzy/src/install/bme_gazebo_basics' for CMake module files
[0.873s] Level 1:colcon.colcon_core.environment:checking '/home/neha/gitjazzy/src/install/bme_gazebo_basics' for CMake config files
[0.874s] Level 1:colcon.colcon_core.shell:create_environment_hook('bme_gazebo_basics', 'cmake_prefix_path')
[0.874s] INFO:colcon.colcon_core.shell:Creating environment descriptor '/home/neha/gitjazzy/src/install/bme_gazebo_basics/share/bme_gazebo_basics/hook/cmake_prefix_path.dsv'
[0.875s] INFO:colcon.colcon_core.shell:Creating environment hook '/home/neha/gitjazzy/src/install/bme_gazebo_basics/share/bme_gazebo_basics/hook/cmake_prefix_path.sh'
[0.876s] Level 1:colcon.colcon_core.environment:checking '/home/neha/gitjazzy/src/install/bme_gazebo_basics/bin'
[0.876s] Level 1:colcon.colcon_core.environment:checking '/home/neha/gitjazzy/src/install/bme_gazebo_basics/lib/pkgconfig/bme_gazebo_basics.pc'
[0.876s] Level 1:colcon.colcon_core.environment:checking '/home/neha/gitjazzy/src/install/bme_gazebo_basics/lib/python3.12/site-packages'
[0.876s] Level 1:colcon.colcon_core.environment:checking '/home/neha/gitjazzy/src/install/bme_gazebo_basics/bin'
[0.877s] INFO:colcon.colcon_core.shell:Creating package descriptor '/home/neha/gitjazzy/src/install/bme_gazebo_basics/share/bme_gazebo_basics/package.dsv'
[0.877s] INFO:colcon.colcon_core.shell:Creating package script '/home/neha/gitjazzy/src/install/bme_gazebo_basics/share/bme_gazebo_basics/package.sh'
[0.878s] INFO:colcon.colcon_core.shell:Creating package script '/home/neha/gitjazzy/src/install/bme_gazebo_basics/share/bme_gazebo_basics/package.bash'
[0.879s] INFO:colcon.colcon_core.shell:Creating package script '/home/neha/gitjazzy/src/install/bme_gazebo_basics/share/bme_gazebo_basics/package.zsh'
[0.880s] Level 1:colcon.colcon_core.environment:create_file_with_runtime_dependencies(/home/neha/gitjazzy/src/install/bme_gazebo_basics/share/colcon-core/packages/bme_gazebo_basics)
[0.880s] Level 1:colcon.colcon_core.environment:create_environment_scripts_only(bme_gazebo_basics)
[0.881s] Level 1:colcon.colcon_core.environment:checking '/home/neha/gitjazzy/src/install/bme_gazebo_basics' for CMake module files
[0.882s] Level 1:colcon.colcon_core.environment:checking '/home/neha/gitjazzy/src/install/bme_gazebo_basics' for CMake config files
[0.882s] Level 1:colcon.colcon_core.shell:create_environment_hook('bme_gazebo_basics', 'cmake_prefix_path')
[0.882s] INFO:colcon.colcon_core.shell:Creating environment descriptor '/home/neha/gitjazzy/src/install/bme_gazebo_basics/share/bme_gazebo_basics/hook/cmake_prefix_path.dsv'
[0.883s] INFO:colcon.colcon_core.shell:Creating environment hook '/home/neha/gitjazzy/src/install/bme_gazebo_basics/share/bme_gazebo_basics/hook/cmake_prefix_path.sh'
[0.884s] Level 1:colcon.colcon_core.environment:checking '/home/neha/gitjazzy/src/install/bme_gazebo_basics/bin'
[0.884s] Level 1:colcon.colcon_core.environment:checking '/home/neha/gitjazzy/src/install/bme_gazebo_basics/lib/pkgconfig/bme_gazebo_basics.pc'
[0.884s] Level 1:colcon.colcon_core.environment:checking '/home/neha/gitjazzy/src/install/bme_gazebo_basics/lib/python3.12/site-packages'
[0.885s] Level 1:colcon.colcon_core.environment:checking '/home/neha/gitjazzy/src/install/bme_gazebo_basics/bin'
[0.885s] INFO:colcon.colcon_core.shell:Creating package descriptor '/home/neha/gitjazzy/src/install/bme_gazebo_basics/share/bme_gazebo_basics/package.dsv'
[0.886s] INFO:colcon.colcon_core.shell:Creating package script '/home/neha/gitjazzy/src/install/bme_gazebo_basics/share/bme_gazebo_basics/package.sh'
[0.886s] INFO:colcon.colcon_core.shell:Creating package script '/home/neha/gitjazzy/src/install/bme_gazebo_basics/share/bme_gazebo_basics/package.bash'
[0.887s] INFO:colcon.colcon_core.shell:Creating package script '/home/neha/gitjazzy/src/install/bme_gazebo_basics/share/bme_gazebo_basics/package.zsh'
[0.888s] Level 1:colcon.colcon_core.environment:create_file_with_runtime_dependencies(/home/neha/gitjazzy/src/install/bme_gazebo_basics/share/colcon-core/packages/bme_gazebo_basics)
[1.695s] DEBUG:colcon.colcon_core.event_handler.log_command:Invoking command in '/home/neha/gitjazzy/src/Week-5-6-Gazebo-sensors/bme_gazebo_sensors_py': PYTHONPATH=/home/neha/gitjazzy/src/build/bme_gazebo_sensors_py/prefix_override:/usr/lib/python3/dist-packages/colcon_core/task/python/colcon_distutils_commands:/home/neha/gitjazzy/src/install/bme_gazebo_sensors_py/lib/python3.12/site-packages:${PYTHONPATH} /usr/bin/python3 -W ignore:setup.py install is deprecated -W ignore:easy_install command is deprecated setup.py egg_info --egg-base ../../build/bme_gazebo_sensors_py build --build-base /home/neha/gitjazzy/src/build/bme_gazebo_sensors_py/build install --record /home/neha/gitjazzy/src/build/bme_gazebo_sensors_py/install.log --single-version-externally-managed install_data
[2.455s] Level 1:colcon.colcon_core.environment:checking '/home/neha/gitjazzy/src/install/bme_gazebo_sensors_py' for CMake module files
[2.455s] DEBUG:colcon.colcon_core.event_handler.log_command:Invoked command in '/home/neha/gitjazzy/src/Week-5-6-Gazebo-sensors/bme_gazebo_sensors_py' returned '0': PYTHONPATH=/home/neha/gitjazzy/src/build/bme_gazebo_sensors_py/prefix_override:/usr/lib/python3/dist-packages/colcon_core/task/python/colcon_distutils_commands:/home/neha/gitjazzy/src/install/bme_gazebo_sensors_py/lib/python3.12/site-packages:${PYTHONPATH} /usr/bin/python3 -W ignore:setup.py install is deprecated -W ignore:easy_install command is deprecated setup.py egg_info --egg-base ../../build/bme_gazebo_sensors_py build --build-base /home/neha/gitjazzy/src/build/bme_gazebo_sensors_py/build install --record /home/neha/gitjazzy/src/build/bme_gazebo_sensors_py/install.log --single-version-externally-managed install_data
[2.456s] Level 1:colcon.colcon_core.environment:checking '/home/neha/gitjazzy/src/install/bme_gazebo_sensors_py' for CMake config files
[2.457s] Level 1:colcon.colcon_core.environment:checking '/home/neha/gitjazzy/src/install/bme_gazebo_sensors_py/lib'
[2.458s] Level 1:colcon.colcon_core.environment:checking '/home/neha/gitjazzy/src/install/bme_gazebo_sensors_py/bin'
[2.458s] Level 1:colcon.colcon_core.environment:checking '/home/neha/gitjazzy/src/install/bme_gazebo_sensors_py/lib/pkgconfig/bme_gazebo_sensors_py.pc'
[2.458s] Level 1:colcon.colcon_core.environment:checking '/home/neha/gitjazzy/src/install/bme_gazebo_sensors_py/lib/python3.12/site-packages'
[2.458s] Level 1:colcon.colcon_core.shell:create_environment_hook('bme_gazebo_sensors_py', 'pythonpath')
[2.459s] INFO:colcon.colcon_core.shell:Creating environment descriptor '/home/neha/gitjazzy/src/install/bme_gazebo_sensors_py/share/bme_gazebo_sensors_py/hook/pythonpath.dsv'
[2.459s] INFO:colcon.colcon_core.shell:Creating environment hook '/home/neha/gitjazzy/src/install/bme_gazebo_sensors_py/share/bme_gazebo_sensors_py/hook/pythonpath.sh'
[2.460s] Level 1:colcon.colcon_core.environment:checking '/home/neha/gitjazzy/src/install/bme_gazebo_sensors_py/bin'
[2.460s] Level 1:colcon.colcon_core.environment:create_environment_scripts_only(bme_gazebo_sensors_py)
[2.460s] INFO:colcon.colcon_core.shell:Creating package descriptor '/home/neha/gitjazzy/src/install/bme_gazebo_sensors_py/share/bme_gazebo_sensors_py/package.dsv'
[2.461s] INFO:colcon.colcon_core.shell:Creating package script '/home/neha/gitjazzy/src/install/bme_gazebo_sensors_py/share/bme_gazebo_sensors_py/package.sh'
[2.461s] INFO:colcon.colcon_core.shell:Creating package script '/home/neha/gitjazzy/src/install/bme_gazebo_sensors_py/share/bme_gazebo_sensors_py/package.bash'
[2.462s] INFO:colcon.colcon_core.shell:Creating package script '/home/neha/gitjazzy/src/install/bme_gazebo_sensors_py/share/bme_gazebo_sensors_py/package.zsh'
[2.462s] Level 1:colcon.colcon_core.environment:create_file_with_runtime_dependencies(/home/neha/gitjazzy/src/install/bme_gazebo_sensors_py/share/colcon-core/packages/bme_gazebo_sensors_py)
[3.859s] DEBUG:colcon.colcon_core.event_handler.log_command:Invoked command in '/home/neha/gitjazzy/src/build/bme_gazebo_sensors' returned '0': CMAKE_PREFIX_PATH=${CMAKE_PREFIX_PATH}:/home/neha/gitjazzy/install/mogi_trajectory_server:/opt/ros/jazzy /usr/bin/cmake /home/neha/gitjazzy/src/Week-5-6-Gazebo-sensors/bme_gazebo_sensors -DCMAKE_INSTALL_PREFIX=/home/neha/gitjazzy/src/install/bme_gazebo_sensors
[3.862s] DEBUG:colcon.colcon_core.event_handler.log_command:Invoking command in '/home/neha/gitjazzy/src/build/bme_gazebo_sensors': CMAKE_PREFIX_PATH=${CMAKE_PREFIX_PATH}:/home/neha/gitjazzy/install/mogi_trajectory_server:/opt/ros/jazzy /usr/bin/cmake --build /home/neha/gitjazzy/src/build/bme_gazebo_sensors -- -j8 -l8
[3.918s] DEBUG:colcon.colcon_core.event_handler.log_command:Invoked command in '/home/neha/gitjazzy/src/build/bme_gazebo_sensors' returned '0': CMAKE_PREFIX_PATH=${CMAKE_PREFIX_PATH}:/home/neha/gitjazzy/install/mogi_trajectory_server:/opt/ros/jazzy /usr/bin/cmake --build /home/neha/gitjazzy/src/build/bme_gazebo_sensors -- -j8 -l8
[3.919s] DEBUG:colcon.colcon_core.event_handler.log_command:Invoking command in '/home/neha/gitjazzy/src/build/bme_gazebo_sensors': CMAKE_PREFIX_PATH=${CMAKE_PREFIX_PATH}:/home/neha/gitjazzy/install/mogi_trajectory_server:/opt/ros/jazzy /usr/bin/cmake --install /home/neha/gitjazzy/src/build/bme_gazebo_sensors
[3.943s] Level 1:colcon.colcon_core.environment:create_environment_scripts_only(bme_gazebo_sensors)
[3.943s] Level 1:colcon.colcon_core.environment:checking '/home/neha/gitjazzy/src/install/bme_gazebo_sensors' for CMake module files
[3.944s] DEBUG:colcon.colcon_core.event_handler.log_command:Invoked command in '/home/neha/gitjazzy/src/build/bme_gazebo_sensors' returned '0': CMAKE_PREFIX_PATH=${CMAKE_PREFIX_PATH}:/home/neha/gitjazzy/install/mogi_trajectory_server:/opt/ros/jazzy /usr/bin/cmake --install /home/neha/gitjazzy/src/build/bme_gazebo_sensors
[3.945s] Level 1:colcon.colcon_core.environment:checking '/home/neha/gitjazzy/src/install/bme_gazebo_sensors' for CMake config files
[3.945s] Level 1:colcon.colcon_core.shell:create_environment_hook('bme_gazebo_sensors', 'cmake_prefix_path')
[3.946s] INFO:colcon.colcon_core.shell:Creating environment descriptor '/home/neha/gitjazzy/src/install/bme_gazebo_sensors/share/bme_gazebo_sensors/hook/cmake_prefix_path.dsv'
[3.946s] INFO:colcon.colcon_core.shell:Creating environment hook '/home/neha/gitjazzy/src/install/bme_gazebo_sensors/share/bme_gazebo_sensors/hook/cmake_prefix_path.sh'
[3.947s] Level 1:colcon.colcon_core.environment:checking '/home/neha/gitjazzy/src/install/bme_gazebo_sensors/bin'
[3.947s] Level 1:colcon.colcon_core.environment:checking '/home/neha/gitjazzy/src/install/bme_gazebo_sensors/lib/pkgconfig/bme_gazebo_sensors.pc'
[3.947s] Level 1:colcon.colcon_core.environment:checking '/home/neha/gitjazzy/src/install/bme_gazebo_sensors/lib/python3.12/site-packages'
[3.948s] Level 1:colcon.colcon_core.environment:checking '/home/neha/gitjazzy/src/install/bme_gazebo_sensors/bin'
[3.948s] INFO:colcon.colcon_core.shell:Creating package descriptor '/home/neha/gitjazzy/src/install/bme_gazebo_sensors/share/bme_gazebo_sensors/package.dsv'
[3.949s] INFO:colcon.colcon_core.shell:Creating package script '/home/neha/gitjazzy/src/install/bme_gazebo_sensors/share/bme_gazebo_sensors/package.sh'
[3.949s] INFO:colcon.colcon_core.shell:Creating package script '/home/neha/gitjazzy/src/install/bme_gazebo_sensors/share/bme_gazebo_sensors/package.bash'
[3.949s] INFO:colcon.colcon_core.shell:Creating package script '/home/neha/gitjazzy/src/install/bme_gazebo_sensors/share/bme_gazebo_sensors/package.zsh'
[3.950s] Level 1:colcon.colcon_core.environment:create_file_with_runtime_dependencies(/home/neha/gitjazzy/src/install/bme_gazebo_sensors/share/colcon-core/packages/bme_gazebo_sensors)
[3.951s] Level 1:colcon.colcon_core.environment:create_environment_scripts_only(bme_gazebo_sensors)
[3.951s] Level 1:colcon.colcon_core.environment:checking '/home/neha/gitjazzy/src/install/bme_gazebo_sensors' for CMake module files
[3.952s] Level 1:colcon.colcon_core.environment:checking '/home/neha/gitjazzy/src/install/bme_gazebo_sensors' for CMake config files
[3.952s] Level 1:colcon.colcon_core.shell:create_environment_hook('bme_gazebo_sensors', 'cmake_prefix_path')
[3.952s] INFO:colcon.colcon_core.shell:Creating environment descriptor '/home/neha/gitjazzy/src/install/bme_gazebo_sensors/share/bme_gazebo_sensors/hook/cmake_prefix_path.dsv'
[3.953s] INFO:colcon.colcon_core.shell:Creating environment hook '/home/neha/gitjazzy/src/install/bme_gazebo_sensors/share/bme_gazebo_sensors/hook/cmake_prefix_path.sh'
[3.953s] Level 1:colcon.colcon_core.environment:checking '/home/neha/gitjazzy/src/install/bme_gazebo_sensors/bin'
[3.953s] Level 1:colcon.colcon_core.environment:checking '/home/neha/gitjazzy/src/install/bme_gazebo_sensors/lib/pkgconfig/bme_gazebo_sensors.pc'
[3.954s] Level 1:colcon.colcon_core.environment:checking '/home/neha/gitjazzy/src/install/bme_gazebo_sensors/lib/python3.12/site-packages'
[3.954s] Level 1:colcon.colcon_core.environment:checking '/home/neha/gitjazzy/src/install/bme_gazebo_sensors/bin'
[3.955s] INFO:colcon.colcon_core.shell:Creating package descriptor '/home/neha/gitjazzy/src/install/bme_gazebo_sensors/share/bme_gazebo_sensors/package.dsv'
[3.956s] INFO:colcon.colcon_core.shell:Creating package script '/home/neha/gitjazzy/src/install/bme_gazebo_sensors/share/bme_gazebo_sensors/package.sh'
[3.956s] INFO:colcon.colcon_core.shell:Creating package script '/home/neha/gitjazzy/src/install/bme_gazebo_sensors/share/bme_gazebo_sensors/package.bash'
[3.957s] INFO:colcon.colcon_core.shell:Creating package script '/home/neha/gitjazzy/src/install/bme_gazebo_sensors/share/bme_gazebo_sensors/package.zsh'
[3.958s] Level 1:colcon.colcon_core.environment:create_file_with_runtime_dependencies(/home/neha/gitjazzy/src/install/bme_gazebo_sensors/share/colcon-core/packages/bme_gazebo_sensors)
[3.959s] DEBUG:colcon.colcon_parallel_executor.executor.parallel:closing loop
[3.959s] DEBUG:colcon.colcon_parallel_executor.executor.parallel:loop closed
[3.960s] DEBUG:colcon.colcon_parallel_executor.executor.parallel:run_until_complete finished with '0'
[3.960s] DEBUG:colcon.colcon_core.event_reactor:joining thread
[4.016s] INFO:colcon.colcon_core.plugin_system:Skipping extension 'colcon_notification.desktop_notification.notify_send': Could not find 'notify-send'
[4.016s] INFO:colcon.colcon_core.plugin_system:Skipping extension 'colcon_notification.desktop_notification.terminal_notifier': Not used on non-Darwin systems
[4.016s] INFO:colcon.colcon_core.plugin_system:Skipping extension 'colcon_notification.desktop_notification.win32': Not used on non-Windows systems
[4.016s] INFO:colcon.colcon_notification.desktop_notification:Sending desktop notification using 'notify2'
[4.017s] DEBUG:colcon.colcon_notification.desktop_notification.notify2:Failed to initialize notify2: org.freedesktop.DBus.Error.ServiceUnknown: The name org.freedesktop.Notifications was not provided by any .service files
[4.017s] DEBUG:colcon.colcon_core.event_reactor:joined thread
[4.018s] INFO:colcon.colcon_core.shell:Creating prefix script '/home/neha/gitjazzy/src/install/local_setup.sh'
[4.019s] INFO:colcon.colcon_core.shell:Creating prefix util module '/home/neha/gitjazzy/src/install/_local_setup_util_sh.py'
[4.020s] INFO:colcon.colcon_core.shell:Creating prefix chain script '/home/neha/gitjazzy/src/install/setup.sh'
[4.021s] INFO:colcon.colcon_core.shell:Creating prefix script '/home/neha/gitjazzy/src/install/local_setup.bash'
[4.021s] INFO:colcon.colcon_core.shell:Creating prefix chain script '/home/neha/gitjazzy/src/install/setup.bash'
[4.023s] INFO:colcon.colcon_core.shell:Creating prefix script '/home/neha/gitjazzy/src/install/local_setup.zsh'
[4.023s] INFO:colcon.colcon_core.shell:Creating prefix chain script '/home/neha/gitjazzy/src/install/setup.zsh'
