[0.072s] Invoking command in '/home/neha/gitjazzy/build/bme_gazebo_sensors': CMAKE_PREFIX_PATH=${CMAKE_PREFIX_PATH}:/opt/ros/jazzy /usr/bin/cmake --build /home/neha/gitjazzy/build/bme_gazebo_sensors -- -j8 -l8
[1.066s] Invoked command in '/home/neha/gitjazzy/build/bme_gazebo_sensors' returned '0': CMAKE_PREFIX_PATH=${CMAKE_PREFIX_PATH}:/opt/ros/jazzy /usr/bin/cmake --build /home/neha/gitjazzy/build/bme_gazebo_sensors -- -j8 -l8
[1.069s] Invoking command in '/home/neha/gitjazzy/build/bme_gazebo_sensors': CMAKE_PREFIX_PATH=${CMAKE_PREFIX_PATH}:/opt/ros/jazzy /usr/bin/cmake --install /home/neha/gitjazzy/build/bme_gazebo_sensors
[1.087s] -- Install configuration: ""
[1.088s] -- Up-to-date: /home/neha/gitjazzy/install/bme_gazebo_sensors/share/bme_gazebo_sensors/launch
[1.089s] -- Up-to-date: /home/neha/gitjazzy/install/bme_gazebo_sensors/share/bme_gazebo_sensors/launch/check_urdf.launch.py
[1.089s] -- Up-to-date: /home/neha/gitjazzy/install/bme_gazebo_sensors/share/bme_gazebo_sensors/launch/spawn_robot.launch.py
[1.090s] -- Up-to-date: /home/neha/gitjazzy/install/bme_gazebo_sensors/share/bme_gazebo_sensors/launch/world.launch.py
[1.090s] -- Up-to-date: /home/neha/gitjazzy/install/bme_gazebo_sensors/share/bme_gazebo_sensors/worlds
[1.091s] -- Up-to-date: /home/neha/gitjazzy/install/bme_gazebo_sensors/share/bme_gazebo_sensors/worlds/home.sdf
[1.091s] -- Up-to-date: /home/neha/gitjazzy/install/bme_gazebo_sensors/share/bme_gazebo_sensors/worlds/world.sdf
[1.092s] -- Up-to-date: /home/neha/gitjazzy/install/bme_gazebo_sensors/share/bme_gazebo_sensors/worlds/empty.sdf
[1.092s] -- Up-to-date: /home/neha/gitjazzy/install/bme_gazebo_sensors/share/bme_gazebo_sensors/rviz
[1.093s] -- Up-to-date: /home/neha/gitjazzy/install/bme_gazebo_sensors/share/bme_gazebo_sensors/rviz/gps.rviz
[1.093s] -- Up-to-date: /home/neha/gitjazzy/install/bme_gazebo_sensors/share/bme_gazebo_sensors/rviz/rviz.rviz
[1.093s] -- Up-to-date: /home/neha/gitjazzy/install/bme_gazebo_sensors/share/bme_gazebo_sensors/rviz/urdf.rviz
[1.095s] -- Up-to-date: /home/neha/gitjazzy/install/bme_gazebo_sensors/share/bme_gazebo_sensors/urdf
[1.096s] -- Up-to-date: /home/neha/gitjazzy/install/bme_gazebo_sensors/share/bme_gazebo_sensors/urdf/mogi_bot.urdf
[1.097s] -- Up-to-date: /home/neha/gitjazzy/install/bme_gazebo_sensors/share/bme_gazebo_sensors/urdf/different_cameras.gazebo.bak
[1.097s] -- Up-to-date: /home/neha/gitjazzy/install/bme_gazebo_sensors/share/bme_gazebo_sensors/urdf/materials.xacro
[1.097s] -- Up-to-date: /home/neha/gitjazzy/install/bme_gazebo_sensors/share/bme_gazebo_sensors/urdf/mogi_bot.gazebo
[1.098s] -- Up-to-date: /home/neha/gitjazzy/install/bme_gazebo_sensors/share/bme_gazebo_sensors/meshes
[1.098s] -- Up-to-date: /home/neha/gitjazzy/install/bme_gazebo_sensors/share/bme_gazebo_sensors/meshes/lidar.dae
[1.099s] -- Up-to-date: /home/neha/gitjazzy/install/bme_gazebo_sensors/share/bme_gazebo_sensors/meshes/mogi_bot.dae
[1.099s] -- Up-to-date: /home/neha/gitjazzy/install/bme_gazebo_sensors/share/bme_gazebo_sensors/meshes/wheel.dae
[1.099s] -- Up-to-date: /home/neha/gitjazzy/install/bme_gazebo_sensors/share/bme_gazebo_sensors/config
[1.100s] -- Up-to-date: /home/neha/gitjazzy/install/bme_gazebo_sensors/share/bme_gazebo_sensors/config/ekf.yaml
[1.100s] -- Up-to-date: /home/neha/gitjazzy/install/bme_gazebo_sensors/share/ament_index/resource_index/package_run_dependencies/bme_gazebo_sensors
[1.101s] -- Up-to-date: /home/neha/gitjazzy/install/bme_gazebo_sensors/share/ament_index/resource_index/parent_prefix_path/bme_gazebo_sensors
[1.122s] -- Up-to-date: /home/neha/gitjazzy/install/bme_gazebo_sensors/share/bme_gazebo_sensors/environment/ament_prefix_path.sh
[1.122s] -- Up-to-date: /home/neha/gitjazzy/install/bme_gazebo_sensors/share/bme_gazebo_sensors/environment/ament_prefix_path.dsv
[1.122s] -- Up-to-date: /home/neha/gitjazzy/install/bme_gazebo_sensors/share/bme_gazebo_sensors/environment/path.sh
[1.123s] -- Up-to-date: /home/neha/gitjazzy/install/bme_gazebo_sensors/share/bme_gazebo_sensors/environment/path.dsv
[1.123s] -- Up-to-date: /home/neha/gitjazzy/install/bme_gazebo_sensors/share/bme_gazebo_sensors/local_setup.bash
[1.124s] -- Up-to-date: /home/neha/gitjazzy/install/bme_gazebo_sensors/share/bme_gazebo_sensors/local_setup.sh
[1.124s] -- Up-to-date: /home/neha/gitjazzy/install/bme_gazebo_sensors/share/bme_gazebo_sensors/local_setup.zsh
[1.125s] -- Up-to-date: /home/neha/gitjazzy/install/bme_gazebo_sensors/share/bme_gazebo_sensors/local_setup.dsv
[1.126s] -- Installing: /home/neha/gitjazzy/install/bme_gazebo_sensors/share/bme_gazebo_sensors/package.dsv
[1.130s] -- Up-to-date: /home/neha/gitjazzy/install/bme_gazebo_sensors/share/ament_index/resource_index/packages/bme_gazebo_sensors
[1.130s] -- Up-to-date: /home/neha/gitjazzy/install/bme_gazebo_sensors/share/bme_gazebo_sensors/cmake/bme_gazebo_sensorsConfig.cmake
[1.131s] -- Up-to-date: /home/neha/gitjazzy/install/bme_gazebo_sensors/share/bme_gazebo_sensors/cmake/bme_gazebo_sensorsConfig-version.cmake
[1.131s] -- Up-to-date: /home/neha/gitjazzy/install/bme_gazebo_sensors/share/bme_gazebo_sensors/package.xml
[1.148s] Invoked command in '/home/neha/gitjazzy/build/bme_gazebo_sensors' returned '0': CMAKE_PREFIX_PATH=${CMAKE_PREFIX_PATH}:/opt/ros/jazzy /usr/bin/cmake --install /home/neha/gitjazzy/build/bme_gazebo_sensors
