[3.631s] Invoking command in '/home/neha/gitjazzy/src/Week-5-6-Gazebo-sensors/bme_gazebo_sensors_py': PYTHONPATH=/home/neha/gitjazzy/build/bme_gazebo_sensors_py/prefix_override:/usr/lib/python3/dist-packages/colcon_core/task/python/colcon_distutils_commands:/home/neha/gitjazzy/install/bme_gazebo_sensors_py/lib/python3.12/site-packages:${PYTHONPATH} /usr/bin/python3 -W ignore:setup.py install is deprecated -W ignore:easy_install command is deprecated setup.py egg_info --egg-base ../../../build/bme_gazebo_sensors_py build --build-base /home/neha/gitjazzy/build/bme_gazebo_sensors_py/build install --record /home/neha/gitjazzy/build/bme_gazebo_sensors_py/install.log --single-version-externally-managed install_data
[4.763s] running egg_info
[4.859s] writing ../../../build/bme_gazebo_sensors_py/bme_gazebo_sensors_py.egg-info/PKG-INFO
[4.860s] writing dependency_links to ../../../build/bme_gazebo_sensors_py/bme_gazebo_sensors_py.egg-info/dependency_links.txt
[4.860s] writing entry points to ../../../build/bme_gazebo_sensors_py/bme_gazebo_sensors_py.egg-info/entry_points.txt
[4.860s] writing requirements to ../../../build/bme_gazebo_sensors_py/bme_gazebo_sensors_py.egg-info/requires.txt
[4.862s] writing top-level names to ../../../build/bme_gazebo_sensors_py/bme_gazebo_sensors_py.egg-info/top_level.txt
[5.015s] reading manifest file '../../../build/bme_gazebo_sensors_py/bme_gazebo_sensors_py.egg-info/SOURCES.txt'
[5.017s] writing manifest file '../../../build/bme_gazebo_sensors_py/bme_gazebo_sensors_py.egg-info/SOURCES.txt'
[5.018s] running build
[5.018s] running build_py
[5.022s] running install
[5.033s] running install_lib
[5.099s] running install_data
[5.099s] running install_egg_info
[5.158s] removing '/home/neha/gitjazzy/install/bme_gazebo_sensors_py/lib/python3.12/site-packages/bme_gazebo_sensors_py-1.0.0-py3.12.egg-info' (and everything under it)
[5.160s] Copying ../../../build/bme_gazebo_sensors_py/bme_gazebo_sensors_py.egg-info to /home/neha/gitjazzy/install/bme_gazebo_sensors_py/lib/python3.12/site-packages/bme_gazebo_sensors_py-1.0.0-py3.12.egg-info
[5.163s] running install_scripts
[5.641s] Installing chase_the_ball script to /home/neha/gitjazzy/install/bme_gazebo_sensors_py/lib/bme_gazebo_sensors_py
[5.647s] Installing gps_waypoint_follower script to /home/neha/gitjazzy/install/bme_gazebo_sensors_py/lib/bme_gazebo_sensors_py
[5.649s] Installing image_republisher script to /home/neha/gitjazzy/install/bme_gazebo_sensors_py/lib/bme_gazebo_sensors_py
[5.649s] writing list of installed files to '/home/neha/gitjazzy/build/bme_gazebo_sensors_py/install.log'
[5.798s] Invoked command in '/home/neha/gitjazzy/src/Week-5-6-Gazebo-sensors/bme_gazebo_sensors_py' returned '0': PYTHONPATH=/home/neha/gitjazzy/build/bme_gazebo_sensors_py/prefix_override:/usr/lib/python3/dist-packages/colcon_core/task/python/colcon_distutils_commands:/home/neha/gitjazzy/install/bme_gazebo_sensors_py/lib/python3.12/site-packages:${PYTHONPATH} /usr/bin/python3 -W ignore:setup.py install is deprecated -W ignore:easy_install command is deprecated setup.py egg_info --egg-base ../../../build/bme_gazebo_sensors_py build --build-base /home/neha/gitjazzy/build/bme_gazebo_sensors_py/build install --record /home/neha/gitjazzy/build/bme_gazebo_sensors_py/install.log --single-version-externally-managed install_data
