[0.144s] DEBUG:colcon:Command line arguments: ['/usr/bin/colcon', 'build']
[0.144s] DEBUG:colcon:Parsed command line arguments: Namespace(log_base=None, log_level=None, verb_name='build', build_base='build', install_base='install', merge_install=False, symlink_install=False, test_result_base=None, continue_on_error=False, executor='parallel', parallel_workers=8, event_handlers=None, ignore_user_meta=False, metas=['./colcon.meta'], base_paths=['.'], packages_ignore=None, packages_ignore_regex=None, paths=None, packages_up_to=None, packages_up_to_regex=None, packages_above=None, packages_above_and_dependencies=None, packages_above_depth=None, packages_select_by_dep=None, packages_skip_by_dep=None, packages_skip_up_to=None, packages_select_build_failed=False, packages_skip_build_finished=False, packages_select_test_failures=False, packages_skip_test_passed=False, packages_select=None, packages_skip=None, packages_select_regex=None, packages_skip_regex=None, packages_start=None, packages_end=None, cmake_args=None, cmake_target=None, cmake_target_skip_unavailable=False, cmake_clean_cache=False, cmake_clean_first=False, cmake_force_configure=False, ament_cmake_args=None, catkin_cmake_args=None, catkin_skip_building_tests=False, verb_parser=<colcon_defaults.argument_parser.defaults.DefaultArgumentsDecorator object at 0x7f476d6cd340>, verb_extension=<colcon_core.verb.build.BuildVerb object at 0x7f476d6cd130>, main=<bound method BuildVerb.main of <colcon_core.verb.build.BuildVerb object at 0x7f476d6cd130>>)
[0.210s] Level 1:colcon.colcon_core.package_discovery:discover_packages(colcon_meta) check parameters
[0.210s] Level 1:colcon.colcon_core.package_discovery:discover_packages(recursive) check parameters
[0.211s] Level 1:colcon.colcon_core.package_discovery:discover_packages(ignore) check parameters
[0.211s] Level 1:colcon.colcon_core.package_discovery:discover_packages(path) check parameters
[0.211s] Level 1:colcon.colcon_core.package_discovery:discover_packages(colcon_meta) discover
[0.211s] Level 1:colcon.colcon_core.package_discovery:discover_packages(recursive) discover
[0.211s] INFO:colcon.colcon_core.package_discovery:Crawling recursively for packages in '/home/neha/gitjazzy/src'
[0.211s] Level 1:colcon.colcon_core.package_identification:_identify(.) by extensions ['ignore', 'ignore_ament_install']
[0.211s] Level 1:colcon.colcon_core.package_identification:_identify(.) by extension 'ignore'
[0.211s] Level 1:colcon.colcon_core.package_identification:_identify(.) by extension 'ignore_ament_install'
[0.211s] Level 1:colcon.colcon_core.package_identification:_identify(.) by extensions ['colcon_pkg']
[0.211s] Level 1:colcon.colcon_core.package_identification:_identify(.) by extension 'colcon_pkg'
[0.211s] Level 1:colcon.colcon_core.package_identification:_identify(.) by extensions ['colcon_meta']
[0.211s] Level 1:colcon.colcon_core.package_identification:_identify(.) by extension 'colcon_meta'
[0.211s] Level 1:colcon.colcon_core.package_identification:_identify(.) by extensions ['ros']
[0.211s] Level 1:colcon.colcon_core.package_identification:_identify(.) by extension 'ros'
[0.237s] Level 1:colcon.colcon_core.package_identification:_identify(.) by extensions ['cmake', 'python']
[0.237s] Level 1:colcon.colcon_core.package_identification:_identify(.) by extension 'cmake'
[0.237s] Level 1:colcon.colcon_core.package_identification:_identify(.) by extension 'python'
[0.237s] Level 1:colcon.colcon_core.package_identification:_identify(.) by extensions ['python_setup_py']
[0.237s] Level 1:colcon.colcon_core.package_identification:_identify(.) by extension 'python_setup_py'
[0.237s] Level 1:colcon.colcon_core.package_identification:_identify(Week-3-4-Gazebo-basics) by extensions ['ignore', 'ignore_ament_install']
[0.237s] Level 1:colcon.colcon_core.package_identification:_identify(Week-3-4-Gazebo-basics) by extension 'ignore'
[0.238s] Level 1:colcon.colcon_core.package_identification:_identify(Week-3-4-Gazebo-basics) by extension 'ignore_ament_install'
[0.238s] Level 1:colcon.colcon_core.package_identification:_identify(Week-3-4-Gazebo-basics) by extensions ['colcon_pkg']
[0.238s] Level 1:colcon.colcon_core.package_identification:_identify(Week-3-4-Gazebo-basics) by extension 'colcon_pkg'
[0.238s] Level 1:colcon.colcon_core.package_identification:_identify(Week-3-4-Gazebo-basics) by extensions ['colcon_meta']
[0.238s] Level 1:colcon.colcon_core.package_identification:_identify(Week-3-4-Gazebo-basics) by extension 'colcon_meta'
[0.238s] Level 1:colcon.colcon_core.package_identification:_identify(Week-3-4-Gazebo-basics) by extensions ['ros']
[0.238s] Level 1:colcon.colcon_core.package_identification:_identify(Week-3-4-Gazebo-basics) by extension 'ros'
[0.238s] Level 1:colcon.colcon_core.package_identification:_identify(Week-3-4-Gazebo-basics) by extensions ['cmake', 'python']
[0.238s] Level 1:colcon.colcon_core.package_identification:_identify(Week-3-4-Gazebo-basics) by extension 'cmake'
[0.238s] Level 1:colcon.colcon_core.package_identification:_identify(Week-3-4-Gazebo-basics) by extension 'python'
[0.238s] Level 1:colcon.colcon_core.package_identification:_identify(Week-3-4-Gazebo-basics) by extensions ['python_setup_py']
[0.238s] Level 1:colcon.colcon_core.package_identification:_identify(Week-3-4-Gazebo-basics) by extension 'python_setup_py'
[0.238s] Level 1:colcon.colcon_core.package_identification:_identify(Week-3-4-Gazebo-basics/assets) by extensions ['ignore', 'ignore_ament_install']
[0.238s] Level 1:colcon.colcon_core.package_identification:_identify(Week-3-4-Gazebo-basics/assets) by extension 'ignore'
[0.238s] Level 1:colcon.colcon_core.package_identification:_identify(Week-3-4-Gazebo-basics/assets) by extension 'ignore_ament_install'
[0.238s] Level 1:colcon.colcon_core.package_identification:_identify(Week-3-4-Gazebo-basics/assets) by extensions ['colcon_pkg']
[0.238s] Level 1:colcon.colcon_core.package_identification:_identify(Week-3-4-Gazebo-basics/assets) by extension 'colcon_pkg'
[0.239s] Level 1:colcon.colcon_core.package_identification:_identify(Week-3-4-Gazebo-basics/assets) by extensions ['colcon_meta']
[0.239s] Level 1:colcon.colcon_core.package_identification:_identify(Week-3-4-Gazebo-basics/assets) by extension 'colcon_meta'
[0.239s] Level 1:colcon.colcon_core.package_identification:_identify(Week-3-4-Gazebo-basics/assets) by extensions ['ros']
[0.239s] Level 1:colcon.colcon_core.package_identification:_identify(Week-3-4-Gazebo-basics/assets) by extension 'ros'
[0.239s] Level 1:colcon.colcon_core.package_identification:_identify(Week-3-4-Gazebo-basics/assets) by extensions ['cmake', 'python']
[0.239s] Level 1:colcon.colcon_core.package_identification:_identify(Week-3-4-Gazebo-basics/assets) by extension 'cmake'
[0.239s] Level 1:colcon.colcon_core.package_identification:_identify(Week-3-4-Gazebo-basics/assets) by extension 'python'
[0.239s] Level 1:colcon.colcon_core.package_identification:_identify(Week-3-4-Gazebo-basics/assets) by extensions ['python_setup_py']
[0.239s] Level 1:colcon.colcon_core.package_identification:_identify(Week-3-4-Gazebo-basics/assets) by extension 'python_setup_py'
[0.239s] Level 1:colcon.colcon_core.package_identification:_identify(Week-3-4-Gazebo-basics/bme_gazebo_basics) by extensions ['ignore', 'ignore_ament_install']
[0.239s] Level 1:colcon.colcon_core.package_identification:_identify(Week-3-4-Gazebo-basics/bme_gazebo_basics) by extension 'ignore'
[0.239s] Level 1:colcon.colcon_core.package_identification:_identify(Week-3-4-Gazebo-basics/bme_gazebo_basics) by extension 'ignore_ament_install'
[0.239s] Level 1:colcon.colcon_core.package_identification:_identify(Week-3-4-Gazebo-basics/bme_gazebo_basics) by extensions ['colcon_pkg']
[0.239s] Level 1:colcon.colcon_core.package_identification:_identify(Week-3-4-Gazebo-basics/bme_gazebo_basics) by extension 'colcon_pkg'
[0.239s] Level 1:colcon.colcon_core.package_identification:_identify(Week-3-4-Gazebo-basics/bme_gazebo_basics) by extensions ['colcon_meta']
[0.239s] Level 1:colcon.colcon_core.package_identification:_identify(Week-3-4-Gazebo-basics/bme_gazebo_basics) by extension 'colcon_meta'
[0.240s] Level 1:colcon.colcon_core.package_identification:_identify(Week-3-4-Gazebo-basics/bme_gazebo_basics) by extensions ['ros']
[0.240s] Level 1:colcon.colcon_core.package_identification:_identify(Week-3-4-Gazebo-basics/bme_gazebo_basics) by extension 'ros'
[0.242s] DEBUG:colcon.colcon_core.package_identification:Package 'Week-3-4-Gazebo-basics/bme_gazebo_basics' with type 'ros.ament_cmake' and name 'bme_gazebo_basics'
[0.242s] Level 1:colcon.colcon_core.package_identification:_identify(Week-5-6-Gazebo-sensors) by extensions ['ignore', 'ignore_ament_install']
[0.242s] Level 1:colcon.colcon_core.package_identification:_identify(Week-5-6-Gazebo-sensors) by extension 'ignore'
[0.242s] Level 1:colcon.colcon_core.package_identification:_identify(Week-5-6-Gazebo-sensors) by extension 'ignore_ament_install'
[0.242s] Level 1:colcon.colcon_core.package_identification:_identify(Week-5-6-Gazebo-sensors) by extensions ['colcon_pkg']
[0.242s] Level 1:colcon.colcon_core.package_identification:_identify(Week-5-6-Gazebo-sensors) by extension 'colcon_pkg'
[0.242s] Level 1:colcon.colcon_core.package_identification:_identify(Week-5-6-Gazebo-sensors) by extensions ['colcon_meta']
[0.242s] Level 1:colcon.colcon_core.package_identification:_identify(Week-5-6-Gazebo-sensors) by extension 'colcon_meta'
[0.242s] Level 1:colcon.colcon_core.package_identification:_identify(Week-5-6-Gazebo-sensors) by extensions ['ros']
[0.242s] Level 1:colcon.colcon_core.package_identification:_identify(Week-5-6-Gazebo-sensors) by extension 'ros'
[0.243s] Level 1:colcon.colcon_core.package_identification:_identify(Week-5-6-Gazebo-sensors) by extensions ['cmake', 'python']
[0.243s] Level 1:colcon.colcon_core.package_identification:_identify(Week-5-6-Gazebo-sensors) by extension 'cmake'
[0.243s] Level 1:colcon.colcon_core.package_identification:_identify(Week-5-6-Gazebo-sensors) by extension 'python'
[0.243s] Level 1:colcon.colcon_core.package_identification:_identify(Week-5-6-Gazebo-sensors) by extensions ['python_setup_py']
[0.243s] Level 1:colcon.colcon_core.package_identification:_identify(Week-5-6-Gazebo-sensors) by extension 'python_setup_py'
[0.243s] Level 1:colcon.colcon_core.package_identification:_identify(Week-5-6-Gazebo-sensors/assets) by extensions ['ignore', 'ignore_ament_install']
[0.243s] Level 1:colcon.colcon_core.package_identification:_identify(Week-5-6-Gazebo-sensors/assets) by extension 'ignore'
[0.243s] Level 1:colcon.colcon_core.package_identification:_identify(Week-5-6-Gazebo-sensors/assets) by extension 'ignore_ament_install'
[0.243s] Level 1:colcon.colcon_core.package_identification:_identify(Week-5-6-Gazebo-sensors/assets) by extensions ['colcon_pkg']
[0.243s] Level 1:colcon.colcon_core.package_identification:_identify(Week-5-6-Gazebo-sensors/assets) by extension 'colcon_pkg'
[0.243s] Level 1:colcon.colcon_core.package_identification:_identify(Week-5-6-Gazebo-sensors/assets) by extensions ['colcon_meta']
[0.243s] Level 1:colcon.colcon_core.package_identification:_identify(Week-5-6-Gazebo-sensors/assets) by extension 'colcon_meta'
[0.243s] Level 1:colcon.colcon_core.package_identification:_identify(Week-5-6-Gazebo-sensors/assets) by extensions ['ros']
[0.243s] Level 1:colcon.colcon_core.package_identification:_identify(Week-5-6-Gazebo-sensors/assets) by extension 'ros'
[0.243s] Level 1:colcon.colcon_core.package_identification:_identify(Week-5-6-Gazebo-sensors/assets) by extensions ['cmake', 'python']
[0.243s] Level 1:colcon.colcon_core.package_identification:_identify(Week-5-6-Gazebo-sensors/assets) by extension 'cmake'
[0.243s] Level 1:colcon.colcon_core.package_identification:_identify(Week-5-6-Gazebo-sensors/assets) by extension 'python'
[0.244s] Level 1:colcon.colcon_core.package_identification:_identify(Week-5-6-Gazebo-sensors/assets) by extensions ['python_setup_py']
[0.244s] Level 1:colcon.colcon_core.package_identification:_identify(Week-5-6-Gazebo-sensors/assets) by extension 'python_setup_py'
[0.244s] Level 1:colcon.colcon_core.package_identification:_identify(Week-5-6-Gazebo-sensors/bme_gazebo_sensors) by extensions ['ignore', 'ignore_ament_install']
[0.244s] Level 1:colcon.colcon_core.package_identification:_identify(Week-5-6-Gazebo-sensors/bme_gazebo_sensors) by extension 'ignore'
[0.244s] Level 1:colcon.colcon_core.package_identification:_identify(Week-5-6-Gazebo-sensors/bme_gazebo_sensors) by extension 'ignore_ament_install'
[0.244s] Level 1:colcon.colcon_core.package_identification:_identify(Week-5-6-Gazebo-sensors/bme_gazebo_sensors) by extensions ['colcon_pkg']
[0.244s] Level 1:colcon.colcon_core.package_identification:_identify(Week-5-6-Gazebo-sensors/bme_gazebo_sensors) by extension 'colcon_pkg'
[0.244s] Level 1:colcon.colcon_core.package_identification:_identify(Week-5-6-Gazebo-sensors/bme_gazebo_sensors) by extensions ['colcon_meta']
[0.244s] Level 1:colcon.colcon_core.package_identification:_identify(Week-5-6-Gazebo-sensors/bme_gazebo_sensors) by extension 'colcon_meta'
[0.244s] Level 1:colcon.colcon_core.package_identification:_identify(Week-5-6-Gazebo-sensors/bme_gazebo_sensors) by extensions ['ros']
[0.244s] Level 1:colcon.colcon_core.package_identification:_identify(Week-5-6-Gazebo-sensors/bme_gazebo_sensors) by extension 'ros'
[0.245s] DEBUG:colcon.colcon_core.package_identification:Package 'Week-5-6-Gazebo-sensors/bme_gazebo_sensors' with type 'ros.ament_cmake' and name 'bme_gazebo_sensors'
[0.245s] Level 1:colcon.colcon_core.package_identification:_identify(Week-5-6-Gazebo-sensors/bme_gazebo_sensors_py) by extensions ['ignore', 'ignore_ament_install']
[0.245s] Level 1:colcon.colcon_core.package_identification:_identify(Week-5-6-Gazebo-sensors/bme_gazebo_sensors_py) by extension 'ignore'
[0.245s] Level 1:colcon.colcon_core.package_identification:_identify(Week-5-6-Gazebo-sensors/bme_gazebo_sensors_py) by extension 'ignore_ament_install'
[0.245s] Level 1:colcon.colcon_core.package_identification:_identify(Week-5-6-Gazebo-sensors/bme_gazebo_sensors_py) by extensions ['colcon_pkg']
[0.245s] Level 1:colcon.colcon_core.package_identification:_identify(Week-5-6-Gazebo-sensors/bme_gazebo_sensors_py) by extension 'colcon_pkg'
[0.245s] Level 1:colcon.colcon_core.package_identification:_identify(Week-5-6-Gazebo-sensors/bme_gazebo_sensors_py) by extensions ['colcon_meta']
[0.245s] Level 1:colcon.colcon_core.package_identification:_identify(Week-5-6-Gazebo-sensors/bme_gazebo_sensors_py) by extension 'colcon_meta'
[0.245s] Level 1:colcon.colcon_core.package_identification:_identify(Week-5-6-Gazebo-sensors/bme_gazebo_sensors_py) by extensions ['ros']
[0.245s] Level 1:colcon.colcon_core.package_identification:_identify(Week-5-6-Gazebo-sensors/bme_gazebo_sensors_py) by extension 'ros'
[0.246s] DEBUG:colcon.colcon_core.package_identification:Package 'Week-5-6-Gazebo-sensors/bme_gazebo_sensors_py' with type 'ros.ament_python' and name 'bme_gazebo_sensors_py'
[0.246s] Level 1:colcon.colcon_core.package_identification:_identify(Week-7-8-ROS2-Navigation) by extensions ['ignore', 'ignore_ament_install']
[0.246s] Level 1:colcon.colcon_core.package_identification:_identify(Week-7-8-ROS2-Navigation) by extension 'ignore'
[0.246s] Level 1:colcon.colcon_core.package_identification:_identify(Week-7-8-ROS2-Navigation) by extension 'ignore_ament_install'
[0.246s] Level 1:colcon.colcon_core.package_identification:_identify(Week-7-8-ROS2-Navigation) by extensions ['colcon_pkg']
[0.246s] Level 1:colcon.colcon_core.package_identification:_identify(Week-7-8-ROS2-Navigation) by extension 'colcon_pkg'
[0.246s] Level 1:colcon.colcon_core.package_identification:_identify(Week-7-8-ROS2-Navigation) by extensions ['colcon_meta']
[0.246s] Level 1:colcon.colcon_core.package_identification:_identify(Week-7-8-ROS2-Navigation) by extension 'colcon_meta'
[0.246s] Level 1:colcon.colcon_core.package_identification:_identify(Week-7-8-ROS2-Navigation) by extensions ['ros']
[0.246s] Level 1:colcon.colcon_core.package_identification:_identify(Week-7-8-ROS2-Navigation) by extension 'ros'
[0.246s] Level 1:colcon.colcon_core.package_identification:_identify(Week-7-8-ROS2-Navigation) by extensions ['cmake', 'python']
[0.246s] Level 1:colcon.colcon_core.package_identification:_identify(Week-7-8-ROS2-Navigation) by extension 'cmake'
[0.246s] Level 1:colcon.colcon_core.package_identification:_identify(Week-7-8-ROS2-Navigation) by extension 'python'
[0.246s] Level 1:colcon.colcon_core.package_identification:_identify(Week-7-8-ROS2-Navigation) by extensions ['python_setup_py']
[0.246s] Level 1:colcon.colcon_core.package_identification:_identify(Week-7-8-ROS2-Navigation) by extension 'python_setup_py'
[0.247s] Level 1:colcon.colcon_core.package_identification:_identify(Week-7-8-ROS2-Navigation/assets) by extensions ['ignore', 'ignore_ament_install']
[0.247s] Level 1:colcon.colcon_core.package_identification:_identify(Week-7-8-ROS2-Navigation/assets) by extension 'ignore'
[0.247s] Level 1:colcon.colcon_core.package_identification:_identify(Week-7-8-ROS2-Navigation/assets) by extension 'ignore_ament_install'
[0.247s] Level 1:colcon.colcon_core.package_identification:_identify(Week-7-8-ROS2-Navigation/assets) by extensions ['colcon_pkg']
[0.247s] Level 1:colcon.colcon_core.package_identification:_identify(Week-7-8-ROS2-Navigation/assets) by extension 'colcon_pkg'
[0.247s] Level 1:colcon.colcon_core.package_identification:_identify(Week-7-8-ROS2-Navigation/assets) by extensions ['colcon_meta']
[0.247s] Level 1:colcon.colcon_core.package_identification:_identify(Week-7-8-ROS2-Navigation/assets) by extension 'colcon_meta'
[0.247s] Level 1:colcon.colcon_core.package_identification:_identify(Week-7-8-ROS2-Navigation/assets) by extensions ['ros']
[0.247s] Level 1:colcon.colcon_core.package_identification:_identify(Week-7-8-ROS2-Navigation/assets) by extension 'ros'
[0.247s] Level 1:colcon.colcon_core.package_identification:_identify(Week-7-8-ROS2-Navigation/assets) by extensions ['cmake', 'python']
[0.247s] Level 1:colcon.colcon_core.package_identification:_identify(Week-7-8-ROS2-Navigation/assets) by extension 'cmake'
[0.247s] Level 1:colcon.colcon_core.package_identification:_identify(Week-7-8-ROS2-Navigation/assets) by extension 'python'
[0.247s] Level 1:colcon.colcon_core.package_identification:_identify(Week-7-8-ROS2-Navigation/assets) by extensions ['python_setup_py']
[0.247s] Level 1:colcon.colcon_core.package_identification:_identify(Week-7-8-ROS2-Navigation/assets) by extension 'python_setup_py'
[0.247s] Level 1:colcon.colcon_core.package_identification:_identify(Week-7-8-ROS2-Navigation/bme_ros2_navigation) by extensions ['ignore', 'ignore_ament_install']
[0.248s] Level 1:colcon.colcon_core.package_identification:_identify(Week-7-8-ROS2-Navigation/bme_ros2_navigation) by extension 'ignore'
[0.248s] Level 1:colcon.colcon_core.package_identification:_identify(Week-7-8-ROS2-Navigation/bme_ros2_navigation) by extension 'ignore_ament_install'
[0.248s] Level 1:colcon.colcon_core.package_identification:_identify(Week-7-8-ROS2-Navigation/bme_ros2_navigation) by extensions ['colcon_pkg']
[0.248s] Level 1:colcon.colcon_core.package_identification:_identify(Week-7-8-ROS2-Navigation/bme_ros2_navigation) by extension 'colcon_pkg'
[0.248s] Level 1:colcon.colcon_core.package_identification:_identify(Week-7-8-ROS2-Navigation/bme_ros2_navigation) by extensions ['colcon_meta']
[0.248s] Level 1:colcon.colcon_core.package_identification:_identify(Week-7-8-ROS2-Navigation/bme_ros2_navigation) by extension 'colcon_meta'
[0.248s] Level 1:colcon.colcon_core.package_identification:_identify(Week-7-8-ROS2-Navigation/bme_ros2_navigation) by extensions ['ros']
[0.248s] Level 1:colcon.colcon_core.package_identification:_identify(Week-7-8-ROS2-Navigation/bme_ros2_navigation) by extension 'ros'
[0.248s] DEBUG:colcon.colcon_core.package_identification:Package 'Week-7-8-ROS2-Navigation/bme_ros2_navigation' with type 'ros.ament_cmake' and name 'bme_ros2_navigation'
[0.248s] Level 1:colcon.colcon_core.package_identification:_identify(Week-7-8-ROS2-Navigation/bme_ros2_navigation_py) by extensions ['ignore', 'ignore_ament_install']
[0.248s] Level 1:colcon.colcon_core.package_identification:_identify(Week-7-8-ROS2-Navigation/bme_ros2_navigation_py) by extension 'ignore'
[0.249s] Level 1:colcon.colcon_core.package_identification:_identify(Week-7-8-ROS2-Navigation/bme_ros2_navigation_py) by extension 'ignore_ament_install'
[0.249s] Level 1:colcon.colcon_core.package_identification:_identify(Week-7-8-ROS2-Navigation/bme_ros2_navigation_py) by extensions ['colcon_pkg']
[0.249s] Level 1:colcon.colcon_core.package_identification:_identify(Week-7-8-ROS2-Navigation/bme_ros2_navigation_py) by extension 'colcon_pkg'
[0.249s] Level 1:colcon.colcon_core.package_identification:_identify(Week-7-8-ROS2-Navigation/bme_ros2_navigation_py) by extensions ['colcon_meta']
[0.249s] Level 1:colcon.colcon_core.package_identification:_identify(Week-7-8-ROS2-Navigation/bme_ros2_navigation_py) by extension 'colcon_meta'
[0.249s] Level 1:colcon.colcon_core.package_identification:_identify(Week-7-8-ROS2-Navigation/bme_ros2_navigation_py) by extensions ['ros']
[0.249s] Level 1:colcon.colcon_core.package_identification:_identify(Week-7-8-ROS2-Navigation/bme_ros2_navigation_py) by extension 'ros'
[0.250s] DEBUG:colcon.colcon_core.package_identification:Package 'Week-7-8-ROS2-Navigation/bme_ros2_navigation_py' with type 'ros.ament_python' and name 'bme_ros2_navigation_py'
[0.250s] Level 1:colcon.colcon_core.package_identification:_identify(build) by extensions ['ignore', 'ignore_ament_install']
[0.250s] Level 1:colcon.colcon_core.package_identification:_identify(build) by extension 'ignore'
[0.250s] Level 1:colcon.colcon_core.package_identification:_identify(build) ignored
[0.250s] Level 1:colcon.colcon_core.package_identification:_identify(install) by extensions ['ignore', 'ignore_ament_install']
[0.250s] Level 1:colcon.colcon_core.package_identification:_identify(install) by extension 'ignore'
[0.251s] Level 1:colcon.colcon_core.package_identification:_identify(install) ignored
[0.251s] Level 1:colcon.colcon_core.package_identification:_identify(log) by extensions ['ignore', 'ignore_ament_install']
[0.251s] Level 1:colcon.colcon_core.package_identification:_identify(log) by extension 'ignore'
[0.251s] Level 1:colcon.colcon_core.package_identification:_identify(log) ignored
[0.251s] Level 1:colcon.colcon_core.package_discovery:discover_packages(recursive) using defaults
[0.251s] Level 1:colcon.colcon_core.package_discovery:discover_packages(ignore) discover
[0.251s] Level 1:colcon.colcon_core.package_discovery:discover_packages(ignore) using defaults
[0.251s] Level 1:colcon.colcon_core.package_discovery:discover_packages(path) discover
[0.251s] Level 1:colcon.colcon_core.package_discovery:discover_packages(path) using defaults
[0.268s] Level 5:colcon.colcon_core.verb:set package 'bme_gazebo_basics' build argument 'cmake_args' from command line to 'None'
[0.268s] Level 5:colcon.colcon_core.verb:set package 'bme_gazebo_basics' build argument 'cmake_target' from command line to 'None'
[0.268s] Level 5:colcon.colcon_core.verb:set package 'bme_gazebo_basics' build argument 'cmake_target_skip_unavailable' from command line to 'False'
[0.268s] Level 5:colcon.colcon_core.verb:set package 'bme_gazebo_basics' build argument 'cmake_clean_cache' from command line to 'False'
[0.268s] Level 5:colcon.colcon_core.verb:set package 'bme_gazebo_basics' build argument 'cmake_clean_first' from command line to 'False'
[0.268s] Level 5:colcon.colcon_core.verb:set package 'bme_gazebo_basics' build argument 'cmake_force_configure' from command line to 'False'
[0.268s] Level 5:colcon.colcon_core.verb:set package 'bme_gazebo_basics' build argument 'ament_cmake_args' from command line to 'None'
[0.268s] Level 5:colcon.colcon_core.verb:set package 'bme_gazebo_basics' build argument 'catkin_cmake_args' from command line to 'None'
[0.268s] Level 5:colcon.colcon_core.verb:set package 'bme_gazebo_basics' build argument 'catkin_skip_building_tests' from command line to 'False'
[0.268s] DEBUG:colcon.colcon_core.verb:Building package 'bme_gazebo_basics' with the following arguments: {'ament_cmake_args': None, 'build_base': '/home/neha/gitjazzy/src/build/bme_gazebo_basics', 'catkin_cmake_args': None, 'catkin_skip_building_tests': False, 'cmake_args': None, 'cmake_clean_cache': False, 'cmake_clean_first': False, 'cmake_force_configure': False, 'cmake_target': None, 'cmake_target_skip_unavailable': False, 'install_base': '/home/neha/gitjazzy/src/install/bme_gazebo_basics', 'merge_install': False, 'path': '/home/neha/gitjazzy/src/Week-3-4-Gazebo-basics/bme_gazebo_basics', 'symlink_install': False, 'test_result_base': None}
[0.268s] Level 5:colcon.colcon_core.verb:set package 'bme_gazebo_sensors' build argument 'cmake_args' from command line to 'None'
[0.268s] Level 5:colcon.colcon_core.verb:set package 'bme_gazebo_sensors' build argument 'cmake_target' from command line to 'None'
[0.268s] Level 5:colcon.colcon_core.verb:set package 'bme_gazebo_sensors' build argument 'cmake_target_skip_unavailable' from command line to 'False'
[0.268s] Level 5:colcon.colcon_core.verb:set package 'bme_gazebo_sensors' build argument 'cmake_clean_cache' from command line to 'False'
[0.268s] Level 5:colcon.colcon_core.verb:set package 'bme_gazebo_sensors' build argument 'cmake_clean_first' from command line to 'False'
[0.268s] Level 5:colcon.colcon_core.verb:set package 'bme_gazebo_sensors' build argument 'cmake_force_configure' from command line to 'False'
[0.268s] Level 5:colcon.colcon_core.verb:set package 'bme_gazebo_sensors' build argument 'ament_cmake_args' from command line to 'None'
[0.268s] Level 5:colcon.colcon_core.verb:set package 'bme_gazebo_sensors' build argument 'catkin_cmake_args' from command line to 'None'
[0.268s] Level 5:colcon.colcon_core.verb:set package 'bme_gazebo_sensors' build argument 'catkin_skip_building_tests' from command line to 'False'
[0.268s] DEBUG:colcon.colcon_core.verb:Building package 'bme_gazebo_sensors' with the following arguments: {'ament_cmake_args': None, 'build_base': '/home/neha/gitjazzy/src/build/bme_gazebo_sensors', 'catkin_cmake_args': None, 'catkin_skip_building_tests': False, 'cmake_args': None, 'cmake_clean_cache': False, 'cmake_clean_first': False, 'cmake_force_configure': False, 'cmake_target': None, 'cmake_target_skip_unavailable': False, 'install_base': '/home/neha/gitjazzy/src/install/bme_gazebo_sensors', 'merge_install': False, 'path': '/home/neha/gitjazzy/src/Week-5-6-Gazebo-sensors/bme_gazebo_sensors', 'symlink_install': False, 'test_result_base': None}
[0.269s] Level 5:colcon.colcon_core.verb:set package 'bme_gazebo_sensors_py' build argument 'cmake_args' from command line to 'None'
[0.269s] Level 5:colcon.colcon_core.verb:set package 'bme_gazebo_sensors_py' build argument 'cmake_target' from command line to 'None'
[0.269s] Level 5:colcon.colcon_core.verb:set package 'bme_gazebo_sensors_py' build argument 'cmake_target_skip_unavailable' from command line to 'False'
[0.269s] Level 5:colcon.colcon_core.verb:set package 'bme_gazebo_sensors_py' build argument 'cmake_clean_cache' from command line to 'False'
[0.269s] Level 5:colcon.colcon_core.verb:set package 'bme_gazebo_sensors_py' build argument 'cmake_clean_first' from command line to 'False'
[0.269s] Level 5:colcon.colcon_core.verb:set package 'bme_gazebo_sensors_py' build argument 'cmake_force_configure' from command line to 'False'
[0.269s] Level 5:colcon.colcon_core.verb:set package 'bme_gazebo_sensors_py' build argument 'ament_cmake_args' from command line to 'None'
[0.269s] Level 5:colcon.colcon_core.verb:set package 'bme_gazebo_sensors_py' build argument 'catkin_cmake_args' from command line to 'None'
[0.269s] Level 5:colcon.colcon_core.verb:set package 'bme_gazebo_sensors_py' build argument 'catkin_skip_building_tests' from command line to 'False'
[0.269s] DEBUG:colcon.colcon_core.verb:Building package 'bme_gazebo_sensors_py' with the following arguments: {'ament_cmake_args': None, 'build_base': '/home/neha/gitjazzy/src/build/bme_gazebo_sensors_py', 'catkin_cmake_args': None, 'catkin_skip_building_tests': False, 'cmake_args': None, 'cmake_clean_cache': False, 'cmake_clean_first': False, 'cmake_force_configure': False, 'cmake_target': None, 'cmake_target_skip_unavailable': False, 'install_base': '/home/neha/gitjazzy/src/install/bme_gazebo_sensors_py', 'merge_install': False, 'path': '/home/neha/gitjazzy/src/Week-5-6-Gazebo-sensors/bme_gazebo_sensors_py', 'symlink_install': False, 'test_result_base': None}
[0.269s] Level 5:colcon.colcon_core.verb:set package 'bme_ros2_navigation' build argument 'cmake_args' from command line to 'None'
[0.269s] Level 5:colcon.colcon_core.verb:set package 'bme_ros2_navigation' build argument 'cmake_target' from command line to 'None'
[0.269s] Level 5:colcon.colcon_core.verb:set package 'bme_ros2_navigation' build argument 'cmake_target_skip_unavailable' from command line to 'False'
[0.269s] Level 5:colcon.colcon_core.verb:set package 'bme_ros2_navigation' build argument 'cmake_clean_cache' from command line to 'False'
[0.269s] Level 5:colcon.colcon_core.verb:set package 'bme_ros2_navigation' build argument 'cmake_clean_first' from command line to 'False'
[0.269s] Level 5:colcon.colcon_core.verb:set package 'bme_ros2_navigation' build argument 'cmake_force_configure' from command line to 'False'
[0.269s] Level 5:colcon.colcon_core.verb:set package 'bme_ros2_navigation' build argument 'ament_cmake_args' from command line to 'None'
[0.269s] Level 5:colcon.colcon_core.verb:set package 'bme_ros2_navigation' build argument 'catkin_cmake_args' from command line to 'None'
[0.269s] Level 5:colcon.colcon_core.verb:set package 'bme_ros2_navigation' build argument 'catkin_skip_building_tests' from command line to 'False'
[0.269s] DEBUG:colcon.colcon_core.verb:Building package 'bme_ros2_navigation' with the following arguments: {'ament_cmake_args': None, 'build_base': '/home/neha/gitjazzy/src/build/bme_ros2_navigation', 'catkin_cmake_args': None, 'catkin_skip_building_tests': False, 'cmake_args': None, 'cmake_clean_cache': False, 'cmake_clean_first': False, 'cmake_force_configure': False, 'cmake_target': None, 'cmake_target_skip_unavailable': False, 'install_base': '/home/neha/gitjazzy/src/install/bme_ros2_navigation', 'merge_install': False, 'path': '/home/neha/gitjazzy/src/Week-7-8-ROS2-Navigation/bme_ros2_navigation', 'symlink_install': False, 'test_result_base': None}
[0.270s] Level 5:colcon.colcon_core.verb:set package 'bme_ros2_navigation_py' build argument 'cmake_args' from command line to 'None'
[0.270s] Level 5:colcon.colcon_core.verb:set package 'bme_ros2_navigation_py' build argument 'cmake_target' from command line to 'None'
[0.270s] Level 5:colcon.colcon_core.verb:set package 'bme_ros2_navigation_py' build argument 'cmake_target_skip_unavailable' from command line to 'False'
[0.270s] Level 5:colcon.colcon_core.verb:set package 'bme_ros2_navigation_py' build argument 'cmake_clean_cache' from command line to 'False'
[0.270s] Level 5:colcon.colcon_core.verb:set package 'bme_ros2_navigation_py' build argument 'cmake_clean_first' from command line to 'False'
[0.270s] Level 5:colcon.colcon_core.verb:set package 'bme_ros2_navigation_py' build argument 'cmake_force_configure' from command line to 'False'
[0.270s] Level 5:colcon.colcon_core.verb:set package 'bme_ros2_navigation_py' build argument 'ament_cmake_args' from command line to 'None'
[0.270s] Level 5:colcon.colcon_core.verb:set package 'bme_ros2_navigation_py' build argument 'catkin_cmake_args' from command line to 'None'
[0.270s] Level 5:colcon.colcon_core.verb:set package 'bme_ros2_navigation_py' build argument 'catkin_skip_building_tests' from command line to 'False'
[0.270s] DEBUG:colcon.colcon_core.verb:Building package 'bme_ros2_navigation_py' with the following arguments: {'ament_cmake_args': None, 'build_base': '/home/neha/gitjazzy/src/build/bme_ros2_navigation_py', 'catkin_cmake_args': None, 'catkin_skip_building_tests': False, 'cmake_args': None, 'cmake_clean_cache': False, 'cmake_clean_first': False, 'cmake_force_configure': False, 'cmake_target': None, 'cmake_target_skip_unavailable': False, 'install_base': '/home/neha/gitjazzy/src/install/bme_ros2_navigation_py', 'merge_install': False, 'path': '/home/neha/gitjazzy/src/Week-7-8-ROS2-Navigation/bme_ros2_navigation_py', 'symlink_install': False, 'test_result_base': None}
[0.270s] INFO:colcon.colcon_core.executor:Executing jobs using 'parallel' executor
[0.271s] DEBUG:colcon.colcon_parallel_executor.executor.parallel:run_until_complete
[0.271s] INFO:colcon.colcon_ros.task.ament_cmake.build:Building ROS package in '/home/neha/gitjazzy/src/Week-3-4-Gazebo-basics/bme_gazebo_basics' with build type 'ament_cmake'
[0.272s] INFO:colcon.colcon_cmake.task.cmake.build:Building CMake package in '/home/neha/gitjazzy/src/Week-3-4-Gazebo-basics/bme_gazebo_basics'
[0.274s] INFO:colcon.colcon_core.plugin_system:Skipping extension 'colcon_core.shell.bat': Not used on non-Windows systems
[0.274s] DEBUG:colcon.colcon_core.shell:Skip shell extension 'dsv' for command environment
[0.279s] INFO:colcon.colcon_ros.task.ament_cmake.build:Building ROS package in '/home/neha/gitjazzy/src/Week-5-6-Gazebo-sensors/bme_gazebo_sensors' with build type 'ament_cmake'
[0.279s] INFO:colcon.colcon_cmake.task.cmake.build:Building CMake package in '/home/neha/gitjazzy/src/Week-5-6-Gazebo-sensors/bme_gazebo_sensors'
[0.279s] DEBUG:colcon.colcon_core.shell:Skip shell extension 'dsv' for command environment
[0.284s] INFO:colcon.colcon_ros.task.ament_python.build:Building ROS package in '/home/neha/gitjazzy/src/Week-5-6-Gazebo-sensors/bme_gazebo_sensors_py' with build type 'ament_python'
[0.284s] Level 1:colcon.colcon_core.shell:create_environment_hook('bme_gazebo_sensors_py', 'ament_prefix_path')
[0.284s] INFO:colcon.colcon_core.shell:Creating environment descriptor '/home/neha/gitjazzy/src/install/bme_gazebo_sensors_py/share/bme_gazebo_sensors_py/hook/ament_prefix_path.dsv'
[0.286s] INFO:colcon.colcon_core.shell:Creating environment hook '/home/neha/gitjazzy/src/install/bme_gazebo_sensors_py/share/bme_gazebo_sensors_py/hook/ament_prefix_path.sh'
[0.288s] DEBUG:colcon.colcon_core.shell:Skip shell extension 'dsv' for command environment
[0.295s] INFO:colcon.colcon_ros.task.ament_cmake.build:Building ROS package in '/home/neha/gitjazzy/src/Week-7-8-ROS2-Navigation/bme_ros2_navigation' with build type 'ament_cmake'
[0.295s] INFO:colcon.colcon_cmake.task.cmake.build:Building CMake package in '/home/neha/gitjazzy/src/Week-7-8-ROS2-Navigation/bme_ros2_navigation'
[0.296s] DEBUG:colcon.colcon_core.shell:Skip shell extension 'dsv' for command environment
[0.302s] INFO:colcon.colcon_ros.task.ament_python.build:Building ROS package in '/home/neha/gitjazzy/src/Week-7-8-ROS2-Navigation/bme_ros2_navigation_py' with build type 'ament_python'
[0.303s] Level 1:colcon.colcon_core.shell:create_environment_hook('bme_ros2_navigation_py', 'ament_prefix_path')
[0.304s] INFO:colcon.colcon_core.shell:Creating environment descriptor '/home/neha/gitjazzy/src/install/bme_ros2_navigation_py/share/bme_ros2_navigation_py/hook/ament_prefix_path.dsv'
[0.306s] INFO:colcon.colcon_core.shell:Creating environment hook '/home/neha/gitjazzy/src/install/bme_ros2_navigation_py/share/bme_ros2_navigation_py/hook/ament_prefix_path.sh'
[0.307s] DEBUG:colcon.colcon_core.shell:Skip shell extension 'dsv' for command environment
[0.323s] DEBUG:colcon.colcon_core.event_handler.log_command:Invoking command in '/home/neha/gitjazzy/src/build/bme_gazebo_basics': CMAKE_PREFIX_PATH=${CMAKE_PREFIX_PATH}:/home/neha/gitjazzy/install/mogi_trajectory_server:/home/neha/gitjazzy/install/bme_gazebo_sensors_py:/opt/ros/jazzy /usr/bin/cmake --build /home/neha/gitjazzy/src/build/bme_gazebo_basics -- -j8 -l8
[0.330s] DEBUG:colcon.colcon_core.event_handler.log_command:Invoking command in '/home/neha/gitjazzy/src/build/bme_gazebo_sensors': CMAKE_PREFIX_PATH=${CMAKE_PREFIX_PATH}:/home/neha/gitjazzy/install/mogi_trajectory_server:/home/neha/gitjazzy/install/bme_gazebo_sensors_py:/opt/ros/jazzy /usr/bin/cmake --build /home/neha/gitjazzy/src/build/bme_gazebo_sensors -- -j8 -l8
[0.590s] INFO:colcon.colcon_core.task.python.build:Building Python package in '/home/neha/gitjazzy/src/Week-5-6-Gazebo-sensors/bme_gazebo_sensors_py'
[0.590s] DEBUG:colcon.colcon_core.shell:Skip shell extension 'dsv' for command environment
[0.607s] DEBUG:colcon.colcon_core.event_handler.log_command:Invoking command in '/home/neha/gitjazzy/src/build/bme_ros2_navigation': CMAKE_PREFIX_PATH=${CMAKE_PREFIX_PATH}:/home/neha/gitjazzy/install/mogi_trajectory_server:/home/neha/gitjazzy/install/bme_gazebo_sensors_py:/opt/ros/jazzy /usr/bin/cmake /home/neha/gitjazzy/src/Week-7-8-ROS2-Navigation/bme_ros2_navigation -DCMAKE_INSTALL_PREFIX=/home/neha/gitjazzy/src/install/bme_ros2_navigation
[0.609s] DEBUG:colcon.colcon_core.event_handler.log_command:Invoked command in '/home/neha/gitjazzy/src/build/bme_gazebo_basics' returned '0': CMAKE_PREFIX_PATH=${CMAKE_PREFIX_PATH}:/home/neha/gitjazzy/install/mogi_trajectory_server:/home/neha/gitjazzy/install/bme_gazebo_sensors_py:/opt/ros/jazzy /usr/bin/cmake --build /home/neha/gitjazzy/src/build/bme_gazebo_basics -- -j8 -l8
[0.623s] DEBUG:colcon.colcon_core.event_handler.log_command:Invoking command in '/home/neha/gitjazzy/src/build/bme_gazebo_basics': CMAKE_PREFIX_PATH=${CMAKE_PREFIX_PATH}:/home/neha/gitjazzy/install/mogi_trajectory_server:/home/neha/gitjazzy/install/bme_gazebo_sensors_py:/opt/ros/jazzy /usr/bin/cmake --install /home/neha/gitjazzy/src/build/bme_gazebo_basics
[0.968s] INFO:colcon.colcon_core.task.python.build:Building Python package in '/home/neha/gitjazzy/src/Week-7-8-ROS2-Navigation/bme_ros2_navigation_py'
[0.968s] DEBUG:colcon.colcon_core.shell:Skip shell extension 'dsv' for command environment
[0.973s] DEBUG:colcon.colcon_core.event_handler.log_command:Invoked command in '/home/neha/gitjazzy/src/build/bme_gazebo_sensors' returned '0': CMAKE_PREFIX_PATH=${CMAKE_PREFIX_PATH}:/home/neha/gitjazzy/install/mogi_trajectory_server:/home/neha/gitjazzy/install/bme_gazebo_sensors_py:/opt/ros/jazzy /usr/bin/cmake --build /home/neha/gitjazzy/src/build/bme_gazebo_sensors -- -j8 -l8
[0.976s] DEBUG:colcon.colcon_core.event_handler.log_command:Invoking command in '/home/neha/gitjazzy/src/build/bme_gazebo_sensors': CMAKE_PREFIX_PATH=${CMAKE_PREFIX_PATH}:/home/neha/gitjazzy/install/mogi_trajectory_server:/home/neha/gitjazzy/install/bme_gazebo_sensors_py:/opt/ros/jazzy /usr/bin/cmake --install /home/neha/gitjazzy/src/build/bme_gazebo_sensors
[1.001s] Level 1:colcon.colcon_core.environment:create_environment_scripts_only(bme_gazebo_basics)
[1.021s] Level 1:colcon.colcon_core.environment:checking '/home/neha/gitjazzy/src/install/bme_gazebo_basics' for CMake module files
[1.027s] DEBUG:colcon.colcon_core.event_handler.log_command:Invoked command in '/home/neha/gitjazzy/src/build/bme_gazebo_basics' returned '0': CMAKE_PREFIX_PATH=${CMAKE_PREFIX_PATH}:/home/neha/gitjazzy/install/mogi_trajectory_server:/home/neha/gitjazzy/install/bme_gazebo_sensors_py:/opt/ros/jazzy /usr/bin/cmake --install /home/neha/gitjazzy/src/build/bme_gazebo_basics
[1.027s] Level 1:colcon.colcon_core.environment:checking '/home/neha/gitjazzy/src/install/bme_gazebo_basics' for CMake config files
[1.028s] Level 1:colcon.colcon_core.shell:create_environment_hook('bme_gazebo_basics', 'cmake_prefix_path')
[1.028s] INFO:colcon.colcon_core.shell:Creating environment descriptor '/home/neha/gitjazzy/src/install/bme_gazebo_basics/share/bme_gazebo_basics/hook/cmake_prefix_path.dsv'
[1.029s] INFO:colcon.colcon_core.shell:Creating environment hook '/home/neha/gitjazzy/src/install/bme_gazebo_basics/share/bme_gazebo_basics/hook/cmake_prefix_path.sh'
[1.029s] Level 1:colcon.colcon_core.environment:checking '/home/neha/gitjazzy/src/install/bme_gazebo_basics/bin'
[1.029s] Level 1:colcon.colcon_core.environment:checking '/home/neha/gitjazzy/src/install/bme_gazebo_basics/lib/pkgconfig/bme_gazebo_basics.pc'
[1.030s] Level 1:colcon.colcon_core.environment:checking '/home/neha/gitjazzy/src/install/bme_gazebo_basics/lib/python3.12/site-packages'
[1.030s] Level 1:colcon.colcon_core.environment:checking '/home/neha/gitjazzy/src/install/bme_gazebo_basics/bin'
[1.030s] INFO:colcon.colcon_core.shell:Creating package descriptor '/home/neha/gitjazzy/src/install/bme_gazebo_basics/share/bme_gazebo_basics/package.dsv'
[1.031s] INFO:colcon.colcon_core.shell:Creating package script '/home/neha/gitjazzy/src/install/bme_gazebo_basics/share/bme_gazebo_basics/package.sh'
[1.032s] INFO:colcon.colcon_core.shell:Creating package script '/home/neha/gitjazzy/src/install/bme_gazebo_basics/share/bme_gazebo_basics/package.bash'
[1.033s] INFO:colcon.colcon_core.shell:Creating package script '/home/neha/gitjazzy/src/install/bme_gazebo_basics/share/bme_gazebo_basics/package.zsh'
[1.033s] Level 1:colcon.colcon_core.environment:create_file_with_runtime_dependencies(/home/neha/gitjazzy/src/install/bme_gazebo_basics/share/colcon-core/packages/bme_gazebo_basics)
[1.034s] Level 1:colcon.colcon_core.environment:create_environment_scripts_only(bme_gazebo_basics)
[1.034s] Level 1:colcon.colcon_core.environment:checking '/home/neha/gitjazzy/src/install/bme_gazebo_basics' for CMake module files
[1.035s] Level 1:colcon.colcon_core.environment:checking '/home/neha/gitjazzy/src/install/bme_gazebo_basics' for CMake config files
[1.035s] Level 1:colcon.colcon_core.shell:create_environment_hook('bme_gazebo_basics', 'cmake_prefix_path')
[1.036s] INFO:colcon.colcon_core.shell:Creating environment descriptor '/home/neha/gitjazzy/src/install/bme_gazebo_basics/share/bme_gazebo_basics/hook/cmake_prefix_path.dsv'
[1.036s] INFO:colcon.colcon_core.shell:Creating environment hook '/home/neha/gitjazzy/src/install/bme_gazebo_basics/share/bme_gazebo_basics/hook/cmake_prefix_path.sh'
[1.037s] Level 1:colcon.colcon_core.environment:checking '/home/neha/gitjazzy/src/install/bme_gazebo_basics/bin'
[1.037s] Level 1:colcon.colcon_core.environment:checking '/home/neha/gitjazzy/src/install/bme_gazebo_basics/lib/pkgconfig/bme_gazebo_basics.pc'
[1.037s] Level 1:colcon.colcon_core.environment:checking '/home/neha/gitjazzy/src/install/bme_gazebo_basics/lib/python3.12/site-packages'
[1.038s] Level 1:colcon.colcon_core.environment:checking '/home/neha/gitjazzy/src/install/bme_gazebo_basics/bin'
[1.038s] INFO:colcon.colcon_core.shell:Creating package descriptor '/home/neha/gitjazzy/src/install/bme_gazebo_basics/share/bme_gazebo_basics/package.dsv'
[1.038s] INFO:colcon.colcon_core.shell:Creating package script '/home/neha/gitjazzy/src/install/bme_gazebo_basics/share/bme_gazebo_basics/package.sh'
[1.039s] INFO:colcon.colcon_core.shell:Creating package script '/home/neha/gitjazzy/src/install/bme_gazebo_basics/share/bme_gazebo_basics/package.bash'
[1.039s] INFO:colcon.colcon_core.shell:Creating package script '/home/neha/gitjazzy/src/install/bme_gazebo_basics/share/bme_gazebo_basics/package.zsh'
[1.040s] Level 1:colcon.colcon_core.environment:create_file_with_runtime_dependencies(/home/neha/gitjazzy/src/install/bme_gazebo_basics/share/colcon-core/packages/bme_gazebo_basics)
[1.046s] Level 1:colcon.colcon_core.environment:create_environment_scripts_only(bme_gazebo_sensors)
[1.046s] Level 1:colcon.colcon_core.environment:checking '/home/neha/gitjazzy/src/install/bme_gazebo_sensors' for CMake module files
[1.047s] DEBUG:colcon.colcon_core.event_handler.log_command:Invoked command in '/home/neha/gitjazzy/src/build/bme_gazebo_sensors' returned '0': CMAKE_PREFIX_PATH=${CMAKE_PREFIX_PATH}:/home/neha/gitjazzy/install/mogi_trajectory_server:/home/neha/gitjazzy/install/bme_gazebo_sensors_py:/opt/ros/jazzy /usr/bin/cmake --install /home/neha/gitjazzy/src/build/bme_gazebo_sensors
[1.048s] Level 1:colcon.colcon_core.environment:checking '/home/neha/gitjazzy/src/install/bme_gazebo_sensors' for CMake config files
[1.049s] Level 1:colcon.colcon_core.shell:create_environment_hook('bme_gazebo_sensors', 'cmake_prefix_path')
[1.049s] INFO:colcon.colcon_core.shell:Creating environment descriptor '/home/neha/gitjazzy/src/install/bme_gazebo_sensors/share/bme_gazebo_sensors/hook/cmake_prefix_path.dsv'
[1.050s] INFO:colcon.colcon_core.shell:Creating environment hook '/home/neha/gitjazzy/src/install/bme_gazebo_sensors/share/bme_gazebo_sensors/hook/cmake_prefix_path.sh'
[1.051s] Level 1:colcon.colcon_core.environment:checking '/home/neha/gitjazzy/src/install/bme_gazebo_sensors/bin'
[1.051s] Level 1:colcon.colcon_core.environment:checking '/home/neha/gitjazzy/src/install/bme_gazebo_sensors/lib/pkgconfig/bme_gazebo_sensors.pc'
[1.052s] Level 1:colcon.colcon_core.environment:checking '/home/neha/gitjazzy/src/install/bme_gazebo_sensors/lib/python3.12/site-packages'
[1.052s] Level 1:colcon.colcon_core.environment:checking '/home/neha/gitjazzy/src/install/bme_gazebo_sensors/bin'
[1.053s] INFO:colcon.colcon_core.shell:Creating package descriptor '/home/neha/gitjazzy/src/install/bme_gazebo_sensors/share/bme_gazebo_sensors/package.dsv'
[1.053s] INFO:colcon.colcon_core.shell:Creating package script '/home/neha/gitjazzy/src/install/bme_gazebo_sensors/share/bme_gazebo_sensors/package.sh'
[1.054s] INFO:colcon.colcon_core.shell:Creating package script '/home/neha/gitjazzy/src/install/bme_gazebo_sensors/share/bme_gazebo_sensors/package.bash'
[1.055s] INFO:colcon.colcon_core.shell:Creating package script '/home/neha/gitjazzy/src/install/bme_gazebo_sensors/share/bme_gazebo_sensors/package.zsh'
[1.055s] Level 1:colcon.colcon_core.environment:create_file_with_runtime_dependencies(/home/neha/gitjazzy/src/install/bme_gazebo_sensors/share/colcon-core/packages/bme_gazebo_sensors)
[1.056s] Level 1:colcon.colcon_core.environment:create_environment_scripts_only(bme_gazebo_sensors)
[1.056s] Level 1:colcon.colcon_core.environment:checking '/home/neha/gitjazzy/src/install/bme_gazebo_sensors' for CMake module files
[1.057s] Level 1:colcon.colcon_core.environment:checking '/home/neha/gitjazzy/src/install/bme_gazebo_sensors' for CMake config files
[1.058s] Level 1:colcon.colcon_core.shell:create_environment_hook('bme_gazebo_sensors', 'cmake_prefix_path')
[1.058s] INFO:colcon.colcon_core.shell:Creating environment descriptor '/home/neha/gitjazzy/src/install/bme_gazebo_sensors/share/bme_gazebo_sensors/hook/cmake_prefix_path.dsv'
[1.059s] INFO:colcon.colcon_core.shell:Creating environment hook '/home/neha/gitjazzy/src/install/bme_gazebo_sensors/share/bme_gazebo_sensors/hook/cmake_prefix_path.sh'
[1.060s] Level 1:colcon.colcon_core.environment:checking '/home/neha/gitjazzy/src/install/bme_gazebo_sensors/bin'
[1.060s] Level 1:colcon.colcon_core.environment:checking '/home/neha/gitjazzy/src/install/bme_gazebo_sensors/lib/pkgconfig/bme_gazebo_sensors.pc'
[1.061s] Level 1:colcon.colcon_core.environment:checking '/home/neha/gitjazzy/src/install/bme_gazebo_sensors/lib/python3.12/site-packages'
[1.061s] Level 1:colcon.colcon_core.environment:checking '/home/neha/gitjazzy/src/install/bme_gazebo_sensors/bin'
[1.062s] INFO:colcon.colcon_core.shell:Creating package descriptor '/home/neha/gitjazzy/src/install/bme_gazebo_sensors/share/bme_gazebo_sensors/package.dsv'
[1.063s] INFO:colcon.colcon_core.shell:Creating package script '/home/neha/gitjazzy/src/install/bme_gazebo_sensors/share/bme_gazebo_sensors/package.sh'
[1.064s] INFO:colcon.colcon_core.shell:Creating package script '/home/neha/gitjazzy/src/install/bme_gazebo_sensors/share/bme_gazebo_sensors/package.bash'
[1.065s] INFO:colcon.colcon_core.shell:Creating package script '/home/neha/gitjazzy/src/install/bme_gazebo_sensors/share/bme_gazebo_sensors/package.zsh'
[1.066s] Level 1:colcon.colcon_core.environment:create_file_with_runtime_dependencies(/home/neha/gitjazzy/src/install/bme_gazebo_sensors/share/colcon-core/packages/bme_gazebo_sensors)
[1.874s] DEBUG:colcon.colcon_core.event_handler.log_command:Invoking command in '/home/neha/gitjazzy/src/Week-5-6-Gazebo-sensors/bme_gazebo_sensors_py': PYTHONPATH=/home/neha/gitjazzy/src/build/bme_gazebo_sensors_py/prefix_override:/usr/lib/python3/dist-packages/colcon_core/task/python/colcon_distutils_commands:/home/neha/gitjazzy/src/install/bme_gazebo_sensors_py/lib/python3.12/site-packages:${PYTHONPATH} /usr/bin/python3 -W ignore:setup.py install is deprecated -W ignore:easy_install command is deprecated setup.py egg_info --egg-base ../../build/bme_gazebo_sensors_py build --build-base /home/neha/gitjazzy/src/build/bme_gazebo_sensors_py/build install --record /home/neha/gitjazzy/src/build/bme_gazebo_sensors_py/install.log --single-version-externally-managed install_data
[1.952s] DEBUG:colcon.colcon_core.event_handler.log_command:Invoking command in '/home/neha/gitjazzy/src/Week-7-8-ROS2-Navigation/bme_ros2_navigation_py': PYTHONPATH=/home/neha/gitjazzy/src/build/bme_ros2_navigation_py/prefix_override:/usr/lib/python3/dist-packages/colcon_core/task/python/colcon_distutils_commands:/home/neha/gitjazzy/src/install/bme_ros2_navigation_py/lib/python3.12/site-packages:${PYTHONPATH} /usr/bin/python3 -W ignore:setup.py install is deprecated -W ignore:easy_install command is deprecated setup.py egg_info --egg-base ../../build/bme_ros2_navigation_py build --build-base /home/neha/gitjazzy/src/build/bme_ros2_navigation_py/build install --record /home/neha/gitjazzy/src/build/bme_ros2_navigation_py/install.log --single-version-externally-managed install_data
[2.758s] Level 1:colcon.colcon_core.environment:checking '/home/neha/gitjazzy/src/install/bme_gazebo_sensors_py' for CMake module files
[2.759s] Level 1:colcon.colcon_core.environment:checking '/home/neha/gitjazzy/src/install/bme_gazebo_sensors_py' for CMake config files
[2.760s] Level 1:colcon.colcon_core.environment:checking '/home/neha/gitjazzy/src/install/bme_gazebo_sensors_py/lib'
[2.761s] Level 1:colcon.colcon_core.environment:checking '/home/neha/gitjazzy/src/install/bme_gazebo_sensors_py/bin'
[2.761s] Level 1:colcon.colcon_core.environment:checking '/home/neha/gitjazzy/src/install/bme_gazebo_sensors_py/lib/pkgconfig/bme_gazebo_sensors_py.pc'
[2.761s] Level 1:colcon.colcon_core.environment:checking '/home/neha/gitjazzy/src/install/bme_gazebo_sensors_py/lib/python3.12/site-packages'
[2.762s] Level 1:colcon.colcon_core.shell:create_environment_hook('bme_gazebo_sensors_py', 'pythonpath')
[2.762s] INFO:colcon.colcon_core.shell:Creating environment descriptor '/home/neha/gitjazzy/src/install/bme_gazebo_sensors_py/share/bme_gazebo_sensors_py/hook/pythonpath.dsv'
[2.763s] INFO:colcon.colcon_core.shell:Creating environment hook '/home/neha/gitjazzy/src/install/bme_gazebo_sensors_py/share/bme_gazebo_sensors_py/hook/pythonpath.sh'
[2.764s] Level 1:colcon.colcon_core.environment:checking '/home/neha/gitjazzy/src/install/bme_gazebo_sensors_py/bin'
[2.764s] Level 1:colcon.colcon_core.environment:create_environment_scripts_only(bme_gazebo_sensors_py)
[2.764s] INFO:colcon.colcon_core.shell:Creating package descriptor '/home/neha/gitjazzy/src/install/bme_gazebo_sensors_py/share/bme_gazebo_sensors_py/package.dsv'
[2.765s] DEBUG:colcon.colcon_core.event_handler.log_command:Invoked command in '/home/neha/gitjazzy/src/Week-5-6-Gazebo-sensors/bme_gazebo_sensors_py' returned '0': PYTHONPATH=/home/neha/gitjazzy/src/build/bme_gazebo_sensors_py/prefix_override:/usr/lib/python3/dist-packages/colcon_core/task/python/colcon_distutils_commands:/home/neha/gitjazzy/src/install/bme_gazebo_sensors_py/lib/python3.12/site-packages:${PYTHONPATH} /usr/bin/python3 -W ignore:setup.py install is deprecated -W ignore:easy_install command is deprecated setup.py egg_info --egg-base ../../build/bme_gazebo_sensors_py build --build-base /home/neha/gitjazzy/src/build/bme_gazebo_sensors_py/build install --record /home/neha/gitjazzy/src/build/bme_gazebo_sensors_py/install.log --single-version-externally-managed install_data
[2.766s] INFO:colcon.colcon_core.shell:Creating package script '/home/neha/gitjazzy/src/install/bme_gazebo_sensors_py/share/bme_gazebo_sensors_py/package.sh'
[2.768s] INFO:colcon.colcon_core.shell:Creating package script '/home/neha/gitjazzy/src/install/bme_gazebo_sensors_py/share/bme_gazebo_sensors_py/package.bash'
[2.768s] INFO:colcon.colcon_core.shell:Creating package script '/home/neha/gitjazzy/src/install/bme_gazebo_sensors_py/share/bme_gazebo_sensors_py/package.zsh'
[2.769s] Level 1:colcon.colcon_core.environment:create_file_with_runtime_dependencies(/home/neha/gitjazzy/src/install/bme_gazebo_sensors_py/share/colcon-core/packages/bme_gazebo_sensors_py)
[2.862s] Level 1:colcon.colcon_core.environment:checking '/home/neha/gitjazzy/src/install/bme_ros2_navigation_py' for CMake module files
[2.864s] DEBUG:colcon.colcon_core.event_handler.log_command:Invoked command in '/home/neha/gitjazzy/src/Week-7-8-ROS2-Navigation/bme_ros2_navigation_py' returned '0': PYTHONPATH=/home/neha/gitjazzy/src/build/bme_ros2_navigation_py/prefix_override:/usr/lib/python3/dist-packages/colcon_core/task/python/colcon_distutils_commands:/home/neha/gitjazzy/src/install/bme_ros2_navigation_py/lib/python3.12/site-packages:${PYTHONPATH} /usr/bin/python3 -W ignore:setup.py install is deprecated -W ignore:easy_install command is deprecated setup.py egg_info --egg-base ../../build/bme_ros2_navigation_py build --build-base /home/neha/gitjazzy/src/build/bme_ros2_navigation_py/build install --record /home/neha/gitjazzy/src/build/bme_ros2_navigation_py/install.log --single-version-externally-managed install_data
[2.865s] Level 1:colcon.colcon_core.environment:checking '/home/neha/gitjazzy/src/install/bme_ros2_navigation_py' for CMake config files
[2.866s] Level 1:colcon.colcon_core.environment:checking '/home/neha/gitjazzy/src/install/bme_ros2_navigation_py/lib'
[2.866s] Level 1:colcon.colcon_core.environment:checking '/home/neha/gitjazzy/src/install/bme_ros2_navigation_py/bin'
[2.866s] Level 1:colcon.colcon_core.environment:checking '/home/neha/gitjazzy/src/install/bme_ros2_navigation_py/lib/pkgconfig/bme_ros2_navigation_py.pc'
[2.866s] Level 1:colcon.colcon_core.environment:checking '/home/neha/gitjazzy/src/install/bme_ros2_navigation_py/lib/python3.12/site-packages'
[2.866s] Level 1:colcon.colcon_core.shell:create_environment_hook('bme_ros2_navigation_py', 'pythonpath')
[2.867s] INFO:colcon.colcon_core.shell:Creating environment descriptor '/home/neha/gitjazzy/src/install/bme_ros2_navigation_py/share/bme_ros2_navigation_py/hook/pythonpath.dsv'
[2.867s] INFO:colcon.colcon_core.shell:Creating environment hook '/home/neha/gitjazzy/src/install/bme_ros2_navigation_py/share/bme_ros2_navigation_py/hook/pythonpath.sh'
[2.868s] Level 1:colcon.colcon_core.environment:checking '/home/neha/gitjazzy/src/install/bme_ros2_navigation_py/bin'
[2.868s] Level 1:colcon.colcon_core.environment:create_environment_scripts_only(bme_ros2_navigation_py)
[2.869s] INFO:colcon.colcon_core.shell:Creating package descriptor '/home/neha/gitjazzy/src/install/bme_ros2_navigation_py/share/bme_ros2_navigation_py/package.dsv'
[2.869s] INFO:colcon.colcon_core.shell:Creating package script '/home/neha/gitjazzy/src/install/bme_ros2_navigation_py/share/bme_ros2_navigation_py/package.sh'
[2.870s] INFO:colcon.colcon_core.shell:Creating package script '/home/neha/gitjazzy/src/install/bme_ros2_navigation_py/share/bme_ros2_navigation_py/package.bash'
[2.871s] INFO:colcon.colcon_core.shell:Creating package script '/home/neha/gitjazzy/src/install/bme_ros2_navigation_py/share/bme_ros2_navigation_py/package.zsh'
[2.871s] Level 1:colcon.colcon_core.environment:create_file_with_runtime_dependencies(/home/neha/gitjazzy/src/install/bme_ros2_navigation_py/share/colcon-core/packages/bme_ros2_navigation_py)
[3.694s] DEBUG:colcon.colcon_core.event_handler.log_command:Invoked command in '/home/neha/gitjazzy/src/build/bme_ros2_navigation' returned '0': CMAKE_PREFIX_PATH=${CMAKE_PREFIX_PATH}:/home/neha/gitjazzy/install/mogi_trajectory_server:/home/neha/gitjazzy/install/bme_gazebo_sensors_py:/opt/ros/jazzy /usr/bin/cmake /home/neha/gitjazzy/src/Week-7-8-ROS2-Navigation/bme_ros2_navigation -DCMAKE_INSTALL_PREFIX=/home/neha/gitjazzy/src/install/bme_ros2_navigation
[3.697s] DEBUG:colcon.colcon_core.event_handler.log_command:Invoking command in '/home/neha/gitjazzy/src/build/bme_ros2_navigation': CMAKE_PREFIX_PATH=${CMAKE_PREFIX_PATH}:/home/neha/gitjazzy/install/mogi_trajectory_server:/home/neha/gitjazzy/install/bme_gazebo_sensors_py:/opt/ros/jazzy /usr/bin/cmake --build /home/neha/gitjazzy/src/build/bme_ros2_navigation -- -j8 -l8
[3.762s] DEBUG:colcon.colcon_core.event_handler.log_command:Invoked command in '/home/neha/gitjazzy/src/build/bme_ros2_navigation' returned '0': CMAKE_PREFIX_PATH=${CMAKE_PREFIX_PATH}:/home/neha/gitjazzy/install/mogi_trajectory_server:/home/neha/gitjazzy/install/bme_gazebo_sensors_py:/opt/ros/jazzy /usr/bin/cmake --build /home/neha/gitjazzy/src/build/bme_ros2_navigation -- -j8 -l8
[3.764s] DEBUG:colcon.colcon_core.event_handler.log_command:Invoking command in '/home/neha/gitjazzy/src/build/bme_ros2_navigation': CMAKE_PREFIX_PATH=${CMAKE_PREFIX_PATH}:/home/neha/gitjazzy/install/mogi_trajectory_server:/home/neha/gitjazzy/install/bme_gazebo_sensors_py:/opt/ros/jazzy /usr/bin/cmake --install /home/neha/gitjazzy/src/build/bme_ros2_navigation
[3.819s] Level 1:colcon.colcon_core.environment:create_environment_scripts_only(bme_ros2_navigation)
[3.820s] Level 1:colcon.colcon_core.environment:checking '/home/neha/gitjazzy/src/install/bme_ros2_navigation' for CMake module files
[3.821s] DEBUG:colcon.colcon_core.event_handler.log_command:Invoked command in '/home/neha/gitjazzy/src/build/bme_ros2_navigation' returned '0': CMAKE_PREFIX_PATH=${CMAKE_PREFIX_PATH}:/home/neha/gitjazzy/install/mogi_trajectory_server:/home/neha/gitjazzy/install/bme_gazebo_sensors_py:/opt/ros/jazzy /usr/bin/cmake --install /home/neha/gitjazzy/src/build/bme_ros2_navigation
[3.822s] Level 1:colcon.colcon_core.environment:checking '/home/neha/gitjazzy/src/install/bme_ros2_navigation' for CMake config files
[3.822s] Level 1:colcon.colcon_core.shell:create_environment_hook('bme_ros2_navigation', 'cmake_prefix_path')
[3.823s] INFO:colcon.colcon_core.shell:Creating environment descriptor '/home/neha/gitjazzy/src/install/bme_ros2_navigation/share/bme_ros2_navigation/hook/cmake_prefix_path.dsv'
[3.824s] INFO:colcon.colcon_core.shell:Creating environment hook '/home/neha/gitjazzy/src/install/bme_ros2_navigation/share/bme_ros2_navigation/hook/cmake_prefix_path.sh'
[3.825s] Level 1:colcon.colcon_core.environment:checking '/home/neha/gitjazzy/src/install/bme_ros2_navigation/bin'
[3.825s] Level 1:colcon.colcon_core.environment:checking '/home/neha/gitjazzy/src/install/bme_ros2_navigation/lib/pkgconfig/bme_ros2_navigation.pc'
[3.825s] Level 1:colcon.colcon_core.environment:checking '/home/neha/gitjazzy/src/install/bme_ros2_navigation/lib/python3.12/site-packages'
[3.826s] Level 1:colcon.colcon_core.environment:checking '/home/neha/gitjazzy/src/install/bme_ros2_navigation/bin'
[3.826s] INFO:colcon.colcon_core.shell:Creating package descriptor '/home/neha/gitjazzy/src/install/bme_ros2_navigation/share/bme_ros2_navigation/package.dsv'
[3.827s] INFO:colcon.colcon_core.shell:Creating package script '/home/neha/gitjazzy/src/install/bme_ros2_navigation/share/bme_ros2_navigation/package.sh'
[3.829s] INFO:colcon.colcon_core.shell:Creating package script '/home/neha/gitjazzy/src/install/bme_ros2_navigation/share/bme_ros2_navigation/package.bash'
[3.830s] INFO:colcon.colcon_core.shell:Creating package script '/home/neha/gitjazzy/src/install/bme_ros2_navigation/share/bme_ros2_navigation/package.zsh'
[3.831s] Level 1:colcon.colcon_core.environment:create_file_with_runtime_dependencies(/home/neha/gitjazzy/src/install/bme_ros2_navigation/share/colcon-core/packages/bme_ros2_navigation)
[3.833s] Level 1:colcon.colcon_core.environment:create_environment_scripts_only(bme_ros2_navigation)
[3.833s] Level 1:colcon.colcon_core.environment:checking '/home/neha/gitjazzy/src/install/bme_ros2_navigation' for CMake module files
[3.836s] Level 1:colcon.colcon_core.environment:checking '/home/neha/gitjazzy/src/install/bme_ros2_navigation' for CMake config files
[3.837s] Level 1:colcon.colcon_core.shell:create_environment_hook('bme_ros2_navigation', 'cmake_prefix_path')
[3.837s] INFO:colcon.colcon_core.shell:Creating environment descriptor '/home/neha/gitjazzy/src/install/bme_ros2_navigation/share/bme_ros2_navigation/hook/cmake_prefix_path.dsv'
[3.838s] INFO:colcon.colcon_core.shell:Creating environment hook '/home/neha/gitjazzy/src/install/bme_ros2_navigation/share/bme_ros2_navigation/hook/cmake_prefix_path.sh'
[3.839s] Level 1:colcon.colcon_core.environment:checking '/home/neha/gitjazzy/src/install/bme_ros2_navigation/bin'
[3.840s] Level 1:colcon.colcon_core.environment:checking '/home/neha/gitjazzy/src/install/bme_ros2_navigation/lib/pkgconfig/bme_ros2_navigation.pc'
[3.840s] Level 1:colcon.colcon_core.environment:checking '/home/neha/gitjazzy/src/install/bme_ros2_navigation/lib/python3.12/site-packages'
[3.841s] Level 1:colcon.colcon_core.environment:checking '/home/neha/gitjazzy/src/install/bme_ros2_navigation/bin'
[3.841s] INFO:colcon.colcon_core.shell:Creating package descriptor '/home/neha/gitjazzy/src/install/bme_ros2_navigation/share/bme_ros2_navigation/package.dsv'
[3.842s] INFO:colcon.colcon_core.shell:Creating package script '/home/neha/gitjazzy/src/install/bme_ros2_navigation/share/bme_ros2_navigation/package.sh'
[3.843s] INFO:colcon.colcon_core.shell:Creating package script '/home/neha/gitjazzy/src/install/bme_ros2_navigation/share/bme_ros2_navigation/package.bash'
[3.844s] INFO:colcon.colcon_core.shell:Creating package script '/home/neha/gitjazzy/src/install/bme_ros2_navigation/share/bme_ros2_navigation/package.zsh'
[3.846s] Level 1:colcon.colcon_core.environment:create_file_with_runtime_dependencies(/home/neha/gitjazzy/src/install/bme_ros2_navigation/share/colcon-core/packages/bme_ros2_navigation)
[3.847s] DEBUG:colcon.colcon_parallel_executor.executor.parallel:closing loop
[3.848s] DEBUG:colcon.colcon_parallel_executor.executor.parallel:loop closed
[3.849s] DEBUG:colcon.colcon_parallel_executor.executor.parallel:run_until_complete finished with '0'
[3.849s] DEBUG:colcon.colcon_core.event_reactor:joining thread
[3.910s] INFO:colcon.colcon_core.plugin_system:Skipping extension 'colcon_notification.desktop_notification.notify_send': Could not find 'notify-send'
[3.911s] INFO:colcon.colcon_core.plugin_system:Skipping extension 'colcon_notification.desktop_notification.terminal_notifier': Not used on non-Darwin systems
[3.911s] INFO:colcon.colcon_core.plugin_system:Skipping extension 'colcon_notification.desktop_notification.win32': Not used on non-Windows systems
[3.911s] INFO:colcon.colcon_notification.desktop_notification:Sending desktop notification using 'notify2'
[3.914s] DEBUG:colcon.colcon_notification.desktop_notification.notify2:Failed to initialize notify2: org.freedesktop.DBus.Error.ServiceUnknown: The name org.freedesktop.Notifications was not provided by any .service files
[3.914s] DEBUG:colcon.colcon_core.event_reactor:joined thread
[3.914s] INFO:colcon.colcon_core.shell:Creating prefix script '/home/neha/gitjazzy/src/install/local_setup.sh'
[3.916s] INFO:colcon.colcon_core.shell:Creating prefix util module '/home/neha/gitjazzy/src/install/_local_setup_util_sh.py'
[3.918s] INFO:colcon.colcon_core.shell:Creating prefix chain script '/home/neha/gitjazzy/src/install/setup.sh'
[3.921s] INFO:colcon.colcon_core.shell:Creating prefix script '/home/neha/gitjazzy/src/install/local_setup.bash'
[3.922s] INFO:colcon.colcon_core.shell:Creating prefix chain script '/home/neha/gitjazzy/src/install/setup.bash'
[3.925s] INFO:colcon.colcon_core.shell:Creating prefix script '/home/neha/gitjazzy/src/install/local_setup.zsh'
[3.927s] INFO:colcon.colcon_core.shell:Creating prefix chain script '/home/neha/gitjazzy/src/install/setup.zsh'
