[3.593s] Invoking command in '/home/neha/gitjazzy/src/Week-7-8-ROS2-Navigation/bme_ros2_navigation_py': PYTHONPATH=/home/neha/gitjazzy/build/bme_ros2_navigation_py/prefix_override:/usr/lib/python3/dist-packages/colcon_core/task/python/colcon_distutils_commands:/home/neha/gitjazzy/install/bme_ros2_navigation_py/lib/python3.12/site-packages:${PYTHONPATH} /usr/bin/python3 -W ignore:setup.py install is deprecated -W ignore:easy_install command is deprecated setup.py egg_info --egg-base ../../../build/bme_ros2_navigation_py build --build-base /home/neha/gitjazzy/build/bme_ros2_navigation_py/build install --record /home/neha/gitjazzy/build/bme_ros2_navigation_py/install.log --single-version-externally-managed install_data
[4.283s] running egg_info
[4.347s] writing ../../../build/bme_ros2_navigation_py/bme_ros2_navigation_py.egg-info/PKG-INFO
[4.348s] writing dependency_links to ../../../build/bme_ros2_navigation_py/bme_ros2_navigation_py.egg-info/dependency_links.txt
[4.349s] writing entry points to ../../../build/bme_ros2_navigation_py/bme_ros2_navigation_py.egg-info/entry_points.txt
[4.350s] writing requirements to ../../../build/bme_ros2_navigation_py/bme_ros2_navigation_py.egg-info/requires.txt
[4.351s] writing top-level names to ../../../build/bme_ros2_navigation_py/bme_ros2_navigation_py.egg-info/top_level.txt
[4.458s] reading manifest file '../../../build/bme_ros2_navigation_py/bme_ros2_navigation_py.egg-info/SOURCES.txt'
[4.460s] writing manifest file '../../../build/bme_ros2_navigation_py/bme_ros2_navigation_py.egg-info/SOURCES.txt'
[4.462s] running build
[4.462s] running build_py
[4.464s] running install
[4.490s] running install_lib
[4.542s] running install_data
[4.542s] running install_egg_info
[4.588s] removing '/home/neha/gitjazzy/install/bme_ros2_navigation_py/lib/python3.12/site-packages/bme_ros2_navigation_py-1.0.0-py3.12.egg-info' (and everything under it)
[4.599s] Copying ../../../build/bme_ros2_navigation_py/bme_ros2_navigation_py.egg-info to /home/neha/gitjazzy/install/bme_ros2_navigation_py/lib/python3.12/site-packages/bme_ros2_navigation_py-1.0.0-py3.12.egg-info
[4.603s] running install_scripts
[5.052s] Installing follow_waypoints script to /home/neha/gitjazzy/install/bme_ros2_navigation_py/lib/bme_ros2_navigation_py
[5.057s] Installing send_initialpose script to /home/neha/gitjazzy/install/bme_ros2_navigation_py/lib/bme_ros2_navigation_py
[5.060s] Installing slam_toolbox_load_map script to /home/neha/gitjazzy/install/bme_ros2_navigation_py/lib/bme_ros2_navigation_py
[5.061s] writing list of installed files to '/home/neha/gitjazzy/build/bme_ros2_navigation_py/install.log'
[5.151s] Invoked command in '/home/neha/gitjazzy/src/Week-7-8-ROS2-Navigation/bme_ros2_navigation_py' returned '0': PYTHONPATH=/home/neha/gitjazzy/build/bme_ros2_navigation_py/prefix_override:/usr/lib/python3/dist-packages/colcon_core/task/python/colcon_distutils_commands:/home/neha/gitjazzy/install/bme_ros2_navigation_py/lib/python3.12/site-packages:${PYTHONPATH} /usr/bin/python3 -W ignore:setup.py install is deprecated -W ignore:easy_install command is deprecated setup.py egg_info --egg-base ../../../build/bme_ros2_navigation_py build --build-base /home/neha/gitjazzy/build/bme_ros2_navigation_py/build install --record /home/neha/gitjazzy/build/bme_ros2_navigation_py/install.log --single-version-externally-managed install_data
