[0.022s] Invoking command in '/home/neha/gitjazzy/build/bme_gazebo_basics': CMAKE_PREFIX_PATH=${CMAKE_PREFIX_PATH}:/opt/ros/jazzy /usr/bin/cmake --build /home/neha/gitjazzy/build/bme_gazebo_basics -- -j8 -l8
[0.081s] Invoked command in '/home/neha/gitjazzy/build/bme_gazebo_basics' returned '0': CMAKE_PREFIX_PATH=${CMAKE_PREFIX_PATH}:/opt/ros/jazzy /usr/bin/cmake --build /home/neha/gitjazzy/build/bme_gazebo_basics -- -j8 -l8
[0.097s] Invoking command in '/home/neha/gitjazzy/build/bme_gazebo_basics': CMAKE_PREFIX_PATH=${CMAKE_PREFIX_PATH}:/opt/ros/jazzy /usr/bin/cmake --install /home/neha/gitjazzy/build/bme_gazebo_basics
[0.109s] -- Install configuration: ""
[0.110s] -- Execute custom install script
[0.111s] -- Up-to-date symlink: /home/neha/gitjazzy/install/bme_gazebo_basics/share/bme_gazebo_basics/launch/check_urdf.launch.py
[0.111s] -- Up-to-date symlink: /home/neha/gitjazzy/install/bme_gazebo_basics/share/bme_gazebo_basics/launch/spawn_robot.launch.py
[0.112s] -- Up-to-date symlink: /home/neha/gitjazzy/install/bme_gazebo_basics/share/bme_gazebo_basics/launch/world.launch.py
[0.112s] -- Up-to-date symlink: /home/neha/gitjazzy/install/bme_gazebo_basics/share/bme_gazebo_basics/worlds/empty.sdf
[0.113s] -- Up-to-date symlink: /home/neha/gitjazzy/install/bme_gazebo_basics/share/bme_gazebo_basics/worlds/world.sdf
[0.113s] -- Up-to-date symlink: /home/neha/gitjazzy/install/bme_gazebo_basics/share/bme_gazebo_basics/rviz/rviz.rviz
[0.114s] -- Up-to-date symlink: /home/neha/gitjazzy/install/bme_gazebo_basics/share/bme_gazebo_basics/rviz/urdf.rviz
[0.114s] -- Up-to-date symlink: /home/neha/gitjazzy/install/bme_gazebo_basics/share/bme_gazebo_basics/urdf/demo.urdf
[0.114s] -- Symlinking: /home/neha/gitjazzy/install/bme_gazebo_basics/share/bme_gazebo_basics/urdf/dimension.urdf
[0.130s] -- Up-to-date symlink: /home/neha/gitjazzy/install/bme_gazebo_basics/share/bme_gazebo_basics/urdf/materials.xacro
[0.131s] -- Up-to-date symlink: /home/neha/gitjazzy/install/bme_gazebo_basics/share/bme_gazebo_basics/urdf/mogi_bot.urdf
[0.132s] -- Up-to-date symlink: /home/neha/gitjazzy/install/bme_gazebo_basics/share/bme_gazebo_basics/meshes/mecanum_wheel_left.STL
[0.132s] -- Up-to-date symlink: /home/neha/gitjazzy/install/bme_gazebo_basics/share/bme_gazebo_basics/meshes/mecanum_wheel_right.STL
[0.132s] -- Up-to-date symlink: /home/neha/gitjazzy/install/bme_gazebo_basics/share/bme_gazebo_basics/meshes/mogi_bot.SLDPRT
[0.133s] -- Up-to-date symlink: /home/neha/gitjazzy/install/bme_gazebo_basics/share/bme_gazebo_basics/meshes/mogi_bot.STEP
[0.134s] -- Up-to-date symlink: /home/neha/gitjazzy/install/bme_gazebo_basics/share/bme_gazebo_basics/meshes/mogi_bot.STL
[0.134s] -- Up-to-date symlink: /home/neha/gitjazzy/install/bme_gazebo_basics/share/bme_gazebo_basics/meshes/mogi_bot.blend
[0.134s] -- Up-to-date symlink: /home/neha/gitjazzy/install/bme_gazebo_basics/share/bme_gazebo_basics/meshes/mogi_bot.dae
[0.134s] -- Up-to-date symlink: /home/neha/gitjazzy/install/bme_gazebo_basics/share/bme_gazebo_basics/meshes/wheel.SLDPRT
[0.134s] -- Up-to-date symlink: /home/neha/gitjazzy/install/bme_gazebo_basics/share/bme_gazebo_basics/meshes/wheel.STEP
[0.135s] -- Up-to-date symlink: /home/neha/gitjazzy/install/bme_gazebo_basics/share/bme_gazebo_basics/meshes/wheel.STL
[0.135s] -- Up-to-date symlink: /home/neha/gitjazzy/install/bme_gazebo_basics/share/bme_gazebo_basics/meshes/wheel.blend
[0.135s] -- Up-to-date symlink: /home/neha/gitjazzy/install/bme_gazebo_basics/share/bme_gazebo_basics/meshes/wheel.dae
[0.135s] -- Up-to-date symlink: /home/neha/gitjazzy/install/bme_gazebo_basics/share/ament_index/resource_index/package_run_dependencies/bme_gazebo_basics
[0.136s] -- Up-to-date symlink: /home/neha/gitjazzy/install/bme_gazebo_basics/share/ament_index/resource_index/parent_prefix_path/bme_gazebo_basics
[0.136s] -- Up-to-date symlink: /home/neha/gitjazzy/install/bme_gazebo_basics/share/bme_gazebo_basics/environment/ament_prefix_path.sh
[0.136s] -- Up-to-date symlink: /home/neha/gitjazzy/install/bme_gazebo_basics/share/bme_gazebo_basics/environment/ament_prefix_path.dsv
[0.137s] -- Up-to-date symlink: /home/neha/gitjazzy/install/bme_gazebo_basics/share/bme_gazebo_basics/environment/path.sh
[0.137s] -- Up-to-date symlink: /home/neha/gitjazzy/install/bme_gazebo_basics/share/bme_gazebo_basics/environment/path.dsv
[0.137s] -- Up-to-date symlink: /home/neha/gitjazzy/install/bme_gazebo_basics/share/bme_gazebo_basics/local_setup.bash
[0.137s] -- Up-to-date symlink: /home/neha/gitjazzy/install/bme_gazebo_basics/share/bme_gazebo_basics/local_setup.sh
[0.138s] -- Up-to-date symlink: /home/neha/gitjazzy/install/bme_gazebo_basics/share/bme_gazebo_basics/local_setup.zsh
[0.138s] -- Up-to-date symlink: /home/neha/gitjazzy/install/bme_gazebo_basics/share/bme_gazebo_basics/local_setup.dsv
[0.138s] -- Symlinking: /home/neha/gitjazzy/install/bme_gazebo_basics/share/bme_gazebo_basics/package.dsv
[0.152s] -- Up-to-date symlink: /home/neha/gitjazzy/install/bme_gazebo_basics/share/ament_index/resource_index/packages/bme_gazebo_basics
[0.152s] -- Up-to-date symlink: /home/neha/gitjazzy/install/bme_gazebo_basics/share/bme_gazebo_basics/cmake/bme_gazebo_basicsConfig.cmake
[0.153s] -- Up-to-date symlink: /home/neha/gitjazzy/install/bme_gazebo_basics/share/bme_gazebo_basics/cmake/bme_gazebo_basicsConfig-version.cmake
[0.153s] -- Up-to-date symlink: /home/neha/gitjazzy/install/bme_gazebo_basics/share/bme_gazebo_basics/package.xml
[0.156s] Invoked command in '/home/neha/gitjazzy/build/bme_gazebo_basics' returned '0': CMAKE_PREFIX_PATH=${CMAKE_PREFIX_PATH}:/opt/ros/jazzy /usr/bin/cmake --install /home/neha/gitjazzy/build/bme_gazebo_basics
