[0.033s] Invoking command in '/home/neha/gitjazzy/src/build/bme_gazebo_basics': CMAKE_PREFIX_PATH=${CMAKE_PREFIX_PATH}:/opt/ros/jazzy /usr/bin/cmake /home/neha/gitjazzy/src/Week-3-4-Gazebo-basics/bme_gazebo_basics -DCMAKE_INSTALL_PREFIX=/home/neha/gitjazzy/src/install/bme_gazebo_basics
[0.709s] -- The C compiler identification is GNU 13.3.0
[1.660s] -- The CXX compiler identification is GNU 13.3.0
[2.267s] -- Detecting C compiler ABI info
[2.761s] -- Detecting C compiler ABI info - done
[2.773s] -- Check for working C compiler: /usr/bin/cc - skipped
[2.774s] -- Detecting C compile features
[2.775s] -- Detecting C compile features - done
[2.861s] -- Detecting CXX compiler ABI info
[3.132s] -- Detecting CXX compiler ABI info - done
[3.147s] -- Check for working CXX compiler: /usr/bin/c++ - skipped
[3.147s] -- Detecting CXX compile features
[3.148s] -- Detecting CXX compile features - done
[3.194s] -- Found ament_cmake: 2.5.3 (/opt/ros/jazzy/share/ament_cmake/cmake)
[3.478s] -- Found Python3: /usr/bin/python3 (found version "3.12.3") found components: Interpreter 
[3.881s] -- Configuring done (3.8s)
[3.888s] -- Generating done (0.0s)
[3.892s] -- Build files have been written to: /home/neha/gitjazzy/src/build/bme_gazebo_basics
[3.898s] Invoked command in '/home/neha/gitjazzy/src/build/bme_gazebo_basics' returned '0': CMAKE_PREFIX_PATH=${CMAKE_PREFIX_PATH}:/opt/ros/jazzy /usr/bin/cmake /home/neha/gitjazzy/src/Week-3-4-Gazebo-basics/bme_gazebo_basics -DCMAKE_INSTALL_PREFIX=/home/neha/gitjazzy/src/install/bme_gazebo_basics
[3.899s] Invoking command in '/home/neha/gitjazzy/src/build/bme_gazebo_basics': CMAKE_PREFIX_PATH=${CMAKE_PREFIX_PATH}:/opt/ros/jazzy /usr/bin/cmake --build /home/neha/gitjazzy/src/build/bme_gazebo_basics -- -j8 -l8
[3.952s] Invoked command in '/home/neha/gitjazzy/src/build/bme_gazebo_basics' returned '0': CMAKE_PREFIX_PATH=${CMAKE_PREFIX_PATH}:/opt/ros/jazzy /usr/bin/cmake --build /home/neha/gitjazzy/src/build/bme_gazebo_basics -- -j8 -l8
[3.969s] Invoking command in '/home/neha/gitjazzy/src/build/bme_gazebo_basics': CMAKE_PREFIX_PATH=${CMAKE_PREFIX_PATH}:/opt/ros/jazzy /usr/bin/cmake --install /home/neha/gitjazzy/src/build/bme_gazebo_basics
[3.984s] -- Install configuration: ""
[3.984s] [31mCMake Error at cmake_install.cmake:46 (file):
[3.984s]   file INSTALL cannot find
[3.984s]   "/home/neha/gitjazzy/src/Week-3-4-Gazebo-basics/bme_gazebo_basics/launch":
[3.985s]   No such file or directory.
[3.986s] 
[3.986s] [0m
[3.988s] Invoked command in '/home/neha/gitjazzy/src/build/bme_gazebo_basics' returned '1': CMAKE_PREFIX_PATH=${CMAKE_PREFIX_PATH}:/opt/ros/jazzy /usr/bin/cmake --install /home/neha/gitjazzy/src/build/bme_gazebo_basics
