[0.397s] Invoking command in '/home/neha/gitjazzy/src/build/bme_ros2_navigation': CMAKE_PREFIX_PATH=${CMAKE_PREFIX_PATH}:/opt/ros/jazzy /usr/bin/cmake --build /home/neha/gitjazzy/src/build/bme_ros2_navigation -- -j8 -l8
[0.818s] Invoked command in '/home/neha/gitjazzy/src/build/bme_ros2_navigation' returned '0': CMAKE_PREFIX_PATH=${CMAKE_PREFIX_PATH}:/opt/ros/jazzy /usr/bin/cmake --build /home/neha/gitjazzy/src/build/bme_ros2_navigation -- -j8 -l8
[0.822s] Invoking command in '/home/neha/gitjazzy/src/build/bme_ros2_navigation': CMAKE_PREFIX_PATH=${CMAKE_PREFIX_PATH}:/opt/ros/jazzy /usr/bin/cmake --install /home/neha/gitjazzy/src/build/bme_ros2_navigation
[0.839s] -- Install configuration: ""
[0.840s] -- Up-to-date: /home/neha/gitjazzy/src/install/bme_ros2_navigation/share/bme_ros2_navigation/launch
[0.843s] -- Up-to-date: /home/neha/gitjazzy/src/install/bme_ros2_navigation/share/bme_ros2_navigation/launch/check_urdf.launch.py
[0.843s] -- Up-to-date: /home/neha/gitjazzy/src/install/bme_ros2_navigation/share/bme_ros2_navigation/launch/navigation.launch.py
[0.844s] -- Up-to-date: /home/neha/gitjazzy/src/install/bme_ros2_navigation/share/bme_ros2_navigation/launch/navigation_with_slam.launch.py
[0.845s] -- Up-to-date: /home/neha/gitjazzy/src/install/bme_ros2_navigation/share/bme_ros2_navigation/launch/localization_slam_toolbox.launch.py
[0.845s] -- Installing: /home/neha/gitjazzy/src/install/bme_ros2_navigation/share/bme_ros2_navigation/launch/mapping.launch.py
[0.846s] -- Up-to-date: /home/neha/gitjazzy/src/install/bme_ros2_navigation/share/bme_ros2_navigation/launch/localization.launch.py
[0.846s] -- Installing: /home/neha/gitjazzy/src/install/bme_ros2_navigation/share/bme_ros2_navigation/launch/spawn_robot.launch.py
[0.846s] -- Up-to-date: /home/neha/gitjazzy/src/install/bme_ros2_navigation/share/bme_ros2_navigation/launch/world.launch.py
[0.847s] -- Up-to-date: /home/neha/gitjazzy/src/install/bme_ros2_navigation/share/bme_ros2_navigation/worlds
[0.847s] -- Up-to-date: /home/neha/gitjazzy/src/install/bme_ros2_navigation/share/bme_ros2_navigation/worlds/home.sdf
[0.847s] -- Up-to-date: /home/neha/gitjazzy/src/install/bme_ros2_navigation/share/bme_ros2_navigation/worlds/empty.sdf
[0.848s] -- Up-to-date: /home/neha/gitjazzy/src/install/bme_ros2_navigation/share/bme_ros2_navigation/rviz
[0.848s] -- Up-to-date: /home/neha/gitjazzy/src/install/bme_ros2_navigation/share/bme_ros2_navigation/rviz/navigation.rviz
[0.849s] -- Up-to-date: /home/neha/gitjazzy/src/install/bme_ros2_navigation/share/bme_ros2_navigation/rviz/rviz.rviz
[0.849s] -- Up-to-date: /home/neha/gitjazzy/src/install/bme_ros2_navigation/share/bme_ros2_navigation/rviz/mapping.rviz
[0.849s] -- Up-to-date: /home/neha/gitjazzy/src/install/bme_ros2_navigation/share/bme_ros2_navigation/rviz/localization.rviz
[0.850s] -- Up-to-date: /home/neha/gitjazzy/src/install/bme_ros2_navigation/share/bme_ros2_navigation/rviz/urdf.rviz
[0.850s] -- Up-to-date: /home/neha/gitjazzy/src/install/bme_ros2_navigation/share/bme_ros2_navigation/urdf
[0.851s] -- Up-to-date: /home/neha/gitjazzy/src/install/bme_ros2_navigation/share/bme_ros2_navigation/urdf/mogi_bot.urdf
[0.851s] -- Up-to-date: /home/neha/gitjazzy/src/install/bme_ros2_navigation/share/bme_ros2_navigation/urdf/materials.xacro
[0.851s] -- Up-to-date: /home/neha/gitjazzy/src/install/bme_ros2_navigation/share/bme_ros2_navigation/urdf/mogi_bot.gazebo
[0.852s] -- Up-to-date: /home/neha/gitjazzy/src/install/bme_ros2_navigation/share/bme_ros2_navigation/meshes
[0.852s] -- Up-to-date: /home/neha/gitjazzy/src/install/bme_ros2_navigation/share/bme_ros2_navigation/meshes/lidar.dae
[0.852s] -- Up-to-date: /home/neha/gitjazzy/src/install/bme_ros2_navigation/share/bme_ros2_navigation/meshes/mogi_bot.dae
[0.852s] -- Up-to-date: /home/neha/gitjazzy/src/install/bme_ros2_navigation/share/bme_ros2_navigation/meshes/wheel.dae
[0.853s] -- Up-to-date: /home/neha/gitjazzy/src/install/bme_ros2_navigation/share/bme_ros2_navigation/config
[0.853s] -- Up-to-date: /home/neha/gitjazzy/src/install/bme_ros2_navigation/share/bme_ros2_navigation/config/amcl_localization.yaml
[0.854s] -- Up-to-date: /home/neha/gitjazzy/src/install/bme_ros2_navigation/share/bme_ros2_navigation/config/navigation.yaml
[0.854s] -- Up-to-date: /home/neha/gitjazzy/src/install/bme_ros2_navigation/share/bme_ros2_navigation/config/gz_bridge.yaml
[0.855s] -- Up-to-date: /home/neha/gitjazzy/src/install/bme_ros2_navigation/share/bme_ros2_navigation/config/waypoints.yaml
[0.855s] -- Up-to-date: /home/neha/gitjazzy/src/install/bme_ros2_navigation/share/bme_ros2_navigation/config/ekf.yaml
[0.855s] -- Up-to-date: /home/neha/gitjazzy/src/install/bme_ros2_navigation/share/bme_ros2_navigation/config/slam_toolbox_localization.yaml
[0.855s] -- Up-to-date: /home/neha/gitjazzy/src/install/bme_ros2_navigation/share/bme_ros2_navigation/config/slam_toolbox_mapping.yaml
[0.856s] -- Up-to-date: /home/neha/gitjazzy/src/install/bme_ros2_navigation/share/bme_ros2_navigation/maps
[0.856s] -- Up-to-date: /home/neha/gitjazzy/src/install/bme_ros2_navigation/share/bme_ros2_navigation/maps/my_map.pgm
[0.857s] -- Up-to-date: /home/neha/gitjazzy/src/install/bme_ros2_navigation/share/bme_ros2_navigation/maps/my_map.yaml
[0.857s] -- Up-to-date: /home/neha/gitjazzy/src/install/bme_ros2_navigation/share/bme_ros2_navigation/maps/serialized.data
[0.858s] -- Up-to-date: /home/neha/gitjazzy/src/install/bme_ros2_navigation/share/bme_ros2_navigation/maps/serialized.posegraph
[0.858s] -- Up-to-date: /home/neha/gitjazzy/src/install/bme_ros2_navigation/share/ament_index/resource_index/package_run_dependencies/bme_ros2_navigation
[0.859s] -- Up-to-date: /home/neha/gitjazzy/src/install/bme_ros2_navigation/share/ament_index/resource_index/parent_prefix_path/bme_ros2_navigation
[0.860s] -- Up-to-date: /home/neha/gitjazzy/src/install/bme_ros2_navigation/share/bme_ros2_navigation/environment/ament_prefix_path.sh
[0.861s] -- Up-to-date: /home/neha/gitjazzy/src/install/bme_ros2_navigation/share/bme_ros2_navigation/environment/ament_prefix_path.dsv
[0.861s] -- Up-to-date: /home/neha/gitjazzy/src/install/bme_ros2_navigation/share/bme_ros2_navigation/environment/path.sh
[0.861s] -- Up-to-date: /home/neha/gitjazzy/src/install/bme_ros2_navigation/share/bme_ros2_navigation/environment/path.dsv
[0.862s] -- Up-to-date: /home/neha/gitjazzy/src/install/bme_ros2_navigation/share/bme_ros2_navigation/local_setup.bash
[0.862s] -- Up-to-date: /home/neha/gitjazzy/src/install/bme_ros2_navigation/share/bme_ros2_navigation/local_setup.sh
[0.862s] -- Up-to-date: /home/neha/gitjazzy/src/install/bme_ros2_navigation/share/bme_ros2_navigation/local_setup.zsh
[0.863s] -- Up-to-date: /home/neha/gitjazzy/src/install/bme_ros2_navigation/share/bme_ros2_navigation/local_setup.dsv
[0.864s] -- Installing: /home/neha/gitjazzy/src/install/bme_ros2_navigation/share/bme_ros2_navigation/package.dsv
[0.864s] -- Up-to-date: /home/neha/gitjazzy/src/install/bme_ros2_navigation/share/ament_index/resource_index/packages/bme_ros2_navigation
[0.864s] -- Up-to-date: /home/neha/gitjazzy/src/install/bme_ros2_navigation/share/bme_ros2_navigation/cmake/bme_ros2_navigationConfig.cmake
[0.864s] -- Up-to-date: /home/neha/gitjazzy/src/install/bme_ros2_navigation/share/bme_ros2_navigation/cmake/bme_ros2_navigationConfig-version.cmake
[0.865s] -- Up-to-date: /home/neha/gitjazzy/src/install/bme_ros2_navigation/share/bme_ros2_navigation/package.xml
[0.875s] Invoked command in '/home/neha/gitjazzy/src/build/bme_ros2_navigation' returned '0': CMAKE_PREFIX_PATH=${CMAKE_PREFIX_PATH}:/opt/ros/jazzy /usr/bin/cmake --install /home/neha/gitjazzy/src/build/bme_ros2_navigation
