[2.199s] Invoking command in '/home/neha/gitjazzy/src/Week-7-8-ROS2-Navigation/bme_ros2_navigation_py': PYTHONPATH=/home/neha/gitjazzy/build/bme_ros2_navigation_py/prefix_override:/usr/lib/python3/dist-packages/colcon_core/task/python/colcon_distutils_commands:/home/neha/gitjazzy/install/bme_ros2_navigation_py/lib/python3.12/site-packages:${PYTHONPATH} /usr/bin/python3 -W ignore:setup.py install is deprecated -W ignore:easy_install command is deprecated setup.py egg_info --egg-base ../../../build/bme_ros2_navigation_py build --build-base /home/neha/gitjazzy/build/bme_ros2_navigation_py/build install --record /home/neha/gitjazzy/build/bme_ros2_navigation_py/install.log --single-version-externally-managed install_data
[2.677s] running egg_info
[2.678s] creating ../../../build/bme_ros2_navigation_py/bme_ros2_navigation_py.egg-info
[2.719s] writing ../../../build/bme_ros2_navigation_py/bme_ros2_navigation_py.egg-info/PKG-INFO
[2.719s] writing dependency_links to ../../../build/bme_ros2_navigation_py/bme_ros2_navigation_py.egg-info/dependency_links.txt
[2.720s] writing entry points to ../../../build/bme_ros2_navigation_py/bme_ros2_navigation_py.egg-info/entry_points.txt
[2.720s] writing requirements to ../../../build/bme_ros2_navigation_py/bme_ros2_navigation_py.egg-info/requires.txt
[2.721s] writing top-level names to ../../../build/bme_ros2_navigation_py/bme_ros2_navigation_py.egg-info/top_level.txt
[2.721s] writing manifest file '../../../build/bme_ros2_navigation_py/bme_ros2_navigation_py.egg-info/SOURCES.txt'
[2.787s] reading manifest file '../../../build/bme_ros2_navigation_py/bme_ros2_navigation_py.egg-info/SOURCES.txt'
[2.789s] writing manifest file '../../../build/bme_ros2_navigation_py/bme_ros2_navigation_py.egg-info/SOURCES.txt'
[2.790s] running build
[2.791s] running build_py
[2.791s] creating /home/neha/gitjazzy/build/bme_ros2_navigation_py/build
[2.791s] creating /home/neha/gitjazzy/build/bme_ros2_navigation_py/build/lib
[2.792s] creating /home/neha/gitjazzy/build/bme_ros2_navigation_py/build/lib/bme_ros2_navigation_py
[2.792s] copying bme_ros2_navigation_py/slam_toolbox_load_map.py -> /home/neha/gitjazzy/build/bme_ros2_navigation_py/build/lib/bme_ros2_navigation_py
[2.792s] copying bme_ros2_navigation_py/follow_waypoints.py -> /home/neha/gitjazzy/build/bme_ros2_navigation_py/build/lib/bme_ros2_navigation_py
[2.792s] copying bme_ros2_navigation_py/__init__.py -> /home/neha/gitjazzy/build/bme_ros2_navigation_py/build/lib/bme_ros2_navigation_py
[2.792s] copying bme_ros2_navigation_py/send_initialpose.py -> /home/neha/gitjazzy/build/bme_ros2_navigation_py/build/lib/bme_ros2_navigation_py
[2.792s] running install
[2.802s] running install_lib
[2.848s] creating /home/neha/gitjazzy/install/bme_ros2_navigation_py/lib/python3.12/site-packages/bme_ros2_navigation_py
[2.849s] copying /home/neha/gitjazzy/build/bme_ros2_navigation_py/build/lib/bme_ros2_navigation_py/slam_toolbox_load_map.py -> /home/neha/gitjazzy/install/bme_ros2_navigation_py/lib/python3.12/site-packages/bme_ros2_navigation_py
[2.849s] copying /home/neha/gitjazzy/build/bme_ros2_navigation_py/build/lib/bme_ros2_navigation_py/follow_waypoints.py -> /home/neha/gitjazzy/install/bme_ros2_navigation_py/lib/python3.12/site-packages/bme_ros2_navigation_py
[2.849s] copying /home/neha/gitjazzy/build/bme_ros2_navigation_py/build/lib/bme_ros2_navigation_py/__init__.py -> /home/neha/gitjazzy/install/bme_ros2_navigation_py/lib/python3.12/site-packages/bme_ros2_navigation_py
[2.849s] copying /home/neha/gitjazzy/build/bme_ros2_navigation_py/build/lib/bme_ros2_navigation_py/send_initialpose.py -> /home/neha/gitjazzy/install/bme_ros2_navigation_py/lib/python3.12/site-packages/bme_ros2_navigation_py
[2.851s] byte-compiling /home/neha/gitjazzy/install/bme_ros2_navigation_py/lib/python3.12/site-packages/bme_ros2_navigation_py/slam_toolbox_load_map.py to slam_toolbox_load_map.cpython-312.pyc
[2.853s] byte-compiling /home/neha/gitjazzy/install/bme_ros2_navigation_py/lib/python3.12/site-packages/bme_ros2_navigation_py/follow_waypoints.py to follow_waypoints.cpython-312.pyc
[2.855s] byte-compiling /home/neha/gitjazzy/install/bme_ros2_navigation_py/lib/python3.12/site-packages/bme_ros2_navigation_py/__init__.py to __init__.cpython-312.pyc
[2.855s] byte-compiling /home/neha/gitjazzy/install/bme_ros2_navigation_py/lib/python3.12/site-packages/bme_ros2_navigation_py/send_initialpose.py to send_initialpose.cpython-312.pyc
[2.856s] running install_data
[2.857s] creating /home/neha/gitjazzy/install/bme_ros2_navigation_py/share/ament_index
[2.857s] creating /home/neha/gitjazzy/install/bme_ros2_navigation_py/share/ament_index/resource_index
[2.858s] creating /home/neha/gitjazzy/install/bme_ros2_navigation_py/share/ament_index/resource_index/packages
[2.858s] copying resource/bme_ros2_navigation_py -> /home/neha/gitjazzy/install/bme_ros2_navigation_py/share/ament_index/resource_index/packages
[2.858s] copying package.xml -> /home/neha/gitjazzy/install/bme_ros2_navigation_py/share/bme_ros2_navigation_py
[2.859s] running install_egg_info
[2.907s] Copying ../../../build/bme_ros2_navigation_py/bme_ros2_navigation_py.egg-info to /home/neha/gitjazzy/install/bme_ros2_navigation_py/lib/python3.12/site-packages/bme_ros2_navigation_py-1.0.0-py3.12.egg-info
[2.909s] running install_scripts
[3.223s] Installing follow_waypoints script to /home/neha/gitjazzy/install/bme_ros2_navigation_py/lib/bme_ros2_navigation_py
[3.224s] Installing send_initialpose script to /home/neha/gitjazzy/install/bme_ros2_navigation_py/lib/bme_ros2_navigation_py
[3.225s] Installing slam_toolbox_load_map script to /home/neha/gitjazzy/install/bme_ros2_navigation_py/lib/bme_ros2_navigation_py
[3.230s] writing list of installed files to '/home/neha/gitjazzy/build/bme_ros2_navigation_py/install.log'
[3.326s] Invoked command in '/home/neha/gitjazzy/src/Week-7-8-ROS2-Navigation/bme_ros2_navigation_py' returned '0': PYTHONPATH=/home/neha/gitjazzy/build/bme_ros2_navigation_py/prefix_override:/usr/lib/python3/dist-packages/colcon_core/task/python/colcon_distutils_commands:/home/neha/gitjazzy/install/bme_ros2_navigation_py/lib/python3.12/site-packages:${PYTHONPATH} /usr/bin/python3 -W ignore:setup.py install is deprecated -W ignore:easy_install command is deprecated setup.py egg_info --egg-base ../../../build/bme_ros2_navigation_py build --build-base /home/neha/gitjazzy/build/bme_ros2_navigation_py/build install --record /home/neha/gitjazzy/build/bme_ros2_navigation_py/install.log --single-version-externally-managed install_data
