-- Install configuration: ""
-- Installing: /home/neha/gitjazzy/src/install/bme_gazebo_basics/share/bme_gazebo_basics/launch
-- Installing: /home/neha/gitjazzy/src/install/bme_gazebo_basics/share/bme_gazebo_basics/launch/world.launch.py
-- Installing: /home/neha/gitjazzy/src/install/bme_gazebo_basics/share/bme_gazebo_basics/worlds
-- Installing: /home/neha/gitjazzy/src/install/bme_gazebo_basics/share/bme_gazebo_basics/worlds/world.sdf
-- Installing: /home/neha/gitjazzy/src/install/bme_gazebo_basics/share/bme_gazebo_basics/worlds/empty.sdf
-- Installing: /home/neha/gitjazzy/src/install/bme_gazebo_basics/share/bme_gazebo_basics/rviz
-- Installing: /home/neha/gitjazzy/src/install/bme_gazebo_basics/share/bme_gazebo_basics/rviz/rviz.rviz
-- Installing: /home/neha/gitjazzy/src/install/bme_gazebo_basics/share/bme_gazebo_basics/rviz/urdf.rviz
-- Installing: /home/neha/gitjazzy/src/install/bme_gazebo_basics/share/bme_gazebo_basics/urdf
-- Installing: /home/neha/gitjazzy/src/install/bme_gazebo_basics/share/bme_gazebo_basics/urdf/materials.xacro
-- Installing: /home/neha/gitjazzy/src/install/bme_gazebo_basics/share/bme_gazebo_basics/meshes
-- Installing: /home/neha/gitjazzy/src/install/bme_gazebo_basics/share/bme_gazebo_basics/meshes/mecanum_wheel_right.STL
-- Installing: /home/neha/gitjazzy/src/install/bme_gazebo_basics/share/bme_gazebo_basics/meshes/mogi_bot.SLDPRT
-- Installing: /home/neha/gitjazzy/src/install/bme_gazebo_basics/share/bme_gazebo_basics/meshes/mogi_bot.STL
-- Installing: /home/neha/gitjazzy/src/install/bme_gazebo_basics/share/bme_gazebo_basics/meshes/mecanum_wheel_left.STL
-- Installing: /home/neha/gitjazzy/src/install/bme_gazebo_basics/share/bme_gazebo_basics/meshes/wheel.SLDPRT
-- Installing: /home/neha/gitjazzy/src/install/bme_gazebo_basics/share/bme_gazebo_basics/meshes/mogi_bot.blend
-- Installing: /home/neha/gitjazzy/src/install/bme_gazebo_basics/share/bme_gazebo_basics/meshes/wheel.blend
-- Installing: /home/neha/gitjazzy/src/install/bme_gazebo_basics/share/bme_gazebo_basics/meshes/wheel.STL
-- Installing: /home/neha/gitjazzy/src/install/bme_gazebo_basics/share/bme_gazebo_basics/meshes/mogi_bot.dae
-- Installing: /home/neha/gitjazzy/src/install/bme_gazebo_basics/share/bme_gazebo_basics/meshes/wheel.dae
-- Installing: /home/neha/gitjazzy/src/install/bme_gazebo_basics/share/bme_gazebo_basics/meshes/wheel.STEP
-- Installing: /home/neha/gitjazzy/src/install/bme_gazebo_basics/share/bme_gazebo_basics/meshes/mogi_bot.STEP
-- Installing: /home/neha/gitjazzy/src/install/bme_gazebo_basics/share/ament_index/resource_index/package_run_dependencies/bme_gazebo_basics
-- Installing: /home/neha/gitjazzy/src/install/bme_gazebo_basics/share/ament_index/resource_index/parent_prefix_path/bme_gazebo_basics
-- Installing: /home/neha/gitjazzy/src/install/bme_gazebo_basics/share/bme_gazebo_basics/environment/ament_prefix_path.sh
-- Installing: /home/neha/gitjazzy/src/install/bme_gazebo_basics/share/bme_gazebo_basics/environment/ament_prefix_path.dsv
-- Installing: /home/neha/gitjazzy/src/install/bme_gazebo_basics/share/bme_gazebo_basics/environment/path.sh
-- Installing: /home/neha/gitjazzy/src/install/bme_gazebo_basics/share/bme_gazebo_basics/environment/path.dsv
-- Installing: /home/neha/gitjazzy/src/install/bme_gazebo_basics/share/bme_gazebo_basics/local_setup.bash
-- Installing: /home/neha/gitjazzy/src/install/bme_gazebo_basics/share/bme_gazebo_basics/local_setup.sh
-- Installing: /home/neha/gitjazzy/src/install/bme_gazebo_basics/share/bme_gazebo_basics/local_setup.zsh
-- Installing: /home/neha/gitjazzy/src/install/bme_gazebo_basics/share/bme_gazebo_basics/local_setup.dsv
-- Up-to-date: /home/neha/gitjazzy/src/install/bme_gazebo_basics/share/bme_gazebo_basics/package.dsv
-- Installing: /home/neha/gitjazzy/src/install/bme_gazebo_basics/share/ament_index/resource_index/packages/bme_gazebo_basics
-- Installing: /home/neha/gitjazzy/src/install/bme_gazebo_basics/share/bme_gazebo_basics/cmake/bme_gazebo_basicsConfig.cmake
-- Installing: /home/neha/gitjazzy/src/install/bme_gazebo_basics/share/bme_gazebo_basics/cmake/bme_gazebo_basicsConfig-version.cmake
-- Installing: /home/neha/gitjazzy/src/install/bme_gazebo_basics/share/bme_gazebo_basics/package.xml
