[0.055s] Invoking command in '/home/neha/gitjazzy/build/bme_gazebo_sensors': CMAKE_PREFIX_PATH=${CMAKE_PREFIX_PATH}:/opt/ros/jazzy /usr/bin/cmake /home/neha/gitjazzy/src/Week-5-6-Gazebo-sensors/bme_gazebo_sensors -DCMAKE_INSTALL_PREFIX=/home/neha/gitjazzy/install/bme_gazebo_sensors
[0.514s] -- The C compiler identification is GNU 13.3.0
[1.163s] -- The CXX compiler identification is GNU 13.3.0
[1.786s] -- Detecting C compiler ABI info
[2.152s] -- Detecting C compiler ABI info - done
[2.180s] -- Check for working C compiler: /usr/bin/cc - skipped
[2.181s] -- Detecting C compile features
[2.183s] -- Detecting C compile features - done
[2.265s] -- Detecting CXX compiler ABI info
[2.672s] -- Detecting CXX compiler ABI info - done
[2.691s] -- Check for working CXX compiler: /usr/bin/c++ - skipped
[2.692s] -- Detecting CXX compile features
[2.693s] -- Detecting CXX compile features - done
[2.735s] -- Found ament_cmake: 2.5.3 (/opt/ros/jazzy/share/ament_cmake/cmake)
[3.069s] -- Found Python3: /usr/bin/python3 (found version "3.12.3") found components: Interpreter 
[3.362s] -- Found ament_lint_auto: 0.17.1 (/opt/ros/jazzy/share/ament_lint_auto/cmake)
[3.607s] -- Added test 'flake8' to check Python code syntax and style conventions
[3.607s] -- Configured 'flake8' exclude dirs and/or files: 
[3.610s] -- Added test 'lint_cmake' to check CMake code style
[3.612s] -- Added test 'pep257' to check Python code against some of the docstring style conventions in PEP 257
[3.617s] -- Added test 'xmllint' to check XML markup files
[3.623s] -- Configuring done (3.5s)
[3.631s] -- Generating done (0.0s)
[3.636s] -- Build files have been written to: /home/neha/gitjazzy/build/bme_gazebo_sensors
[3.643s] Invoked command in '/home/neha/gitjazzy/build/bme_gazebo_sensors' returned '0': CMAKE_PREFIX_PATH=${CMAKE_PREFIX_PATH}:/opt/ros/jazzy /usr/bin/cmake /home/neha/gitjazzy/src/Week-5-6-Gazebo-sensors/bme_gazebo_sensors -DCMAKE_INSTALL_PREFIX=/home/neha/gitjazzy/install/bme_gazebo_sensors
[3.645s] Invoking command in '/home/neha/gitjazzy/build/bme_gazebo_sensors': CMAKE_PREFIX_PATH=${CMAKE_PREFIX_PATH}:/opt/ros/jazzy /usr/bin/cmake --build /home/neha/gitjazzy/build/bme_gazebo_sensors -- -j8 -l8
[3.734s] Invoked command in '/home/neha/gitjazzy/build/bme_gazebo_sensors' returned '0': CMAKE_PREFIX_PATH=${CMAKE_PREFIX_PATH}:/opt/ros/jazzy /usr/bin/cmake --build /home/neha/gitjazzy/build/bme_gazebo_sensors -- -j8 -l8
[3.738s] Invoking command in '/home/neha/gitjazzy/build/bme_gazebo_sensors': CMAKE_PREFIX_PATH=${CMAKE_PREFIX_PATH}:/opt/ros/jazzy /usr/bin/cmake --install /home/neha/gitjazzy/build/bme_gazebo_sensors
[3.758s] -- Install configuration: ""
[3.758s] -- Installing: /home/neha/gitjazzy/install/bme_gazebo_sensors/share/bme_gazebo_sensors/launch
[3.760s] -- Installing: /home/neha/gitjazzy/install/bme_gazebo_sensors/share/bme_gazebo_sensors/launch/check_urdf.launch.py
[3.761s] -- Installing: /home/neha/gitjazzy/install/bme_gazebo_sensors/share/bme_gazebo_sensors/launch/spawn_robot.launch.py
[3.761s] -- Installing: /home/neha/gitjazzy/install/bme_gazebo_sensors/share/bme_gazebo_sensors/launch/world.launch.py
[3.762s] -- Installing: /home/neha/gitjazzy/install/bme_gazebo_sensors/share/bme_gazebo_sensors/worlds
[3.762s] -- Installing: /home/neha/gitjazzy/install/bme_gazebo_sensors/share/bme_gazebo_sensors/worlds/home.sdf
[3.763s] -- Installing: /home/neha/gitjazzy/install/bme_gazebo_sensors/share/bme_gazebo_sensors/worlds/world.sdf
[3.764s] -- Installing: /home/neha/gitjazzy/install/bme_gazebo_sensors/share/bme_gazebo_sensors/worlds/empty.sdf
[3.765s] -- Installing: /home/neha/gitjazzy/install/bme_gazebo_sensors/share/bme_gazebo_sensors/rviz
[3.766s] -- Installing: /home/neha/gitjazzy/install/bme_gazebo_sensors/share/bme_gazebo_sensors/rviz/gps.rviz
[3.766s] -- Installing: /home/neha/gitjazzy/install/bme_gazebo_sensors/share/bme_gazebo_sensors/rviz/rviz.rviz
[3.767s] -- Installing: /home/neha/gitjazzy/install/bme_gazebo_sensors/share/bme_gazebo_sensors/rviz/urdf.rviz
[3.768s] -- Installing: /home/neha/gitjazzy/install/bme_gazebo_sensors/share/bme_gazebo_sensors/urdf
[3.769s] -- Installing: /home/neha/gitjazzy/install/bme_gazebo_sensors/share/bme_gazebo_sensors/urdf/mogi_bot.urdf
[3.769s] -- Installing: /home/neha/gitjazzy/install/bme_gazebo_sensors/share/bme_gazebo_sensors/urdf/materials.xacro
[3.770s] -- Installing: /home/neha/gitjazzy/install/bme_gazebo_sensors/share/bme_gazebo_sensors/urdf/mogi_bot.gazebo
[3.771s] -- Installing: /home/neha/gitjazzy/install/bme_gazebo_sensors/share/bme_gazebo_sensors/meshes
[3.771s] -- Installing: /home/neha/gitjazzy/install/bme_gazebo_sensors/share/bme_gazebo_sensors/meshes/lidar.dae
[3.772s] -- Installing: /home/neha/gitjazzy/install/bme_gazebo_sensors/share/bme_gazebo_sensors/meshes/mogi_bot.dae
[3.773s] -- Installing: /home/neha/gitjazzy/install/bme_gazebo_sensors/share/bme_gazebo_sensors/meshes/wheel.dae
[3.775s] -- Installing: /home/neha/gitjazzy/install/bme_gazebo_sensors/share/bme_gazebo_sensors/config
[3.776s] -- Installing: /home/neha/gitjazzy/install/bme_gazebo_sensors/share/bme_gazebo_sensors/config/ekf.yaml
[3.778s] -- Installing: /home/neha/gitjazzy/install/bme_gazebo_sensors/share/ament_index/resource_index/package_run_dependencies/bme_gazebo_sensors
[3.778s] -- Installing: /home/neha/gitjazzy/install/bme_gazebo_sensors/share/ament_index/resource_index/parent_prefix_path/bme_gazebo_sensors
[3.779s] -- Installing: /home/neha/gitjazzy/install/bme_gazebo_sensors/share/bme_gazebo_sensors/environment/ament_prefix_path.sh
[3.780s] -- Installing: /home/neha/gitjazzy/install/bme_gazebo_sensors/share/bme_gazebo_sensors/environment/ament_prefix_path.dsv
[3.780s] -- Installing: /home/neha/gitjazzy/install/bme_gazebo_sensors/share/bme_gazebo_sensors/environment/path.sh
[3.780s] -- Installing: /home/neha/gitjazzy/install/bme_gazebo_sensors/share/bme_gazebo_sensors/environment/path.dsv
[3.781s] -- Installing: /home/neha/gitjazzy/install/bme_gazebo_sensors/share/bme_gazebo_sensors/local_setup.bash
[3.781s] -- Installing: /home/neha/gitjazzy/install/bme_gazebo_sensors/share/bme_gazebo_sensors/local_setup.sh
[3.781s] -- Installing: /home/neha/gitjazzy/install/bme_gazebo_sensors/share/bme_gazebo_sensors/local_setup.zsh
[3.782s] -- Installing: /home/neha/gitjazzy/install/bme_gazebo_sensors/share/bme_gazebo_sensors/local_setup.dsv
[3.782s] -- Installing: /home/neha/gitjazzy/install/bme_gazebo_sensors/share/bme_gazebo_sensors/package.dsv
[3.782s] -- Installing: /home/neha/gitjazzy/install/bme_gazebo_sensors/share/ament_index/resource_index/packages/bme_gazebo_sensors
[3.783s] -- Installing: /home/neha/gitjazzy/install/bme_gazebo_sensors/share/bme_gazebo_sensors/cmake/bme_gazebo_sensorsConfig.cmake
[3.784s] -- Installing: /home/neha/gitjazzy/install/bme_gazebo_sensors/share/bme_gazebo_sensors/cmake/bme_gazebo_sensorsConfig-version.cmake
[3.784s] -- Installing: /home/neha/gitjazzy/install/bme_gazebo_sensors/share/bme_gazebo_sensors/package.xml
[3.788s] Invoked command in '/home/neha/gitjazzy/build/bme_gazebo_sensors' returned '0': CMAKE_PREFIX_PATH=${CMAKE_PREFIX_PATH}:/opt/ros/jazzy /usr/bin/cmake --install /home/neha/gitjazzy/build/bme_gazebo_sensors
