[0.177s] DEBUG:colcon:Command line arguments: ['/usr/bin/colcon', 'build']
[0.177s] DEBUG:colcon:Parsed command line arguments: Namespace(log_base=None, log_level=None, verb_name='build', build_base='build', install_base='install', merge_install=False, symlink_install=False, test_result_base=None, continue_on_error=False, executor='parallel', parallel_workers=8, event_handlers=None, ignore_user_meta=False, metas=['./colcon.meta'], base_paths=['.'], packages_ignore=None, packages_ignore_regex=None, paths=None, packages_up_to=None, packages_up_to_regex=None, packages_above=None, packages_above_and_dependencies=None, packages_above_depth=None, packages_select_by_dep=None, packages_skip_by_dep=None, packages_skip_up_to=None, packages_select_build_failed=False, packages_skip_build_finished=False, packages_select_test_failures=False, packages_skip_test_passed=False, packages_select=None, packages_skip=None, packages_select_regex=None, packages_skip_regex=None, packages_start=None, packages_end=None, cmake_args=None, cmake_target=None, cmake_target_skip_unavailable=False, cmake_clean_cache=False, cmake_clean_first=False, cmake_force_configure=False, ament_cmake_args=None, catkin_cmake_args=None, catkin_skip_building_tests=False, verb_parser=<colcon_defaults.argument_parser.defaults.DefaultArgumentsDecorator object at 0x7f34017510d0>, verb_extension=<colcon_core.verb.build.BuildVerb object at 0x7f3401750f80>, main=<bound method BuildVerb.main of <colcon_core.verb.build.BuildVerb object at 0x7f3401750f80>>)
[0.220s] Level 1:colcon.colcon_core.package_discovery:discover_packages(colcon_meta) check parameters
[0.220s] Level 1:colcon.colcon_core.package_discovery:discover_packages(recursive) check parameters
[0.220s] Level 1:colcon.colcon_core.package_discovery:discover_packages(ignore) check parameters
[0.220s] Level 1:colcon.colcon_core.package_discovery:discover_packages(path) check parameters
[0.221s] Level 1:colcon.colcon_core.package_discovery:discover_packages(colcon_meta) discover
[0.221s] Level 1:colcon.colcon_core.package_discovery:discover_packages(recursive) discover
[0.221s] INFO:colcon.colcon_core.package_discovery:Crawling recursively for packages in '/home/neha/gitjazzy/src'
[0.221s] Level 1:colcon.colcon_core.package_identification:_identify(.) by extensions ['ignore', 'ignore_ament_install']
[0.221s] Level 1:colcon.colcon_core.package_identification:_identify(.) by extension 'ignore'
[0.221s] Level 1:colcon.colcon_core.package_identification:_identify(.) by extension 'ignore_ament_install'
[0.221s] Level 1:colcon.colcon_core.package_identification:_identify(.) by extensions ['colcon_pkg']
[0.221s] Level 1:colcon.colcon_core.package_identification:_identify(.) by extension 'colcon_pkg'
[0.221s] Level 1:colcon.colcon_core.package_identification:_identify(.) by extensions ['colcon_meta']
[0.221s] Level 1:colcon.colcon_core.package_identification:_identify(.) by extension 'colcon_meta'
[0.221s] Level 1:colcon.colcon_core.package_identification:_identify(.) by extensions ['ros']
[0.221s] Level 1:colcon.colcon_core.package_identification:_identify(.) by extension 'ros'
[0.249s] Level 1:colcon.colcon_core.package_identification:_identify(.) by extensions ['cmake', 'python']
[0.249s] Level 1:colcon.colcon_core.package_identification:_identify(.) by extension 'cmake'
[0.249s] Level 1:colcon.colcon_core.package_identification:_identify(.) by extension 'python'
[0.249s] Level 1:colcon.colcon_core.package_identification:_identify(.) by extensions ['python_setup_py']
[0.249s] Level 1:colcon.colcon_core.package_identification:_identify(.) by extension 'python_setup_py'
[0.249s] Level 1:colcon.colcon_core.package_identification:_identify(Week-3-4-Gazebo-basics) by extensions ['ignore', 'ignore_ament_install']
[0.249s] Level 1:colcon.colcon_core.package_identification:_identify(Week-3-4-Gazebo-basics) by extension 'ignore'
[0.249s] Level 1:colcon.colcon_core.package_identification:_identify(Week-3-4-Gazebo-basics) by extension 'ignore_ament_install'
[0.249s] Level 1:colcon.colcon_core.package_identification:_identify(Week-3-4-Gazebo-basics) by extensions ['colcon_pkg']
[0.249s] Level 1:colcon.colcon_core.package_identification:_identify(Week-3-4-Gazebo-basics) by extension 'colcon_pkg'
[0.250s] Level 1:colcon.colcon_core.package_identification:_identify(Week-3-4-Gazebo-basics) by extensions ['colcon_meta']
[0.250s] Level 1:colcon.colcon_core.package_identification:_identify(Week-3-4-Gazebo-basics) by extension 'colcon_meta'
[0.250s] Level 1:colcon.colcon_core.package_identification:_identify(Week-3-4-Gazebo-basics) by extensions ['ros']
[0.250s] Level 1:colcon.colcon_core.package_identification:_identify(Week-3-4-Gazebo-basics) by extension 'ros'
[0.250s] Level 1:colcon.colcon_core.package_identification:_identify(Week-3-4-Gazebo-basics) by extensions ['cmake', 'python']
[0.250s] Level 1:colcon.colcon_core.package_identification:_identify(Week-3-4-Gazebo-basics) by extension 'cmake'
[0.250s] Level 1:colcon.colcon_core.package_identification:_identify(Week-3-4-Gazebo-basics) by extension 'python'
[0.250s] Level 1:colcon.colcon_core.package_identification:_identify(Week-3-4-Gazebo-basics) by extensions ['python_setup_py']
[0.250s] Level 1:colcon.colcon_core.package_identification:_identify(Week-3-4-Gazebo-basics) by extension 'python_setup_py'
[0.250s] Level 1:colcon.colcon_core.package_identification:_identify(Week-3-4-Gazebo-basics/assets) by extensions ['ignore', 'ignore_ament_install']
[0.250s] Level 1:colcon.colcon_core.package_identification:_identify(Week-3-4-Gazebo-basics/assets) by extension 'ignore'
[0.250s] Level 1:colcon.colcon_core.package_identification:_identify(Week-3-4-Gazebo-basics/assets) by extension 'ignore_ament_install'
[0.250s] Level 1:colcon.colcon_core.package_identification:_identify(Week-3-4-Gazebo-basics/assets) by extensions ['colcon_pkg']
[0.250s] Level 1:colcon.colcon_core.package_identification:_identify(Week-3-4-Gazebo-basics/assets) by extension 'colcon_pkg'
[0.250s] Level 1:colcon.colcon_core.package_identification:_identify(Week-3-4-Gazebo-basics/assets) by extensions ['colcon_meta']
[0.250s] Level 1:colcon.colcon_core.package_identification:_identify(Week-3-4-Gazebo-basics/assets) by extension 'colcon_meta'
[0.250s] Level 1:colcon.colcon_core.package_identification:_identify(Week-3-4-Gazebo-basics/assets) by extensions ['ros']
[0.251s] Level 1:colcon.colcon_core.package_identification:_identify(Week-3-4-Gazebo-basics/assets) by extension 'ros'
[0.251s] Level 1:colcon.colcon_core.package_identification:_identify(Week-3-4-Gazebo-basics/assets) by extensions ['cmake', 'python']
[0.251s] Level 1:colcon.colcon_core.package_identification:_identify(Week-3-4-Gazebo-basics/assets) by extension 'cmake'
[0.251s] Level 1:colcon.colcon_core.package_identification:_identify(Week-3-4-Gazebo-basics/assets) by extension 'python'
[0.251s] Level 1:colcon.colcon_core.package_identification:_identify(Week-3-4-Gazebo-basics/assets) by extensions ['python_setup_py']
[0.251s] Level 1:colcon.colcon_core.package_identification:_identify(Week-3-4-Gazebo-basics/assets) by extension 'python_setup_py'
[0.251s] Level 1:colcon.colcon_core.package_identification:_identify(Week-3-4-Gazebo-basics/bme_gazebo_basics) by extensions ['ignore', 'ignore_ament_install']
[0.251s] Level 1:colcon.colcon_core.package_identification:_identify(Week-3-4-Gazebo-basics/bme_gazebo_basics) by extension 'ignore'
[0.251s] Level 1:colcon.colcon_core.package_identification:_identify(Week-3-4-Gazebo-basics/bme_gazebo_basics) by extension 'ignore_ament_install'
[0.251s] Level 1:colcon.colcon_core.package_identification:_identify(Week-3-4-Gazebo-basics/bme_gazebo_basics) by extensions ['colcon_pkg']
[0.251s] Level 1:colcon.colcon_core.package_identification:_identify(Week-3-4-Gazebo-basics/bme_gazebo_basics) by extension 'colcon_pkg'
[0.251s] Level 1:colcon.colcon_core.package_identification:_identify(Week-3-4-Gazebo-basics/bme_gazebo_basics) by extensions ['colcon_meta']
[0.251s] Level 1:colcon.colcon_core.package_identification:_identify(Week-3-4-Gazebo-basics/bme_gazebo_basics) by extension 'colcon_meta'
[0.251s] Level 1:colcon.colcon_core.package_identification:_identify(Week-3-4-Gazebo-basics/bme_gazebo_basics) by extensions ['ros']
[0.251s] Level 1:colcon.colcon_core.package_identification:_identify(Week-3-4-Gazebo-basics/bme_gazebo_basics) by extension 'ros'
[0.254s] DEBUG:colcon.colcon_core.package_identification:Package 'Week-3-4-Gazebo-basics/bme_gazebo_basics' with type 'ros.ament_cmake' and name 'bme_gazebo_basics'
[0.254s] Level 1:colcon.colcon_core.package_identification:_identify(Week-5-6-Gazebo-sensors) by extensions ['ignore', 'ignore_ament_install']
[0.254s] Level 1:colcon.colcon_core.package_identification:_identify(Week-5-6-Gazebo-sensors) by extension 'ignore'
[0.254s] Level 1:colcon.colcon_core.package_identification:_identify(Week-5-6-Gazebo-sensors) by extension 'ignore_ament_install'
[0.254s] Level 1:colcon.colcon_core.package_identification:_identify(Week-5-6-Gazebo-sensors) by extensions ['colcon_pkg']
[0.254s] Level 1:colcon.colcon_core.package_identification:_identify(Week-5-6-Gazebo-sensors) by extension 'colcon_pkg'
[0.254s] Level 1:colcon.colcon_core.package_identification:_identify(Week-5-6-Gazebo-sensors) by extensions ['colcon_meta']
[0.254s] Level 1:colcon.colcon_core.package_identification:_identify(Week-5-6-Gazebo-sensors) by extension 'colcon_meta'
[0.254s] Level 1:colcon.colcon_core.package_identification:_identify(Week-5-6-Gazebo-sensors) by extensions ['ros']
[0.254s] Level 1:colcon.colcon_core.package_identification:_identify(Week-5-6-Gazebo-sensors) by extension 'ros'
[0.254s] Level 1:colcon.colcon_core.package_identification:_identify(Week-5-6-Gazebo-sensors) by extensions ['cmake', 'python']
[0.255s] Level 1:colcon.colcon_core.package_identification:_identify(Week-5-6-Gazebo-sensors) by extension 'cmake'
[0.255s] Level 1:colcon.colcon_core.package_identification:_identify(Week-5-6-Gazebo-sensors) by extension 'python'
[0.255s] Level 1:colcon.colcon_core.package_identification:_identify(Week-5-6-Gazebo-sensors) by extensions ['python_setup_py']
[0.255s] Level 1:colcon.colcon_core.package_identification:_identify(Week-5-6-Gazebo-sensors) by extension 'python_setup_py'
[0.255s] Level 1:colcon.colcon_core.package_identification:_identify(Week-5-6-Gazebo-sensors/assets) by extensions ['ignore', 'ignore_ament_install']
[0.255s] Level 1:colcon.colcon_core.package_identification:_identify(Week-5-6-Gazebo-sensors/assets) by extension 'ignore'
[0.255s] Level 1:colcon.colcon_core.package_identification:_identify(Week-5-6-Gazebo-sensors/assets) by extension 'ignore_ament_install'
[0.255s] Level 1:colcon.colcon_core.package_identification:_identify(Week-5-6-Gazebo-sensors/assets) by extensions ['colcon_pkg']
[0.255s] Level 1:colcon.colcon_core.package_identification:_identify(Week-5-6-Gazebo-sensors/assets) by extension 'colcon_pkg'
[0.255s] Level 1:colcon.colcon_core.package_identification:_identify(Week-5-6-Gazebo-sensors/assets) by extensions ['colcon_meta']
[0.255s] Level 1:colcon.colcon_core.package_identification:_identify(Week-5-6-Gazebo-sensors/assets) by extension 'colcon_meta'
[0.255s] Level 1:colcon.colcon_core.package_identification:_identify(Week-5-6-Gazebo-sensors/assets) by extensions ['ros']
[0.255s] Level 1:colcon.colcon_core.package_identification:_identify(Week-5-6-Gazebo-sensors/assets) by extension 'ros'
[0.255s] Level 1:colcon.colcon_core.package_identification:_identify(Week-5-6-Gazebo-sensors/assets) by extensions ['cmake', 'python']
[0.256s] Level 1:colcon.colcon_core.package_identification:_identify(Week-5-6-Gazebo-sensors/assets) by extension 'cmake'
[0.256s] Level 1:colcon.colcon_core.package_identification:_identify(Week-5-6-Gazebo-sensors/assets) by extension 'python'
[0.256s] Level 1:colcon.colcon_core.package_identification:_identify(Week-5-6-Gazebo-sensors/assets) by extensions ['python_setup_py']
[0.256s] Level 1:colcon.colcon_core.package_identification:_identify(Week-5-6-Gazebo-sensors/assets) by extension 'python_setup_py'
[0.256s] Level 1:colcon.colcon_core.package_identification:_identify(Week-5-6-Gazebo-sensors/bme_gazebo_sensors) by extensions ['ignore', 'ignore_ament_install']
[0.256s] Level 1:colcon.colcon_core.package_identification:_identify(Week-5-6-Gazebo-sensors/bme_gazebo_sensors) by extension 'ignore'
[0.256s] Level 1:colcon.colcon_core.package_identification:_identify(Week-5-6-Gazebo-sensors/bme_gazebo_sensors) by extension 'ignore_ament_install'
[0.256s] Level 1:colcon.colcon_core.package_identification:_identify(Week-5-6-Gazebo-sensors/bme_gazebo_sensors) by extensions ['colcon_pkg']
[0.256s] Level 1:colcon.colcon_core.package_identification:_identify(Week-5-6-Gazebo-sensors/bme_gazebo_sensors) by extension 'colcon_pkg'
[0.256s] Level 1:colcon.colcon_core.package_identification:_identify(Week-5-6-Gazebo-sensors/bme_gazebo_sensors) by extensions ['colcon_meta']
[0.256s] Level 1:colcon.colcon_core.package_identification:_identify(Week-5-6-Gazebo-sensors/bme_gazebo_sensors) by extension 'colcon_meta'
[0.256s] Level 1:colcon.colcon_core.package_identification:_identify(Week-5-6-Gazebo-sensors/bme_gazebo_sensors) by extensions ['ros']
[0.256s] Level 1:colcon.colcon_core.package_identification:_identify(Week-5-6-Gazebo-sensors/bme_gazebo_sensors) by extension 'ros'
[0.257s] DEBUG:colcon.colcon_core.package_identification:Package 'Week-5-6-Gazebo-sensors/bme_gazebo_sensors' with type 'ros.ament_cmake' and name 'bme_gazebo_sensors'
[0.257s] Level 1:colcon.colcon_core.package_identification:_identify(Week-5-6-Gazebo-sensors/bme_gazebo_sensors_py) by extensions ['ignore', 'ignore_ament_install']
[0.257s] Level 1:colcon.colcon_core.package_identification:_identify(Week-5-6-Gazebo-sensors/bme_gazebo_sensors_py) by extension 'ignore'
[0.257s] Level 1:colcon.colcon_core.package_identification:_identify(Week-5-6-Gazebo-sensors/bme_gazebo_sensors_py) by extension 'ignore_ament_install'
[0.257s] Level 1:colcon.colcon_core.package_identification:_identify(Week-5-6-Gazebo-sensors/bme_gazebo_sensors_py) by extensions ['colcon_pkg']
[0.257s] Level 1:colcon.colcon_core.package_identification:_identify(Week-5-6-Gazebo-sensors/bme_gazebo_sensors_py) by extension 'colcon_pkg'
[0.258s] Level 1:colcon.colcon_core.package_identification:_identify(Week-5-6-Gazebo-sensors/bme_gazebo_sensors_py) by extensions ['colcon_meta']
[0.258s] Level 1:colcon.colcon_core.package_identification:_identify(Week-5-6-Gazebo-sensors/bme_gazebo_sensors_py) by extension 'colcon_meta'
[0.258s] Level 1:colcon.colcon_core.package_identification:_identify(Week-5-6-Gazebo-sensors/bme_gazebo_sensors_py) by extensions ['ros']
[0.258s] Level 1:colcon.colcon_core.package_identification:_identify(Week-5-6-Gazebo-sensors/bme_gazebo_sensors_py) by extension 'ros'
[0.258s] DEBUG:colcon.colcon_core.package_identification:Package 'Week-5-6-Gazebo-sensors/bme_gazebo_sensors_py' with type 'ros.ament_python' and name 'bme_gazebo_sensors_py'
[0.258s] Level 1:colcon.colcon_core.package_identification:_identify(build) by extensions ['ignore', 'ignore_ament_install']
[0.258s] Level 1:colcon.colcon_core.package_identification:_identify(build) by extension 'ignore'
[0.258s] Level 1:colcon.colcon_core.package_identification:_identify(build) ignored
[0.259s] Level 1:colcon.colcon_core.package_identification:_identify(install) by extensions ['ignore', 'ignore_ament_install']
[0.259s] Level 1:colcon.colcon_core.package_identification:_identify(install) by extension 'ignore'
[0.259s] Level 1:colcon.colcon_core.package_identification:_identify(install) ignored
[0.259s] Level 1:colcon.colcon_core.package_identification:_identify(log) by extensions ['ignore', 'ignore_ament_install']
[0.259s] Level 1:colcon.colcon_core.package_identification:_identify(log) by extension 'ignore'
[0.259s] Level 1:colcon.colcon_core.package_identification:_identify(log) ignored
[0.259s] Level 1:colcon.colcon_core.package_discovery:discover_packages(recursive) using defaults
[0.259s] Level 1:colcon.colcon_core.package_discovery:discover_packages(ignore) discover
[0.259s] Level 1:colcon.colcon_core.package_discovery:discover_packages(ignore) using defaults
[0.259s] Level 1:colcon.colcon_core.package_discovery:discover_packages(path) discover
[0.259s] Level 1:colcon.colcon_core.package_discovery:discover_packages(path) using defaults
[0.280s] Level 5:colcon.colcon_core.verb:set package 'bme_gazebo_basics' build argument 'cmake_args' from command line to 'None'
[0.281s] Level 5:colcon.colcon_core.verb:set package 'bme_gazebo_basics' build argument 'cmake_target' from command line to 'None'
[0.281s] Level 5:colcon.colcon_core.verb:set package 'bme_gazebo_basics' build argument 'cmake_target_skip_unavailable' from command line to 'False'
[0.281s] Level 5:colcon.colcon_core.verb:set package 'bme_gazebo_basics' build argument 'cmake_clean_cache' from command line to 'False'
[0.281s] Level 5:colcon.colcon_core.verb:set package 'bme_gazebo_basics' build argument 'cmake_clean_first' from command line to 'False'
[0.281s] Level 5:colcon.colcon_core.verb:set package 'bme_gazebo_basics' build argument 'cmake_force_configure' from command line to 'False'
[0.281s] Level 5:colcon.colcon_core.verb:set package 'bme_gazebo_basics' build argument 'ament_cmake_args' from command line to 'None'
[0.281s] Level 5:colcon.colcon_core.verb:set package 'bme_gazebo_basics' build argument 'catkin_cmake_args' from command line to 'None'
[0.281s] Level 5:colcon.colcon_core.verb:set package 'bme_gazebo_basics' build argument 'catkin_skip_building_tests' from command line to 'False'
[0.281s] DEBUG:colcon.colcon_core.verb:Building package 'bme_gazebo_basics' with the following arguments: {'ament_cmake_args': None, 'build_base': '/home/neha/gitjazzy/src/build/bme_gazebo_basics', 'catkin_cmake_args': None, 'catkin_skip_building_tests': False, 'cmake_args': None, 'cmake_clean_cache': False, 'cmake_clean_first': False, 'cmake_force_configure': False, 'cmake_target': None, 'cmake_target_skip_unavailable': False, 'install_base': '/home/neha/gitjazzy/src/install/bme_gazebo_basics', 'merge_install': False, 'path': '/home/neha/gitjazzy/src/Week-3-4-Gazebo-basics/bme_gazebo_basics', 'symlink_install': False, 'test_result_base': None}
[0.281s] Level 5:colcon.colcon_core.verb:set package 'bme_gazebo_sensors' build argument 'cmake_args' from command line to 'None'
[0.281s] Level 5:colcon.colcon_core.verb:set package 'bme_gazebo_sensors' build argument 'cmake_target' from command line to 'None'
[0.281s] Level 5:colcon.colcon_core.verb:set package 'bme_gazebo_sensors' build argument 'cmake_target_skip_unavailable' from command line to 'False'
[0.281s] Level 5:colcon.colcon_core.verb:set package 'bme_gazebo_sensors' build argument 'cmake_clean_cache' from command line to 'False'
[0.281s] Level 5:colcon.colcon_core.verb:set package 'bme_gazebo_sensors' build argument 'cmake_clean_first' from command line to 'False'
[0.281s] Level 5:colcon.colcon_core.verb:set package 'bme_gazebo_sensors' build argument 'cmake_force_configure' from command line to 'False'
[0.281s] Level 5:colcon.colcon_core.verb:set package 'bme_gazebo_sensors' build argument 'ament_cmake_args' from command line to 'None'
[0.281s] Level 5:colcon.colcon_core.verb:set package 'bme_gazebo_sensors' build argument 'catkin_cmake_args' from command line to 'None'
[0.281s] Level 5:colcon.colcon_core.verb:set package 'bme_gazebo_sensors' build argument 'catkin_skip_building_tests' from command line to 'False'
[0.281s] DEBUG:colcon.colcon_core.verb:Building package 'bme_gazebo_sensors' with the following arguments: {'ament_cmake_args': None, 'build_base': '/home/neha/gitjazzy/src/build/bme_gazebo_sensors', 'catkin_cmake_args': None, 'catkin_skip_building_tests': False, 'cmake_args': None, 'cmake_clean_cache': False, 'cmake_clean_first': False, 'cmake_force_configure': False, 'cmake_target': None, 'cmake_target_skip_unavailable': False, 'install_base': '/home/neha/gitjazzy/src/install/bme_gazebo_sensors', 'merge_install': False, 'path': '/home/neha/gitjazzy/src/Week-5-6-Gazebo-sensors/bme_gazebo_sensors', 'symlink_install': False, 'test_result_base': None}
[0.282s] Level 5:colcon.colcon_core.verb:set package 'bme_gazebo_sensors_py' build argument 'cmake_args' from command line to 'None'
[0.282s] Level 5:colcon.colcon_core.verb:set package 'bme_gazebo_sensors_py' build argument 'cmake_target' from command line to 'None'
[0.282s] Level 5:colcon.colcon_core.verb:set package 'bme_gazebo_sensors_py' build argument 'cmake_target_skip_unavailable' from command line to 'False'
[0.282s] Level 5:colcon.colcon_core.verb:set package 'bme_gazebo_sensors_py' build argument 'cmake_clean_cache' from command line to 'False'
[0.282s] Level 5:colcon.colcon_core.verb:set package 'bme_gazebo_sensors_py' build argument 'cmake_clean_first' from command line to 'False'
[0.282s] Level 5:colcon.colcon_core.verb:set package 'bme_gazebo_sensors_py' build argument 'cmake_force_configure' from command line to 'False'
[0.282s] Level 5:colcon.colcon_core.verb:set package 'bme_gazebo_sensors_py' build argument 'ament_cmake_args' from command line to 'None'
[0.282s] Level 5:colcon.colcon_core.verb:set package 'bme_gazebo_sensors_py' build argument 'catkin_cmake_args' from command line to 'None'
[0.282s] Level 5:colcon.colcon_core.verb:set package 'bme_gazebo_sensors_py' build argument 'catkin_skip_building_tests' from command line to 'False'
[0.282s] DEBUG:colcon.colcon_core.verb:Building package 'bme_gazebo_sensors_py' with the following arguments: {'ament_cmake_args': None, 'build_base': '/home/neha/gitjazzy/src/build/bme_gazebo_sensors_py', 'catkin_cmake_args': None, 'catkin_skip_building_tests': False, 'cmake_args': None, 'cmake_clean_cache': False, 'cmake_clean_first': False, 'cmake_force_configure': False, 'cmake_target': None, 'cmake_target_skip_unavailable': False, 'install_base': '/home/neha/gitjazzy/src/install/bme_gazebo_sensors_py', 'merge_install': False, 'path': '/home/neha/gitjazzy/src/Week-5-6-Gazebo-sensors/bme_gazebo_sensors_py', 'symlink_install': False, 'test_result_base': None}
[0.282s] INFO:colcon.colcon_core.executor:Executing jobs using 'parallel' executor
[0.283s] DEBUG:colcon.colcon_parallel_executor.executor.parallel:run_until_complete
[0.284s] INFO:colcon.colcon_ros.task.ament_cmake.build:Building ROS package in '/home/neha/gitjazzy/src/Week-3-4-Gazebo-basics/bme_gazebo_basics' with build type 'ament_cmake'
[0.284s] INFO:colcon.colcon_cmake.task.cmake.build:Building CMake package in '/home/neha/gitjazzy/src/Week-3-4-Gazebo-basics/bme_gazebo_basics'
[0.287s] INFO:colcon.colcon_core.plugin_system:Skipping extension 'colcon_core.shell.bat': Not used on non-Windows systems
[0.287s] DEBUG:colcon.colcon_core.shell:Skip shell extension 'dsv' for command environment
[0.295s] INFO:colcon.colcon_ros.task.ament_cmake.build:Building ROS package in '/home/neha/gitjazzy/src/Week-5-6-Gazebo-sensors/bme_gazebo_sensors' with build type 'ament_cmake'
[0.295s] INFO:colcon.colcon_cmake.task.cmake.build:Building CMake package in '/home/neha/gitjazzy/src/Week-5-6-Gazebo-sensors/bme_gazebo_sensors'
[0.295s] DEBUG:colcon.colcon_core.shell:Skip shell extension 'dsv' for command environment
[0.300s] INFO:colcon.colcon_ros.task.ament_python.build:Building ROS package in '/home/neha/gitjazzy/src/Week-5-6-Gazebo-sensors/bme_gazebo_sensors_py' with build type 'ament_python'
[0.301s] Level 1:colcon.colcon_core.shell:create_environment_hook('bme_gazebo_sensors_py', 'ament_prefix_path')
[0.302s] INFO:colcon.colcon_core.shell:Creating environment descriptor '/home/neha/gitjazzy/src/install/bme_gazebo_sensors_py/share/bme_gazebo_sensors_py/hook/ament_prefix_path.dsv'
[0.304s] INFO:colcon.colcon_core.shell:Creating environment hook '/home/neha/gitjazzy/src/install/bme_gazebo_sensors_py/share/bme_gazebo_sensors_py/hook/ament_prefix_path.sh'
[0.305s] DEBUG:colcon.colcon_core.shell:Skip shell extension 'dsv' for command environment
[0.318s] DEBUG:colcon.colcon_core.event_handler.log_command:Invoking command in '/home/neha/gitjazzy/src/build/bme_gazebo_basics': CMAKE_PREFIX_PATH=${CMAKE_PREFIX_PATH}:/home/neha/gitjazzy/src/install/bme_gazebo_sensors_py:/home/neha/gitjazzy/install/mogi_trajectory_server:/opt/ros/jazzy /usr/bin/cmake --build /home/neha/gitjazzy/src/build/bme_gazebo_basics -- -j8 -l8
[0.330s] DEBUG:colcon.colcon_core.event_handler.log_command:Invoking command in '/home/neha/gitjazzy/src/build/bme_gazebo_sensors': CMAKE_PREFIX_PATH=${CMAKE_PREFIX_PATH}:/home/neha/gitjazzy/src/install/bme_gazebo_sensors_py:/home/neha/gitjazzy/install/mogi_trajectory_server:/opt/ros/jazzy /usr/bin/cmake --build /home/neha/gitjazzy/src/build/bme_gazebo_sensors -- -j8 -l8
[0.607s] INFO:colcon.colcon_core.task.python.build:Building Python package in '/home/neha/gitjazzy/src/Week-5-6-Gazebo-sensors/bme_gazebo_sensors_py'
[0.608s] DEBUG:colcon.colcon_core.shell:Skip shell extension 'dsv' for command environment
[0.616s] DEBUG:colcon.colcon_core.event_handler.log_command:Invoked command in '/home/neha/gitjazzy/src/build/bme_gazebo_sensors' returned '0': CMAKE_PREFIX_PATH=${CMAKE_PREFIX_PATH}:/home/neha/gitjazzy/src/install/bme_gazebo_sensors_py:/home/neha/gitjazzy/install/mogi_trajectory_server:/opt/ros/jazzy /usr/bin/cmake --build /home/neha/gitjazzy/src/build/bme_gazebo_sensors -- -j8 -l8
[0.635s] DEBUG:colcon.colcon_core.event_handler.log_command:Invoking command in '/home/neha/gitjazzy/src/build/bme_gazebo_sensors': CMAKE_PREFIX_PATH=${CMAKE_PREFIX_PATH}:/home/neha/gitjazzy/src/install/bme_gazebo_sensors_py:/home/neha/gitjazzy/install/mogi_trajectory_server:/opt/ros/jazzy /usr/bin/cmake --install /home/neha/gitjazzy/src/build/bme_gazebo_sensors
[0.635s] DEBUG:colcon.colcon_core.event_handler.log_command:Invoked command in '/home/neha/gitjazzy/src/build/bme_gazebo_basics' returned '0': CMAKE_PREFIX_PATH=${CMAKE_PREFIX_PATH}:/home/neha/gitjazzy/src/install/bme_gazebo_sensors_py:/home/neha/gitjazzy/install/mogi_trajectory_server:/opt/ros/jazzy /usr/bin/cmake --build /home/neha/gitjazzy/src/build/bme_gazebo_basics -- -j8 -l8
[0.639s] DEBUG:colcon.colcon_core.event_handler.log_command:Invoking command in '/home/neha/gitjazzy/src/build/bme_gazebo_basics': CMAKE_PREFIX_PATH=${CMAKE_PREFIX_PATH}:/home/neha/gitjazzy/src/install/bme_gazebo_sensors_py:/home/neha/gitjazzy/install/mogi_trajectory_server:/opt/ros/jazzy /usr/bin/cmake --install /home/neha/gitjazzy/src/build/bme_gazebo_basics
[0.661s] Level 1:colcon.colcon_core.environment:create_environment_scripts_only(bme_gazebo_sensors)
[0.671s] Level 1:colcon.colcon_core.environment:checking '/home/neha/gitjazzy/src/install/bme_gazebo_sensors' for CMake module files
[0.675s] Level 1:colcon.colcon_core.environment:checking '/home/neha/gitjazzy/src/install/bme_gazebo_sensors' for CMake config files
[0.681s] DEBUG:colcon.colcon_core.event_handler.log_command:Invoked command in '/home/neha/gitjazzy/src/build/bme_gazebo_sensors' returned '0': CMAKE_PREFIX_PATH=${CMAKE_PREFIX_PATH}:/home/neha/gitjazzy/src/install/bme_gazebo_sensors_py:/home/neha/gitjazzy/install/mogi_trajectory_server:/opt/ros/jazzy /usr/bin/cmake --install /home/neha/gitjazzy/src/build/bme_gazebo_sensors
[0.681s] Level 1:colcon.colcon_core.shell:create_environment_hook('bme_gazebo_sensors', 'cmake_prefix_path')
[0.682s] INFO:colcon.colcon_core.shell:Creating environment descriptor '/home/neha/gitjazzy/src/install/bme_gazebo_sensors/share/bme_gazebo_sensors/hook/cmake_prefix_path.dsv'
[0.682s] INFO:colcon.colcon_core.shell:Creating environment hook '/home/neha/gitjazzy/src/install/bme_gazebo_sensors/share/bme_gazebo_sensors/hook/cmake_prefix_path.sh'
[0.683s] Level 1:colcon.colcon_core.environment:checking '/home/neha/gitjazzy/src/install/bme_gazebo_sensors/bin'
[0.683s] Level 1:colcon.colcon_core.environment:checking '/home/neha/gitjazzy/src/install/bme_gazebo_sensors/lib/pkgconfig/bme_gazebo_sensors.pc'
[0.684s] Level 1:colcon.colcon_core.environment:checking '/home/neha/gitjazzy/src/install/bme_gazebo_sensors/lib/python3.12/site-packages'
[0.684s] Level 1:colcon.colcon_core.environment:checking '/home/neha/gitjazzy/src/install/bme_gazebo_sensors/bin'
[0.684s] INFO:colcon.colcon_core.shell:Creating package descriptor '/home/neha/gitjazzy/src/install/bme_gazebo_sensors/share/bme_gazebo_sensors/package.dsv'
[0.685s] INFO:colcon.colcon_core.shell:Creating package script '/home/neha/gitjazzy/src/install/bme_gazebo_sensors/share/bme_gazebo_sensors/package.sh'
[0.686s] INFO:colcon.colcon_core.shell:Creating package script '/home/neha/gitjazzy/src/install/bme_gazebo_sensors/share/bme_gazebo_sensors/package.bash'
[0.687s] INFO:colcon.colcon_core.shell:Creating package script '/home/neha/gitjazzy/src/install/bme_gazebo_sensors/share/bme_gazebo_sensors/package.zsh'
[0.687s] Level 1:colcon.colcon_core.environment:create_file_with_runtime_dependencies(/home/neha/gitjazzy/src/install/bme_gazebo_sensors/share/colcon-core/packages/bme_gazebo_sensors)
[0.688s] Level 1:colcon.colcon_core.environment:create_environment_scripts_only(bme_gazebo_sensors)
[0.688s] Level 1:colcon.colcon_core.environment:checking '/home/neha/gitjazzy/src/install/bme_gazebo_sensors' for CMake module files
[0.689s] Level 1:colcon.colcon_core.environment:checking '/home/neha/gitjazzy/src/install/bme_gazebo_sensors' for CMake config files
[0.689s] Level 1:colcon.colcon_core.shell:create_environment_hook('bme_gazebo_sensors', 'cmake_prefix_path')
[0.690s] INFO:colcon.colcon_core.shell:Creating environment descriptor '/home/neha/gitjazzy/src/install/bme_gazebo_sensors/share/bme_gazebo_sensors/hook/cmake_prefix_path.dsv'
[0.690s] INFO:colcon.colcon_core.shell:Creating environment hook '/home/neha/gitjazzy/src/install/bme_gazebo_sensors/share/bme_gazebo_sensors/hook/cmake_prefix_path.sh'
[0.691s] Level 1:colcon.colcon_core.environment:checking '/home/neha/gitjazzy/src/install/bme_gazebo_sensors/bin'
[0.691s] Level 1:colcon.colcon_core.environment:checking '/home/neha/gitjazzy/src/install/bme_gazebo_sensors/lib/pkgconfig/bme_gazebo_sensors.pc'
[0.691s] Level 1:colcon.colcon_core.environment:checking '/home/neha/gitjazzy/src/install/bme_gazebo_sensors/lib/python3.12/site-packages'
[0.691s] Level 1:colcon.colcon_core.environment:checking '/home/neha/gitjazzy/src/install/bme_gazebo_sensors/bin'
[0.692s] INFO:colcon.colcon_core.shell:Creating package descriptor '/home/neha/gitjazzy/src/install/bme_gazebo_sensors/share/bme_gazebo_sensors/package.dsv'
[0.692s] INFO:colcon.colcon_core.shell:Creating package script '/home/neha/gitjazzy/src/install/bme_gazebo_sensors/share/bme_gazebo_sensors/package.sh'
[0.693s] INFO:colcon.colcon_core.shell:Creating package script '/home/neha/gitjazzy/src/install/bme_gazebo_sensors/share/bme_gazebo_sensors/package.bash'
[0.693s] INFO:colcon.colcon_core.shell:Creating package script '/home/neha/gitjazzy/src/install/bme_gazebo_sensors/share/bme_gazebo_sensors/package.zsh'
[0.694s] Level 1:colcon.colcon_core.environment:create_file_with_runtime_dependencies(/home/neha/gitjazzy/src/install/bme_gazebo_sensors/share/colcon-core/packages/bme_gazebo_sensors)
[0.695s] Level 1:colcon.colcon_core.environment:create_environment_scripts_only(bme_gazebo_basics)
[0.695s] Level 1:colcon.colcon_core.environment:checking '/home/neha/gitjazzy/src/install/bme_gazebo_basics' for CMake module files
[0.698s] Level 1:colcon.colcon_core.environment:checking '/home/neha/gitjazzy/src/install/bme_gazebo_basics' for CMake config files
[0.699s] DEBUG:colcon.colcon_core.event_handler.log_command:Invoked command in '/home/neha/gitjazzy/src/build/bme_gazebo_basics' returned '0': CMAKE_PREFIX_PATH=${CMAKE_PREFIX_PATH}:/home/neha/gitjazzy/src/install/bme_gazebo_sensors_py:/home/neha/gitjazzy/install/mogi_trajectory_server:/opt/ros/jazzy /usr/bin/cmake --install /home/neha/gitjazzy/src/build/bme_gazebo_basics
[0.700s] Level 1:colcon.colcon_core.shell:create_environment_hook('bme_gazebo_basics', 'cmake_prefix_path')
[0.700s] INFO:colcon.colcon_core.shell:Creating environment descriptor '/home/neha/gitjazzy/src/install/bme_gazebo_basics/share/bme_gazebo_basics/hook/cmake_prefix_path.dsv'
[0.701s] INFO:colcon.colcon_core.shell:Creating environment hook '/home/neha/gitjazzy/src/install/bme_gazebo_basics/share/bme_gazebo_basics/hook/cmake_prefix_path.sh'
[0.702s] Level 1:colcon.colcon_core.environment:checking '/home/neha/gitjazzy/src/install/bme_gazebo_basics/bin'
[0.702s] Level 1:colcon.colcon_core.environment:checking '/home/neha/gitjazzy/src/install/bme_gazebo_basics/lib/pkgconfig/bme_gazebo_basics.pc'
[0.703s] Level 1:colcon.colcon_core.environment:checking '/home/neha/gitjazzy/src/install/bme_gazebo_basics/lib/python3.12/site-packages'
[0.703s] Level 1:colcon.colcon_core.environment:checking '/home/neha/gitjazzy/src/install/bme_gazebo_basics/bin'
[0.703s] INFO:colcon.colcon_core.shell:Creating package descriptor '/home/neha/gitjazzy/src/install/bme_gazebo_basics/share/bme_gazebo_basics/package.dsv'
[0.704s] INFO:colcon.colcon_core.shell:Creating package script '/home/neha/gitjazzy/src/install/bme_gazebo_basics/share/bme_gazebo_basics/package.sh'
[0.705s] INFO:colcon.colcon_core.shell:Creating package script '/home/neha/gitjazzy/src/install/bme_gazebo_basics/share/bme_gazebo_basics/package.bash'
[0.706s] INFO:colcon.colcon_core.shell:Creating package script '/home/neha/gitjazzy/src/install/bme_gazebo_basics/share/bme_gazebo_basics/package.zsh'
[0.706s] Level 1:colcon.colcon_core.environment:create_file_with_runtime_dependencies(/home/neha/gitjazzy/src/install/bme_gazebo_basics/share/colcon-core/packages/bme_gazebo_basics)
[0.707s] Level 1:colcon.colcon_core.environment:create_environment_scripts_only(bme_gazebo_basics)
[0.707s] Level 1:colcon.colcon_core.environment:checking '/home/neha/gitjazzy/src/install/bme_gazebo_basics' for CMake module files
[0.708s] Level 1:colcon.colcon_core.environment:checking '/home/neha/gitjazzy/src/install/bme_gazebo_basics' for CMake config files
[0.708s] Level 1:colcon.colcon_core.shell:create_environment_hook('bme_gazebo_basics', 'cmake_prefix_path')
[0.709s] INFO:colcon.colcon_core.shell:Creating environment descriptor '/home/neha/gitjazzy/src/install/bme_gazebo_basics/share/bme_gazebo_basics/hook/cmake_prefix_path.dsv'
[0.709s] INFO:colcon.colcon_core.shell:Creating environment hook '/home/neha/gitjazzy/src/install/bme_gazebo_basics/share/bme_gazebo_basics/hook/cmake_prefix_path.sh'
[0.710s] Level 1:colcon.colcon_core.environment:checking '/home/neha/gitjazzy/src/install/bme_gazebo_basics/bin'
[0.710s] Level 1:colcon.colcon_core.environment:checking '/home/neha/gitjazzy/src/install/bme_gazebo_basics/lib/pkgconfig/bme_gazebo_basics.pc'
[0.710s] Level 1:colcon.colcon_core.environment:checking '/home/neha/gitjazzy/src/install/bme_gazebo_basics/lib/python3.12/site-packages'
[0.711s] Level 1:colcon.colcon_core.environment:checking '/home/neha/gitjazzy/src/install/bme_gazebo_basics/bin'
[0.711s] INFO:colcon.colcon_core.shell:Creating package descriptor '/home/neha/gitjazzy/src/install/bme_gazebo_basics/share/bme_gazebo_basics/package.dsv'
[0.712s] INFO:colcon.colcon_core.shell:Creating package script '/home/neha/gitjazzy/src/install/bme_gazebo_basics/share/bme_gazebo_basics/package.sh'
[0.712s] INFO:colcon.colcon_core.shell:Creating package script '/home/neha/gitjazzy/src/install/bme_gazebo_basics/share/bme_gazebo_basics/package.bash'
[0.713s] INFO:colcon.colcon_core.shell:Creating package script '/home/neha/gitjazzy/src/install/bme_gazebo_basics/share/bme_gazebo_basics/package.zsh'
[0.713s] Level 1:colcon.colcon_core.environment:create_file_with_runtime_dependencies(/home/neha/gitjazzy/src/install/bme_gazebo_basics/share/colcon-core/packages/bme_gazebo_basics)
[1.455s] DEBUG:colcon.colcon_core.event_handler.log_command:Invoking command in '/home/neha/gitjazzy/src/Week-5-6-Gazebo-sensors/bme_gazebo_sensors_py': PYTHONPATH=/home/neha/gitjazzy/src/build/bme_gazebo_sensors_py/prefix_override:/usr/lib/python3/dist-packages/colcon_core/task/python/colcon_distutils_commands:/home/neha/gitjazzy/src/install/bme_gazebo_sensors_py/lib/python3.12/site-packages:${PYTHONPATH} /usr/bin/python3 -W ignore:setup.py install is deprecated -W ignore:easy_install command is deprecated setup.py egg_info --egg-base ../../build/bme_gazebo_sensors_py build --build-base /home/neha/gitjazzy/src/build/bme_gazebo_sensors_py/build install --record /home/neha/gitjazzy/src/build/bme_gazebo_sensors_py/install.log --single-version-externally-managed install_data
[2.164s] Level 1:colcon.colcon_core.environment:checking '/home/neha/gitjazzy/src/install/bme_gazebo_sensors_py' for CMake module files
[2.165s] DEBUG:colcon.colcon_core.event_handler.log_command:Invoked command in '/home/neha/gitjazzy/src/Week-5-6-Gazebo-sensors/bme_gazebo_sensors_py' returned '0': PYTHONPATH=/home/neha/gitjazzy/src/build/bme_gazebo_sensors_py/prefix_override:/usr/lib/python3/dist-packages/colcon_core/task/python/colcon_distutils_commands:/home/neha/gitjazzy/src/install/bme_gazebo_sensors_py/lib/python3.12/site-packages:${PYTHONPATH} /usr/bin/python3 -W ignore:setup.py install is deprecated -W ignore:easy_install command is deprecated setup.py egg_info --egg-base ../../build/bme_gazebo_sensors_py build --build-base /home/neha/gitjazzy/src/build/bme_gazebo_sensors_py/build install --record /home/neha/gitjazzy/src/build/bme_gazebo_sensors_py/install.log --single-version-externally-managed install_data
[2.166s] Level 1:colcon.colcon_core.environment:checking '/home/neha/gitjazzy/src/install/bme_gazebo_sensors_py' for CMake config files
[2.167s] Level 1:colcon.colcon_core.environment:checking '/home/neha/gitjazzy/src/install/bme_gazebo_sensors_py/lib'
[2.167s] Level 1:colcon.colcon_core.environment:checking '/home/neha/gitjazzy/src/install/bme_gazebo_sensors_py/bin'
[2.167s] Level 1:colcon.colcon_core.environment:checking '/home/neha/gitjazzy/src/install/bme_gazebo_sensors_py/lib/pkgconfig/bme_gazebo_sensors_py.pc'
[2.168s] Level 1:colcon.colcon_core.environment:checking '/home/neha/gitjazzy/src/install/bme_gazebo_sensors_py/lib/python3.12/site-packages'
[2.168s] Level 1:colcon.colcon_core.shell:create_environment_hook('bme_gazebo_sensors_py', 'pythonpath')
[2.168s] INFO:colcon.colcon_core.shell:Creating environment descriptor '/home/neha/gitjazzy/src/install/bme_gazebo_sensors_py/share/bme_gazebo_sensors_py/hook/pythonpath.dsv'
[2.169s] INFO:colcon.colcon_core.shell:Creating environment hook '/home/neha/gitjazzy/src/install/bme_gazebo_sensors_py/share/bme_gazebo_sensors_py/hook/pythonpath.sh'
[2.170s] Level 1:colcon.colcon_core.environment:checking '/home/neha/gitjazzy/src/install/bme_gazebo_sensors_py/bin'
[2.170s] Level 1:colcon.colcon_core.environment:create_environment_scripts_only(bme_gazebo_sensors_py)
[2.170s] INFO:colcon.colcon_core.shell:Creating package descriptor '/home/neha/gitjazzy/src/install/bme_gazebo_sensors_py/share/bme_gazebo_sensors_py/package.dsv'
[2.171s] INFO:colcon.colcon_core.shell:Creating package script '/home/neha/gitjazzy/src/install/bme_gazebo_sensors_py/share/bme_gazebo_sensors_py/package.sh'
[2.171s] INFO:colcon.colcon_core.shell:Creating package script '/home/neha/gitjazzy/src/install/bme_gazebo_sensors_py/share/bme_gazebo_sensors_py/package.bash'
[2.172s] INFO:colcon.colcon_core.shell:Creating package script '/home/neha/gitjazzy/src/install/bme_gazebo_sensors_py/share/bme_gazebo_sensors_py/package.zsh'
[2.173s] Level 1:colcon.colcon_core.environment:create_file_with_runtime_dependencies(/home/neha/gitjazzy/src/install/bme_gazebo_sensors_py/share/colcon-core/packages/bme_gazebo_sensors_py)
[2.173s] DEBUG:colcon.colcon_parallel_executor.executor.parallel:closing loop
[2.174s] DEBUG:colcon.colcon_parallel_executor.executor.parallel:loop closed
[2.174s] DEBUG:colcon.colcon_parallel_executor.executor.parallel:run_until_complete finished with '0'
[2.174s] DEBUG:colcon.colcon_core.event_reactor:joining thread
[2.235s] INFO:colcon.colcon_core.plugin_system:Skipping extension 'colcon_notification.desktop_notification.notify_send': Could not find 'notify-send'
[2.235s] INFO:colcon.colcon_core.plugin_system:Skipping extension 'colcon_notification.desktop_notification.terminal_notifier': Not used on non-Darwin systems
[2.236s] INFO:colcon.colcon_core.plugin_system:Skipping extension 'colcon_notification.desktop_notification.win32': Not used on non-Windows systems
[2.236s] INFO:colcon.colcon_notification.desktop_notification:Sending desktop notification using 'notify2'
[2.238s] DEBUG:colcon.colcon_notification.desktop_notification.notify2:Failed to initialize notify2: org.freedesktop.DBus.Error.ServiceUnknown: The name org.freedesktop.Notifications was not provided by any .service files
[2.238s] DEBUG:colcon.colcon_core.event_reactor:joined thread
[2.239s] INFO:colcon.colcon_core.shell:Creating prefix script '/home/neha/gitjazzy/src/install/local_setup.sh'
[2.240s] INFO:colcon.colcon_core.shell:Creating prefix util module '/home/neha/gitjazzy/src/install/_local_setup_util_sh.py'
[2.241s] INFO:colcon.colcon_core.shell:Creating prefix chain script '/home/neha/gitjazzy/src/install/setup.sh'
[2.242s] INFO:colcon.colcon_core.shell:Creating prefix script '/home/neha/gitjazzy/src/install/local_setup.bash'
[2.243s] INFO:colcon.colcon_core.shell:Creating prefix chain script '/home/neha/gitjazzy/src/install/setup.bash'
[2.244s] INFO:colcon.colcon_core.shell:Creating prefix script '/home/neha/gitjazzy/src/install/local_setup.zsh'
[2.245s] INFO:colcon.colcon_core.shell:Creating prefix chain script '/home/neha/gitjazzy/src/install/setup.zsh'
