[0.035s] Invoking command in '/home/neha/gitjazzy/src/build/bme_gazebo_sensors': CMAKE_PREFIX_PATH=${CMAKE_PREFIX_PATH}:/home/neha/gitjazzy/install/mogi_trajectory_server:/opt/ros/jazzy /usr/bin/cmake /home/neha/gitjazzy/src/Week-5-6-Gazebo-sensors/bme_gazebo_sensors -DCMAKE_INSTALL_PREFIX=/home/neha/gitjazzy/src/install/bme_gazebo_sensors
[0.372s] -- The C compiler identification is GNU 13.3.0
[1.174s] -- The CXX compiler identification is GNU 13.3.0
[1.768s] -- Detecting C compiler ABI info
[2.058s] -- Detecting C compiler ABI info - done
[2.072s] -- Check for working C compiler: /usr/bin/cc - skipped
[2.073s] -- Detecting C compile features
[2.074s] -- Detecting C compile features - done
[2.173s] -- Detecting CXX compiler ABI info
[2.586s] -- Detecting CXX compiler ABI info - done
[2.597s] -- Check for working CXX compiler: /usr/bin/c++ - skipped
[2.598s] -- Detecting CXX compile features
[2.598s] -- Detecting CXX compile features - done
[2.635s] -- Found ament_cmake: 2.5.3 (/opt/ros/jazzy/share/ament_cmake/cmake)
[2.900s] -- Found Python3: /usr/bin/python3 (found version "3.12.3") found components: Interpreter 
[3.175s] -- Found ament_lint_auto: 0.17.1 (/opt/ros/jazzy/share/ament_lint_auto/cmake)
[3.380s] -- Added test 'flake8' to check Python code syntax and style conventions
[3.380s] -- Configured 'flake8' exclude dirs and/or files: 
[3.383s] -- Added test 'lint_cmake' to check CMake code style
[3.386s] -- Added test 'pep257' to check Python code against some of the docstring style conventions in PEP 257
[3.393s] -- Added test 'xmllint' to check XML markup files
[3.399s] -- Configuring done (3.3s)
[3.408s] -- Generating done (0.0s)
[3.415s] -- Build files have been written to: /home/neha/gitjazzy/src/build/bme_gazebo_sensors
[3.423s] Invoked command in '/home/neha/gitjazzy/src/build/bme_gazebo_sensors' returned '0': CMAKE_PREFIX_PATH=${CMAKE_PREFIX_PATH}:/home/neha/gitjazzy/install/mogi_trajectory_server:/opt/ros/jazzy /usr/bin/cmake /home/neha/gitjazzy/src/Week-5-6-Gazebo-sensors/bme_gazebo_sensors -DCMAKE_INSTALL_PREFIX=/home/neha/gitjazzy/src/install/bme_gazebo_sensors
[3.425s] Invoking command in '/home/neha/gitjazzy/src/build/bme_gazebo_sensors': CMAKE_PREFIX_PATH=${CMAKE_PREFIX_PATH}:/home/neha/gitjazzy/install/mogi_trajectory_server:/opt/ros/jazzy /usr/bin/cmake --build /home/neha/gitjazzy/src/build/bme_gazebo_sensors -- -j8 -l8
[3.481s] Invoked command in '/home/neha/gitjazzy/src/build/bme_gazebo_sensors' returned '0': CMAKE_PREFIX_PATH=${CMAKE_PREFIX_PATH}:/home/neha/gitjazzy/install/mogi_trajectory_server:/opt/ros/jazzy /usr/bin/cmake --build /home/neha/gitjazzy/src/build/bme_gazebo_sensors -- -j8 -l8
[3.483s] Invoking command in '/home/neha/gitjazzy/src/build/bme_gazebo_sensors': CMAKE_PREFIX_PATH=${CMAKE_PREFIX_PATH}:/home/neha/gitjazzy/install/mogi_trajectory_server:/opt/ros/jazzy /usr/bin/cmake --install /home/neha/gitjazzy/src/build/bme_gazebo_sensors
[3.494s] -- Install configuration: ""
[3.495s] -- Installing: /home/neha/gitjazzy/src/install/bme_gazebo_sensors/share/bme_gazebo_sensors/launch
[3.495s] -- Installing: /home/neha/gitjazzy/src/install/bme_gazebo_sensors/share/bme_gazebo_sensors/launch/check_urdf.launch.py
[3.496s] -- Installing: /home/neha/gitjazzy/src/install/bme_gazebo_sensors/share/bme_gazebo_sensors/launch/spawn_robot.launch.py
[3.496s] -- Installing: /home/neha/gitjazzy/src/install/bme_gazebo_sensors/share/bme_gazebo_sensors/launch/world.launch.py
[3.496s] -- Installing: /home/neha/gitjazzy/src/install/bme_gazebo_sensors/share/bme_gazebo_sensors/worlds
[3.496s] -- Installing: /home/neha/gitjazzy/src/install/bme_gazebo_sensors/share/bme_gazebo_sensors/worlds/home.sdf
[3.497s] -- Installing: /home/neha/gitjazzy/src/install/bme_gazebo_sensors/share/bme_gazebo_sensors/worlds/world.sdf
[3.497s] -- Installing: /home/neha/gitjazzy/src/install/bme_gazebo_sensors/share/bme_gazebo_sensors/worlds/empty.sdf
[3.498s] -- Installing: /home/neha/gitjazzy/src/install/bme_gazebo_sensors/share/bme_gazebo_sensors/rviz
[3.498s] -- Installing: /home/neha/gitjazzy/src/install/bme_gazebo_sensors/share/bme_gazebo_sensors/rviz/gps.rviz
[3.498s] -- Installing: /home/neha/gitjazzy/src/install/bme_gazebo_sensors/share/bme_gazebo_sensors/rviz/rviz.rviz
[3.499s] -- Installing: /home/neha/gitjazzy/src/install/bme_gazebo_sensors/share/bme_gazebo_sensors/rviz/urdf.rviz
[3.499s] -- Installing: /home/neha/gitjazzy/src/install/bme_gazebo_sensors/share/bme_gazebo_sensors/urdf
[3.499s] -- Installing: /home/neha/gitjazzy/src/install/bme_gazebo_sensors/share/bme_gazebo_sensors/urdf/mogi_bot.urdf
[3.499s] -- Installing: /home/neha/gitjazzy/src/install/bme_gazebo_sensors/share/bme_gazebo_sensors/urdf/materials.xacro
[3.500s] -- Installing: /home/neha/gitjazzy/src/install/bme_gazebo_sensors/share/bme_gazebo_sensors/urdf/mogi_bot.gazebo
[3.500s] -- Installing: /home/neha/gitjazzy/src/install/bme_gazebo_sensors/share/bme_gazebo_sensors/meshes
[3.500s] -- Installing: /home/neha/gitjazzy/src/install/bme_gazebo_sensors/share/bme_gazebo_sensors/meshes/lidar.dae
[3.500s] -- Installing: /home/neha/gitjazzy/src/install/bme_gazebo_sensors/share/bme_gazebo_sensors/meshes/mogi_bot.dae
[3.500s] -- Installing: /home/neha/gitjazzy/src/install/bme_gazebo_sensors/share/bme_gazebo_sensors/meshes/wheel.dae
[3.501s] -- Installing: /home/neha/gitjazzy/src/install/bme_gazebo_sensors/share/bme_gazebo_sensors/config
[3.501s] -- Installing: /home/neha/gitjazzy/src/install/bme_gazebo_sensors/share/bme_gazebo_sensors/config/ekf.yaml
[3.501s] -- Installing: /home/neha/gitjazzy/src/install/bme_gazebo_sensors/share/ament_index/resource_index/package_run_dependencies/bme_gazebo_sensors
[3.502s] -- Installing: /home/neha/gitjazzy/src/install/bme_gazebo_sensors/share/ament_index/resource_index/parent_prefix_path/bme_gazebo_sensors
[3.502s] -- Installing: /home/neha/gitjazzy/src/install/bme_gazebo_sensors/share/bme_gazebo_sensors/environment/ament_prefix_path.sh
[3.503s] -- Installing: /home/neha/gitjazzy/src/install/bme_gazebo_sensors/share/bme_gazebo_sensors/environment/ament_prefix_path.dsv
[3.503s] -- Installing: /home/neha/gitjazzy/src/install/bme_gazebo_sensors/share/bme_gazebo_sensors/environment/path.sh
[3.503s] -- Installing: /home/neha/gitjazzy/src/install/bme_gazebo_sensors/share/bme_gazebo_sensors/environment/path.dsv
[3.503s] -- Installing: /home/neha/gitjazzy/src/install/bme_gazebo_sensors/share/bme_gazebo_sensors/local_setup.bash
[3.504s] -- Installing: /home/neha/gitjazzy/src/install/bme_gazebo_sensors/share/bme_gazebo_sensors/local_setup.sh
[3.504s] -- Installing: /home/neha/gitjazzy/src/install/bme_gazebo_sensors/share/bme_gazebo_sensors/local_setup.zsh
[3.504s] -- Installing: /home/neha/gitjazzy/src/install/bme_gazebo_sensors/share/bme_gazebo_sensors/local_setup.dsv
[3.504s] -- Installing: /home/neha/gitjazzy/src/install/bme_gazebo_sensors/share/bme_gazebo_sensors/package.dsv
[3.505s] -- Installing: /home/neha/gitjazzy/src/install/bme_gazebo_sensors/share/ament_index/resource_index/packages/bme_gazebo_sensors
[3.505s] -- Installing: /home/neha/gitjazzy/src/install/bme_gazebo_sensors/share/bme_gazebo_sensors/cmake/bme_gazebo_sensorsConfig.cmake
[3.505s] -- Installing: /home/neha/gitjazzy/src/install/bme_gazebo_sensors/share/bme_gazebo_sensors/cmake/bme_gazebo_sensorsConfig-version.cmake
[3.505s] -- Installing: /home/neha/gitjazzy/src/install/bme_gazebo_sensors/share/bme_gazebo_sensors/package.xml
[3.508s] Invoked command in '/home/neha/gitjazzy/src/build/bme_gazebo_sensors' returned '0': CMAKE_PREFIX_PATH=${CMAKE_PREFIX_PATH}:/home/neha/gitjazzy/install/mogi_trajectory_server:/opt/ros/jazzy /usr/bin/cmake --install /home/neha/gitjazzy/src/build/bme_gazebo_sensors
