[0.057s] Invoking command in '/home/neha/gitjazzy/src/build/bme_gazebo_sensors': CMAKE_PREFIX_PATH=${CMAKE_PREFIX_PATH}:/opt/ros/jazzy /usr/bin/cmake --build /home/neha/gitjazzy/src/build/bme_gazebo_sensors -- -j8 -l8
[0.773s] Invoked command in '/home/neha/gitjazzy/src/build/bme_gazebo_sensors' returned '0': CMAKE_PREFIX_PATH=${CMAKE_PREFIX_PATH}:/opt/ros/jazzy /usr/bin/cmake --build /home/neha/gitjazzy/src/build/bme_gazebo_sensors -- -j8 -l8
[0.776s] Invoking command in '/home/neha/gitjazzy/src/build/bme_gazebo_sensors': CMAKE_PREFIX_PATH=${CMAKE_PREFIX_PATH}:/opt/ros/jazzy /usr/bin/cmake --install /home/neha/gitjazzy/src/build/bme_gazebo_sensors
[0.791s] -- Install configuration: ""
[0.792s] -- Up-to-date: /home/neha/gitjazzy/src/install/bme_gazebo_sensors/share/bme_gazebo_sensors/launch
[0.792s] -- Up-to-date: /home/neha/gitjazzy/src/install/bme_gazebo_sensors/share/bme_gazebo_sensors/launch/check_urdf.launch.py
[0.792s] -- Up-to-date: /home/neha/gitjazzy/src/install/bme_gazebo_sensors/share/bme_gazebo_sensors/launch/spawn_robot.launch.py
[0.793s] -- Up-to-date: /home/neha/gitjazzy/src/install/bme_gazebo_sensors/share/bme_gazebo_sensors/launch/world.launch.py
[0.793s] -- Up-to-date: /home/neha/gitjazzy/src/install/bme_gazebo_sensors/share/bme_gazebo_sensors/worlds
[0.793s] -- Up-to-date: /home/neha/gitjazzy/src/install/bme_gazebo_sensors/share/bme_gazebo_sensors/worlds/home.sdf
[0.794s] -- Up-to-date: /home/neha/gitjazzy/src/install/bme_gazebo_sensors/share/bme_gazebo_sensors/worlds/world.sdf
[0.794s] -- Up-to-date: /home/neha/gitjazzy/src/install/bme_gazebo_sensors/share/bme_gazebo_sensors/worlds/empty.sdf
[0.794s] -- Up-to-date: /home/neha/gitjazzy/src/install/bme_gazebo_sensors/share/bme_gazebo_sensors/rviz
[0.794s] -- Up-to-date: /home/neha/gitjazzy/src/install/bme_gazebo_sensors/share/bme_gazebo_sensors/rviz/gps.rviz
[0.795s] -- Up-to-date: /home/neha/gitjazzy/src/install/bme_gazebo_sensors/share/bme_gazebo_sensors/rviz/rviz.rviz
[0.795s] -- Up-to-date: /home/neha/gitjazzy/src/install/bme_gazebo_sensors/share/bme_gazebo_sensors/rviz/urdf.rviz
[0.796s] -- Up-to-date: /home/neha/gitjazzy/src/install/bme_gazebo_sensors/share/bme_gazebo_sensors/urdf
[0.796s] -- Up-to-date: /home/neha/gitjazzy/src/install/bme_gazebo_sensors/share/bme_gazebo_sensors/urdf/mogi_bot.urdf
[0.797s] -- Up-to-date: /home/neha/gitjazzy/src/install/bme_gazebo_sensors/share/bme_gazebo_sensors/urdf/materials.xacro
[0.797s] -- Up-to-date: /home/neha/gitjazzy/src/install/bme_gazebo_sensors/share/bme_gazebo_sensors/urdf/mogi_bot.gazebo
[0.798s] -- Up-to-date: /home/neha/gitjazzy/src/install/bme_gazebo_sensors/share/bme_gazebo_sensors/meshes
[0.798s] -- Up-to-date: /home/neha/gitjazzy/src/install/bme_gazebo_sensors/share/bme_gazebo_sensors/meshes/lidar.dae
[0.798s] -- Up-to-date: /home/neha/gitjazzy/src/install/bme_gazebo_sensors/share/bme_gazebo_sensors/meshes/mogi_bot.dae
[0.798s] -- Up-to-date: /home/neha/gitjazzy/src/install/bme_gazebo_sensors/share/bme_gazebo_sensors/meshes/wheel.dae
[0.799s] -- Up-to-date: /home/neha/gitjazzy/src/install/bme_gazebo_sensors/share/bme_gazebo_sensors/config
[0.799s] -- Up-to-date: /home/neha/gitjazzy/src/install/bme_gazebo_sensors/share/bme_gazebo_sensors/config/ekf.yaml
[0.799s] -- Up-to-date: /home/neha/gitjazzy/src/install/bme_gazebo_sensors/share/ament_index/resource_index/package_run_dependencies/bme_gazebo_sensors
[0.800s] -- Up-to-date: /home/neha/gitjazzy/src/install/bme_gazebo_sensors/share/ament_index/resource_index/parent_prefix_path/bme_gazebo_sensors
[0.800s] -- Up-to-date: /home/neha/gitjazzy/src/install/bme_gazebo_sensors/share/bme_gazebo_sensors/environment/ament_prefix_path.sh
[0.800s] -- Up-to-date: /home/neha/gitjazzy/src/install/bme_gazebo_sensors/share/bme_gazebo_sensors/environment/ament_prefix_path.dsv
[0.801s] -- Up-to-date: /home/neha/gitjazzy/src/install/bme_gazebo_sensors/share/bme_gazebo_sensors/environment/path.sh
[0.801s] -- Up-to-date: /home/neha/gitjazzy/src/install/bme_gazebo_sensors/share/bme_gazebo_sensors/environment/path.dsv
[0.801s] -- Up-to-date: /home/neha/gitjazzy/src/install/bme_gazebo_sensors/share/bme_gazebo_sensors/local_setup.bash
[0.801s] -- Up-to-date: /home/neha/gitjazzy/src/install/bme_gazebo_sensors/share/bme_gazebo_sensors/local_setup.sh
[0.802s] -- Up-to-date: /home/neha/gitjazzy/src/install/bme_gazebo_sensors/share/bme_gazebo_sensors/local_setup.zsh
[0.802s] -- Up-to-date: /home/neha/gitjazzy/src/install/bme_gazebo_sensors/share/bme_gazebo_sensors/local_setup.dsv
[0.802s] -- Installing: /home/neha/gitjazzy/src/install/bme_gazebo_sensors/share/bme_gazebo_sensors/package.dsv
[0.802s] -- Up-to-date: /home/neha/gitjazzy/src/install/bme_gazebo_sensors/share/ament_index/resource_index/packages/bme_gazebo_sensors
[0.802s] -- Up-to-date: /home/neha/gitjazzy/src/install/bme_gazebo_sensors/share/bme_gazebo_sensors/cmake/bme_gazebo_sensorsConfig.cmake
[0.803s] -- Up-to-date: /home/neha/gitjazzy/src/install/bme_gazebo_sensors/share/bme_gazebo_sensors/cmake/bme_gazebo_sensorsConfig-version.cmake
[0.803s] -- Up-to-date: /home/neha/gitjazzy/src/install/bme_gazebo_sensors/share/bme_gazebo_sensors/package.xml
[0.843s] Invoked command in '/home/neha/gitjazzy/src/build/bme_gazebo_sensors' returned '0': CMAKE_PREFIX_PATH=${CMAKE_PREFIX_PATH}:/opt/ros/jazzy /usr/bin/cmake --install /home/neha/gitjazzy/src/build/bme_gazebo_sensors
