-- Install configuration: ""
-- Up-to-date: /home/neha/gitjazzy/src/install/bme_gazebo_basics/share/bme_gazebo_basics/launch
-- Installing: /home/neha/gitjazzy/src/install/bme_gazebo_basics/share/bme_gazebo_basics/launch/check_urdf.launch.py
-- Installing: /home/neha/gitjazzy/src/install/bme_gazebo_basics/share/bme_gazebo_basics/launch/spawn_robot2.launch.py
-- Installing: /home/neha/gitjazzy/src/install/bme_gazebo_basics/share/bme_gazebo_basics/launch/spawn_robot.launch.py
-- Up-to-date: /home/neha/gitjazzy/src/install/bme_gazebo_basics/share/bme_gazebo_basics/launch/world.launch.py
-- Up-to-date: /home/neha/gitjazzy/src/install/bme_gazebo_basics/share/bme_gazebo_basics/worlds
-- Installing: /home/neha/gitjazzy/src/install/bme_gazebo_basics/share/bme_gazebo_basics/worlds/world.sdf
-- Up-to-date: /home/neha/gitjazzy/src/install/bme_gazebo_basics/share/bme_gazebo_basics/worlds/empty.sdf
-- Up-to-date: /home/neha/gitjazzy/src/install/bme_gazebo_basics/share/bme_gazebo_basics/rviz
-- Up-to-date: /home/neha/gitjazzy/src/install/bme_gazebo_basics/share/bme_gazebo_basics/rviz/rviz.rviz
-- Up-to-date: /home/neha/gitjazzy/src/install/bme_gazebo_basics/share/bme_gazebo_basics/rviz/urdf.rviz
-- Up-to-date: /home/neha/gitjazzy/src/install/bme_gazebo_basics/share/bme_gazebo_basics/urdf
-- Installing: /home/neha/gitjazzy/src/install/bme_gazebo_basics/share/bme_gazebo_basics/urdf/mogi_bot_mecanum.gazebo
-- Installing: /home/neha/gitjazzy/src/install/bme_gazebo_basics/share/bme_gazebo_basics/urdf/demo.urdf
-- Installing: /home/neha/gitjazzy/src/install/bme_gazebo_basics/share/bme_gazebo_basics/urdf/mogi_bot_mecanum.urdf
-- Installing: /home/neha/gitjazzy/src/install/bme_gazebo_basics/share/bme_gazebo_basics/urdf/mogi_bot_skid_steer.urdf
-- Installing: /home/neha/gitjazzy/src/install/bme_gazebo_basics/share/bme_gazebo_basics/urdf/mogi_bot.urdf
-- Up-to-date: /home/neha/gitjazzy/src/install/bme_gazebo_basics/share/bme_gazebo_basics/urdf/materials.xacro
-- Installing: /home/neha/gitjazzy/src/install/bme_gazebo_basics/share/bme_gazebo_basics/urdf/mogi_bot.gazebo
-- Installing: /home/neha/gitjazzy/src/install/bme_gazebo_basics/share/bme_gazebo_basics/urdf/mogi_bot2.urdf
-- Installing: /home/neha/gitjazzy/src/install/bme_gazebo_basics/share/bme_gazebo_basics/urdf/mogi_bot_skid_steer.gazebo
-- Installing: /home/neha/gitjazzy/src/install/bme_gazebo_basics/share/bme_gazebo_basics/urdf/dimension.urdf
-- Up-to-date: /home/neha/gitjazzy/src/install/bme_gazebo_basics/share/bme_gazebo_basics/meshes
-- Up-to-date: /home/neha/gitjazzy/src/install/bme_gazebo_basics/share/bme_gazebo_basics/meshes/mecanum_wheel_right.STL
-- Up-to-date: /home/neha/gitjazzy/src/install/bme_gazebo_basics/share/bme_gazebo_basics/meshes/mogi_bot.SLDPRT
-- Up-to-date: /home/neha/gitjazzy/src/install/bme_gazebo_basics/share/bme_gazebo_basics/meshes/mogi_bot.STL
-- Up-to-date: /home/neha/gitjazzy/src/install/bme_gazebo_basics/share/bme_gazebo_basics/meshes/mecanum_wheel_left.STL
-- Up-to-date: /home/neha/gitjazzy/src/install/bme_gazebo_basics/share/bme_gazebo_basics/meshes/wheel.SLDPRT
-- Up-to-date: /home/neha/gitjazzy/src/install/bme_gazebo_basics/share/bme_gazebo_basics/meshes/mogi_bot.blend
-- Up-to-date: /home/neha/gitjazzy/src/install/bme_gazebo_basics/share/bme_gazebo_basics/meshes/wheel.blend
-- Up-to-date: /home/neha/gitjazzy/src/install/bme_gazebo_basics/share/bme_gazebo_basics/meshes/wheel.STL
-- Up-to-date: /home/neha/gitjazzy/src/install/bme_gazebo_basics/share/bme_gazebo_basics/meshes/mogi_bot.dae
-- Up-to-date: /home/neha/gitjazzy/src/install/bme_gazebo_basics/share/bme_gazebo_basics/meshes/wheel.dae
-- Up-to-date: /home/neha/gitjazzy/src/install/bme_gazebo_basics/share/bme_gazebo_basics/meshes/wheel.STEP
-- Up-to-date: /home/neha/gitjazzy/src/install/bme_gazebo_basics/share/bme_gazebo_basics/meshes/mogi_bot.STEP
-- Up-to-date: /home/neha/gitjazzy/src/install/bme_gazebo_basics/share/ament_index/resource_index/package_run_dependencies/bme_gazebo_basics
-- Up-to-date: /home/neha/gitjazzy/src/install/bme_gazebo_basics/share/ament_index/resource_index/parent_prefix_path/bme_gazebo_basics
-- Up-to-date: /home/neha/gitjazzy/src/install/bme_gazebo_basics/share/bme_gazebo_basics/environment/ament_prefix_path.sh
-- Up-to-date: /home/neha/gitjazzy/src/install/bme_gazebo_basics/share/bme_gazebo_basics/environment/ament_prefix_path.dsv
-- Up-to-date: /home/neha/gitjazzy/src/install/bme_gazebo_basics/share/bme_gazebo_basics/environment/path.sh
-- Up-to-date: /home/neha/gitjazzy/src/install/bme_gazebo_basics/share/bme_gazebo_basics/environment/path.dsv
-- Up-to-date: /home/neha/gitjazzy/src/install/bme_gazebo_basics/share/bme_gazebo_basics/local_setup.bash
-- Up-to-date: /home/neha/gitjazzy/src/install/bme_gazebo_basics/share/bme_gazebo_basics/local_setup.sh
-- Up-to-date: /home/neha/gitjazzy/src/install/bme_gazebo_basics/share/bme_gazebo_basics/local_setup.zsh
-- Up-to-date: /home/neha/gitjazzy/src/install/bme_gazebo_basics/share/bme_gazebo_basics/local_setup.dsv
-- Installing: /home/neha/gitjazzy/src/install/bme_gazebo_basics/share/bme_gazebo_basics/package.dsv
-- Up-to-date: /home/neha/gitjazzy/src/install/bme_gazebo_basics/share/ament_index/resource_index/packages/bme_gazebo_basics
-- Up-to-date: /home/neha/gitjazzy/src/install/bme_gazebo_basics/share/bme_gazebo_basics/cmake/bme_gazebo_basicsConfig.cmake
-- Up-to-date: /home/neha/gitjazzy/src/install/bme_gazebo_basics/share/bme_gazebo_basics/cmake/bme_gazebo_basicsConfig-version.cmake
-- Up-to-date: /home/neha/gitjazzy/src/install/bme_gazebo_basics/share/bme_gazebo_basics/package.xml
