[1.221s] Invoking command in '/home/neha/gitjazzy/Week-7-8-ROS2-Navigation/bme_ros2_navigation_py': PYTHONPATH=/home/neha/gitjazzy/Week-7-8-ROS2-Navigation/build/bme_ros2_navigation_py/prefix_override:/usr/lib/python3/dist-packages/colcon_core/task/python/colcon_distutils_commands:/home/neha/gitjazzy/Week-7-8-ROS2-Navigation/install/bme_ros2_navigation_py/lib/python3.12/site-packages:${PYTHONPATH} /usr/bin/python3 -W ignore:setup.py install is deprecated -W ignore:easy_install command is deprecated setup.py egg_info --egg-base ../build/bme_ros2_navigation_py build --build-base /home/neha/gitjazzy/Week-7-8-ROS2-Navigation/build/bme_ros2_navigation_py/build install --record /home/neha/gitjazzy/Week-7-8-ROS2-Navigation/build/bme_ros2_navigation_py/install.log --single-version-externally-managed install_data
[1.638s] running egg_info
[1.638s] creating ../build/bme_ros2_navigation_py/bme_ros2_navigation_py.egg-info
[1.676s] writing ../build/bme_ros2_navigation_py/bme_ros2_navigation_py.egg-info/PKG-INFO
[1.677s] writing dependency_links to ../build/bme_ros2_navigation_py/bme_ros2_navigation_py.egg-info/dependency_links.txt
[1.677s] writing entry points to ../build/bme_ros2_navigation_py/bme_ros2_navigation_py.egg-info/entry_points.txt
[1.678s] writing requirements to ../build/bme_ros2_navigation_py/bme_ros2_navigation_py.egg-info/requires.txt
[1.678s] writing top-level names to ../build/bme_ros2_navigation_py/bme_ros2_navigation_py.egg-info/top_level.txt
[1.679s] writing manifest file '../build/bme_ros2_navigation_py/bme_ros2_navigation_py.egg-info/SOURCES.txt'
[1.753s] reading manifest file '../build/bme_ros2_navigation_py/bme_ros2_navigation_py.egg-info/SOURCES.txt'
[1.754s] writing manifest file '../build/bme_ros2_navigation_py/bme_ros2_navigation_py.egg-info/SOURCES.txt'
[1.755s] running build
[1.755s] running build_py
[1.756s] creating /home/neha/gitjazzy/Week-7-8-ROS2-Navigation/build/bme_ros2_navigation_py/build
[1.756s] creating /home/neha/gitjazzy/Week-7-8-ROS2-Navigation/build/bme_ros2_navigation_py/build/lib
[1.757s] creating /home/neha/gitjazzy/Week-7-8-ROS2-Navigation/build/bme_ros2_navigation_py/build/lib/bme_ros2_navigation_py
[1.757s] copying bme_ros2_navigation_py/slam_toolbox_load_map.py -> /home/neha/gitjazzy/Week-7-8-ROS2-Navigation/build/bme_ros2_navigation_py/build/lib/bme_ros2_navigation_py
[1.757s] copying bme_ros2_navigation_py/follow_waypoints.py -> /home/neha/gitjazzy/Week-7-8-ROS2-Navigation/build/bme_ros2_navigation_py/build/lib/bme_ros2_navigation_py
[1.758s] copying bme_ros2_navigation_py/__init__.py -> /home/neha/gitjazzy/Week-7-8-ROS2-Navigation/build/bme_ros2_navigation_py/build/lib/bme_ros2_navigation_py
[1.758s] copying bme_ros2_navigation_py/send_initialpose.py -> /home/neha/gitjazzy/Week-7-8-ROS2-Navigation/build/bme_ros2_navigation_py/build/lib/bme_ros2_navigation_py
[1.759s] running install
[1.766s] running install_lib
[1.797s] creating /home/neha/gitjazzy/Week-7-8-ROS2-Navigation/install/bme_ros2_navigation_py/lib/python3.12/site-packages/bme_ros2_navigation_py
[1.798s] copying /home/neha/gitjazzy/Week-7-8-ROS2-Navigation/build/bme_ros2_navigation_py/build/lib/bme_ros2_navigation_py/slam_toolbox_load_map.py -> /home/neha/gitjazzy/Week-7-8-ROS2-Navigation/install/bme_ros2_navigation_py/lib/python3.12/site-packages/bme_ros2_navigation_py
[1.798s] copying /home/neha/gitjazzy/Week-7-8-ROS2-Navigation/build/bme_ros2_navigation_py/build/lib/bme_ros2_navigation_py/follow_waypoints.py -> /home/neha/gitjazzy/Week-7-8-ROS2-Navigation/install/bme_ros2_navigation_py/lib/python3.12/site-packages/bme_ros2_navigation_py
[1.799s] copying /home/neha/gitjazzy/Week-7-8-ROS2-Navigation/build/bme_ros2_navigation_py/build/lib/bme_ros2_navigation_py/__init__.py -> /home/neha/gitjazzy/Week-7-8-ROS2-Navigation/install/bme_ros2_navigation_py/lib/python3.12/site-packages/bme_ros2_navigation_py
[1.799s] copying /home/neha/gitjazzy/Week-7-8-ROS2-Navigation/build/bme_ros2_navigation_py/build/lib/bme_ros2_navigation_py/send_initialpose.py -> /home/neha/gitjazzy/Week-7-8-ROS2-Navigation/install/bme_ros2_navigation_py/lib/python3.12/site-packages/bme_ros2_navigation_py
[1.799s] byte-compiling /home/neha/gitjazzy/Week-7-8-ROS2-Navigation/install/bme_ros2_navigation_py/lib/python3.12/site-packages/bme_ros2_navigation_py/slam_toolbox_load_map.py to slam_toolbox_load_map.cpython-312.pyc
[1.801s] byte-compiling /home/neha/gitjazzy/Week-7-8-ROS2-Navigation/install/bme_ros2_navigation_py/lib/python3.12/site-packages/bme_ros2_navigation_py/follow_waypoints.py to follow_waypoints.cpython-312.pyc
[1.802s] byte-compiling /home/neha/gitjazzy/Week-7-8-ROS2-Navigation/install/bme_ros2_navigation_py/lib/python3.12/site-packages/bme_ros2_navigation_py/__init__.py to __init__.cpython-312.pyc
[1.802s] byte-compiling /home/neha/gitjazzy/Week-7-8-ROS2-Navigation/install/bme_ros2_navigation_py/lib/python3.12/site-packages/bme_ros2_navigation_py/send_initialpose.py to send_initialpose.cpython-312.pyc
[1.803s] running install_data
[1.803s] creating /home/neha/gitjazzy/Week-7-8-ROS2-Navigation/install/bme_ros2_navigation_py/share/ament_index
[1.803s] creating /home/neha/gitjazzy/Week-7-8-ROS2-Navigation/install/bme_ros2_navigation_py/share/ament_index/resource_index
[1.804s] creating /home/neha/gitjazzy/Week-7-8-ROS2-Navigation/install/bme_ros2_navigation_py/share/ament_index/resource_index/packages
[1.804s] copying resource/bme_ros2_navigation_py -> /home/neha/gitjazzy/Week-7-8-ROS2-Navigation/install/bme_ros2_navigation_py/share/ament_index/resource_index/packages
[1.805s] copying package.xml -> /home/neha/gitjazzy/Week-7-8-ROS2-Navigation/install/bme_ros2_navigation_py/share/bme_ros2_navigation_py
[1.805s] running install_egg_info
[1.844s] Copying ../build/bme_ros2_navigation_py/bme_ros2_navigation_py.egg-info to /home/neha/gitjazzy/Week-7-8-ROS2-Navigation/install/bme_ros2_navigation_py/lib/python3.12/site-packages/bme_ros2_navigation_py-1.0.0-py3.12.egg-info
[1.845s] running install_scripts
[2.058s] Installing follow_waypoints script to /home/neha/gitjazzy/Week-7-8-ROS2-Navigation/install/bme_ros2_navigation_py/lib/bme_ros2_navigation_py
[2.059s] Installing send_initialpose script to /home/neha/gitjazzy/Week-7-8-ROS2-Navigation/install/bme_ros2_navigation_py/lib/bme_ros2_navigation_py
[2.059s] Installing slam_toolbox_load_map script to /home/neha/gitjazzy/Week-7-8-ROS2-Navigation/install/bme_ros2_navigation_py/lib/bme_ros2_navigation_py
[2.059s] writing list of installed files to '/home/neha/gitjazzy/Week-7-8-ROS2-Navigation/build/bme_ros2_navigation_py/install.log'
[2.104s] Invoked command in '/home/neha/gitjazzy/Week-7-8-ROS2-Navigation/bme_ros2_navigation_py' returned '0': PYTHONPATH=/home/neha/gitjazzy/Week-7-8-ROS2-Navigation/build/bme_ros2_navigation_py/prefix_override:/usr/lib/python3/dist-packages/colcon_core/task/python/colcon_distutils_commands:/home/neha/gitjazzy/Week-7-8-ROS2-Navigation/install/bme_ros2_navigation_py/lib/python3.12/site-packages:${PYTHONPATH} /usr/bin/python3 -W ignore:setup.py install is deprecated -W ignore:easy_install command is deprecated setup.py egg_info --egg-base ../build/bme_ros2_navigation_py build --build-base /home/neha/gitjazzy/Week-7-8-ROS2-Navigation/build/bme_ros2_navigation_py/build install --record /home/neha/gitjazzy/Week-7-8-ROS2-Navigation/build/bme_ros2_navigation_py/install.log --single-version-externally-managed install_data
