[0.018s] Invoking command in '/home/neha/gitjazzy/src/build/bme_gazebo_basics': CMAKE_PREFIX_PATH=${CMAKE_PREFIX_PATH}:/opt/ros/jazzy /usr/bin/cmake --build /home/neha/gitjazzy/src/build/bme_gazebo_basics -- -j8 -l8
[0.073s] Invoked command in '/home/neha/gitjazzy/src/build/bme_gazebo_basics' returned '0': CMAKE_PREFIX_PATH=${CMAKE_PREFIX_PATH}:/opt/ros/jazzy /usr/bin/cmake --build /home/neha/gitjazzy/src/build/bme_gazebo_basics -- -j8 -l8
[0.088s] Invoking command in '/home/neha/gitjazzy/src/build/bme_gazebo_basics': CMAKE_PREFIX_PATH=${CMAKE_PREFIX_PATH}:/opt/ros/jazzy /usr/bin/cmake --install /home/neha/gitjazzy/src/build/bme_gazebo_basics
[0.098s] -- Install configuration: ""
[0.099s] -- Up-to-date: /home/neha/gitjazzy/src/install/bme_gazebo_basics/share/bme_gazebo_basics/launch
[0.099s] -- Up-to-date: /home/neha/gitjazzy/src/install/bme_gazebo_basics/share/bme_gazebo_basics/launch/world.launch.py
[0.099s] -- Up-to-date: /home/neha/gitjazzy/src/install/bme_gazebo_basics/share/bme_gazebo_basics/worlds
[0.099s] -- Up-to-date: /home/neha/gitjazzy/src/install/bme_gazebo_basics/share/bme_gazebo_basics/worlds/world.sdf
[0.100s] -- Up-to-date: /home/neha/gitjazzy/src/install/bme_gazebo_basics/share/bme_gazebo_basics/worlds/empty.sdf
[0.100s] -- Up-to-date: /home/neha/gitjazzy/src/install/bme_gazebo_basics/share/bme_gazebo_basics/rviz
[0.100s] -- Up-to-date: /home/neha/gitjazzy/src/install/bme_gazebo_basics/share/bme_gazebo_basics/rviz/rviz.rviz
[0.100s] -- Up-to-date: /home/neha/gitjazzy/src/install/bme_gazebo_basics/share/bme_gazebo_basics/rviz/urdf.rviz
[0.101s] -- Up-to-date: /home/neha/gitjazzy/src/install/bme_gazebo_basics/share/bme_gazebo_basics/urdf
[0.101s] -- Up-to-date: /home/neha/gitjazzy/src/install/bme_gazebo_basics/share/bme_gazebo_basics/urdf/materials.xacro
[0.101s] -- Up-to-date: /home/neha/gitjazzy/src/install/bme_gazebo_basics/share/bme_gazebo_basics/meshes
[0.101s] -- Up-to-date: /home/neha/gitjazzy/src/install/bme_gazebo_basics/share/bme_gazebo_basics/meshes/mecanum_wheel_right.STL
[0.101s] -- Up-to-date: /home/neha/gitjazzy/src/install/bme_gazebo_basics/share/bme_gazebo_basics/meshes/mogi_bot.SLDPRT
[0.101s] -- Up-to-date: /home/neha/gitjazzy/src/install/bme_gazebo_basics/share/bme_gazebo_basics/meshes/mogi_bot.STL
[0.101s] -- Up-to-date: /home/neha/gitjazzy/src/install/bme_gazebo_basics/share/bme_gazebo_basics/meshes/mecanum_wheel_left.STL
[0.101s] -- Up-to-date: /home/neha/gitjazzy/src/install/bme_gazebo_basics/share/bme_gazebo_basics/meshes/wheel.SLDPRT
[0.101s] -- Up-to-date: /home/neha/gitjazzy/src/install/bme_gazebo_basics/share/bme_gazebo_basics/meshes/mogi_bot.blend
[0.101s] -- Up-to-date: /home/neha/gitjazzy/src/install/bme_gazebo_basics/share/bme_gazebo_basics/meshes/wheel.blend
[0.102s] -- Up-to-date: /home/neha/gitjazzy/src/install/bme_gazebo_basics/share/bme_gazebo_basics/meshes/wheel.STL
[0.102s] -- Up-to-date: /home/neha/gitjazzy/src/install/bme_gazebo_basics/share/bme_gazebo_basics/meshes/mogi_bot.dae
[0.102s] -- Up-to-date: /home/neha/gitjazzy/src/install/bme_gazebo_basics/share/bme_gazebo_basics/meshes/wheel.dae
[0.102s] -- Up-to-date: /home/neha/gitjazzy/src/install/bme_gazebo_basics/share/bme_gazebo_basics/meshes/wheel.STEP
[0.102s] -- Up-to-date: /home/neha/gitjazzy/src/install/bme_gazebo_basics/share/bme_gazebo_basics/meshes/mogi_bot.STEP
[0.102s] -- Up-to-date: /home/neha/gitjazzy/src/install/bme_gazebo_basics/share/ament_index/resource_index/package_run_dependencies/bme_gazebo_basics
[0.102s] -- Up-to-date: /home/neha/gitjazzy/src/install/bme_gazebo_basics/share/ament_index/resource_index/parent_prefix_path/bme_gazebo_basics
[0.102s] -- Up-to-date: /home/neha/gitjazzy/src/install/bme_gazebo_basics/share/bme_gazebo_basics/environment/ament_prefix_path.sh
[0.102s] -- Up-to-date: /home/neha/gitjazzy/src/install/bme_gazebo_basics/share/bme_gazebo_basics/environment/ament_prefix_path.dsv
[0.102s] -- Up-to-date: /home/neha/gitjazzy/src/install/bme_gazebo_basics/share/bme_gazebo_basics/environment/path.sh
[0.103s] -- Up-to-date: /home/neha/gitjazzy/src/install/bme_gazebo_basics/share/bme_gazebo_basics/environment/path.dsv
[0.103s] -- Up-to-date: /home/neha/gitjazzy/src/install/bme_gazebo_basics/share/bme_gazebo_basics/local_setup.bash
[0.103s] -- Up-to-date: /home/neha/gitjazzy/src/install/bme_gazebo_basics/share/bme_gazebo_basics/local_setup.sh
[0.103s] -- Up-to-date: /home/neha/gitjazzy/src/install/bme_gazebo_basics/share/bme_gazebo_basics/local_setup.zsh
[0.103s] -- Up-to-date: /home/neha/gitjazzy/src/install/bme_gazebo_basics/share/bme_gazebo_basics/local_setup.dsv
[0.103s] -- Installing: /home/neha/gitjazzy/src/install/bme_gazebo_basics/share/bme_gazebo_basics/package.dsv
[0.104s] -- Up-to-date: /home/neha/gitjazzy/src/install/bme_gazebo_basics/share/ament_index/resource_index/packages/bme_gazebo_basics
[0.104s] -- Up-to-date: /home/neha/gitjazzy/src/install/bme_gazebo_basics/share/bme_gazebo_basics/cmake/bme_gazebo_basicsConfig.cmake
[0.105s] -- Up-to-date: /home/neha/gitjazzy/src/install/bme_gazebo_basics/share/bme_gazebo_basics/cmake/bme_gazebo_basicsConfig-version.cmake
[0.105s] -- Up-to-date: /home/neha/gitjazzy/src/install/bme_gazebo_basics/share/bme_gazebo_basics/package.xml
[0.107s] Invoked command in '/home/neha/gitjazzy/src/build/bme_gazebo_basics' returned '0': CMAKE_PREFIX_PATH=${CMAKE_PREFIX_PATH}:/opt/ros/jazzy /usr/bin/cmake --install /home/neha/gitjazzy/src/build/bme_gazebo_basics
