[0.437s] DEBUG:colcon:Command line arguments: ['/usr/bin/colcon', 'build']
[0.437s] DEBUG:colcon:Parsed command line arguments: Namespace(log_base=None, log_level=None, verb_name='build', build_base='build', install_base='install', merge_install=False, symlink_install=False, test_result_base=None, continue_on_error=False, executor='parallel', parallel_workers=8, event_handlers=None, ignore_user_meta=False, metas=['./colcon.meta'], base_paths=['.'], packages_ignore=None, packages_ignore_regex=None, paths=None, packages_up_to=None, packages_up_to_regex=None, packages_above=None, packages_above_and_dependencies=None, packages_above_depth=None, packages_select_by_dep=None, packages_skip_by_dep=None, packages_skip_up_to=None, packages_select_build_failed=False, packages_skip_build_finished=False, packages_select_test_failures=False, packages_skip_test_passed=False, packages_select=None, packages_skip=None, packages_select_regex=None, packages_skip_regex=None, packages_start=None, packages_end=None, cmake_args=None, cmake_target=None, cmake_target_skip_unavailable=False, cmake_clean_cache=False, cmake_clean_first=False, cmake_force_configure=False, ament_cmake_args=None, catkin_cmake_args=None, catkin_skip_building_tests=False, verb_parser=<colcon_defaults.argument_parser.defaults.DefaultArgumentsDecorator object at 0x7f9fbb41da60>, verb_extension=<colcon_core.verb.build.BuildVerb object at 0x7f9fbb41d940>, main=<bound method BuildVerb.main of <colcon_core.verb.build.BuildVerb object at 0x7f9fbb41d940>>)
[0.519s] Level 1:colcon.colcon_core.package_discovery:discover_packages(colcon_meta) check parameters
[0.519s] Level 1:colcon.colcon_core.package_discovery:discover_packages(recursive) check parameters
[0.519s] Level 1:colcon.colcon_core.package_discovery:discover_packages(ignore) check parameters
[0.519s] Level 1:colcon.colcon_core.package_discovery:discover_packages(path) check parameters
[0.519s] Level 1:colcon.colcon_core.package_discovery:discover_packages(colcon_meta) discover
[0.519s] Level 1:colcon.colcon_core.package_discovery:discover_packages(recursive) discover
[0.519s] INFO:colcon.colcon_core.package_discovery:Crawling recursively for packages in '/home/neha/gitjazzy'
[0.519s] Level 1:colcon.colcon_core.package_identification:_identify(.) by extensions ['ignore', 'ignore_ament_install']
[0.519s] Level 1:colcon.colcon_core.package_identification:_identify(.) by extension 'ignore'
[0.520s] Level 1:colcon.colcon_core.package_identification:_identify(.) by extension 'ignore_ament_install'
[0.520s] Level 1:colcon.colcon_core.package_identification:_identify(.) by extensions ['colcon_pkg']
[0.520s] Level 1:colcon.colcon_core.package_identification:_identify(.) by extension 'colcon_pkg'
[0.520s] Level 1:colcon.colcon_core.package_identification:_identify(.) by extensions ['colcon_meta']
[0.520s] Level 1:colcon.colcon_core.package_identification:_identify(.) by extension 'colcon_meta'
[0.520s] Level 1:colcon.colcon_core.package_identification:_identify(.) by extensions ['ros']
[0.520s] Level 1:colcon.colcon_core.package_identification:_identify(.) by extension 'ros'
[0.563s] Level 1:colcon.colcon_core.package_identification:_identify(.) by extensions ['cmake', 'python']
[0.563s] Level 1:colcon.colcon_core.package_identification:_identify(.) by extension 'cmake'
[0.563s] Level 1:colcon.colcon_core.package_identification:_identify(.) by extension 'python'
[0.563s] Level 1:colcon.colcon_core.package_identification:_identify(.) by extensions ['python_setup_py']
[0.563s] Level 1:colcon.colcon_core.package_identification:_identify(.) by extension 'python_setup_py'
[0.563s] Level 1:colcon.colcon_core.package_identification:_identify(build) by extensions ['ignore', 'ignore_ament_install']
[0.563s] Level 1:colcon.colcon_core.package_identification:_identify(build) by extension 'ignore'
[0.564s] Level 1:colcon.colcon_core.package_identification:_identify(build) ignored
[0.564s] Level 1:colcon.colcon_core.package_identification:_identify(install) by extensions ['ignore', 'ignore_ament_install']
[0.564s] Level 1:colcon.colcon_core.package_identification:_identify(install) by extension 'ignore'
[0.564s] Level 1:colcon.colcon_core.package_identification:_identify(install) ignored
[0.564s] Level 1:colcon.colcon_core.package_identification:_identify(log) by extensions ['ignore', 'ignore_ament_install']
[0.564s] Level 1:colcon.colcon_core.package_identification:_identify(log) by extension 'ignore'
[0.564s] Level 1:colcon.colcon_core.package_identification:_identify(log) ignored
[0.564s] Level 1:colcon.colcon_core.package_identification:_identify(mogi_trajectory_server) by extensions ['ignore', 'ignore_ament_install']
[0.565s] Level 1:colcon.colcon_core.package_identification:_identify(mogi_trajectory_server) by extension 'ignore'
[0.565s] Level 1:colcon.colcon_core.package_identification:_identify(mogi_trajectory_server) by extension 'ignore_ament_install'
[0.565s] Level 1:colcon.colcon_core.package_identification:_identify(mogi_trajectory_server) by extensions ['colcon_pkg']
[0.565s] Level 1:colcon.colcon_core.package_identification:_identify(mogi_trajectory_server) by extension 'colcon_pkg'
[0.565s] Level 1:colcon.colcon_core.package_identification:_identify(mogi_trajectory_server) by extensions ['colcon_meta']
[0.565s] Level 1:colcon.colcon_core.package_identification:_identify(mogi_trajectory_server) by extension 'colcon_meta'
[0.565s] Level 1:colcon.colcon_core.package_identification:_identify(mogi_trajectory_server) by extensions ['ros']
[0.565s] Level 1:colcon.colcon_core.package_identification:_identify(mogi_trajectory_server) by extension 'ros'
[0.571s] DEBUG:colcon.colcon_core.package_identification:Package 'mogi_trajectory_server' with type 'ros.ament_python' and name 'mogi_trajectory_server'
[0.571s] Level 1:colcon.colcon_core.package_identification:_identify(src) by extensions ['ignore', 'ignore_ament_install']
[0.571s] Level 1:colcon.colcon_core.package_identification:_identify(src) by extension 'ignore'
[0.571s] Level 1:colcon.colcon_core.package_identification:_identify(src) by extension 'ignore_ament_install'
[0.571s] Level 1:colcon.colcon_core.package_identification:_identify(src) by extensions ['colcon_pkg']
[0.571s] Level 1:colcon.colcon_core.package_identification:_identify(src) by extension 'colcon_pkg'
[0.571s] Level 1:colcon.colcon_core.package_identification:_identify(src) by extensions ['colcon_meta']
[0.571s] Level 1:colcon.colcon_core.package_identification:_identify(src) by extension 'colcon_meta'
[0.571s] Level 1:colcon.colcon_core.package_identification:_identify(src) by extensions ['ros']
[0.571s] Level 1:colcon.colcon_core.package_identification:_identify(src) by extension 'ros'
[0.571s] Level 1:colcon.colcon_core.package_identification:_identify(src) by extensions ['cmake', 'python']
[0.572s] Level 1:colcon.colcon_core.package_identification:_identify(src) by extension 'cmake'
[0.572s] Level 1:colcon.colcon_core.package_identification:_identify(src) by extension 'python'
[0.572s] Level 1:colcon.colcon_core.package_identification:_identify(src) by extensions ['python_setup_py']
[0.572s] Level 1:colcon.colcon_core.package_identification:_identify(src) by extension 'python_setup_py'
[0.572s] Level 1:colcon.colcon_core.package_identification:_identify(src/Week-3-4-Gazebo-basics) by extensions ['ignore', 'ignore_ament_install']
[0.572s] Level 1:colcon.colcon_core.package_identification:_identify(src/Week-3-4-Gazebo-basics) by extension 'ignore'
[0.572s] Level 1:colcon.colcon_core.package_identification:_identify(src/Week-3-4-Gazebo-basics) by extension 'ignore_ament_install'
[0.572s] Level 1:colcon.colcon_core.package_identification:_identify(src/Week-3-4-Gazebo-basics) by extensions ['colcon_pkg']
[0.572s] Level 1:colcon.colcon_core.package_identification:_identify(src/Week-3-4-Gazebo-basics) by extension 'colcon_pkg'
[0.572s] Level 1:colcon.colcon_core.package_identification:_identify(src/Week-3-4-Gazebo-basics) by extensions ['colcon_meta']
[0.572s] Level 1:colcon.colcon_core.package_identification:_identify(src/Week-3-4-Gazebo-basics) by extension 'colcon_meta'
[0.572s] Level 1:colcon.colcon_core.package_identification:_identify(src/Week-3-4-Gazebo-basics) by extensions ['ros']
[0.572s] Level 1:colcon.colcon_core.package_identification:_identify(src/Week-3-4-Gazebo-basics) by extension 'ros'
[0.573s] Level 1:colcon.colcon_core.package_identification:_identify(src/Week-3-4-Gazebo-basics) by extensions ['cmake', 'python']
[0.573s] Level 1:colcon.colcon_core.package_identification:_identify(src/Week-3-4-Gazebo-basics) by extension 'cmake'
[0.573s] Level 1:colcon.colcon_core.package_identification:_identify(src/Week-3-4-Gazebo-basics) by extension 'python'
[0.573s] Level 1:colcon.colcon_core.package_identification:_identify(src/Week-3-4-Gazebo-basics) by extensions ['python_setup_py']
[0.573s] Level 1:colcon.colcon_core.package_identification:_identify(src/Week-3-4-Gazebo-basics) by extension 'python_setup_py'
[0.573s] Level 1:colcon.colcon_core.package_identification:_identify(src/Week-3-4-Gazebo-basics/assets) by extensions ['ignore', 'ignore_ament_install']
[0.573s] Level 1:colcon.colcon_core.package_identification:_identify(src/Week-3-4-Gazebo-basics/assets) by extension 'ignore'
[0.573s] Level 1:colcon.colcon_core.package_identification:_identify(src/Week-3-4-Gazebo-basics/assets) by extension 'ignore_ament_install'
[0.573s] Level 1:colcon.colcon_core.package_identification:_identify(src/Week-3-4-Gazebo-basics/assets) by extensions ['colcon_pkg']
[0.573s] Level 1:colcon.colcon_core.package_identification:_identify(src/Week-3-4-Gazebo-basics/assets) by extension 'colcon_pkg'
[0.573s] Level 1:colcon.colcon_core.package_identification:_identify(src/Week-3-4-Gazebo-basics/assets) by extensions ['colcon_meta']
[0.573s] Level 1:colcon.colcon_core.package_identification:_identify(src/Week-3-4-Gazebo-basics/assets) by extension 'colcon_meta'
[0.573s] Level 1:colcon.colcon_core.package_identification:_identify(src/Week-3-4-Gazebo-basics/assets) by extensions ['ros']
[0.574s] Level 1:colcon.colcon_core.package_identification:_identify(src/Week-3-4-Gazebo-basics/assets) by extension 'ros'
[0.574s] Level 1:colcon.colcon_core.package_identification:_identify(src/Week-3-4-Gazebo-basics/assets) by extensions ['cmake', 'python']
[0.574s] Level 1:colcon.colcon_core.package_identification:_identify(src/Week-3-4-Gazebo-basics/assets) by extension 'cmake'
[0.574s] Level 1:colcon.colcon_core.package_identification:_identify(src/Week-3-4-Gazebo-basics/assets) by extension 'python'
[0.574s] Level 1:colcon.colcon_core.package_identification:_identify(src/Week-3-4-Gazebo-basics/assets) by extensions ['python_setup_py']
[0.574s] Level 1:colcon.colcon_core.package_identification:_identify(src/Week-3-4-Gazebo-basics/assets) by extension 'python_setup_py'
[0.574s] Level 1:colcon.colcon_core.package_identification:_identify(src/Week-3-4-Gazebo-basics/bme_gazebo_basics) by extensions ['ignore', 'ignore_ament_install']
[0.574s] Level 1:colcon.colcon_core.package_identification:_identify(src/Week-3-4-Gazebo-basics/bme_gazebo_basics) by extension 'ignore'
[0.574s] Level 1:colcon.colcon_core.package_identification:_identify(src/Week-3-4-Gazebo-basics/bme_gazebo_basics) by extension 'ignore_ament_install'
[0.575s] Level 1:colcon.colcon_core.package_identification:_identify(src/Week-3-4-Gazebo-basics/bme_gazebo_basics) by extensions ['colcon_pkg']
[0.575s] Level 1:colcon.colcon_core.package_identification:_identify(src/Week-3-4-Gazebo-basics/bme_gazebo_basics) by extension 'colcon_pkg'
[0.575s] Level 1:colcon.colcon_core.package_identification:_identify(src/Week-3-4-Gazebo-basics/bme_gazebo_basics) by extensions ['colcon_meta']
[0.575s] Level 1:colcon.colcon_core.package_identification:_identify(src/Week-3-4-Gazebo-basics/bme_gazebo_basics) by extension 'colcon_meta'
[0.575s] Level 1:colcon.colcon_core.package_identification:_identify(src/Week-3-4-Gazebo-basics/bme_gazebo_basics) by extensions ['ros']
[0.575s] Level 1:colcon.colcon_core.package_identification:_identify(src/Week-3-4-Gazebo-basics/bme_gazebo_basics) by extension 'ros'
[0.576s] DEBUG:colcon.colcon_core.package_identification:Package 'src/Week-3-4-Gazebo-basics/bme_gazebo_basics' with type 'ros.ament_cmake' and name 'bme_gazebo_basics'
[0.576s] Level 1:colcon.colcon_core.package_identification:_identify(src/Week-5-6-Gazebo-sensors) by extensions ['ignore', 'ignore_ament_install']
[0.577s] Level 1:colcon.colcon_core.package_identification:_identify(src/Week-5-6-Gazebo-sensors) by extension 'ignore'
[0.577s] Level 1:colcon.colcon_core.package_identification:_identify(src/Week-5-6-Gazebo-sensors) by extension 'ignore_ament_install'
[0.577s] Level 1:colcon.colcon_core.package_identification:_identify(src/Week-5-6-Gazebo-sensors) by extensions ['colcon_pkg']
[0.577s] Level 1:colcon.colcon_core.package_identification:_identify(src/Week-5-6-Gazebo-sensors) by extension 'colcon_pkg'
[0.577s] Level 1:colcon.colcon_core.package_identification:_identify(src/Week-5-6-Gazebo-sensors) by extensions ['colcon_meta']
[0.577s] Level 1:colcon.colcon_core.package_identification:_identify(src/Week-5-6-Gazebo-sensors) by extension 'colcon_meta'
[0.577s] Level 1:colcon.colcon_core.package_identification:_identify(src/Week-5-6-Gazebo-sensors) by extensions ['ros']
[0.577s] Level 1:colcon.colcon_core.package_identification:_identify(src/Week-5-6-Gazebo-sensors) by extension 'ros'
[0.578s] Level 1:colcon.colcon_core.package_identification:_identify(src/Week-5-6-Gazebo-sensors) by extensions ['cmake', 'python']
[0.578s] Level 1:colcon.colcon_core.package_identification:_identify(src/Week-5-6-Gazebo-sensors) by extension 'cmake'
[0.578s] Level 1:colcon.colcon_core.package_identification:_identify(src/Week-5-6-Gazebo-sensors) by extension 'python'
[0.578s] Level 1:colcon.colcon_core.package_identification:_identify(src/Week-5-6-Gazebo-sensors) by extensions ['python_setup_py']
[0.578s] Level 1:colcon.colcon_core.package_identification:_identify(src/Week-5-6-Gazebo-sensors) by extension 'python_setup_py'
[0.578s] Level 1:colcon.colcon_core.package_identification:_identify(src/Week-5-6-Gazebo-sensors/assets) by extensions ['ignore', 'ignore_ament_install']
[0.578s] Level 1:colcon.colcon_core.package_identification:_identify(src/Week-5-6-Gazebo-sensors/assets) by extension 'ignore'
[0.578s] Level 1:colcon.colcon_core.package_identification:_identify(src/Week-5-6-Gazebo-sensors/assets) by extension 'ignore_ament_install'
[0.578s] Level 1:colcon.colcon_core.package_identification:_identify(src/Week-5-6-Gazebo-sensors/assets) by extensions ['colcon_pkg']
[0.578s] Level 1:colcon.colcon_core.package_identification:_identify(src/Week-5-6-Gazebo-sensors/assets) by extension 'colcon_pkg'
[0.578s] Level 1:colcon.colcon_core.package_identification:_identify(src/Week-5-6-Gazebo-sensors/assets) by extensions ['colcon_meta']
[0.578s] Level 1:colcon.colcon_core.package_identification:_identify(src/Week-5-6-Gazebo-sensors/assets) by extension 'colcon_meta'
[0.579s] Level 1:colcon.colcon_core.package_identification:_identify(src/Week-5-6-Gazebo-sensors/assets) by extensions ['ros']
[0.579s] Level 1:colcon.colcon_core.package_identification:_identify(src/Week-5-6-Gazebo-sensors/assets) by extension 'ros'
[0.579s] Level 1:colcon.colcon_core.package_identification:_identify(src/Week-5-6-Gazebo-sensors/assets) by extensions ['cmake', 'python']
[0.579s] Level 1:colcon.colcon_core.package_identification:_identify(src/Week-5-6-Gazebo-sensors/assets) by extension 'cmake'
[0.579s] Level 1:colcon.colcon_core.package_identification:_identify(src/Week-5-6-Gazebo-sensors/assets) by extension 'python'
[0.579s] Level 1:colcon.colcon_core.package_identification:_identify(src/Week-5-6-Gazebo-sensors/assets) by extensions ['python_setup_py']
[0.579s] Level 1:colcon.colcon_core.package_identification:_identify(src/Week-5-6-Gazebo-sensors/assets) by extension 'python_setup_py'
[0.579s] Level 1:colcon.colcon_core.package_identification:_identify(src/Week-5-6-Gazebo-sensors/bme_gazebo_sensors) by extensions ['ignore', 'ignore_ament_install']
[0.579s] Level 1:colcon.colcon_core.package_identification:_identify(src/Week-5-6-Gazebo-sensors/bme_gazebo_sensors) by extension 'ignore'
[0.579s] Level 1:colcon.colcon_core.package_identification:_identify(src/Week-5-6-Gazebo-sensors/bme_gazebo_sensors) by extension 'ignore_ament_install'
[0.579s] Level 1:colcon.colcon_core.package_identification:_identify(src/Week-5-6-Gazebo-sensors/bme_gazebo_sensors) by extensions ['colcon_pkg']
[0.579s] Level 1:colcon.colcon_core.package_identification:_identify(src/Week-5-6-Gazebo-sensors/bme_gazebo_sensors) by extension 'colcon_pkg'
[0.579s] Level 1:colcon.colcon_core.package_identification:_identify(src/Week-5-6-Gazebo-sensors/bme_gazebo_sensors) by extensions ['colcon_meta']
[0.580s] Level 1:colcon.colcon_core.package_identification:_identify(src/Week-5-6-Gazebo-sensors/bme_gazebo_sensors) by extension 'colcon_meta'
[0.580s] Level 1:colcon.colcon_core.package_identification:_identify(src/Week-5-6-Gazebo-sensors/bme_gazebo_sensors) by extensions ['ros']
[0.580s] Level 1:colcon.colcon_core.package_identification:_identify(src/Week-5-6-Gazebo-sensors/bme_gazebo_sensors) by extension 'ros'
[0.580s] DEBUG:colcon.colcon_core.package_identification:Package 'src/Week-5-6-Gazebo-sensors/bme_gazebo_sensors' with type 'ros.ament_cmake' and name 'bme_gazebo_sensors'
[0.580s] Level 1:colcon.colcon_core.package_identification:_identify(src/Week-5-6-Gazebo-sensors/bme_gazebo_sensors_py) by extensions ['ignore', 'ignore_ament_install']
[0.580s] Level 1:colcon.colcon_core.package_identification:_identify(src/Week-5-6-Gazebo-sensors/bme_gazebo_sensors_py) by extension 'ignore'
[0.580s] Level 1:colcon.colcon_core.package_identification:_identify(src/Week-5-6-Gazebo-sensors/bme_gazebo_sensors_py) by extension 'ignore_ament_install'
[0.581s] Level 1:colcon.colcon_core.package_identification:_identify(src/Week-5-6-Gazebo-sensors/bme_gazebo_sensors_py) by extensions ['colcon_pkg']
[0.581s] Level 1:colcon.colcon_core.package_identification:_identify(src/Week-5-6-Gazebo-sensors/bme_gazebo_sensors_py) by extension 'colcon_pkg'
[0.581s] Level 1:colcon.colcon_core.package_identification:_identify(src/Week-5-6-Gazebo-sensors/bme_gazebo_sensors_py) by extensions ['colcon_meta']
[0.581s] Level 1:colcon.colcon_core.package_identification:_identify(src/Week-5-6-Gazebo-sensors/bme_gazebo_sensors_py) by extension 'colcon_meta'
[0.581s] Level 1:colcon.colcon_core.package_identification:_identify(src/Week-5-6-Gazebo-sensors/bme_gazebo_sensors_py) by extensions ['ros']
[0.581s] Level 1:colcon.colcon_core.package_identification:_identify(src/Week-5-6-Gazebo-sensors/bme_gazebo_sensors_py) by extension 'ros'
[0.581s] DEBUG:colcon.colcon_core.package_identification:Package 'src/Week-5-6-Gazebo-sensors/bme_gazebo_sensors_py' with type 'ros.ament_python' and name 'bme_gazebo_sensors_py'
[0.581s] Level 1:colcon.colcon_core.package_identification:_identify(src/Week-7-8-ROS2-Navigation) by extensions ['ignore', 'ignore_ament_install']
[0.582s] Level 1:colcon.colcon_core.package_identification:_identify(src/Week-7-8-ROS2-Navigation) by extension 'ignore'
[0.582s] Level 1:colcon.colcon_core.package_identification:_identify(src/Week-7-8-ROS2-Navigation) by extension 'ignore_ament_install'
[0.582s] Level 1:colcon.colcon_core.package_identification:_identify(src/Week-7-8-ROS2-Navigation) by extensions ['colcon_pkg']
[0.582s] Level 1:colcon.colcon_core.package_identification:_identify(src/Week-7-8-ROS2-Navigation) by extension 'colcon_pkg'
[0.582s] Level 1:colcon.colcon_core.package_identification:_identify(src/Week-7-8-ROS2-Navigation) by extensions ['colcon_meta']
[0.582s] Level 1:colcon.colcon_core.package_identification:_identify(src/Week-7-8-ROS2-Navigation) by extension 'colcon_meta'
[0.582s] Level 1:colcon.colcon_core.package_identification:_identify(src/Week-7-8-ROS2-Navigation) by extensions ['ros']
[0.582s] Level 1:colcon.colcon_core.package_identification:_identify(src/Week-7-8-ROS2-Navigation) by extension 'ros'
[0.582s] Level 1:colcon.colcon_core.package_identification:_identify(src/Week-7-8-ROS2-Navigation) by extensions ['cmake', 'python']
[0.582s] Level 1:colcon.colcon_core.package_identification:_identify(src/Week-7-8-ROS2-Navigation) by extension 'cmake'
[0.582s] Level 1:colcon.colcon_core.package_identification:_identify(src/Week-7-8-ROS2-Navigation) by extension 'python'
[0.582s] Level 1:colcon.colcon_core.package_identification:_identify(src/Week-7-8-ROS2-Navigation) by extensions ['python_setup_py']
[0.582s] Level 1:colcon.colcon_core.package_identification:_identify(src/Week-7-8-ROS2-Navigation) by extension 'python_setup_py'
[0.583s] Level 1:colcon.colcon_core.package_identification:_identify(src/Week-7-8-ROS2-Navigation/assets) by extensions ['ignore', 'ignore_ament_install']
[0.583s] Level 1:colcon.colcon_core.package_identification:_identify(src/Week-7-8-ROS2-Navigation/assets) by extension 'ignore'
[0.583s] Level 1:colcon.colcon_core.package_identification:_identify(src/Week-7-8-ROS2-Navigation/assets) by extension 'ignore_ament_install'
[0.583s] Level 1:colcon.colcon_core.package_identification:_identify(src/Week-7-8-ROS2-Navigation/assets) by extensions ['colcon_pkg']
[0.583s] Level 1:colcon.colcon_core.package_identification:_identify(src/Week-7-8-ROS2-Navigation/assets) by extension 'colcon_pkg'
[0.583s] Level 1:colcon.colcon_core.package_identification:_identify(src/Week-7-8-ROS2-Navigation/assets) by extensions ['colcon_meta']
[0.583s] Level 1:colcon.colcon_core.package_identification:_identify(src/Week-7-8-ROS2-Navigation/assets) by extension 'colcon_meta'
[0.583s] Level 1:colcon.colcon_core.package_identification:_identify(src/Week-7-8-ROS2-Navigation/assets) by extensions ['ros']
[0.583s] Level 1:colcon.colcon_core.package_identification:_identify(src/Week-7-8-ROS2-Navigation/assets) by extension 'ros'
[0.583s] Level 1:colcon.colcon_core.package_identification:_identify(src/Week-7-8-ROS2-Navigation/assets) by extensions ['cmake', 'python']
[0.583s] Level 1:colcon.colcon_core.package_identification:_identify(src/Week-7-8-ROS2-Navigation/assets) by extension 'cmake'
[0.583s] Level 1:colcon.colcon_core.package_identification:_identify(src/Week-7-8-ROS2-Navigation/assets) by extension 'python'
[0.583s] Level 1:colcon.colcon_core.package_identification:_identify(src/Week-7-8-ROS2-Navigation/assets) by extensions ['python_setup_py']
[0.583s] Level 1:colcon.colcon_core.package_identification:_identify(src/Week-7-8-ROS2-Navigation/assets) by extension 'python_setup_py'
[0.584s] Level 1:colcon.colcon_core.package_identification:_identify(src/Week-7-8-ROS2-Navigation/bme_ros2_navigation) by extensions ['ignore', 'ignore_ament_install']
[0.584s] Level 1:colcon.colcon_core.package_identification:_identify(src/Week-7-8-ROS2-Navigation/bme_ros2_navigation) by extension 'ignore'
[0.584s] Level 1:colcon.colcon_core.package_identification:_identify(src/Week-7-8-ROS2-Navigation/bme_ros2_navigation) by extension 'ignore_ament_install'
[0.584s] Level 1:colcon.colcon_core.package_identification:_identify(src/Week-7-8-ROS2-Navigation/bme_ros2_navigation) by extensions ['colcon_pkg']
[0.584s] Level 1:colcon.colcon_core.package_identification:_identify(src/Week-7-8-ROS2-Navigation/bme_ros2_navigation) by extension 'colcon_pkg'
[0.584s] Level 1:colcon.colcon_core.package_identification:_identify(src/Week-7-8-ROS2-Navigation/bme_ros2_navigation) by extensions ['colcon_meta']
[0.584s] Level 1:colcon.colcon_core.package_identification:_identify(src/Week-7-8-ROS2-Navigation/bme_ros2_navigation) by extension 'colcon_meta'
[0.584s] Level 1:colcon.colcon_core.package_identification:_identify(src/Week-7-8-ROS2-Navigation/bme_ros2_navigation) by extensions ['ros']
[0.584s] Level 1:colcon.colcon_core.package_identification:_identify(src/Week-7-8-ROS2-Navigation/bme_ros2_navigation) by extension 'ros'
[0.586s] DEBUG:colcon.colcon_core.package_identification:Package 'src/Week-7-8-ROS2-Navigation/bme_ros2_navigation' with type 'ros.ament_cmake' and name 'bme_ros2_navigation'
[0.587s] Level 1:colcon.colcon_core.package_identification:_identify(src/Week-7-8-ROS2-Navigation/bme_ros2_navigation_py) by extensions ['ignore', 'ignore_ament_install']
[0.587s] Level 1:colcon.colcon_core.package_identification:_identify(src/Week-7-8-ROS2-Navigation/bme_ros2_navigation_py) by extension 'ignore'
[0.587s] Level 1:colcon.colcon_core.package_identification:_identify(src/Week-7-8-ROS2-Navigation/bme_ros2_navigation_py) by extension 'ignore_ament_install'
[0.587s] Level 1:colcon.colcon_core.package_identification:_identify(src/Week-7-8-ROS2-Navigation/bme_ros2_navigation_py) by extensions ['colcon_pkg']
[0.587s] Level 1:colcon.colcon_core.package_identification:_identify(src/Week-7-8-ROS2-Navigation/bme_ros2_navigation_py) by extension 'colcon_pkg'
[0.587s] Level 1:colcon.colcon_core.package_identification:_identify(src/Week-7-8-ROS2-Navigation/bme_ros2_navigation_py) by extensions ['colcon_meta']
[0.587s] Level 1:colcon.colcon_core.package_identification:_identify(src/Week-7-8-ROS2-Navigation/bme_ros2_navigation_py) by extension 'colcon_meta'
[0.587s] Level 1:colcon.colcon_core.package_identification:_identify(src/Week-7-8-ROS2-Navigation/bme_ros2_navigation_py) by extensions ['ros']
[0.587s] Level 1:colcon.colcon_core.package_identification:_identify(src/Week-7-8-ROS2-Navigation/bme_ros2_navigation_py) by extension 'ros'
[0.588s] DEBUG:colcon.colcon_core.package_identification:Package 'src/Week-7-8-ROS2-Navigation/bme_ros2_navigation_py' with type 'ros.ament_python' and name 'bme_ros2_navigation_py'
[0.588s] Level 1:colcon.colcon_core.package_identification:_identify(src/Week-7-8-ROS2-Navigation/build) by extensions ['ignore', 'ignore_ament_install']
[0.588s] Level 1:colcon.colcon_core.package_identification:_identify(src/Week-7-8-ROS2-Navigation/build) by extension 'ignore'
[0.588s] Level 1:colcon.colcon_core.package_identification:_identify(src/Week-7-8-ROS2-Navigation/build) ignored
[0.589s] Level 1:colcon.colcon_core.package_identification:_identify(src/Week-7-8-ROS2-Navigation/install) by extensions ['ignore', 'ignore_ament_install']
[0.589s] Level 1:colcon.colcon_core.package_identification:_identify(src/Week-7-8-ROS2-Navigation/install) by extension 'ignore'
[0.589s] Level 1:colcon.colcon_core.package_identification:_identify(src/Week-7-8-ROS2-Navigation/install) ignored
[0.589s] Level 1:colcon.colcon_core.package_identification:_identify(src/Week-7-8-ROS2-Navigation/log) by extensions ['ignore', 'ignore_ament_install']
[0.589s] Level 1:colcon.colcon_core.package_identification:_identify(src/Week-7-8-ROS2-Navigation/log) by extension 'ignore'
[0.589s] Level 1:colcon.colcon_core.package_identification:_identify(src/Week-7-8-ROS2-Navigation/log) ignored
[0.589s] Level 1:colcon.colcon_core.package_identification:_identify(src/build) by extensions ['ignore', 'ignore_ament_install']
[0.589s] Level 1:colcon.colcon_core.package_identification:_identify(src/build) by extension 'ignore'
[0.589s] Level 1:colcon.colcon_core.package_identification:_identify(src/build) ignored
[0.590s] Level 1:colcon.colcon_core.package_identification:_identify(src/install) by extensions ['ignore', 'ignore_ament_install']
[0.590s] Level 1:colcon.colcon_core.package_identification:_identify(src/install) by extension 'ignore'
[0.590s] Level 1:colcon.colcon_core.package_identification:_identify(src/install) ignored
[0.590s] Level 1:colcon.colcon_core.package_identification:_identify(src/log) by extensions ['ignore', 'ignore_ament_install']
[0.590s] Level 1:colcon.colcon_core.package_identification:_identify(src/log) by extension 'ignore'
[0.590s] Level 1:colcon.colcon_core.package_identification:_identify(src/log) ignored
[0.590s] Level 1:colcon.colcon_core.package_discovery:discover_packages(recursive) using defaults
[0.590s] Level 1:colcon.colcon_core.package_discovery:discover_packages(ignore) discover
[0.590s] Level 1:colcon.colcon_core.package_discovery:discover_packages(ignore) using defaults
[0.590s] Level 1:colcon.colcon_core.package_discovery:discover_packages(path) discover
[0.590s] Level 1:colcon.colcon_core.package_discovery:discover_packages(path) using defaults
[0.633s] Level 5:colcon.colcon_core.verb:set package 'bme_gazebo_basics' build argument 'cmake_args' from command line to 'None'
[0.633s] Level 5:colcon.colcon_core.verb:set package 'bme_gazebo_basics' build argument 'cmake_target' from command line to 'None'
[0.633s] Level 5:colcon.colcon_core.verb:set package 'bme_gazebo_basics' build argument 'cmake_target_skip_unavailable' from command line to 'False'
[0.633s] Level 5:colcon.colcon_core.verb:set package 'bme_gazebo_basics' build argument 'cmake_clean_cache' from command line to 'False'
[0.633s] Level 5:colcon.colcon_core.verb:set package 'bme_gazebo_basics' build argument 'cmake_clean_first' from command line to 'False'
[0.633s] Level 5:colcon.colcon_core.verb:set package 'bme_gazebo_basics' build argument 'cmake_force_configure' from command line to 'False'
[0.634s] Level 5:colcon.colcon_core.verb:set package 'bme_gazebo_basics' build argument 'ament_cmake_args' from command line to 'None'
[0.634s] Level 5:colcon.colcon_core.verb:set package 'bme_gazebo_basics' build argument 'catkin_cmake_args' from command line to 'None'
[0.634s] Level 5:colcon.colcon_core.verb:set package 'bme_gazebo_basics' build argument 'catkin_skip_building_tests' from command line to 'False'
[0.634s] DEBUG:colcon.colcon_core.verb:Building package 'bme_gazebo_basics' with the following arguments: {'ament_cmake_args': None, 'build_base': '/home/neha/gitjazzy/build/bme_gazebo_basics', 'catkin_cmake_args': None, 'catkin_skip_building_tests': False, 'cmake_args': None, 'cmake_clean_cache': False, 'cmake_clean_first': False, 'cmake_force_configure': False, 'cmake_target': None, 'cmake_target_skip_unavailable': False, 'install_base': '/home/neha/gitjazzy/install/bme_gazebo_basics', 'merge_install': False, 'path': '/home/neha/gitjazzy/src/Week-3-4-Gazebo-basics/bme_gazebo_basics', 'symlink_install': False, 'test_result_base': None}
[0.634s] Level 5:colcon.colcon_core.verb:set package 'bme_gazebo_sensors' build argument 'cmake_args' from command line to 'None'
[0.634s] Level 5:colcon.colcon_core.verb:set package 'bme_gazebo_sensors' build argument 'cmake_target' from command line to 'None'
[0.634s] Level 5:colcon.colcon_core.verb:set package 'bme_gazebo_sensors' build argument 'cmake_target_skip_unavailable' from command line to 'False'
[0.634s] Level 5:colcon.colcon_core.verb:set package 'bme_gazebo_sensors' build argument 'cmake_clean_cache' from command line to 'False'
[0.634s] Level 5:colcon.colcon_core.verb:set package 'bme_gazebo_sensors' build argument 'cmake_clean_first' from command line to 'False'
[0.634s] Level 5:colcon.colcon_core.verb:set package 'bme_gazebo_sensors' build argument 'cmake_force_configure' from command line to 'False'
[0.634s] Level 5:colcon.colcon_core.verb:set package 'bme_gazebo_sensors' build argument 'ament_cmake_args' from command line to 'None'
[0.634s] Level 5:colcon.colcon_core.verb:set package 'bme_gazebo_sensors' build argument 'catkin_cmake_args' from command line to 'None'
[0.634s] Level 5:colcon.colcon_core.verb:set package 'bme_gazebo_sensors' build argument 'catkin_skip_building_tests' from command line to 'False'
[0.634s] DEBUG:colcon.colcon_core.verb:Building package 'bme_gazebo_sensors' with the following arguments: {'ament_cmake_args': None, 'build_base': '/home/neha/gitjazzy/build/bme_gazebo_sensors', 'catkin_cmake_args': None, 'catkin_skip_building_tests': False, 'cmake_args': None, 'cmake_clean_cache': False, 'cmake_clean_first': False, 'cmake_force_configure': False, 'cmake_target': None, 'cmake_target_skip_unavailable': False, 'install_base': '/home/neha/gitjazzy/install/bme_gazebo_sensors', 'merge_install': False, 'path': '/home/neha/gitjazzy/src/Week-5-6-Gazebo-sensors/bme_gazebo_sensors', 'symlink_install': False, 'test_result_base': None}
[0.635s] Level 5:colcon.colcon_core.verb:set package 'bme_gazebo_sensors_py' build argument 'cmake_args' from command line to 'None'
[0.635s] Level 5:colcon.colcon_core.verb:set package 'bme_gazebo_sensors_py' build argument 'cmake_target' from command line to 'None'
[0.635s] Level 5:colcon.colcon_core.verb:set package 'bme_gazebo_sensors_py' build argument 'cmake_target_skip_unavailable' from command line to 'False'
[0.635s] Level 5:colcon.colcon_core.verb:set package 'bme_gazebo_sensors_py' build argument 'cmake_clean_cache' from command line to 'False'
[0.635s] Level 5:colcon.colcon_core.verb:set package 'bme_gazebo_sensors_py' build argument 'cmake_clean_first' from command line to 'False'
[0.635s] Level 5:colcon.colcon_core.verb:set package 'bme_gazebo_sensors_py' build argument 'cmake_force_configure' from command line to 'False'
[0.635s] Level 5:colcon.colcon_core.verb:set package 'bme_gazebo_sensors_py' build argument 'ament_cmake_args' from command line to 'None'
[0.635s] Level 5:colcon.colcon_core.verb:set package 'bme_gazebo_sensors_py' build argument 'catkin_cmake_args' from command line to 'None'
[0.635s] Level 5:colcon.colcon_core.verb:set package 'bme_gazebo_sensors_py' build argument 'catkin_skip_building_tests' from command line to 'False'
[0.635s] DEBUG:colcon.colcon_core.verb:Building package 'bme_gazebo_sensors_py' with the following arguments: {'ament_cmake_args': None, 'build_base': '/home/neha/gitjazzy/build/bme_gazebo_sensors_py', 'catkin_cmake_args': None, 'catkin_skip_building_tests': False, 'cmake_args': None, 'cmake_clean_cache': False, 'cmake_clean_first': False, 'cmake_force_configure': False, 'cmake_target': None, 'cmake_target_skip_unavailable': False, 'install_base': '/home/neha/gitjazzy/install/bme_gazebo_sensors_py', 'merge_install': False, 'path': '/home/neha/gitjazzy/src/Week-5-6-Gazebo-sensors/bme_gazebo_sensors_py', 'symlink_install': False, 'test_result_base': None}
[0.635s] Level 5:colcon.colcon_core.verb:set package 'bme_ros2_navigation' build argument 'cmake_args' from command line to 'None'
[0.636s] Level 5:colcon.colcon_core.verb:set package 'bme_ros2_navigation' build argument 'cmake_target' from command line to 'None'
[0.636s] Level 5:colcon.colcon_core.verb:set package 'bme_ros2_navigation' build argument 'cmake_target_skip_unavailable' from command line to 'False'
[0.636s] Level 5:colcon.colcon_core.verb:set package 'bme_ros2_navigation' build argument 'cmake_clean_cache' from command line to 'False'
[0.636s] Level 5:colcon.colcon_core.verb:set package 'bme_ros2_navigation' build argument 'cmake_clean_first' from command line to 'False'
[0.636s] Level 5:colcon.colcon_core.verb:set package 'bme_ros2_navigation' build argument 'cmake_force_configure' from command line to 'False'
[0.636s] Level 5:colcon.colcon_core.verb:set package 'bme_ros2_navigation' build argument 'ament_cmake_args' from command line to 'None'
[0.636s] Level 5:colcon.colcon_core.verb:set package 'bme_ros2_navigation' build argument 'catkin_cmake_args' from command line to 'None'
[0.636s] Level 5:colcon.colcon_core.verb:set package 'bme_ros2_navigation' build argument 'catkin_skip_building_tests' from command line to 'False'
[0.636s] DEBUG:colcon.colcon_core.verb:Building package 'bme_ros2_navigation' with the following arguments: {'ament_cmake_args': None, 'build_base': '/home/neha/gitjazzy/build/bme_ros2_navigation', 'catkin_cmake_args': None, 'catkin_skip_building_tests': False, 'cmake_args': None, 'cmake_clean_cache': False, 'cmake_clean_first': False, 'cmake_force_configure': False, 'cmake_target': None, 'cmake_target_skip_unavailable': False, 'install_base': '/home/neha/gitjazzy/install/bme_ros2_navigation', 'merge_install': False, 'path': '/home/neha/gitjazzy/src/Week-7-8-ROS2-Navigation/bme_ros2_navigation', 'symlink_install': False, 'test_result_base': None}
[0.636s] Level 5:colcon.colcon_core.verb:set package 'bme_ros2_navigation_py' build argument 'cmake_args' from command line to 'None'
[0.636s] Level 5:colcon.colcon_core.verb:set package 'bme_ros2_navigation_py' build argument 'cmake_target' from command line to 'None'
[0.636s] Level 5:colcon.colcon_core.verb:set package 'bme_ros2_navigation_py' build argument 'cmake_target_skip_unavailable' from command line to 'False'
[0.636s] Level 5:colcon.colcon_core.verb:set package 'bme_ros2_navigation_py' build argument 'cmake_clean_cache' from command line to 'False'
[0.636s] Level 5:colcon.colcon_core.verb:set package 'bme_ros2_navigation_py' build argument 'cmake_clean_first' from command line to 'False'
[0.636s] Level 5:colcon.colcon_core.verb:set package 'bme_ros2_navigation_py' build argument 'cmake_force_configure' from command line to 'False'
[0.636s] Level 5:colcon.colcon_core.verb:set package 'bme_ros2_navigation_py' build argument 'ament_cmake_args' from command line to 'None'
[0.636s] Level 5:colcon.colcon_core.verb:set package 'bme_ros2_navigation_py' build argument 'catkin_cmake_args' from command line to 'None'
[0.636s] Level 5:colcon.colcon_core.verb:set package 'bme_ros2_navigation_py' build argument 'catkin_skip_building_tests' from command line to 'False'
[0.636s] DEBUG:colcon.colcon_core.verb:Building package 'bme_ros2_navigation_py' with the following arguments: {'ament_cmake_args': None, 'build_base': '/home/neha/gitjazzy/build/bme_ros2_navigation_py', 'catkin_cmake_args': None, 'catkin_skip_building_tests': False, 'cmake_args': None, 'cmake_clean_cache': False, 'cmake_clean_first': False, 'cmake_force_configure': False, 'cmake_target': None, 'cmake_target_skip_unavailable': False, 'install_base': '/home/neha/gitjazzy/install/bme_ros2_navigation_py', 'merge_install': False, 'path': '/home/neha/gitjazzy/src/Week-7-8-ROS2-Navigation/bme_ros2_navigation_py', 'symlink_install': False, 'test_result_base': None}
[0.637s] Level 5:colcon.colcon_core.verb:set package 'mogi_trajectory_server' build argument 'cmake_args' from command line to 'None'
[0.637s] Level 5:colcon.colcon_core.verb:set package 'mogi_trajectory_server' build argument 'cmake_target' from command line to 'None'
[0.637s] Level 5:colcon.colcon_core.verb:set package 'mogi_trajectory_server' build argument 'cmake_target_skip_unavailable' from command line to 'False'
[0.637s] Level 5:colcon.colcon_core.verb:set package 'mogi_trajectory_server' build argument 'cmake_clean_cache' from command line to 'False'
[0.637s] Level 5:colcon.colcon_core.verb:set package 'mogi_trajectory_server' build argument 'cmake_clean_first' from command line to 'False'
[0.637s] Level 5:colcon.colcon_core.verb:set package 'mogi_trajectory_server' build argument 'cmake_force_configure' from command line to 'False'
[0.637s] Level 5:colcon.colcon_core.verb:set package 'mogi_trajectory_server' build argument 'ament_cmake_args' from command line to 'None'
[0.637s] Level 5:colcon.colcon_core.verb:set package 'mogi_trajectory_server' build argument 'catkin_cmake_args' from command line to 'None'
[0.637s] Level 5:colcon.colcon_core.verb:set package 'mogi_trajectory_server' build argument 'catkin_skip_building_tests' from command line to 'False'
[0.637s] DEBUG:colcon.colcon_core.verb:Building package 'mogi_trajectory_server' with the following arguments: {'ament_cmake_args': None, 'build_base': '/home/neha/gitjazzy/build/mogi_trajectory_server', 'catkin_cmake_args': None, 'catkin_skip_building_tests': False, 'cmake_args': None, 'cmake_clean_cache': False, 'cmake_clean_first': False, 'cmake_force_configure': False, 'cmake_target': None, 'cmake_target_skip_unavailable': False, 'install_base': '/home/neha/gitjazzy/install/mogi_trajectory_server', 'merge_install': False, 'path': '/home/neha/gitjazzy/mogi_trajectory_server', 'symlink_install': False, 'test_result_base': None}
[0.637s] INFO:colcon.colcon_core.executor:Executing jobs using 'parallel' executor
[0.639s] DEBUG:colcon.colcon_parallel_executor.executor.parallel:run_until_complete
[0.639s] INFO:colcon.colcon_ros.task.ament_cmake.build:Building ROS package in '/home/neha/gitjazzy/src/Week-3-4-Gazebo-basics/bme_gazebo_basics' with build type 'ament_cmake'
[0.640s] INFO:colcon.colcon_cmake.task.cmake.build:Building CMake package in '/home/neha/gitjazzy/src/Week-3-4-Gazebo-basics/bme_gazebo_basics'
[0.647s] INFO:colcon.colcon_core.plugin_system:Skipping extension 'colcon_core.shell.bat': Not used on non-Windows systems
[0.648s] DEBUG:colcon.colcon_core.shell:Skip shell extension 'dsv' for command environment
[0.661s] INFO:colcon.colcon_ros.task.ament_cmake.build:Building ROS package in '/home/neha/gitjazzy/src/Week-5-6-Gazebo-sensors/bme_gazebo_sensors' with build type 'ament_cmake'
[0.662s] INFO:colcon.colcon_cmake.task.cmake.build:Building CMake package in '/home/neha/gitjazzy/src/Week-5-6-Gazebo-sensors/bme_gazebo_sensors'
[0.662s] DEBUG:colcon.colcon_core.shell:Skip shell extension 'dsv' for command environment
[0.668s] INFO:colcon.colcon_ros.task.ament_python.build:Building ROS package in '/home/neha/gitjazzy/src/Week-5-6-Gazebo-sensors/bme_gazebo_sensors_py' with build type 'ament_python'
[0.669s] Level 1:colcon.colcon_core.shell:create_environment_hook('bme_gazebo_sensors_py', 'ament_prefix_path')
[0.669s] INFO:colcon.colcon_core.shell:Creating environment descriptor '/home/neha/gitjazzy/install/bme_gazebo_sensors_py/share/bme_gazebo_sensors_py/hook/ament_prefix_path.dsv'
[0.671s] INFO:colcon.colcon_core.shell:Creating environment hook '/home/neha/gitjazzy/install/bme_gazebo_sensors_py/share/bme_gazebo_sensors_py/hook/ament_prefix_path.sh'
[0.673s] DEBUG:colcon.colcon_core.shell:Skip shell extension 'dsv' for command environment
[0.679s] INFO:colcon.colcon_ros.task.ament_cmake.build:Building ROS package in '/home/neha/gitjazzy/src/Week-7-8-ROS2-Navigation/bme_ros2_navigation' with build type 'ament_cmake'
[0.679s] INFO:colcon.colcon_cmake.task.cmake.build:Building CMake package in '/home/neha/gitjazzy/src/Week-7-8-ROS2-Navigation/bme_ros2_navigation'
[0.680s] DEBUG:colcon.colcon_core.shell:Skip shell extension 'dsv' for command environment
[0.687s] INFO:colcon.colcon_ros.task.ament_python.build:Building ROS package in '/home/neha/gitjazzy/src/Week-7-8-ROS2-Navigation/bme_ros2_navigation_py' with build type 'ament_python'
[0.687s] Level 1:colcon.colcon_core.shell:create_environment_hook('bme_ros2_navigation_py', 'ament_prefix_path')
[0.688s] INFO:colcon.colcon_core.shell:Creating environment descriptor '/home/neha/gitjazzy/install/bme_ros2_navigation_py/share/bme_ros2_navigation_py/hook/ament_prefix_path.dsv'
[0.689s] INFO:colcon.colcon_core.shell:Creating environment hook '/home/neha/gitjazzy/install/bme_ros2_navigation_py/share/bme_ros2_navigation_py/hook/ament_prefix_path.sh'
[0.692s] DEBUG:colcon.colcon_core.shell:Skip shell extension 'dsv' for command environment
[0.698s] INFO:colcon.colcon_ros.task.ament_python.build:Building ROS package in '/home/neha/gitjazzy/mogi_trajectory_server' with build type 'ament_python'
[0.698s] Level 1:colcon.colcon_core.shell:create_environment_hook('mogi_trajectory_server', 'ament_prefix_path')
[0.699s] INFO:colcon.colcon_core.shell:Creating environment descriptor '/home/neha/gitjazzy/install/mogi_trajectory_server/share/mogi_trajectory_server/hook/ament_prefix_path.dsv'
[0.700s] INFO:colcon.colcon_core.shell:Creating environment hook '/home/neha/gitjazzy/install/mogi_trajectory_server/share/mogi_trajectory_server/hook/ament_prefix_path.sh'
[0.701s] DEBUG:colcon.colcon_core.shell:Skip shell extension 'dsv' for command environment
[0.720s] DEBUG:colcon.colcon_core.event_handler.log_command:Invoking command in '/home/neha/gitjazzy/build/bme_gazebo_basics': CMAKE_PREFIX_PATH=${CMAKE_PREFIX_PATH}:/opt/ros/jazzy /usr/bin/cmake --build /home/neha/gitjazzy/build/bme_gazebo_basics -- -j8 -l8
[0.726s] DEBUG:colcon.colcon_core.event_handler.log_command:Invoking command in '/home/neha/gitjazzy/build/bme_gazebo_sensors': CMAKE_PREFIX_PATH=${CMAKE_PREFIX_PATH}:/opt/ros/jazzy /usr/bin/cmake --build /home/neha/gitjazzy/build/bme_gazebo_sensors -- -j8 -l8
[1.019s] INFO:colcon.colcon_core.task.python.build:Building Python package in '/home/neha/gitjazzy/src/Week-5-6-Gazebo-sensors/bme_gazebo_sensors_py'
[1.019s] DEBUG:colcon.colcon_core.shell:Skip shell extension 'dsv' for command environment
[1.029s] DEBUG:colcon.colcon_core.event_handler.log_command:Invoking command in '/home/neha/gitjazzy/build/bme_ros2_navigation': CMAKE_PREFIX_PATH=${CMAKE_PREFIX_PATH}:/opt/ros/jazzy /usr/bin/cmake --build /home/neha/gitjazzy/build/bme_ros2_navigation -- -j8 -l8
[1.330s] INFO:colcon.colcon_core.task.python.build:Building Python package in '/home/neha/gitjazzy/src/Week-7-8-ROS2-Navigation/bme_ros2_navigation_py'
[1.330s] DEBUG:colcon.colcon_core.shell:Skip shell extension 'dsv' for command environment
[1.342s] DEBUG:colcon.colcon_core.event_handler.log_command:Invoked command in '/home/neha/gitjazzy/build/bme_gazebo_basics' returned '0': CMAKE_PREFIX_PATH=${CMAKE_PREFIX_PATH}:/opt/ros/jazzy /usr/bin/cmake --build /home/neha/gitjazzy/build/bme_gazebo_basics -- -j8 -l8
[1.356s] DEBUG:colcon.colcon_core.event_handler.log_command:Invoking command in '/home/neha/gitjazzy/build/bme_gazebo_basics': CMAKE_PREFIX_PATH=${CMAKE_PREFIX_PATH}:/opt/ros/jazzy /usr/bin/cmake --install /home/neha/gitjazzy/build/bme_gazebo_basics
[1.357s] DEBUG:colcon.colcon_core.event_handler.log_command:Invoked command in '/home/neha/gitjazzy/build/bme_gazebo_sensors' returned '0': CMAKE_PREFIX_PATH=${CMAKE_PREFIX_PATH}:/opt/ros/jazzy /usr/bin/cmake --build /home/neha/gitjazzy/build/bme_gazebo_sensors -- -j8 -l8
[1.360s] DEBUG:colcon.colcon_core.event_handler.log_command:Invoking command in '/home/neha/gitjazzy/build/bme_gazebo_sensors': CMAKE_PREFIX_PATH=${CMAKE_PREFIX_PATH}:/opt/ros/jazzy /usr/bin/cmake --install /home/neha/gitjazzy/build/bme_gazebo_sensors
[1.360s] DEBUG:colcon.colcon_core.event_handler.log_command:Invoked command in '/home/neha/gitjazzy/build/bme_ros2_navigation' returned '0': CMAKE_PREFIX_PATH=${CMAKE_PREFIX_PATH}:/opt/ros/jazzy /usr/bin/cmake --build /home/neha/gitjazzy/build/bme_ros2_navigation -- -j8 -l8
[1.363s] DEBUG:colcon.colcon_core.event_handler.log_command:Invoking command in '/home/neha/gitjazzy/build/bme_ros2_navigation': CMAKE_PREFIX_PATH=${CMAKE_PREFIX_PATH}:/opt/ros/jazzy /usr/bin/cmake --install /home/neha/gitjazzy/build/bme_ros2_navigation
[1.634s] INFO:colcon.colcon_core.task.python.build:Building Python package in '/home/neha/gitjazzy/mogi_trajectory_server'
[1.634s] DEBUG:colcon.colcon_core.shell:Skip shell extension 'dsv' for command environment
[1.676s] Level 1:colcon.colcon_core.environment:create_environment_scripts_only(bme_gazebo_sensors)
[1.696s] DEBUG:colcon.colcon_core.event_handler.log_command:Invoked command in '/home/neha/gitjazzy/build/bme_gazebo_sensors' returned '0': CMAKE_PREFIX_PATH=${CMAKE_PREFIX_PATH}:/opt/ros/jazzy /usr/bin/cmake --install /home/neha/gitjazzy/build/bme_gazebo_sensors
[1.697s] Level 1:colcon.colcon_core.environment:checking '/home/neha/gitjazzy/install/bme_gazebo_sensors' for CMake module files
[1.698s] Level 1:colcon.colcon_core.environment:checking '/home/neha/gitjazzy/install/bme_gazebo_sensors' for CMake config files
[1.698s] Level 1:colcon.colcon_core.shell:create_environment_hook('bme_gazebo_sensors', 'cmake_prefix_path')
[1.698s] INFO:colcon.colcon_core.shell:Creating environment descriptor '/home/neha/gitjazzy/install/bme_gazebo_sensors/share/bme_gazebo_sensors/hook/cmake_prefix_path.dsv'
[1.699s] INFO:colcon.colcon_core.shell:Creating environment hook '/home/neha/gitjazzy/install/bme_gazebo_sensors/share/bme_gazebo_sensors/hook/cmake_prefix_path.sh'
[1.699s] Level 1:colcon.colcon_core.environment:checking '/home/neha/gitjazzy/install/bme_gazebo_sensors/bin'
[1.699s] Level 1:colcon.colcon_core.environment:checking '/home/neha/gitjazzy/install/bme_gazebo_sensors/lib/pkgconfig/bme_gazebo_sensors.pc'
[1.700s] Level 1:colcon.colcon_core.environment:checking '/home/neha/gitjazzy/install/bme_gazebo_sensors/lib/python3.12/site-packages'
[1.700s] Level 1:colcon.colcon_core.environment:checking '/home/neha/gitjazzy/install/bme_gazebo_sensors/bin'
[1.700s] INFO:colcon.colcon_core.shell:Creating package descriptor '/home/neha/gitjazzy/install/bme_gazebo_sensors/share/bme_gazebo_sensors/package.dsv'
[1.701s] INFO:colcon.colcon_core.shell:Creating package script '/home/neha/gitjazzy/install/bme_gazebo_sensors/share/bme_gazebo_sensors/package.sh'
[1.702s] INFO:colcon.colcon_core.shell:Creating package script '/home/neha/gitjazzy/install/bme_gazebo_sensors/share/bme_gazebo_sensors/package.bash'
[1.703s] INFO:colcon.colcon_core.shell:Creating package script '/home/neha/gitjazzy/install/bme_gazebo_sensors/share/bme_gazebo_sensors/package.zsh'
[1.705s] Level 1:colcon.colcon_core.environment:create_file_with_runtime_dependencies(/home/neha/gitjazzy/install/bme_gazebo_sensors/share/colcon-core/packages/bme_gazebo_sensors)
[1.706s] Level 1:colcon.colcon_core.environment:create_environment_scripts_only(bme_gazebo_sensors)
[1.706s] Level 1:colcon.colcon_core.environment:checking '/home/neha/gitjazzy/install/bme_gazebo_sensors' for CMake module files
[1.707s] Level 1:colcon.colcon_core.environment:checking '/home/neha/gitjazzy/install/bme_gazebo_sensors' for CMake config files
[1.708s] Level 1:colcon.colcon_core.shell:create_environment_hook('bme_gazebo_sensors', 'cmake_prefix_path')
[1.708s] INFO:colcon.colcon_core.shell:Creating environment descriptor '/home/neha/gitjazzy/install/bme_gazebo_sensors/share/bme_gazebo_sensors/hook/cmake_prefix_path.dsv'
[1.709s] INFO:colcon.colcon_core.shell:Creating environment hook '/home/neha/gitjazzy/install/bme_gazebo_sensors/share/bme_gazebo_sensors/hook/cmake_prefix_path.sh'
[1.710s] Level 1:colcon.colcon_core.environment:checking '/home/neha/gitjazzy/install/bme_gazebo_sensors/bin'
[1.710s] Level 1:colcon.colcon_core.environment:checking '/home/neha/gitjazzy/install/bme_gazebo_sensors/lib/pkgconfig/bme_gazebo_sensors.pc'
[1.710s] Level 1:colcon.colcon_core.environment:checking '/home/neha/gitjazzy/install/bme_gazebo_sensors/lib/python3.12/site-packages'
[1.711s] Level 1:colcon.colcon_core.environment:checking '/home/neha/gitjazzy/install/bme_gazebo_sensors/bin'
[1.711s] INFO:colcon.colcon_core.shell:Creating package descriptor '/home/neha/gitjazzy/install/bme_gazebo_sensors/share/bme_gazebo_sensors/package.dsv'
[1.712s] INFO:colcon.colcon_core.shell:Creating package script '/home/neha/gitjazzy/install/bme_gazebo_sensors/share/bme_gazebo_sensors/package.sh'
[1.713s] INFO:colcon.colcon_core.shell:Creating package script '/home/neha/gitjazzy/install/bme_gazebo_sensors/share/bme_gazebo_sensors/package.bash'
[1.714s] INFO:colcon.colcon_core.shell:Creating package script '/home/neha/gitjazzy/install/bme_gazebo_sensors/share/bme_gazebo_sensors/package.zsh'
[1.714s] Level 1:colcon.colcon_core.environment:create_file_with_runtime_dependencies(/home/neha/gitjazzy/install/bme_gazebo_sensors/share/colcon-core/packages/bme_gazebo_sensors)
[1.715s] Level 1:colcon.colcon_core.environment:create_environment_scripts_only(bme_ros2_navigation)
[1.715s] Level 1:colcon.colcon_core.environment:checking '/home/neha/gitjazzy/install/bme_ros2_navigation' for CMake module files
[1.717s] DEBUG:colcon.colcon_core.event_handler.log_command:Invoked command in '/home/neha/gitjazzy/build/bme_ros2_navigation' returned '0': CMAKE_PREFIX_PATH=${CMAKE_PREFIX_PATH}:/opt/ros/jazzy /usr/bin/cmake --install /home/neha/gitjazzy/build/bme_ros2_navigation
[1.718s] Level 1:colcon.colcon_core.environment:checking '/home/neha/gitjazzy/install/bme_ros2_navigation' for CMake config files
[1.718s] Level 1:colcon.colcon_core.shell:create_environment_hook('bme_ros2_navigation', 'cmake_prefix_path')
[1.719s] INFO:colcon.colcon_core.shell:Creating environment descriptor '/home/neha/gitjazzy/install/bme_ros2_navigation/share/bme_ros2_navigation/hook/cmake_prefix_path.dsv'
[1.719s] INFO:colcon.colcon_core.shell:Creating environment hook '/home/neha/gitjazzy/install/bme_ros2_navigation/share/bme_ros2_navigation/hook/cmake_prefix_path.sh'
[1.720s] Level 1:colcon.colcon_core.environment:checking '/home/neha/gitjazzy/install/bme_ros2_navigation/bin'
[1.720s] Level 1:colcon.colcon_core.environment:checking '/home/neha/gitjazzy/install/bme_ros2_navigation/lib/pkgconfig/bme_ros2_navigation.pc'
[1.720s] Level 1:colcon.colcon_core.environment:checking '/home/neha/gitjazzy/install/bme_ros2_navigation/lib/python3.12/site-packages'
[1.721s] Level 1:colcon.colcon_core.environment:checking '/home/neha/gitjazzy/install/bme_ros2_navigation/bin'
[1.721s] INFO:colcon.colcon_core.shell:Creating package descriptor '/home/neha/gitjazzy/install/bme_ros2_navigation/share/bme_ros2_navigation/package.dsv'
[1.721s] INFO:colcon.colcon_core.shell:Creating package script '/home/neha/gitjazzy/install/bme_ros2_navigation/share/bme_ros2_navigation/package.sh'
[1.722s] INFO:colcon.colcon_core.shell:Creating package script '/home/neha/gitjazzy/install/bme_ros2_navigation/share/bme_ros2_navigation/package.bash'
[1.723s] INFO:colcon.colcon_core.shell:Creating package script '/home/neha/gitjazzy/install/bme_ros2_navigation/share/bme_ros2_navigation/package.zsh'
[1.723s] Level 1:colcon.colcon_core.environment:create_file_with_runtime_dependencies(/home/neha/gitjazzy/install/bme_ros2_navigation/share/colcon-core/packages/bme_ros2_navigation)
[1.724s] Level 1:colcon.colcon_core.environment:create_environment_scripts_only(bme_ros2_navigation)
[1.724s] Level 1:colcon.colcon_core.environment:checking '/home/neha/gitjazzy/install/bme_ros2_navigation' for CMake module files
[1.725s] Level 1:colcon.colcon_core.environment:checking '/home/neha/gitjazzy/install/bme_ros2_navigation' for CMake config files
[1.726s] Level 1:colcon.colcon_core.shell:create_environment_hook('bme_ros2_navigation', 'cmake_prefix_path')
[1.726s] INFO:colcon.colcon_core.shell:Creating environment descriptor '/home/neha/gitjazzy/install/bme_ros2_navigation/share/bme_ros2_navigation/hook/cmake_prefix_path.dsv'
[1.727s] INFO:colcon.colcon_core.shell:Creating environment hook '/home/neha/gitjazzy/install/bme_ros2_navigation/share/bme_ros2_navigation/hook/cmake_prefix_path.sh'
[1.728s] Level 1:colcon.colcon_core.environment:checking '/home/neha/gitjazzy/install/bme_ros2_navigation/bin'
[1.728s] Level 1:colcon.colcon_core.environment:checking '/home/neha/gitjazzy/install/bme_ros2_navigation/lib/pkgconfig/bme_ros2_navigation.pc'
[1.729s] Level 1:colcon.colcon_core.environment:checking '/home/neha/gitjazzy/install/bme_ros2_navigation/lib/python3.12/site-packages'
[1.729s] Level 1:colcon.colcon_core.environment:checking '/home/neha/gitjazzy/install/bme_ros2_navigation/bin'
[1.730s] INFO:colcon.colcon_core.shell:Creating package descriptor '/home/neha/gitjazzy/install/bme_ros2_navigation/share/bme_ros2_navigation/package.dsv'
[1.731s] INFO:colcon.colcon_core.shell:Creating package script '/home/neha/gitjazzy/install/bme_ros2_navigation/share/bme_ros2_navigation/package.sh'
[1.732s] INFO:colcon.colcon_core.shell:Creating package script '/home/neha/gitjazzy/install/bme_ros2_navigation/share/bme_ros2_navigation/package.bash'
[1.733s] INFO:colcon.colcon_core.shell:Creating package script '/home/neha/gitjazzy/install/bme_ros2_navigation/share/bme_ros2_navigation/package.zsh'
[1.734s] Level 1:colcon.colcon_core.environment:create_file_with_runtime_dependencies(/home/neha/gitjazzy/install/bme_ros2_navigation/share/colcon-core/packages/bme_ros2_navigation)
[1.736s] Level 1:colcon.colcon_core.environment:create_environment_scripts_only(bme_gazebo_basics)
[1.737s] Level 1:colcon.colcon_core.environment:checking '/home/neha/gitjazzy/install/bme_gazebo_basics' for CMake module files
[1.739s] DEBUG:colcon.colcon_core.event_handler.log_command:Invoked command in '/home/neha/gitjazzy/build/bme_gazebo_basics' returned '0': CMAKE_PREFIX_PATH=${CMAKE_PREFIX_PATH}:/opt/ros/jazzy /usr/bin/cmake --install /home/neha/gitjazzy/build/bme_gazebo_basics
[1.740s] Level 1:colcon.colcon_core.environment:checking '/home/neha/gitjazzy/install/bme_gazebo_basics' for CMake config files
[1.741s] Level 1:colcon.colcon_core.shell:create_environment_hook('bme_gazebo_basics', 'cmake_prefix_path')
[1.741s] INFO:colcon.colcon_core.shell:Creating environment descriptor '/home/neha/gitjazzy/install/bme_gazebo_basics/share/bme_gazebo_basics/hook/cmake_prefix_path.dsv'
[1.742s] INFO:colcon.colcon_core.shell:Creating environment hook '/home/neha/gitjazzy/install/bme_gazebo_basics/share/bme_gazebo_basics/hook/cmake_prefix_path.sh'
[1.742s] Level 1:colcon.colcon_core.environment:checking '/home/neha/gitjazzy/install/bme_gazebo_basics/bin'
[1.742s] Level 1:colcon.colcon_core.environment:checking '/home/neha/gitjazzy/install/bme_gazebo_basics/lib/pkgconfig/bme_gazebo_basics.pc'
[1.743s] Level 1:colcon.colcon_core.environment:checking '/home/neha/gitjazzy/install/bme_gazebo_basics/lib/python3.12/site-packages'
[1.743s] Level 1:colcon.colcon_core.environment:checking '/home/neha/gitjazzy/install/bme_gazebo_basics/bin'
[1.744s] INFO:colcon.colcon_core.shell:Creating package descriptor '/home/neha/gitjazzy/install/bme_gazebo_basics/share/bme_gazebo_basics/package.dsv'
[1.745s] INFO:colcon.colcon_core.shell:Creating package script '/home/neha/gitjazzy/install/bme_gazebo_basics/share/bme_gazebo_basics/package.sh'
[1.746s] INFO:colcon.colcon_core.shell:Creating package script '/home/neha/gitjazzy/install/bme_gazebo_basics/share/bme_gazebo_basics/package.bash'
[1.747s] INFO:colcon.colcon_core.shell:Creating package script '/home/neha/gitjazzy/install/bme_gazebo_basics/share/bme_gazebo_basics/package.zsh'
[1.749s] Level 1:colcon.colcon_core.environment:create_file_with_runtime_dependencies(/home/neha/gitjazzy/install/bme_gazebo_basics/share/colcon-core/packages/bme_gazebo_basics)
[1.750s] Level 1:colcon.colcon_core.environment:create_environment_scripts_only(bme_gazebo_basics)
[1.751s] Level 1:colcon.colcon_core.environment:checking '/home/neha/gitjazzy/install/bme_gazebo_basics' for CMake module files
[1.752s] Level 1:colcon.colcon_core.environment:checking '/home/neha/gitjazzy/install/bme_gazebo_basics' for CMake config files
[1.753s] Level 1:colcon.colcon_core.shell:create_environment_hook('bme_gazebo_basics', 'cmake_prefix_path')
[1.753s] INFO:colcon.colcon_core.shell:Creating environment descriptor '/home/neha/gitjazzy/install/bme_gazebo_basics/share/bme_gazebo_basics/hook/cmake_prefix_path.dsv'
[1.754s] INFO:colcon.colcon_core.shell:Creating environment hook '/home/neha/gitjazzy/install/bme_gazebo_basics/share/bme_gazebo_basics/hook/cmake_prefix_path.sh'
[1.755s] Level 1:colcon.colcon_core.environment:checking '/home/neha/gitjazzy/install/bme_gazebo_basics/bin'
[1.756s] Level 1:colcon.colcon_core.environment:checking '/home/neha/gitjazzy/install/bme_gazebo_basics/lib/pkgconfig/bme_gazebo_basics.pc'
[1.756s] Level 1:colcon.colcon_core.environment:checking '/home/neha/gitjazzy/install/bme_gazebo_basics/lib/python3.12/site-packages'
[1.757s] Level 1:colcon.colcon_core.environment:checking '/home/neha/gitjazzy/install/bme_gazebo_basics/bin'
[1.757s] INFO:colcon.colcon_core.shell:Creating package descriptor '/home/neha/gitjazzy/install/bme_gazebo_basics/share/bme_gazebo_basics/package.dsv'
[1.758s] INFO:colcon.colcon_core.shell:Creating package script '/home/neha/gitjazzy/install/bme_gazebo_basics/share/bme_gazebo_basics/package.sh'
[1.759s] INFO:colcon.colcon_core.shell:Creating package script '/home/neha/gitjazzy/install/bme_gazebo_basics/share/bme_gazebo_basics/package.bash'
[1.760s] INFO:colcon.colcon_core.shell:Creating package script '/home/neha/gitjazzy/install/bme_gazebo_basics/share/bme_gazebo_basics/package.zsh'
[1.761s] Level 1:colcon.colcon_core.environment:create_file_with_runtime_dependencies(/home/neha/gitjazzy/install/bme_gazebo_basics/share/colcon-core/packages/bme_gazebo_basics)
[3.033s] DEBUG:colcon.colcon_core.event_handler.log_command:Invoking command in '/home/neha/gitjazzy/src/Week-7-8-ROS2-Navigation/bme_ros2_navigation_py': PYTHONPATH=/home/neha/gitjazzy/build/bme_ros2_navigation_py/prefix_override:/usr/lib/python3/dist-packages/colcon_core/task/python/colcon_distutils_commands:/home/neha/gitjazzy/install/bme_ros2_navigation_py/lib/python3.12/site-packages:${PYTHONPATH} /usr/bin/python3 -W ignore:setup.py install is deprecated -W ignore:easy_install command is deprecated setup.py egg_info --egg-base ../../../build/bme_ros2_navigation_py build --build-base /home/neha/gitjazzy/build/bme_ros2_navigation_py/build install --record /home/neha/gitjazzy/build/bme_ros2_navigation_py/install.log --single-version-externally-managed install_data
[3.042s] DEBUG:colcon.colcon_core.event_handler.log_command:Invoking command in '/home/neha/gitjazzy/mogi_trajectory_server': PYTHONPATH=/home/neha/gitjazzy/build/mogi_trajectory_server/prefix_override:/usr/lib/python3/dist-packages/colcon_core/task/python/colcon_distutils_commands:/home/neha/gitjazzy/install/mogi_trajectory_server/lib/python3.12/site-packages:${PYTHONPATH} /usr/bin/python3 -W ignore:setup.py install is deprecated -W ignore:easy_install command is deprecated setup.py egg_info --egg-base ../build/mogi_trajectory_server build --build-base /home/neha/gitjazzy/build/mogi_trajectory_server/build install --record /home/neha/gitjazzy/build/mogi_trajectory_server/install.log --single-version-externally-managed install_data
[3.061s] DEBUG:colcon.colcon_core.event_handler.log_command:Invoking command in '/home/neha/gitjazzy/src/Week-5-6-Gazebo-sensors/bme_gazebo_sensors_py': PYTHONPATH=/home/neha/gitjazzy/build/bme_gazebo_sensors_py/prefix_override:/usr/lib/python3/dist-packages/colcon_core/task/python/colcon_distutils_commands:/home/neha/gitjazzy/install/bme_gazebo_sensors_py/lib/python3.12/site-packages:${PYTHONPATH} /usr/bin/python3 -W ignore:setup.py install is deprecated -W ignore:easy_install command is deprecated setup.py egg_info --egg-base ../../../build/bme_gazebo_sensors_py build --build-base /home/neha/gitjazzy/build/bme_gazebo_sensors_py/build install --record /home/neha/gitjazzy/build/bme_gazebo_sensors_py/install.log --single-version-externally-managed install_data
[3.834s] Level 1:colcon.colcon_core.environment:checking '/home/neha/gitjazzy/install/mogi_trajectory_server' for CMake module files
[3.835s] DEBUG:colcon.colcon_core.event_handler.log_command:Invoked command in '/home/neha/gitjazzy/mogi_trajectory_server' returned '0': PYTHONPATH=/home/neha/gitjazzy/build/mogi_trajectory_server/prefix_override:/usr/lib/python3/dist-packages/colcon_core/task/python/colcon_distutils_commands:/home/neha/gitjazzy/install/mogi_trajectory_server/lib/python3.12/site-packages:${PYTHONPATH} /usr/bin/python3 -W ignore:setup.py install is deprecated -W ignore:easy_install command is deprecated setup.py egg_info --egg-base ../build/mogi_trajectory_server build --build-base /home/neha/gitjazzy/build/mogi_trajectory_server/build install --record /home/neha/gitjazzy/build/mogi_trajectory_server/install.log --single-version-externally-managed install_data
[3.836s] Level 1:colcon.colcon_core.environment:checking '/home/neha/gitjazzy/install/mogi_trajectory_server' for CMake config files
[3.837s] Level 1:colcon.colcon_core.environment:checking '/home/neha/gitjazzy/install/mogi_trajectory_server/lib'
[3.837s] Level 1:colcon.colcon_core.environment:checking '/home/neha/gitjazzy/install/mogi_trajectory_server/bin'
[3.837s] Level 1:colcon.colcon_core.environment:checking '/home/neha/gitjazzy/install/mogi_trajectory_server/lib/pkgconfig/mogi_trajectory_server.pc'
[3.837s] Level 1:colcon.colcon_core.environment:checking '/home/neha/gitjazzy/install/mogi_trajectory_server/lib/python3.12/site-packages'
[3.837s] Level 1:colcon.colcon_core.shell:create_environment_hook('mogi_trajectory_server', 'pythonpath')
[3.838s] INFO:colcon.colcon_core.shell:Creating environment descriptor '/home/neha/gitjazzy/install/mogi_trajectory_server/share/mogi_trajectory_server/hook/pythonpath.dsv'
[3.838s] INFO:colcon.colcon_core.shell:Creating environment hook '/home/neha/gitjazzy/install/mogi_trajectory_server/share/mogi_trajectory_server/hook/pythonpath.sh'
[3.839s] Level 1:colcon.colcon_core.environment:checking '/home/neha/gitjazzy/install/mogi_trajectory_server/bin'
[3.839s] Level 1:colcon.colcon_core.environment:create_environment_scripts_only(mogi_trajectory_server)
[3.840s] INFO:colcon.colcon_core.shell:Creating package descriptor '/home/neha/gitjazzy/install/mogi_trajectory_server/share/mogi_trajectory_server/package.dsv'
[3.840s] INFO:colcon.colcon_core.shell:Creating package script '/home/neha/gitjazzy/install/mogi_trajectory_server/share/mogi_trajectory_server/package.sh'
[3.841s] INFO:colcon.colcon_core.shell:Creating package script '/home/neha/gitjazzy/install/mogi_trajectory_server/share/mogi_trajectory_server/package.bash'
[3.841s] INFO:colcon.colcon_core.shell:Creating package script '/home/neha/gitjazzy/install/mogi_trajectory_server/share/mogi_trajectory_server/package.zsh'
[3.842s] Level 1:colcon.colcon_core.environment:create_file_with_runtime_dependencies(/home/neha/gitjazzy/install/mogi_trajectory_server/share/colcon-core/packages/mogi_trajectory_server)
[3.887s] Level 1:colcon.colcon_core.environment:checking '/home/neha/gitjazzy/install/bme_ros2_navigation_py' for CMake module files
[3.888s] DEBUG:colcon.colcon_core.event_handler.log_command:Invoked command in '/home/neha/gitjazzy/src/Week-7-8-ROS2-Navigation/bme_ros2_navigation_py' returned '0': PYTHONPATH=/home/neha/gitjazzy/build/bme_ros2_navigation_py/prefix_override:/usr/lib/python3/dist-packages/colcon_core/task/python/colcon_distutils_commands:/home/neha/gitjazzy/install/bme_ros2_navigation_py/lib/python3.12/site-packages:${PYTHONPATH} /usr/bin/python3 -W ignore:setup.py install is deprecated -W ignore:easy_install command is deprecated setup.py egg_info --egg-base ../../../build/bme_ros2_navigation_py build --build-base /home/neha/gitjazzy/build/bme_ros2_navigation_py/build install --record /home/neha/gitjazzy/build/bme_ros2_navigation_py/install.log --single-version-externally-managed install_data
[3.889s] Level 1:colcon.colcon_core.environment:checking '/home/neha/gitjazzy/install/bme_ros2_navigation_py' for CMake config files
[3.889s] Level 1:colcon.colcon_core.environment:checking '/home/neha/gitjazzy/install/bme_ros2_navigation_py/lib'
[3.890s] Level 1:colcon.colcon_core.environment:checking '/home/neha/gitjazzy/install/bme_ros2_navigation_py/bin'
[3.890s] Level 1:colcon.colcon_core.environment:checking '/home/neha/gitjazzy/install/bme_ros2_navigation_py/lib/pkgconfig/bme_ros2_navigation_py.pc'
[3.890s] Level 1:colcon.colcon_core.environment:checking '/home/neha/gitjazzy/install/bme_ros2_navigation_py/lib/python3.12/site-packages'
[3.890s] Level 1:colcon.colcon_core.shell:create_environment_hook('bme_ros2_navigation_py', 'pythonpath')
[3.891s] INFO:colcon.colcon_core.shell:Creating environment descriptor '/home/neha/gitjazzy/install/bme_ros2_navigation_py/share/bme_ros2_navigation_py/hook/pythonpath.dsv'
[3.892s] INFO:colcon.colcon_core.shell:Creating environment hook '/home/neha/gitjazzy/install/bme_ros2_navigation_py/share/bme_ros2_navigation_py/hook/pythonpath.sh'
[3.893s] Level 1:colcon.colcon_core.environment:checking '/home/neha/gitjazzy/install/bme_ros2_navigation_py/bin'
[3.893s] Level 1:colcon.colcon_core.environment:create_environment_scripts_only(bme_ros2_navigation_py)
[3.894s] INFO:colcon.colcon_core.shell:Creating package descriptor '/home/neha/gitjazzy/install/bme_ros2_navigation_py/share/bme_ros2_navigation_py/package.dsv'
[3.895s] INFO:colcon.colcon_core.shell:Creating package script '/home/neha/gitjazzy/install/bme_ros2_navigation_py/share/bme_ros2_navigation_py/package.sh'
[3.896s] INFO:colcon.colcon_core.shell:Creating package script '/home/neha/gitjazzy/install/bme_ros2_navigation_py/share/bme_ros2_navigation_py/package.bash'
[3.896s] INFO:colcon.colcon_core.shell:Creating package script '/home/neha/gitjazzy/install/bme_ros2_navigation_py/share/bme_ros2_navigation_py/package.zsh'
[3.897s] Level 1:colcon.colcon_core.environment:create_file_with_runtime_dependencies(/home/neha/gitjazzy/install/bme_ros2_navigation_py/share/colcon-core/packages/bme_ros2_navigation_py)
[3.928s] Level 1:colcon.colcon_core.environment:checking '/home/neha/gitjazzy/install/bme_gazebo_sensors_py' for CMake module files
[3.930s] DEBUG:colcon.colcon_core.event_handler.log_command:Invoked command in '/home/neha/gitjazzy/src/Week-5-6-Gazebo-sensors/bme_gazebo_sensors_py' returned '0': PYTHONPATH=/home/neha/gitjazzy/build/bme_gazebo_sensors_py/prefix_override:/usr/lib/python3/dist-packages/colcon_core/task/python/colcon_distutils_commands:/home/neha/gitjazzy/install/bme_gazebo_sensors_py/lib/python3.12/site-packages:${PYTHONPATH} /usr/bin/python3 -W ignore:setup.py install is deprecated -W ignore:easy_install command is deprecated setup.py egg_info --egg-base ../../../build/bme_gazebo_sensors_py build --build-base /home/neha/gitjazzy/build/bme_gazebo_sensors_py/build install --record /home/neha/gitjazzy/build/bme_gazebo_sensors_py/install.log --single-version-externally-managed install_data
[3.930s] Level 1:colcon.colcon_core.environment:checking '/home/neha/gitjazzy/install/bme_gazebo_sensors_py' for CMake config files
[3.931s] Level 1:colcon.colcon_core.environment:checking '/home/neha/gitjazzy/install/bme_gazebo_sensors_py/lib'
[3.931s] Level 1:colcon.colcon_core.environment:checking '/home/neha/gitjazzy/install/bme_gazebo_sensors_py/bin'
[3.931s] Level 1:colcon.colcon_core.environment:checking '/home/neha/gitjazzy/install/bme_gazebo_sensors_py/lib/pkgconfig/bme_gazebo_sensors_py.pc'
[3.932s] Level 1:colcon.colcon_core.environment:checking '/home/neha/gitjazzy/install/bme_gazebo_sensors_py/lib/python3.12/site-packages'
[3.932s] Level 1:colcon.colcon_core.shell:create_environment_hook('bme_gazebo_sensors_py', 'pythonpath')
[3.932s] INFO:colcon.colcon_core.shell:Creating environment descriptor '/home/neha/gitjazzy/install/bme_gazebo_sensors_py/share/bme_gazebo_sensors_py/hook/pythonpath.dsv'
[3.933s] INFO:colcon.colcon_core.shell:Creating environment hook '/home/neha/gitjazzy/install/bme_gazebo_sensors_py/share/bme_gazebo_sensors_py/hook/pythonpath.sh'
[3.934s] Level 1:colcon.colcon_core.environment:checking '/home/neha/gitjazzy/install/bme_gazebo_sensors_py/bin'
[3.934s] Level 1:colcon.colcon_core.environment:create_environment_scripts_only(bme_gazebo_sensors_py)
[3.934s] INFO:colcon.colcon_core.shell:Creating package descriptor '/home/neha/gitjazzy/install/bme_gazebo_sensors_py/share/bme_gazebo_sensors_py/package.dsv'
[3.935s] INFO:colcon.colcon_core.shell:Creating package script '/home/neha/gitjazzy/install/bme_gazebo_sensors_py/share/bme_gazebo_sensors_py/package.sh'
[3.936s] INFO:colcon.colcon_core.shell:Creating package script '/home/neha/gitjazzy/install/bme_gazebo_sensors_py/share/bme_gazebo_sensors_py/package.bash'
[3.936s] INFO:colcon.colcon_core.shell:Creating package script '/home/neha/gitjazzy/install/bme_gazebo_sensors_py/share/bme_gazebo_sensors_py/package.zsh'
[3.937s] Level 1:colcon.colcon_core.environment:create_file_with_runtime_dependencies(/home/neha/gitjazzy/install/bme_gazebo_sensors_py/share/colcon-core/packages/bme_gazebo_sensors_py)
[3.937s] DEBUG:colcon.colcon_parallel_executor.executor.parallel:closing loop
[3.938s] DEBUG:colcon.colcon_parallel_executor.executor.parallel:loop closed
[3.938s] DEBUG:colcon.colcon_parallel_executor.executor.parallel:run_until_complete finished with '0'
[3.938s] DEBUG:colcon.colcon_core.event_reactor:joining thread
[4.003s] INFO:colcon.colcon_core.plugin_system:Skipping extension 'colcon_notification.desktop_notification.notify_send': Could not find 'notify-send'
[4.003s] INFO:colcon.colcon_core.plugin_system:Skipping extension 'colcon_notification.desktop_notification.terminal_notifier': Not used on non-Darwin systems
[4.003s] INFO:colcon.colcon_core.plugin_system:Skipping extension 'colcon_notification.desktop_notification.win32': Not used on non-Windows systems
[4.004s] INFO:colcon.colcon_notification.desktop_notification:Sending desktop notification using 'notify2'
[4.027s] DEBUG:colcon.colcon_notification.desktop_notification.notify2:Failed to initialize notify2: org.freedesktop.DBus.Error.ServiceUnknown: The name org.freedesktop.Notifications was not provided by any .service files
[4.027s] DEBUG:colcon.colcon_core.event_reactor:joined thread
[4.027s] INFO:colcon.colcon_core.shell:Creating prefix script '/home/neha/gitjazzy/install/local_setup.sh'
[4.029s] INFO:colcon.colcon_core.shell:Creating prefix util module '/home/neha/gitjazzy/install/_local_setup_util_sh.py'
[4.030s] INFO:colcon.colcon_core.shell:Creating prefix chain script '/home/neha/gitjazzy/install/setup.sh'
[4.032s] INFO:colcon.colcon_core.shell:Creating prefix script '/home/neha/gitjazzy/install/local_setup.bash'
[4.033s] INFO:colcon.colcon_core.shell:Creating prefix chain script '/home/neha/gitjazzy/install/setup.bash'
[4.034s] INFO:colcon.colcon_core.shell:Creating prefix script '/home/neha/gitjazzy/install/local_setup.zsh'
[4.036s] INFO:colcon.colcon_core.shell:Creating prefix chain script '/home/neha/gitjazzy/install/setup.zsh'
