[1.450s] Invoking command in '/home/neha/gitjazzy/src/Week-5-6-Gazebo-sensors/bme_gazebo_sensors_py': PYTHONPATH=/home/neha/gitjazzy/build/bme_gazebo_sensors_py/prefix_override:/usr/lib/python3/dist-packages/colcon_core/task/python/colcon_distutils_commands:/home/neha/gitjazzy/install/bme_gazebo_sensors_py/lib/python3.12/site-packages:${PYTHONPATH} /usr/bin/python3 -W ignore:setup.py install is deprecated -W ignore:easy_install command is deprecated setup.py egg_info --egg-base ../../../build/bme_gazebo_sensors_py build --build-base /home/neha/gitjazzy/build/bme_gazebo_sensors_py/build install --record /home/neha/gitjazzy/build/bme_gazebo_sensors_py/install.log --single-version-externally-managed install_data
[1.797s] running egg_info
[1.824s] writing ../../../build/bme_gazebo_sensors_py/bme_gazebo_sensors_py.egg-info/PKG-INFO
[1.825s] writing dependency_links to ../../../build/bme_gazebo_sensors_py/bme_gazebo_sensors_py.egg-info/dependency_links.txt
[1.825s] writing entry points to ../../../build/bme_gazebo_sensors_py/bme_gazebo_sensors_py.egg-info/entry_points.txt
[1.825s] writing requirements to ../../../build/bme_gazebo_sensors_py/bme_gazebo_sensors_py.egg-info/requires.txt
[1.825s] writing top-level names to ../../../build/bme_gazebo_sensors_py/bme_gazebo_sensors_py.egg-info/top_level.txt
[1.872s] reading manifest file '../../../build/bme_gazebo_sensors_py/bme_gazebo_sensors_py.egg-info/SOURCES.txt'
[1.872s] writing manifest file '../../../build/bme_gazebo_sensors_py/bme_gazebo_sensors_py.egg-info/SOURCES.txt'
[1.873s] running build
[1.873s] running build_py
[1.873s] running install
[1.879s] running install_lib
[1.904s] running install_data
[1.904s] running install_egg_info
[1.930s] removing '/home/neha/gitjazzy/install/bme_gazebo_sensors_py/lib/python3.12/site-packages/bme_gazebo_sensors_py-1.0.0-py3.12.egg-info' (and everything under it)
[1.930s] Copying ../../../build/bme_gazebo_sensors_py/bme_gazebo_sensors_py.egg-info to /home/neha/gitjazzy/install/bme_gazebo_sensors_py/lib/python3.12/site-packages/bme_gazebo_sensors_py-1.0.0-py3.12.egg-info
[1.931s] running install_scripts
[2.160s] Installing gps_waypoint_follower script to /home/neha/gitjazzy/install/bme_gazebo_sensors_py/lib/bme_gazebo_sensors_py
[2.160s] Installing image_republisher script to /home/neha/gitjazzy/install/bme_gazebo_sensors_py/lib/bme_gazebo_sensors_py
[2.161s] writing list of installed files to '/home/neha/gitjazzy/build/bme_gazebo_sensors_py/install.log'
[2.218s] Invoked command in '/home/neha/gitjazzy/src/Week-5-6-Gazebo-sensors/bme_gazebo_sensors_py' returned '0': PYTHONPATH=/home/neha/gitjazzy/build/bme_gazebo_sensors_py/prefix_override:/usr/lib/python3/dist-packages/colcon_core/task/python/colcon_distutils_commands:/home/neha/gitjazzy/install/bme_gazebo_sensors_py/lib/python3.12/site-packages:${PYTHONPATH} /usr/bin/python3 -W ignore:setup.py install is deprecated -W ignore:easy_install command is deprecated setup.py egg_info --egg-base ../../../build/bme_gazebo_sensors_py build --build-base /home/neha/gitjazzy/build/bme_gazebo_sensors_py/build install --record /home/neha/gitjazzy/build/bme_gazebo_sensors_py/install.log --single-version-externally-managed install_data
