[0.051s] Invoking command in '/home/neha/gitjazzy/src/build/bme_gazebo_sensors': CMAKE_PREFIX_PATH=${CMAKE_PREFIX_PATH}:/home/neha/gitjazzy/install/mogi_trajectory_server:/home/neha/gitjazzy/install/bme_gazebo_sensors_py:/opt/ros/jazzy /usr/bin/cmake --build /home/neha/gitjazzy/src/build/bme_gazebo_sensors -- -j8 -l8
[0.694s] Invoked command in '/home/neha/gitjazzy/src/build/bme_gazebo_sensors' returned '0': CMAKE_PREFIX_PATH=${CMAKE_PREFIX_PATH}:/home/neha/gitjazzy/install/mogi_trajectory_server:/home/neha/gitjazzy/install/bme_gazebo_sensors_py:/opt/ros/jazzy /usr/bin/cmake --build /home/neha/gitjazzy/src/build/bme_gazebo_sensors -- -j8 -l8
[0.697s] Invoking command in '/home/neha/gitjazzy/src/build/bme_gazebo_sensors': CMAKE_PREFIX_PATH=${CMAKE_PREFIX_PATH}:/home/neha/gitjazzy/install/mogi_trajectory_server:/home/neha/gitjazzy/install/bme_gazebo_sensors_py:/opt/ros/jazzy /usr/bin/cmake --install /home/neha/gitjazzy/src/build/bme_gazebo_sensors
[0.732s] -- Install configuration: ""
[0.733s] -- Up-to-date: /home/neha/gitjazzy/src/install/bme_gazebo_sensors/share/bme_gazebo_sensors/launch
[0.733s] -- Up-to-date: /home/neha/gitjazzy/src/install/bme_gazebo_sensors/share/bme_gazebo_sensors/launch/check_urdf.launch.py
[0.734s] -- Installing: /home/neha/gitjazzy/src/install/bme_gazebo_sensors/share/bme_gazebo_sensors/launch/spawn_robot.launch.py
[0.734s] -- Up-to-date: /home/neha/gitjazzy/src/install/bme_gazebo_sensors/share/bme_gazebo_sensors/launch/world.launch.py
[0.734s] -- Up-to-date: /home/neha/gitjazzy/src/install/bme_gazebo_sensors/share/bme_gazebo_sensors/worlds
[0.734s] -- Up-to-date: /home/neha/gitjazzy/src/install/bme_gazebo_sensors/share/bme_gazebo_sensors/worlds/home.sdf
[0.735s] -- Up-to-date: /home/neha/gitjazzy/src/install/bme_gazebo_sensors/share/bme_gazebo_sensors/worlds/world.sdf
[0.735s] -- Up-to-date: /home/neha/gitjazzy/src/install/bme_gazebo_sensors/share/bme_gazebo_sensors/worlds/empty.sdf
[0.735s] -- Up-to-date: /home/neha/gitjazzy/src/install/bme_gazebo_sensors/share/bme_gazebo_sensors/rviz
[0.736s] -- Up-to-date: /home/neha/gitjazzy/src/install/bme_gazebo_sensors/share/bme_gazebo_sensors/rviz/gps.rviz
[0.736s] -- Up-to-date: /home/neha/gitjazzy/src/install/bme_gazebo_sensors/share/bme_gazebo_sensors/rviz/rviz.rviz
[0.736s] -- Up-to-date: /home/neha/gitjazzy/src/install/bme_gazebo_sensors/share/bme_gazebo_sensors/rviz/urdf.rviz
[0.737s] -- Up-to-date: /home/neha/gitjazzy/src/install/bme_gazebo_sensors/share/bme_gazebo_sensors/urdf
[0.737s] -- Installing: /home/neha/gitjazzy/src/install/bme_gazebo_sensors/share/bme_gazebo_sensors/urdf/mogi_bot.urdf
[0.738s] -- Up-to-date: /home/neha/gitjazzy/src/install/bme_gazebo_sensors/share/bme_gazebo_sensors/urdf/materials.xacro
[0.738s] -- Installing: /home/neha/gitjazzy/src/install/bme_gazebo_sensors/share/bme_gazebo_sensors/urdf/mogi_bot.gazebo
[0.738s] -- Up-to-date: /home/neha/gitjazzy/src/install/bme_gazebo_sensors/share/bme_gazebo_sensors/meshes
[0.739s] -- Up-to-date: /home/neha/gitjazzy/src/install/bme_gazebo_sensors/share/bme_gazebo_sensors/meshes/lidar.dae
[0.739s] -- Up-to-date: /home/neha/gitjazzy/src/install/bme_gazebo_sensors/share/bme_gazebo_sensors/meshes/mogi_bot.dae
[0.739s] -- Up-to-date: /home/neha/gitjazzy/src/install/bme_gazebo_sensors/share/bme_gazebo_sensors/meshes/wheel.dae
[0.740s] -- Up-to-date: /home/neha/gitjazzy/src/install/bme_gazebo_sensors/share/bme_gazebo_sensors/config
[0.740s] -- Up-to-date: /home/neha/gitjazzy/src/install/bme_gazebo_sensors/share/bme_gazebo_sensors/config/ekf.yaml
[0.740s] -- Up-to-date: /home/neha/gitjazzy/src/install/bme_gazebo_sensors/share/ament_index/resource_index/package_run_dependencies/bme_gazebo_sensors
[0.740s] -- Up-to-date: /home/neha/gitjazzy/src/install/bme_gazebo_sensors/share/ament_index/resource_index/parent_prefix_path/bme_gazebo_sensors
[0.741s] -- Up-to-date: /home/neha/gitjazzy/src/install/bme_gazebo_sensors/share/bme_gazebo_sensors/environment/ament_prefix_path.sh
[0.741s] -- Up-to-date: /home/neha/gitjazzy/src/install/bme_gazebo_sensors/share/bme_gazebo_sensors/environment/ament_prefix_path.dsv
[0.742s] -- Up-to-date: /home/neha/gitjazzy/src/install/bme_gazebo_sensors/share/bme_gazebo_sensors/environment/path.sh
[0.743s] -- Up-to-date: /home/neha/gitjazzy/src/install/bme_gazebo_sensors/share/bme_gazebo_sensors/environment/path.dsv
[0.744s] -- Up-to-date: /home/neha/gitjazzy/src/install/bme_gazebo_sensors/share/bme_gazebo_sensors/local_setup.bash
[0.744s] -- Up-to-date: /home/neha/gitjazzy/src/install/bme_gazebo_sensors/share/bme_gazebo_sensors/local_setup.sh
[0.744s] -- Up-to-date: /home/neha/gitjazzy/src/install/bme_gazebo_sensors/share/bme_gazebo_sensors/local_setup.zsh
[0.744s] -- Up-to-date: /home/neha/gitjazzy/src/install/bme_gazebo_sensors/share/bme_gazebo_sensors/local_setup.dsv
[0.745s] -- Installing: /home/neha/gitjazzy/src/install/bme_gazebo_sensors/share/bme_gazebo_sensors/package.dsv
[0.745s] -- Up-to-date: /home/neha/gitjazzy/src/install/bme_gazebo_sensors/share/ament_index/resource_index/packages/bme_gazebo_sensors
[0.746s] -- Up-to-date: /home/neha/gitjazzy/src/install/bme_gazebo_sensors/share/bme_gazebo_sensors/cmake/bme_gazebo_sensorsConfig.cmake
[0.746s] -- Up-to-date: /home/neha/gitjazzy/src/install/bme_gazebo_sensors/share/bme_gazebo_sensors/cmake/bme_gazebo_sensorsConfig-version.cmake
[0.747s] -- Up-to-date: /home/neha/gitjazzy/src/install/bme_gazebo_sensors/share/bme_gazebo_sensors/package.xml
[0.768s] Invoked command in '/home/neha/gitjazzy/src/build/bme_gazebo_sensors' returned '0': CMAKE_PREFIX_PATH=${CMAKE_PREFIX_PATH}:/home/neha/gitjazzy/install/mogi_trajectory_server:/home/neha/gitjazzy/install/bme_gazebo_sensors_py:/opt/ros/jazzy /usr/bin/cmake --install /home/neha/gitjazzy/src/build/bme_gazebo_sensors
