[0.043s] Invoking command in '/home/neha/gitjazzy/build/bme_gazebo_basics': CMAKE_PREFIX_PATH=${CMAKE_PREFIX_PATH}:/home/neha/gitjazzy/install/mogi_trajectory_server:/home/neha/gitjazzy/install/bme_gazebo_sensors_py:/opt/ros/jazzy /usr/bin/cmake --build /home/neha/gitjazzy/build/bme_gazebo_basics -- -j8 -l8
[0.365s] Invoked command in '/home/neha/gitjazzy/build/bme_gazebo_basics' returned '0': CMAKE_PREFIX_PATH=${CMAKE_PREFIX_PATH}:/home/neha/gitjazzy/install/mogi_trajectory_server:/home/neha/gitjazzy/install/bme_gazebo_sensors_py:/opt/ros/jazzy /usr/bin/cmake --build /home/neha/gitjazzy/build/bme_gazebo_basics -- -j8 -l8
[0.382s] Invoking command in '/home/neha/gitjazzy/build/bme_gazebo_basics': CMAKE_PREFIX_PATH=${CMAKE_PREFIX_PATH}:/home/neha/gitjazzy/install/mogi_trajectory_server:/home/neha/gitjazzy/install/bme_gazebo_sensors_py:/opt/ros/jazzy /usr/bin/cmake --install /home/neha/gitjazzy/build/bme_gazebo_basics
[0.696s] -- Install configuration: ""
[0.697s] -- Execute custom install script
[0.697s] -- Up-to-date symlink: /home/neha/gitjazzy/install/bme_gazebo_basics/share/bme_gazebo_basics/launch/check_urdf.launch.py
[0.697s] -- Up-to-date symlink: /home/neha/gitjazzy/install/bme_gazebo_basics/share/bme_gazebo_basics/launch/spawn_robot.launch.py
[0.698s] -- Up-to-date symlink: /home/neha/gitjazzy/install/bme_gazebo_basics/share/bme_gazebo_basics/launch/spawn_robot2.launch.py
[0.698s] -- Up-to-date symlink: /home/neha/gitjazzy/install/bme_gazebo_basics/share/bme_gazebo_basics/launch/world.launch.py
[0.698s] -- Up-to-date symlink: /home/neha/gitjazzy/install/bme_gazebo_basics/share/bme_gazebo_basics/worlds/empty.sdf
[0.698s] -- Up-to-date symlink: /home/neha/gitjazzy/install/bme_gazebo_basics/share/bme_gazebo_basics/worlds/world.sdf
[0.698s] -- Up-to-date symlink: /home/neha/gitjazzy/install/bme_gazebo_basics/share/bme_gazebo_basics/rviz/rviz.rviz
[0.699s] -- Up-to-date symlink: /home/neha/gitjazzy/install/bme_gazebo_basics/share/bme_gazebo_basics/rviz/urdf.rviz
[0.699s] -- Up-to-date symlink: /home/neha/gitjazzy/install/bme_gazebo_basics/share/bme_gazebo_basics/urdf/demo.urdf
[0.699s] -- Up-to-date symlink: /home/neha/gitjazzy/install/bme_gazebo_basics/share/bme_gazebo_basics/urdf/dimension.urdf
[0.699s] -- Up-to-date symlink: /home/neha/gitjazzy/install/bme_gazebo_basics/share/bme_gazebo_basics/urdf/materials.xacro
[0.700s] -- Up-to-date symlink: /home/neha/gitjazzy/install/bme_gazebo_basics/share/bme_gazebo_basics/urdf/mogi_bot.gazebo
[0.700s] -- Up-to-date symlink: /home/neha/gitjazzy/install/bme_gazebo_basics/share/bme_gazebo_basics/urdf/mogi_bot.urdf
[0.701s] -- Up-to-date symlink: /home/neha/gitjazzy/install/bme_gazebo_basics/share/bme_gazebo_basics/urdf/mogi_bot2.urdf
[0.701s] -- Up-to-date symlink: /home/neha/gitjazzy/install/bme_gazebo_basics/share/bme_gazebo_basics/urdf/mogi_bot_mecanum.gazebo
[0.701s] -- Up-to-date symlink: /home/neha/gitjazzy/install/bme_gazebo_basics/share/bme_gazebo_basics/urdf/mogi_bot_mecanum.urdf
[0.702s] -- Up-to-date symlink: /home/neha/gitjazzy/install/bme_gazebo_basics/share/bme_gazebo_basics/urdf/mogi_bot_skid_steer.gazebo
[0.702s] -- Up-to-date symlink: /home/neha/gitjazzy/install/bme_gazebo_basics/share/bme_gazebo_basics/urdf/mogi_bot_skid_steer.urdf
[0.702s] -- Up-to-date symlink: /home/neha/gitjazzy/install/bme_gazebo_basics/share/bme_gazebo_basics/meshes/mecanum_wheel_left.STL
[0.703s] -- Up-to-date symlink: /home/neha/gitjazzy/install/bme_gazebo_basics/share/bme_gazebo_basics/meshes/mecanum_wheel_right.STL
[0.703s] -- Up-to-date symlink: /home/neha/gitjazzy/install/bme_gazebo_basics/share/bme_gazebo_basics/meshes/mogi_bot.SLDPRT
[0.703s] -- Up-to-date symlink: /home/neha/gitjazzy/install/bme_gazebo_basics/share/bme_gazebo_basics/meshes/mogi_bot.STEP
[0.703s] -- Up-to-date symlink: /home/neha/gitjazzy/install/bme_gazebo_basics/share/bme_gazebo_basics/meshes/mogi_bot.STL
[0.704s] -- Up-to-date symlink: /home/neha/gitjazzy/install/bme_gazebo_basics/share/bme_gazebo_basics/meshes/mogi_bot.blend
[0.704s] -- Up-to-date symlink: /home/neha/gitjazzy/install/bme_gazebo_basics/share/bme_gazebo_basics/meshes/mogi_bot.dae
[0.704s] -- Up-to-date symlink: /home/neha/gitjazzy/install/bme_gazebo_basics/share/bme_gazebo_basics/meshes/wheel.SLDPRT
[0.708s] -- Up-to-date symlink: /home/neha/gitjazzy/install/bme_gazebo_basics/share/bme_gazebo_basics/meshes/wheel.STEP
[0.709s] -- Up-to-date symlink: /home/neha/gitjazzy/install/bme_gazebo_basics/share/bme_gazebo_basics/meshes/wheel.STL
[0.709s] -- Up-to-date symlink: /home/neha/gitjazzy/install/bme_gazebo_basics/share/bme_gazebo_basics/meshes/wheel.blend
[0.711s] -- Up-to-date symlink: /home/neha/gitjazzy/install/bme_gazebo_basics/share/bme_gazebo_basics/meshes/wheel.dae
[0.711s] -- Up-to-date symlink: /home/neha/gitjazzy/install/bme_gazebo_basics/share/ament_index/resource_index/package_run_dependencies/bme_gazebo_basics
[0.712s] -- Up-to-date symlink: /home/neha/gitjazzy/install/bme_gazebo_basics/share/ament_index/resource_index/parent_prefix_path/bme_gazebo_basics
[0.713s] -- Up-to-date symlink: /home/neha/gitjazzy/install/bme_gazebo_basics/share/bme_gazebo_basics/environment/ament_prefix_path.sh
[0.714s] -- Up-to-date symlink: /home/neha/gitjazzy/install/bme_gazebo_basics/share/bme_gazebo_basics/environment/ament_prefix_path.dsv
[0.715s] -- Up-to-date symlink: /home/neha/gitjazzy/install/bme_gazebo_basics/share/bme_gazebo_basics/environment/path.sh
[0.715s] -- Up-to-date symlink: /home/neha/gitjazzy/install/bme_gazebo_basics/share/bme_gazebo_basics/environment/path.dsv
[0.715s] -- Up-to-date symlink: /home/neha/gitjazzy/install/bme_gazebo_basics/share/bme_gazebo_basics/local_setup.bash
[0.717s] -- Up-to-date symlink: /home/neha/gitjazzy/install/bme_gazebo_basics/share/bme_gazebo_basics/local_setup.sh
[0.717s] -- Up-to-date symlink: /home/neha/gitjazzy/install/bme_gazebo_basics/share/bme_gazebo_basics/local_setup.zsh
[0.718s] -- Up-to-date symlink: /home/neha/gitjazzy/install/bme_gazebo_basics/share/bme_gazebo_basics/local_setup.dsv
[0.718s] -- Symlinking: /home/neha/gitjazzy/install/bme_gazebo_basics/share/bme_gazebo_basics/package.dsv
[0.718s] -- Up-to-date symlink: /home/neha/gitjazzy/install/bme_gazebo_basics/share/ament_index/resource_index/packages/bme_gazebo_basics
[0.719s] -- Up-to-date symlink: /home/neha/gitjazzy/install/bme_gazebo_basics/share/bme_gazebo_basics/cmake/bme_gazebo_basicsConfig.cmake
[0.719s] -- Up-to-date symlink: /home/neha/gitjazzy/install/bme_gazebo_basics/share/bme_gazebo_basics/cmake/bme_gazebo_basicsConfig-version.cmake
[0.719s] -- Up-to-date symlink: /home/neha/gitjazzy/install/bme_gazebo_basics/share/bme_gazebo_basics/package.xml
[0.735s] Invoked command in '/home/neha/gitjazzy/build/bme_gazebo_basics' returned '0': CMAKE_PREFIX_PATH=${CMAKE_PREFIX_PATH}:/home/neha/gitjazzy/install/mogi_trajectory_server:/home/neha/gitjazzy/install/bme_gazebo_sensors_py:/opt/ros/jazzy /usr/bin/cmake --install /home/neha/gitjazzy/build/bme_gazebo_basics
