[0.615s] Invoking command in '/home/neha/gitjazzy/build/bme_ros2_navigation': CMAKE_PREFIX_PATH=${CMAKE_PREFIX_PATH}:/home/neha/gitjazzy/install/mogi_trajectory_server:/home/neha/gitjazzy/install/bme_ros2_navigation_py:/home/neha/gitjazzy/install/bme_gazebo_sensors_py:/opt/ros/jazzy /usr/bin/cmake --build /home/neha/gitjazzy/build/bme_ros2_navigation -- -j8 -l8
[1.331s] Invoked command in '/home/neha/gitjazzy/build/bme_ros2_navigation' returned '0': CMAKE_PREFIX_PATH=${CMAKE_PREFIX_PATH}:/home/neha/gitjazzy/install/mogi_trajectory_server:/home/neha/gitjazzy/install/bme_ros2_navigation_py:/home/neha/gitjazzy/install/bme_gazebo_sensors_py:/opt/ros/jazzy /usr/bin/cmake --build /home/neha/gitjazzy/build/bme_ros2_navigation -- -j8 -l8
[1.334s] Invoking command in '/home/neha/gitjazzy/build/bme_ros2_navigation': CMAKE_PREFIX_PATH=${CMAKE_PREFIX_PATH}:/home/neha/gitjazzy/install/mogi_trajectory_server:/home/neha/gitjazzy/install/bme_ros2_navigation_py:/home/neha/gitjazzy/install/bme_gazebo_sensors_py:/opt/ros/jazzy /usr/bin/cmake --install /home/neha/gitjazzy/build/bme_ros2_navigation
[1.351s] -- Install configuration: ""
[1.352s] -- Up-to-date: /home/neha/gitjazzy/install/bme_ros2_navigation/share/bme_ros2_navigation/launch
[1.354s] -- Up-to-date: /home/neha/gitjazzy/install/bme_ros2_navigation/share/bme_ros2_navigation/launch/check_urdf.launch.py
[1.355s] -- Up-to-date: /home/neha/gitjazzy/install/bme_ros2_navigation/share/bme_ros2_navigation/launch/navigation.launch.py
[1.356s] -- Up-to-date: /home/neha/gitjazzy/install/bme_ros2_navigation/share/bme_ros2_navigation/launch/navigation_with_slam.launch.py
[1.356s] -- Up-to-date: /home/neha/gitjazzy/install/bme_ros2_navigation/share/bme_ros2_navigation/launch/localization_slam_toolbox.launch.py
[1.357s] -- Up-to-date: /home/neha/gitjazzy/install/bme_ros2_navigation/share/bme_ros2_navigation/launch/mapping.launch.py
[1.359s] -- Up-to-date: /home/neha/gitjazzy/install/bme_ros2_navigation/share/bme_ros2_navigation/launch/localization.launch.py
[1.359s] -- Installing: /home/neha/gitjazzy/install/bme_ros2_navigation/share/bme_ros2_navigation/launch/spawn_robot.launch.py
[1.360s] -- Up-to-date: /home/neha/gitjazzy/install/bme_ros2_navigation/share/bme_ros2_navigation/launch/world.launch.py
[1.360s] -- Up-to-date: /home/neha/gitjazzy/install/bme_ros2_navigation/share/bme_ros2_navigation/worlds
[1.361s] -- Up-to-date: /home/neha/gitjazzy/install/bme_ros2_navigation/share/bme_ros2_navigation/worlds/home.sdf
[1.362s] -- Up-to-date: /home/neha/gitjazzy/install/bme_ros2_navigation/share/bme_ros2_navigation/worlds/empty.sdf
[1.364s] -- Up-to-date: /home/neha/gitjazzy/install/bme_ros2_navigation/share/bme_ros2_navigation/rviz
[1.364s] -- Up-to-date: /home/neha/gitjazzy/install/bme_ros2_navigation/share/bme_ros2_navigation/rviz/navigation.rviz
[1.365s] -- Up-to-date: /home/neha/gitjazzy/install/bme_ros2_navigation/share/bme_ros2_navigation/rviz/rviz.rviz
[1.365s] -- Up-to-date: /home/neha/gitjazzy/install/bme_ros2_navigation/share/bme_ros2_navigation/rviz/mapping.rviz
[1.366s] -- Up-to-date: /home/neha/gitjazzy/install/bme_ros2_navigation/share/bme_ros2_navigation/rviz/localization.rviz
[1.370s] -- Up-to-date: /home/neha/gitjazzy/install/bme_ros2_navigation/share/bme_ros2_navigation/rviz/urdf.rviz
[1.371s] -- Up-to-date: /home/neha/gitjazzy/install/bme_ros2_navigation/share/bme_ros2_navigation/urdf
[1.371s] -- Up-to-date: /home/neha/gitjazzy/install/bme_ros2_navigation/share/bme_ros2_navigation/urdf/mogi_bot.urdf
[1.372s] -- Up-to-date: /home/neha/gitjazzy/install/bme_ros2_navigation/share/bme_ros2_navigation/urdf/materials.xacro
[1.373s] -- Up-to-date: /home/neha/gitjazzy/install/bme_ros2_navigation/share/bme_ros2_navigation/urdf/mogi_bot.gazebo
[1.373s] -- Up-to-date: /home/neha/gitjazzy/install/bme_ros2_navigation/share/bme_ros2_navigation/meshes
[1.376s] -- Up-to-date: /home/neha/gitjazzy/install/bme_ros2_navigation/share/bme_ros2_navigation/meshes/lidar.dae
[1.376s] -- Up-to-date: /home/neha/gitjazzy/install/bme_ros2_navigation/share/bme_ros2_navigation/meshes/mogi_bot.dae
[1.379s] -- Up-to-date: /home/neha/gitjazzy/install/bme_ros2_navigation/share/bme_ros2_navigation/meshes/wheel.dae
[1.379s] -- Up-to-date: /home/neha/gitjazzy/install/bme_ros2_navigation/share/bme_ros2_navigation/config
[1.381s] -- Up-to-date: /home/neha/gitjazzy/install/bme_ros2_navigation/share/bme_ros2_navigation/config/amcl_localization.yaml
[1.381s] -- Up-to-date: /home/neha/gitjazzy/install/bme_ros2_navigation/share/bme_ros2_navigation/config/navigation.yaml
[1.384s] -- Up-to-date: /home/neha/gitjazzy/install/bme_ros2_navigation/share/bme_ros2_navigation/config/gz_bridge.yaml
[1.384s] -- Up-to-date: /home/neha/gitjazzy/install/bme_ros2_navigation/share/bme_ros2_navigation/config/waypoints.yaml
[1.385s] -- Up-to-date: /home/neha/gitjazzy/install/bme_ros2_navigation/share/bme_ros2_navigation/config/ekf.yaml
[1.385s] -- Up-to-date: /home/neha/gitjazzy/install/bme_ros2_navigation/share/bme_ros2_navigation/config/slam_toolbox_localization.yaml
[1.385s] -- Up-to-date: /home/neha/gitjazzy/install/bme_ros2_navigation/share/bme_ros2_navigation/config/slam_toolbox_mapping.yaml
[1.388s] -- Up-to-date: /home/neha/gitjazzy/install/bme_ros2_navigation/share/bme_ros2_navigation/maps
[1.389s] -- Up-to-date: /home/neha/gitjazzy/install/bme_ros2_navigation/share/bme_ros2_navigation/maps/my_map.pgm
[1.390s] -- Up-to-date: /home/neha/gitjazzy/install/bme_ros2_navigation/share/bme_ros2_navigation/maps/my_map.yaml
[1.390s] -- Up-to-date: /home/neha/gitjazzy/install/bme_ros2_navigation/share/bme_ros2_navigation/maps/serialized.data
[1.390s] -- Up-to-date: /home/neha/gitjazzy/install/bme_ros2_navigation/share/bme_ros2_navigation/maps/serialized.posegraph
[1.391s] -- Up-to-date: /home/neha/gitjazzy/install/bme_ros2_navigation/share/ament_index/resource_index/package_run_dependencies/bme_ros2_navigation
[1.391s] -- Up-to-date: /home/neha/gitjazzy/install/bme_ros2_navigation/share/ament_index/resource_index/parent_prefix_path/bme_ros2_navigation
[1.392s] -- Up-to-date: /home/neha/gitjazzy/install/bme_ros2_navigation/share/bme_ros2_navigation/environment/ament_prefix_path.sh
[1.393s] -- Up-to-date: /home/neha/gitjazzy/install/bme_ros2_navigation/share/bme_ros2_navigation/environment/ament_prefix_path.dsv
[1.393s] -- Up-to-date: /home/neha/gitjazzy/install/bme_ros2_navigation/share/bme_ros2_navigation/environment/path.sh
[1.399s] -- Up-to-date: /home/neha/gitjazzy/install/bme_ros2_navigation/share/bme_ros2_navigation/environment/path.dsv
[1.399s] -- Up-to-date: /home/neha/gitjazzy/install/bme_ros2_navigation/share/bme_ros2_navigation/local_setup.bash
[1.399s] -- Up-to-date: /home/neha/gitjazzy/install/bme_ros2_navigation/share/bme_ros2_navigation/local_setup.sh
[1.400s] -- Up-to-date: /home/neha/gitjazzy/install/bme_ros2_navigation/share/bme_ros2_navigation/local_setup.zsh
[1.400s] -- Up-to-date: /home/neha/gitjazzy/install/bme_ros2_navigation/share/bme_ros2_navigation/local_setup.dsv
[1.401s] -- Installing: /home/neha/gitjazzy/install/bme_ros2_navigation/share/bme_ros2_navigation/package.dsv
[1.401s] -- Up-to-date: /home/neha/gitjazzy/install/bme_ros2_navigation/share/ament_index/resource_index/packages/bme_ros2_navigation
[1.401s] -- Up-to-date: /home/neha/gitjazzy/install/bme_ros2_navigation/share/bme_ros2_navigation/cmake/bme_ros2_navigationConfig.cmake
[1.401s] -- Up-to-date: /home/neha/gitjazzy/install/bme_ros2_navigation/share/bme_ros2_navigation/cmake/bme_ros2_navigationConfig-version.cmake
[1.402s] -- Up-to-date: /home/neha/gitjazzy/install/bme_ros2_navigation/share/bme_ros2_navigation/package.xml
[1.420s] Invoked command in '/home/neha/gitjazzy/build/bme_ros2_navigation' returned '0': CMAKE_PREFIX_PATH=${CMAKE_PREFIX_PATH}:/home/neha/gitjazzy/install/mogi_trajectory_server:/home/neha/gitjazzy/install/bme_ros2_navigation_py:/home/neha/gitjazzy/install/bme_gazebo_sensors_py:/opt/ros/jazzy /usr/bin/cmake --install /home/neha/gitjazzy/build/bme_ros2_navigation
