[0.029s] Invoking command in '/home/neha/gitjazzy/Week-7-8-ROS2-Navigation/build/bme_ros2_navigation': CMAKE_PREFIX_PATH=${CMAKE_PREFIX_PATH}:/home/neha/gitjazzy/src/install/bme_ros2_navigation_py:/home/neha/gitjazzy/src/install/bme_gazebo_sensors_py:/opt/ros/jazzy /usr/bin/cmake /home/neha/gitjazzy/Week-7-8-ROS2-Navigation/bme_ros2_navigation -DCMAKE_INSTALL_PREFIX=/home/neha/gitjazzy/Week-7-8-ROS2-Navigation/install/bme_ros2_navigation
[0.353s] -- The C compiler identification is GNU 13.3.0
[1.184s] -- The CXX compiler identification is GNU 13.3.0
[1.895s] -- Detecting C compiler ABI info
[2.362s] -- Detecting C compiler ABI info - done
[2.393s] -- Check for working C compiler: /usr/bin/cc - skipped
[2.404s] -- Detecting C compile features
[2.406s] -- Detecting C compile features - done
[2.684s] -- Detecting CXX compiler ABI info
[3.274s] -- Detecting CXX compiler ABI info - done
[3.288s] -- Check for working CXX compiler: /usr/bin/c++ - skipped
[3.288s] -- Detecting CXX compile features
[3.289s] -- Detecting CXX compile features - done
[3.332s] -- Found ament_cmake: 2.5.3 (/opt/ros/jazzy/share/ament_cmake/cmake)
[3.638s] -- Found Python3: /usr/bin/python3 (found version "3.12.3") found components: Interpreter 
[3.991s] -- Found ament_lint_auto: 0.17.1 (/opt/ros/jazzy/share/ament_lint_auto/cmake)
[4.201s] -- Added test 'flake8' to check Python code syntax and style conventions
[4.202s] -- Configured 'flake8' exclude dirs and/or files: 
[4.205s] -- Added test 'lint_cmake' to check CMake code style
[4.207s] -- Added test 'pep257' to check Python code against some of the docstring style conventions in PEP 257
[4.213s] -- Added test 'xmllint' to check XML markup files
[4.219s] -- Configuring done (4.2s)
[4.227s] -- Generating done (0.0s)
[4.231s] -- Build files have been written to: /home/neha/gitjazzy/Week-7-8-ROS2-Navigation/build/bme_ros2_navigation
[4.238s] Invoked command in '/home/neha/gitjazzy/Week-7-8-ROS2-Navigation/build/bme_ros2_navigation' returned '0': CMAKE_PREFIX_PATH=${CMAKE_PREFIX_PATH}:/home/neha/gitjazzy/src/install/bme_ros2_navigation_py:/home/neha/gitjazzy/src/install/bme_gazebo_sensors_py:/opt/ros/jazzy /usr/bin/cmake /home/neha/gitjazzy/Week-7-8-ROS2-Navigation/bme_ros2_navigation -DCMAKE_INSTALL_PREFIX=/home/neha/gitjazzy/Week-7-8-ROS2-Navigation/install/bme_ros2_navigation
[4.240s] Invoking command in '/home/neha/gitjazzy/Week-7-8-ROS2-Navigation/build/bme_ros2_navigation': CMAKE_PREFIX_PATH=${CMAKE_PREFIX_PATH}:/home/neha/gitjazzy/src/install/bme_ros2_navigation_py:/home/neha/gitjazzy/src/install/bme_gazebo_sensors_py:/opt/ros/jazzy /usr/bin/cmake --build /home/neha/gitjazzy/Week-7-8-ROS2-Navigation/build/bme_ros2_navigation -- -j8 -l8
[4.276s] -- Found ament_cmake: 2.5.3 (/opt/ros/jazzy/share/ament_cmake/cmake)
[4.600s] -- Found ament_lint_auto: 0.17.1 (/opt/ros/jazzy/share/ament_lint_auto/cmake)
[4.739s] -- Added test 'flake8' to check Python code syntax and style conventions
[4.739s] -- Configured 'flake8' exclude dirs and/or files: 
[4.740s] -- Added test 'lint_cmake' to check CMake code style
[4.741s] -- Added test 'pep257' to check Python code against some of the docstring style conventions in PEP 257
[4.744s] -- Added test 'xmllint' to check XML markup files
[4.745s] -- Configuring done (0.5s)
[4.751s] -- Generating done (0.0s)
[4.753s] -- Build files have been written to: /home/neha/gitjazzy/Week-7-8-ROS2-Navigation/build/bme_ros2_navigation
[4.790s] Invoked command in '/home/neha/gitjazzy/Week-7-8-ROS2-Navigation/build/bme_ros2_navigation' returned '0': CMAKE_PREFIX_PATH=${CMAKE_PREFIX_PATH}:/home/neha/gitjazzy/src/install/bme_ros2_navigation_py:/home/neha/gitjazzy/src/install/bme_gazebo_sensors_py:/opt/ros/jazzy /usr/bin/cmake --build /home/neha/gitjazzy/Week-7-8-ROS2-Navigation/build/bme_ros2_navigation -- -j8 -l8
[4.806s] Invoking command in '/home/neha/gitjazzy/Week-7-8-ROS2-Navigation/build/bme_ros2_navigation': CMAKE_PREFIX_PATH=${CMAKE_PREFIX_PATH}:/home/neha/gitjazzy/src/install/bme_ros2_navigation_py:/home/neha/gitjazzy/src/install/bme_gazebo_sensors_py:/opt/ros/jazzy /usr/bin/cmake --install /home/neha/gitjazzy/Week-7-8-ROS2-Navigation/build/bme_ros2_navigation
[4.819s] -- Install configuration: ""
[4.820s] -- Installing: /home/neha/gitjazzy/Week-7-8-ROS2-Navigation/install/bme_ros2_navigation/share/bme_ros2_navigation/launch
[4.820s] -- Installing: /home/neha/gitjazzy/Week-7-8-ROS2-Navigation/install/bme_ros2_navigation/share/bme_ros2_navigation/launch/check_urdf.launch.py
[4.821s] -- Installing: /home/neha/gitjazzy/Week-7-8-ROS2-Navigation/install/bme_ros2_navigation/share/bme_ros2_navigation/launch/navigation.launch.py
[4.821s] -- Installing: /home/neha/gitjazzy/Week-7-8-ROS2-Navigation/install/bme_ros2_navigation/share/bme_ros2_navigation/launch/navigation_with_slam.launch.py
[4.822s] -- Installing: /home/neha/gitjazzy/Week-7-8-ROS2-Navigation/install/bme_ros2_navigation/share/bme_ros2_navigation/launch/localization_slam_toolbox.launch.py
[4.822s] -- Installing: /home/neha/gitjazzy/Week-7-8-ROS2-Navigation/install/bme_ros2_navigation/share/bme_ros2_navigation/launch/mapping.launch.py
[4.822s] -- Installing: /home/neha/gitjazzy/Week-7-8-ROS2-Navigation/install/bme_ros2_navigation/share/bme_ros2_navigation/launch/localization.launch.py
[4.823s] -- Installing: /home/neha/gitjazzy/Week-7-8-ROS2-Navigation/install/bme_ros2_navigation/share/bme_ros2_navigation/launch/spawn_robot.launch.py
[4.823s] -- Installing: /home/neha/gitjazzy/Week-7-8-ROS2-Navigation/install/bme_ros2_navigation/share/bme_ros2_navigation/launch/world.launch.py
[4.823s] -- Installing: /home/neha/gitjazzy/Week-7-8-ROS2-Navigation/install/bme_ros2_navigation/share/bme_ros2_navigation/worlds
[4.824s] -- Installing: /home/neha/gitjazzy/Week-7-8-ROS2-Navigation/install/bme_ros2_navigation/share/bme_ros2_navigation/worlds/home.sdf
[4.824s] -- Installing: /home/neha/gitjazzy/Week-7-8-ROS2-Navigation/install/bme_ros2_navigation/share/bme_ros2_navigation/worlds/empty.sdf
[4.824s] -- Installing: /home/neha/gitjazzy/Week-7-8-ROS2-Navigation/install/bme_ros2_navigation/share/bme_ros2_navigation/rviz
[4.825s] -- Installing: /home/neha/gitjazzy/Week-7-8-ROS2-Navigation/install/bme_ros2_navigation/share/bme_ros2_navigation/rviz/navigation.rviz
[4.825s] -- Installing: /home/neha/gitjazzy/Week-7-8-ROS2-Navigation/install/bme_ros2_navigation/share/bme_ros2_navigation/rviz/rviz.rviz
[4.825s] -- Installing: /home/neha/gitjazzy/Week-7-8-ROS2-Navigation/install/bme_ros2_navigation/share/bme_ros2_navigation/rviz/mapping.rviz
[4.826s] -- Installing: /home/neha/gitjazzy/Week-7-8-ROS2-Navigation/install/bme_ros2_navigation/share/bme_ros2_navigation/rviz/localization.rviz
[4.826s] -- Installing: /home/neha/gitjazzy/Week-7-8-ROS2-Navigation/install/bme_ros2_navigation/share/bme_ros2_navigation/rviz/urdf.rviz
[4.826s] -- Installing: /home/neha/gitjazzy/Week-7-8-ROS2-Navigation/install/bme_ros2_navigation/share/bme_ros2_navigation/urdf
[4.826s] -- Installing: /home/neha/gitjazzy/Week-7-8-ROS2-Navigation/install/bme_ros2_navigation/share/bme_ros2_navigation/urdf/mogi_bot.urdf
[4.826s] -- Installing: /home/neha/gitjazzy/Week-7-8-ROS2-Navigation/install/bme_ros2_navigation/share/bme_ros2_navigation/urdf/materials.xacro
[4.827s] -- Installing: /home/neha/gitjazzy/Week-7-8-ROS2-Navigation/install/bme_ros2_navigation/share/bme_ros2_navigation/urdf/mogi_bot.gazebo
[4.827s] -- Installing: /home/neha/gitjazzy/Week-7-8-ROS2-Navigation/install/bme_ros2_navigation/share/bme_ros2_navigation/meshes
[4.827s] -- Installing: /home/neha/gitjazzy/Week-7-8-ROS2-Navigation/install/bme_ros2_navigation/share/bme_ros2_navigation/meshes/lidar.dae
[4.828s] -- Installing: /home/neha/gitjazzy/Week-7-8-ROS2-Navigation/install/bme_ros2_navigation/share/bme_ros2_navigation/meshes/mogi_bot.dae
[4.828s] -- Installing: /home/neha/gitjazzy/Week-7-8-ROS2-Navigation/install/bme_ros2_navigation/share/bme_ros2_navigation/meshes/wheel.dae
[4.828s] -- Installing: /home/neha/gitjazzy/Week-7-8-ROS2-Navigation/install/bme_ros2_navigation/share/bme_ros2_navigation/config
[4.828s] -- Installing: /home/neha/gitjazzy/Week-7-8-ROS2-Navigation/install/bme_ros2_navigation/share/bme_ros2_navigation/config/amcl_localization.yaml
[4.829s] -- Installing: /home/neha/gitjazzy/Week-7-8-ROS2-Navigation/install/bme_ros2_navigation/share/bme_ros2_navigation/config/navigation.yaml
[4.829s] -- Installing: /home/neha/gitjazzy/Week-7-8-ROS2-Navigation/install/bme_ros2_navigation/share/bme_ros2_navigation/config/gz_bridge.yaml
[4.829s] -- Installing: /home/neha/gitjazzy/Week-7-8-ROS2-Navigation/install/bme_ros2_navigation/share/bme_ros2_navigation/config/waypoints.yaml
[4.829s] -- Installing: /home/neha/gitjazzy/Week-7-8-ROS2-Navigation/install/bme_ros2_navigation/share/bme_ros2_navigation/config/ekf.yaml
[4.829s] -- Installing: /home/neha/gitjazzy/Week-7-8-ROS2-Navigation/install/bme_ros2_navigation/share/bme_ros2_navigation/config/slam_toolbox_localization.yaml
[4.829s] -- Installing: /home/neha/gitjazzy/Week-7-8-ROS2-Navigation/install/bme_ros2_navigation/share/bme_ros2_navigation/config/slam_toolbox_mapping.yaml
[4.829s] -- Installing: /home/neha/gitjazzy/Week-7-8-ROS2-Navigation/install/bme_ros2_navigation/share/bme_ros2_navigation/maps
[4.829s] -- Installing: /home/neha/gitjazzy/Week-7-8-ROS2-Navigation/install/bme_ros2_navigation/share/bme_ros2_navigation/maps/my_map.pgm
[4.829s] -- Installing: /home/neha/gitjazzy/Week-7-8-ROS2-Navigation/install/bme_ros2_navigation/share/bme_ros2_navigation/maps/my_map.yaml
[4.830s] -- Installing: /home/neha/gitjazzy/Week-7-8-ROS2-Navigation/install/bme_ros2_navigation/share/bme_ros2_navigation/maps/serialized.data
[4.831s] -- Installing: /home/neha/gitjazzy/Week-7-8-ROS2-Navigation/install/bme_ros2_navigation/share/bme_ros2_navigation/maps/serialized.posegraph
[4.843s] -- Installing: /home/neha/gitjazzy/Week-7-8-ROS2-Navigation/install/bme_ros2_navigation/share/ament_index/resource_index/package_run_dependencies/bme_ros2_navigation
[4.843s] -- Installing: /home/neha/gitjazzy/Week-7-8-ROS2-Navigation/install/bme_ros2_navigation/share/ament_index/resource_index/parent_prefix_path/bme_ros2_navigation
[4.844s] -- Installing: /home/neha/gitjazzy/Week-7-8-ROS2-Navigation/install/bme_ros2_navigation/share/bme_ros2_navigation/environment/ament_prefix_path.sh
[4.844s] -- Installing: /home/neha/gitjazzy/Week-7-8-ROS2-Navigation/install/bme_ros2_navigation/share/bme_ros2_navigation/environment/ament_prefix_path.dsv
[4.844s] -- Installing: /home/neha/gitjazzy/Week-7-8-ROS2-Navigation/install/bme_ros2_navigation/share/bme_ros2_navigation/environment/path.sh
[4.844s] -- Installing: /home/neha/gitjazzy/Week-7-8-ROS2-Navigation/install/bme_ros2_navigation/share/bme_ros2_navigation/environment/path.dsv
[4.845s] -- Installing: /home/neha/gitjazzy/Week-7-8-ROS2-Navigation/install/bme_ros2_navigation/share/bme_ros2_navigation/local_setup.bash
[4.845s] -- Installing: /home/neha/gitjazzy/Week-7-8-ROS2-Navigation/install/bme_ros2_navigation/share/bme_ros2_navigation/local_setup.sh
[4.845s] -- Installing: /home/neha/gitjazzy/Week-7-8-ROS2-Navigation/install/bme_ros2_navigation/share/bme_ros2_navigation/local_setup.zsh
[4.845s] -- Installing: /home/neha/gitjazzy/Week-7-8-ROS2-Navigation/install/bme_ros2_navigation/share/bme_ros2_navigation/local_setup.dsv
[4.846s] -- Installing: /home/neha/gitjazzy/Week-7-8-ROS2-Navigation/install/bme_ros2_navigation/share/bme_ros2_navigation/package.dsv
[4.846s] -- Installing: /home/neha/gitjazzy/Week-7-8-ROS2-Navigation/install/bme_ros2_navigation/share/ament_index/resource_index/packages/bme_ros2_navigation
[4.846s] -- Installing: /home/neha/gitjazzy/Week-7-8-ROS2-Navigation/install/bme_ros2_navigation/share/bme_ros2_navigation/cmake/bme_ros2_navigationConfig.cmake
[4.847s] -- Installing: /home/neha/gitjazzy/Week-7-8-ROS2-Navigation/install/bme_ros2_navigation/share/bme_ros2_navigation/cmake/bme_ros2_navigationConfig-version.cmake
[4.847s] -- Installing: /home/neha/gitjazzy/Week-7-8-ROS2-Navigation/install/bme_ros2_navigation/share/bme_ros2_navigation/package.xml
[4.849s] Invoked command in '/home/neha/gitjazzy/Week-7-8-ROS2-Navigation/build/bme_ros2_navigation' returned '0': CMAKE_PREFIX_PATH=${CMAKE_PREFIX_PATH}:/home/neha/gitjazzy/src/install/bme_ros2_navigation_py:/home/neha/gitjazzy/src/install/bme_gazebo_sensors_py:/opt/ros/jazzy /usr/bin/cmake --install /home/neha/gitjazzy/Week-7-8-ROS2-Navigation/build/bme_ros2_navigation
