[6.228s] Invoking command in '/home/neha/gitjazzy/src/Week-7-8-ROS2-Navigation/bme_ros2_navigation_py': PYTHONPATH=/home/neha/gitjazzy/build/bme_ros2_navigation_py/prefix_override:/usr/lib/python3/dist-packages/colcon_core/task/python/colcon_distutils_commands:/home/neha/gitjazzy/install/bme_ros2_navigation_py/lib/python3.12/site-packages:${PYTHONPATH} /usr/bin/python3 -W ignore:setup.py install is deprecated -W ignore:easy_install command is deprecated setup.py egg_info --egg-base ../../../build/bme_ros2_navigation_py build --build-base /home/neha/gitjazzy/build/bme_ros2_navigation_py/build install --record /home/neha/gitjazzy/build/bme_ros2_navigation_py/install.log --single-version-externally-managed install_data
[8.168s] running egg_info
[8.285s] writing ../../../build/bme_ros2_navigation_py/bme_ros2_navigation_py.egg-info/PKG-INFO
[8.290s] writing dependency_links to ../../../build/bme_ros2_navigation_py/bme_ros2_navigation_py.egg-info/dependency_links.txt
[8.292s] writing entry points to ../../../build/bme_ros2_navigation_py/bme_ros2_navigation_py.egg-info/entry_points.txt
[8.293s] writing requirements to ../../../build/bme_ros2_navigation_py/bme_ros2_navigation_py.egg-info/requires.txt
[8.295s] writing top-level names to ../../../build/bme_ros2_navigation_py/bme_ros2_navigation_py.egg-info/top_level.txt
[8.548s] reading manifest file '../../../build/bme_ros2_navigation_py/bme_ros2_navigation_py.egg-info/SOURCES.txt'
[8.554s] writing manifest file '../../../build/bme_ros2_navigation_py/bme_ros2_navigation_py.egg-info/SOURCES.txt'
[8.556s] running build
[8.557s] running build_py
[8.557s] running install
[8.577s] running install_lib
[8.664s] running install_data
[8.666s] running install_egg_info
[8.783s] removing '/home/neha/gitjazzy/install/bme_ros2_navigation_py/lib/python3.12/site-packages/bme_ros2_navigation_py-1.0.0-py3.12.egg-info' (and everything under it)
[8.789s] Copying ../../../build/bme_ros2_navigation_py/bme_ros2_navigation_py.egg-info to /home/neha/gitjazzy/install/bme_ros2_navigation_py/lib/python3.12/site-packages/bme_ros2_navigation_py-1.0.0-py3.12.egg-info
[8.814s] running install_scripts
[9.502s] Installing follow_waypoints script to /home/neha/gitjazzy/install/bme_ros2_navigation_py/lib/bme_ros2_navigation_py
[9.504s] Installing send_initialpose script to /home/neha/gitjazzy/install/bme_ros2_navigation_py/lib/bme_ros2_navigation_py
[9.508s] Installing slam_toolbox_load_map script to /home/neha/gitjazzy/install/bme_ros2_navigation_py/lib/bme_ros2_navigation_py
[9.510s] writing list of installed files to '/home/neha/gitjazzy/build/bme_ros2_navigation_py/install.log'
[9.639s] Invoked command in '/home/neha/gitjazzy/src/Week-7-8-ROS2-Navigation/bme_ros2_navigation_py' returned '0': PYTHONPATH=/home/neha/gitjazzy/build/bme_ros2_navigation_py/prefix_override:/usr/lib/python3/dist-packages/colcon_core/task/python/colcon_distutils_commands:/home/neha/gitjazzy/install/bme_ros2_navigation_py/lib/python3.12/site-packages:${PYTHONPATH} /usr/bin/python3 -W ignore:setup.py install is deprecated -W ignore:easy_install command is deprecated setup.py egg_info --egg-base ../../../build/bme_ros2_navigation_py build --build-base /home/neha/gitjazzy/build/bme_ros2_navigation_py/build install --record /home/neha/gitjazzy/build/bme_ros2_navigation_py/install.log --single-version-externally-managed install_data
