[0.190s] DEBUG:colcon:Command line arguments: ['/usr/bin/colcon', 'build']
[0.191s] DEBUG:colcon:Parsed command line arguments: Namespace(log_base=None, log_level=None, verb_name='build', build_base='build', install_base='install', merge_install=False, symlink_install=False, test_result_base=None, continue_on_error=False, executor='parallel', parallel_workers=8, event_handlers=None, ignore_user_meta=False, metas=['./colcon.meta'], base_paths=['.'], packages_ignore=None, packages_ignore_regex=None, paths=None, packages_up_to=None, packages_up_to_regex=None, packages_above=None, packages_above_and_dependencies=None, packages_above_depth=None, packages_select_by_dep=None, packages_skip_by_dep=None, packages_skip_up_to=None, packages_select_build_failed=False, packages_skip_build_finished=False, packages_select_test_failures=False, packages_skip_test_passed=False, packages_select=None, packages_skip=None, packages_select_regex=None, packages_skip_regex=None, packages_start=None, packages_end=None, cmake_args=None, cmake_target=None, cmake_target_skip_unavailable=False, cmake_clean_cache=False, cmake_clean_first=False, cmake_force_configure=False, ament_cmake_args=None, catkin_cmake_args=None, catkin_skip_building_tests=False, verb_parser=<colcon_defaults.argument_parser.defaults.DefaultArgumentsDecorator object at 0x7fe547cecec0>, verb_extension=<colcon_core.verb.build.BuildVerb object at 0x7fe547cece00>, main=<bound method BuildVerb.main of <colcon_core.verb.build.BuildVerb object at 0x7fe547cece00>>)
[0.256s] Level 1:colcon.colcon_core.package_discovery:discover_packages(colcon_meta) check parameters
[0.256s] Level 1:colcon.colcon_core.package_discovery:discover_packages(recursive) check parameters
[0.256s] Level 1:colcon.colcon_core.package_discovery:discover_packages(ignore) check parameters
[0.256s] Level 1:colcon.colcon_core.package_discovery:discover_packages(path) check parameters
[0.256s] Level 1:colcon.colcon_core.package_discovery:discover_packages(colcon_meta) discover
[0.256s] Level 1:colcon.colcon_core.package_discovery:discover_packages(recursive) discover
[0.256s] INFO:colcon.colcon_core.package_discovery:Crawling recursively for packages in '/home/neha/gitjazzy'
[0.257s] Level 1:colcon.colcon_core.package_identification:_identify(.) by extensions ['ignore', 'ignore_ament_install']
[0.257s] Level 1:colcon.colcon_core.package_identification:_identify(.) by extension 'ignore'
[0.257s] Level 1:colcon.colcon_core.package_identification:_identify(.) by extension 'ignore_ament_install'
[0.257s] Level 1:colcon.colcon_core.package_identification:_identify(.) by extensions ['colcon_pkg']
[0.257s] Level 1:colcon.colcon_core.package_identification:_identify(.) by extension 'colcon_pkg'
[0.257s] Level 1:colcon.colcon_core.package_identification:_identify(.) by extensions ['colcon_meta']
[0.257s] Level 1:colcon.colcon_core.package_identification:_identify(.) by extension 'colcon_meta'
[0.257s] Level 1:colcon.colcon_core.package_identification:_identify(.) by extensions ['ros']
[0.257s] Level 1:colcon.colcon_core.package_identification:_identify(.) by extension 'ros'
[0.288s] Level 1:colcon.colcon_core.package_identification:_identify(.) by extensions ['cmake', 'python']
[0.288s] Level 1:colcon.colcon_core.package_identification:_identify(.) by extension 'cmake'
[0.288s] Level 1:colcon.colcon_core.package_identification:_identify(.) by extension 'python'
[0.288s] Level 1:colcon.colcon_core.package_identification:_identify(.) by extensions ['python_setup_py']
[0.288s] Level 1:colcon.colcon_core.package_identification:_identify(.) by extension 'python_setup_py'
[0.288s] Level 1:colcon.colcon_core.package_identification:_identify(build) by extensions ['ignore', 'ignore_ament_install']
[0.288s] Level 1:colcon.colcon_core.package_identification:_identify(build) by extension 'ignore'
[0.289s] Level 1:colcon.colcon_core.package_identification:_identify(build) ignored
[0.289s] Level 1:colcon.colcon_core.package_identification:_identify(install) by extensions ['ignore', 'ignore_ament_install']
[0.289s] Level 1:colcon.colcon_core.package_identification:_identify(install) by extension 'ignore'
[0.289s] Level 1:colcon.colcon_core.package_identification:_identify(install) ignored
[0.289s] Level 1:colcon.colcon_core.package_identification:_identify(log) by extensions ['ignore', 'ignore_ament_install']
[0.289s] Level 1:colcon.colcon_core.package_identification:_identify(log) by extension 'ignore'
[0.289s] Level 1:colcon.colcon_core.package_identification:_identify(log) ignored
[0.290s] Level 1:colcon.colcon_core.package_identification:_identify(mogi_trajectory_server) by extensions ['ignore', 'ignore_ament_install']
[0.290s] Level 1:colcon.colcon_core.package_identification:_identify(mogi_trajectory_server) by extension 'ignore'
[0.290s] Level 1:colcon.colcon_core.package_identification:_identify(mogi_trajectory_server) by extension 'ignore_ament_install'
[0.290s] Level 1:colcon.colcon_core.package_identification:_identify(mogi_trajectory_server) by extensions ['colcon_pkg']
[0.290s] Level 1:colcon.colcon_core.package_identification:_identify(mogi_trajectory_server) by extension 'colcon_pkg'
[0.290s] Level 1:colcon.colcon_core.package_identification:_identify(mogi_trajectory_server) by extensions ['colcon_meta']
[0.290s] Level 1:colcon.colcon_core.package_identification:_identify(mogi_trajectory_server) by extension 'colcon_meta'
[0.290s] Level 1:colcon.colcon_core.package_identification:_identify(mogi_trajectory_server) by extensions ['ros']
[0.290s] Level 1:colcon.colcon_core.package_identification:_identify(mogi_trajectory_server) by extension 'ros'
[0.293s] DEBUG:colcon.colcon_core.package_identification:Package 'mogi_trajectory_server' with type 'ros.ament_python' and name 'mogi_trajectory_server'
[0.293s] Level 1:colcon.colcon_core.package_identification:_identify(src) by extensions ['ignore', 'ignore_ament_install']
[0.293s] Level 1:colcon.colcon_core.package_identification:_identify(src) by extension 'ignore'
[0.293s] Level 1:colcon.colcon_core.package_identification:_identify(src) by extension 'ignore_ament_install'
[0.293s] Level 1:colcon.colcon_core.package_identification:_identify(src) by extensions ['colcon_pkg']
[0.293s] Level 1:colcon.colcon_core.package_identification:_identify(src) by extension 'colcon_pkg'
[0.293s] Level 1:colcon.colcon_core.package_identification:_identify(src) by extensions ['colcon_meta']
[0.294s] Level 1:colcon.colcon_core.package_identification:_identify(src) by extension 'colcon_meta'
[0.294s] Level 1:colcon.colcon_core.package_identification:_identify(src) by extensions ['ros']
[0.294s] Level 1:colcon.colcon_core.package_identification:_identify(src) by extension 'ros'
[0.294s] Level 1:colcon.colcon_core.package_identification:_identify(src) by extensions ['cmake', 'python']
[0.294s] Level 1:colcon.colcon_core.package_identification:_identify(src) by extension 'cmake'
[0.294s] Level 1:colcon.colcon_core.package_identification:_identify(src) by extension 'python'
[0.294s] Level 1:colcon.colcon_core.package_identification:_identify(src) by extensions ['python_setup_py']
[0.294s] Level 1:colcon.colcon_core.package_identification:_identify(src) by extension 'python_setup_py'
[0.294s] Level 1:colcon.colcon_core.package_identification:_identify(src/Week-3-4-Gazebo-basics) by extensions ['ignore', 'ignore_ament_install']
[0.294s] Level 1:colcon.colcon_core.package_identification:_identify(src/Week-3-4-Gazebo-basics) by extension 'ignore'
[0.294s] Level 1:colcon.colcon_core.package_identification:_identify(src/Week-3-4-Gazebo-basics) by extension 'ignore_ament_install'
[0.294s] Level 1:colcon.colcon_core.package_identification:_identify(src/Week-3-4-Gazebo-basics) by extensions ['colcon_pkg']
[0.294s] Level 1:colcon.colcon_core.package_identification:_identify(src/Week-3-4-Gazebo-basics) by extension 'colcon_pkg'
[0.294s] Level 1:colcon.colcon_core.package_identification:_identify(src/Week-3-4-Gazebo-basics) by extensions ['colcon_meta']
[0.294s] Level 1:colcon.colcon_core.package_identification:_identify(src/Week-3-4-Gazebo-basics) by extension 'colcon_meta'
[0.295s] Level 1:colcon.colcon_core.package_identification:_identify(src/Week-3-4-Gazebo-basics) by extensions ['ros']
[0.295s] Level 1:colcon.colcon_core.package_identification:_identify(src/Week-3-4-Gazebo-basics) by extension 'ros'
[0.295s] Level 1:colcon.colcon_core.package_identification:_identify(src/Week-3-4-Gazebo-basics) by extensions ['cmake', 'python']
[0.295s] Level 1:colcon.colcon_core.package_identification:_identify(src/Week-3-4-Gazebo-basics) by extension 'cmake'
[0.295s] Level 1:colcon.colcon_core.package_identification:_identify(src/Week-3-4-Gazebo-basics) by extension 'python'
[0.295s] Level 1:colcon.colcon_core.package_identification:_identify(src/Week-3-4-Gazebo-basics) by extensions ['python_setup_py']
[0.295s] Level 1:colcon.colcon_core.package_identification:_identify(src/Week-3-4-Gazebo-basics) by extension 'python_setup_py'
[0.295s] Level 1:colcon.colcon_core.package_identification:_identify(src/Week-3-4-Gazebo-basics/assets) by extensions ['ignore', 'ignore_ament_install']
[0.295s] Level 1:colcon.colcon_core.package_identification:_identify(src/Week-3-4-Gazebo-basics/assets) by extension 'ignore'
[0.295s] Level 1:colcon.colcon_core.package_identification:_identify(src/Week-3-4-Gazebo-basics/assets) by extension 'ignore_ament_install'
[0.295s] Level 1:colcon.colcon_core.package_identification:_identify(src/Week-3-4-Gazebo-basics/assets) by extensions ['colcon_pkg']
[0.295s] Level 1:colcon.colcon_core.package_identification:_identify(src/Week-3-4-Gazebo-basics/assets) by extension 'colcon_pkg'
[0.295s] Level 1:colcon.colcon_core.package_identification:_identify(src/Week-3-4-Gazebo-basics/assets) by extensions ['colcon_meta']
[0.295s] Level 1:colcon.colcon_core.package_identification:_identify(src/Week-3-4-Gazebo-basics/assets) by extension 'colcon_meta'
[0.295s] Level 1:colcon.colcon_core.package_identification:_identify(src/Week-3-4-Gazebo-basics/assets) by extensions ['ros']
[0.295s] Level 1:colcon.colcon_core.package_identification:_identify(src/Week-3-4-Gazebo-basics/assets) by extension 'ros'
[0.296s] Level 1:colcon.colcon_core.package_identification:_identify(src/Week-3-4-Gazebo-basics/assets) by extensions ['cmake', 'python']
[0.296s] Level 1:colcon.colcon_core.package_identification:_identify(src/Week-3-4-Gazebo-basics/assets) by extension 'cmake'
[0.296s] Level 1:colcon.colcon_core.package_identification:_identify(src/Week-3-4-Gazebo-basics/assets) by extension 'python'
[0.296s] Level 1:colcon.colcon_core.package_identification:_identify(src/Week-3-4-Gazebo-basics/assets) by extensions ['python_setup_py']
[0.296s] Level 1:colcon.colcon_core.package_identification:_identify(src/Week-3-4-Gazebo-basics/assets) by extension 'python_setup_py'
[0.296s] Level 1:colcon.colcon_core.package_identification:_identify(src/Week-3-4-Gazebo-basics/bme_gazebo_basics) by extensions ['ignore', 'ignore_ament_install']
[0.296s] Level 1:colcon.colcon_core.package_identification:_identify(src/Week-3-4-Gazebo-basics/bme_gazebo_basics) by extension 'ignore'
[0.296s] Level 1:colcon.colcon_core.package_identification:_identify(src/Week-3-4-Gazebo-basics/bme_gazebo_basics) by extension 'ignore_ament_install'
[0.296s] Level 1:colcon.colcon_core.package_identification:_identify(src/Week-3-4-Gazebo-basics/bme_gazebo_basics) by extensions ['colcon_pkg']
[0.296s] Level 1:colcon.colcon_core.package_identification:_identify(src/Week-3-4-Gazebo-basics/bme_gazebo_basics) by extension 'colcon_pkg'
[0.296s] Level 1:colcon.colcon_core.package_identification:_identify(src/Week-3-4-Gazebo-basics/bme_gazebo_basics) by extensions ['colcon_meta']
[0.296s] Level 1:colcon.colcon_core.package_identification:_identify(src/Week-3-4-Gazebo-basics/bme_gazebo_basics) by extension 'colcon_meta'
[0.296s] Level 1:colcon.colcon_core.package_identification:_identify(src/Week-3-4-Gazebo-basics/bme_gazebo_basics) by extensions ['ros']
[0.296s] Level 1:colcon.colcon_core.package_identification:_identify(src/Week-3-4-Gazebo-basics/bme_gazebo_basics) by extension 'ros'
[0.297s] DEBUG:colcon.colcon_core.package_identification:Package 'src/Week-3-4-Gazebo-basics/bme_gazebo_basics' with type 'ros.ament_cmake' and name 'bme_gazebo_basics'
[0.297s] Level 1:colcon.colcon_core.package_identification:_identify(src/Week-5-6-Gazebo-sensors) by extensions ['ignore', 'ignore_ament_install']
[0.297s] Level 1:colcon.colcon_core.package_identification:_identify(src/Week-5-6-Gazebo-sensors) by extension 'ignore'
[0.297s] Level 1:colcon.colcon_core.package_identification:_identify(src/Week-5-6-Gazebo-sensors) by extension 'ignore_ament_install'
[0.297s] Level 1:colcon.colcon_core.package_identification:_identify(src/Week-5-6-Gazebo-sensors) by extensions ['colcon_pkg']
[0.297s] Level 1:colcon.colcon_core.package_identification:_identify(src/Week-5-6-Gazebo-sensors) by extension 'colcon_pkg'
[0.297s] Level 1:colcon.colcon_core.package_identification:_identify(src/Week-5-6-Gazebo-sensors) by extensions ['colcon_meta']
[0.297s] Level 1:colcon.colcon_core.package_identification:_identify(src/Week-5-6-Gazebo-sensors) by extension 'colcon_meta'
[0.297s] Level 1:colcon.colcon_core.package_identification:_identify(src/Week-5-6-Gazebo-sensors) by extensions ['ros']
[0.297s] Level 1:colcon.colcon_core.package_identification:_identify(src/Week-5-6-Gazebo-sensors) by extension 'ros'
[0.298s] Level 1:colcon.colcon_core.package_identification:_identify(src/Week-5-6-Gazebo-sensors) by extensions ['cmake', 'python']
[0.298s] Level 1:colcon.colcon_core.package_identification:_identify(src/Week-5-6-Gazebo-sensors) by extension 'cmake'
[0.298s] Level 1:colcon.colcon_core.package_identification:_identify(src/Week-5-6-Gazebo-sensors) by extension 'python'
[0.298s] Level 1:colcon.colcon_core.package_identification:_identify(src/Week-5-6-Gazebo-sensors) by extensions ['python_setup_py']
[0.298s] Level 1:colcon.colcon_core.package_identification:_identify(src/Week-5-6-Gazebo-sensors) by extension 'python_setup_py'
[0.298s] Level 1:colcon.colcon_core.package_identification:_identify(src/Week-5-6-Gazebo-sensors/assets) by extensions ['ignore', 'ignore_ament_install']
[0.298s] Level 1:colcon.colcon_core.package_identification:_identify(src/Week-5-6-Gazebo-sensors/assets) by extension 'ignore'
[0.298s] Level 1:colcon.colcon_core.package_identification:_identify(src/Week-5-6-Gazebo-sensors/assets) by extension 'ignore_ament_install'
[0.298s] Level 1:colcon.colcon_core.package_identification:_identify(src/Week-5-6-Gazebo-sensors/assets) by extensions ['colcon_pkg']
[0.298s] Level 1:colcon.colcon_core.package_identification:_identify(src/Week-5-6-Gazebo-sensors/assets) by extension 'colcon_pkg'
[0.298s] Level 1:colcon.colcon_core.package_identification:_identify(src/Week-5-6-Gazebo-sensors/assets) by extensions ['colcon_meta']
[0.298s] Level 1:colcon.colcon_core.package_identification:_identify(src/Week-5-6-Gazebo-sensors/assets) by extension 'colcon_meta'
[0.298s] Level 1:colcon.colcon_core.package_identification:_identify(src/Week-5-6-Gazebo-sensors/assets) by extensions ['ros']
[0.298s] Level 1:colcon.colcon_core.package_identification:_identify(src/Week-5-6-Gazebo-sensors/assets) by extension 'ros'
[0.299s] Level 1:colcon.colcon_core.package_identification:_identify(src/Week-5-6-Gazebo-sensors/assets) by extensions ['cmake', 'python']
[0.299s] Level 1:colcon.colcon_core.package_identification:_identify(src/Week-5-6-Gazebo-sensors/assets) by extension 'cmake'
[0.299s] Level 1:colcon.colcon_core.package_identification:_identify(src/Week-5-6-Gazebo-sensors/assets) by extension 'python'
[0.299s] Level 1:colcon.colcon_core.package_identification:_identify(src/Week-5-6-Gazebo-sensors/assets) by extensions ['python_setup_py']
[0.299s] Level 1:colcon.colcon_core.package_identification:_identify(src/Week-5-6-Gazebo-sensors/assets) by extension 'python_setup_py'
[0.299s] Level 1:colcon.colcon_core.package_identification:_identify(src/Week-5-6-Gazebo-sensors/bme_gazebo_sensors) by extensions ['ignore', 'ignore_ament_install']
[0.299s] Level 1:colcon.colcon_core.package_identification:_identify(src/Week-5-6-Gazebo-sensors/bme_gazebo_sensors) by extension 'ignore'
[0.299s] Level 1:colcon.colcon_core.package_identification:_identify(src/Week-5-6-Gazebo-sensors/bme_gazebo_sensors) by extension 'ignore_ament_install'
[0.299s] Level 1:colcon.colcon_core.package_identification:_identify(src/Week-5-6-Gazebo-sensors/bme_gazebo_sensors) by extensions ['colcon_pkg']
[0.299s] Level 1:colcon.colcon_core.package_identification:_identify(src/Week-5-6-Gazebo-sensors/bme_gazebo_sensors) by extension 'colcon_pkg'
[0.299s] Level 1:colcon.colcon_core.package_identification:_identify(src/Week-5-6-Gazebo-sensors/bme_gazebo_sensors) by extensions ['colcon_meta']
[0.299s] Level 1:colcon.colcon_core.package_identification:_identify(src/Week-5-6-Gazebo-sensors/bme_gazebo_sensors) by extension 'colcon_meta'
[0.299s] Level 1:colcon.colcon_core.package_identification:_identify(src/Week-5-6-Gazebo-sensors/bme_gazebo_sensors) by extensions ['ros']
[0.299s] Level 1:colcon.colcon_core.package_identification:_identify(src/Week-5-6-Gazebo-sensors/bme_gazebo_sensors) by extension 'ros'
[0.300s] DEBUG:colcon.colcon_core.package_identification:Package 'src/Week-5-6-Gazebo-sensors/bme_gazebo_sensors' with type 'ros.ament_cmake' and name 'bme_gazebo_sensors'
[0.300s] Level 1:colcon.colcon_core.package_identification:_identify(src/Week-5-6-Gazebo-sensors/bme_gazebo_sensors_py) by extensions ['ignore', 'ignore_ament_install']
[0.300s] Level 1:colcon.colcon_core.package_identification:_identify(src/Week-5-6-Gazebo-sensors/bme_gazebo_sensors_py) by extension 'ignore'
[0.300s] Level 1:colcon.colcon_core.package_identification:_identify(src/Week-5-6-Gazebo-sensors/bme_gazebo_sensors_py) by extension 'ignore_ament_install'
[0.300s] Level 1:colcon.colcon_core.package_identification:_identify(src/Week-5-6-Gazebo-sensors/bme_gazebo_sensors_py) by extensions ['colcon_pkg']
[0.300s] Level 1:colcon.colcon_core.package_identification:_identify(src/Week-5-6-Gazebo-sensors/bme_gazebo_sensors_py) by extension 'colcon_pkg'
[0.300s] Level 1:colcon.colcon_core.package_identification:_identify(src/Week-5-6-Gazebo-sensors/bme_gazebo_sensors_py) by extensions ['colcon_meta']
[0.300s] Level 1:colcon.colcon_core.package_identification:_identify(src/Week-5-6-Gazebo-sensors/bme_gazebo_sensors_py) by extension 'colcon_meta'
[0.300s] Level 1:colcon.colcon_core.package_identification:_identify(src/Week-5-6-Gazebo-sensors/bme_gazebo_sensors_py) by extensions ['ros']
[0.300s] Level 1:colcon.colcon_core.package_identification:_identify(src/Week-5-6-Gazebo-sensors/bme_gazebo_sensors_py) by extension 'ros'
[0.301s] DEBUG:colcon.colcon_core.package_identification:Package 'src/Week-5-6-Gazebo-sensors/bme_gazebo_sensors_py' with type 'ros.ament_python' and name 'bme_gazebo_sensors_py'
[0.301s] Level 1:colcon.colcon_core.package_identification:_identify(src/build) by extensions ['ignore', 'ignore_ament_install']
[0.301s] Level 1:colcon.colcon_core.package_identification:_identify(src/build) by extension 'ignore'
[0.301s] Level 1:colcon.colcon_core.package_identification:_identify(src/build) ignored
[0.301s] Level 1:colcon.colcon_core.package_identification:_identify(src/install) by extensions ['ignore', 'ignore_ament_install']
[0.301s] Level 1:colcon.colcon_core.package_identification:_identify(src/install) by extension 'ignore'
[0.302s] Level 1:colcon.colcon_core.package_identification:_identify(src/install) ignored
[0.302s] Level 1:colcon.colcon_core.package_identification:_identify(src/log) by extensions ['ignore', 'ignore_ament_install']
[0.302s] Level 1:colcon.colcon_core.package_identification:_identify(src/log) by extension 'ignore'
[0.302s] Level 1:colcon.colcon_core.package_identification:_identify(src/log) ignored
[0.302s] Level 1:colcon.colcon_core.package_discovery:discover_packages(recursive) using defaults
[0.302s] Level 1:colcon.colcon_core.package_discovery:discover_packages(ignore) discover
[0.302s] Level 1:colcon.colcon_core.package_discovery:discover_packages(ignore) using defaults
[0.302s] Level 1:colcon.colcon_core.package_discovery:discover_packages(path) discover
[0.302s] Level 1:colcon.colcon_core.package_discovery:discover_packages(path) using defaults
[0.323s] Level 5:colcon.colcon_core.verb:set package 'bme_gazebo_basics' build argument 'cmake_args' from command line to 'None'
[0.323s] Level 5:colcon.colcon_core.verb:set package 'bme_gazebo_basics' build argument 'cmake_target' from command line to 'None'
[0.323s] Level 5:colcon.colcon_core.verb:set package 'bme_gazebo_basics' build argument 'cmake_target_skip_unavailable' from command line to 'False'
[0.323s] Level 5:colcon.colcon_core.verb:set package 'bme_gazebo_basics' build argument 'cmake_clean_cache' from command line to 'False'
[0.323s] Level 5:colcon.colcon_core.verb:set package 'bme_gazebo_basics' build argument 'cmake_clean_first' from command line to 'False'
[0.323s] Level 5:colcon.colcon_core.verb:set package 'bme_gazebo_basics' build argument 'cmake_force_configure' from command line to 'False'
[0.323s] Level 5:colcon.colcon_core.verb:set package 'bme_gazebo_basics' build argument 'ament_cmake_args' from command line to 'None'
[0.323s] Level 5:colcon.colcon_core.verb:set package 'bme_gazebo_basics' build argument 'catkin_cmake_args' from command line to 'None'
[0.323s] Level 5:colcon.colcon_core.verb:set package 'bme_gazebo_basics' build argument 'catkin_skip_building_tests' from command line to 'False'
[0.323s] DEBUG:colcon.colcon_core.verb:Building package 'bme_gazebo_basics' with the following arguments: {'ament_cmake_args': None, 'build_base': '/home/neha/gitjazzy/build/bme_gazebo_basics', 'catkin_cmake_args': None, 'catkin_skip_building_tests': False, 'cmake_args': None, 'cmake_clean_cache': False, 'cmake_clean_first': False, 'cmake_force_configure': False, 'cmake_target': None, 'cmake_target_skip_unavailable': False, 'install_base': '/home/neha/gitjazzy/install/bme_gazebo_basics', 'merge_install': False, 'path': '/home/neha/gitjazzy/src/Week-3-4-Gazebo-basics/bme_gazebo_basics', 'symlink_install': False, 'test_result_base': None}
[0.323s] Level 5:colcon.colcon_core.verb:set package 'bme_gazebo_sensors' build argument 'cmake_args' from command line to 'None'
[0.323s] Level 5:colcon.colcon_core.verb:set package 'bme_gazebo_sensors' build argument 'cmake_target' from command line to 'None'
[0.323s] Level 5:colcon.colcon_core.verb:set package 'bme_gazebo_sensors' build argument 'cmake_target_skip_unavailable' from command line to 'False'
[0.323s] Level 5:colcon.colcon_core.verb:set package 'bme_gazebo_sensors' build argument 'cmake_clean_cache' from command line to 'False'
[0.324s] Level 5:colcon.colcon_core.verb:set package 'bme_gazebo_sensors' build argument 'cmake_clean_first' from command line to 'False'
[0.324s] Level 5:colcon.colcon_core.verb:set package 'bme_gazebo_sensors' build argument 'cmake_force_configure' from command line to 'False'
[0.324s] Level 5:colcon.colcon_core.verb:set package 'bme_gazebo_sensors' build argument 'ament_cmake_args' from command line to 'None'
[0.324s] Level 5:colcon.colcon_core.verb:set package 'bme_gazebo_sensors' build argument 'catkin_cmake_args' from command line to 'None'
[0.324s] Level 5:colcon.colcon_core.verb:set package 'bme_gazebo_sensors' build argument 'catkin_skip_building_tests' from command line to 'False'
[0.324s] DEBUG:colcon.colcon_core.verb:Building package 'bme_gazebo_sensors' with the following arguments: {'ament_cmake_args': None, 'build_base': '/home/neha/gitjazzy/build/bme_gazebo_sensors', 'catkin_cmake_args': None, 'catkin_skip_building_tests': False, 'cmake_args': None, 'cmake_clean_cache': False, 'cmake_clean_first': False, 'cmake_force_configure': False, 'cmake_target': None, 'cmake_target_skip_unavailable': False, 'install_base': '/home/neha/gitjazzy/install/bme_gazebo_sensors', 'merge_install': False, 'path': '/home/neha/gitjazzy/src/Week-5-6-Gazebo-sensors/bme_gazebo_sensors', 'symlink_install': False, 'test_result_base': None}
[0.324s] Level 5:colcon.colcon_core.verb:set package 'bme_gazebo_sensors_py' build argument 'cmake_args' from command line to 'None'
[0.324s] Level 5:colcon.colcon_core.verb:set package 'bme_gazebo_sensors_py' build argument 'cmake_target' from command line to 'None'
[0.324s] Level 5:colcon.colcon_core.verb:set package 'bme_gazebo_sensors_py' build argument 'cmake_target_skip_unavailable' from command line to 'False'
[0.324s] Level 5:colcon.colcon_core.verb:set package 'bme_gazebo_sensors_py' build argument 'cmake_clean_cache' from command line to 'False'
[0.324s] Level 5:colcon.colcon_core.verb:set package 'bme_gazebo_sensors_py' build argument 'cmake_clean_first' from command line to 'False'
[0.324s] Level 5:colcon.colcon_core.verb:set package 'bme_gazebo_sensors_py' build argument 'cmake_force_configure' from command line to 'False'
[0.324s] Level 5:colcon.colcon_core.verb:set package 'bme_gazebo_sensors_py' build argument 'ament_cmake_args' from command line to 'None'
[0.324s] Level 5:colcon.colcon_core.verb:set package 'bme_gazebo_sensors_py' build argument 'catkin_cmake_args' from command line to 'None'
[0.324s] Level 5:colcon.colcon_core.verb:set package 'bme_gazebo_sensors_py' build argument 'catkin_skip_building_tests' from command line to 'False'
[0.324s] DEBUG:colcon.colcon_core.verb:Building package 'bme_gazebo_sensors_py' with the following arguments: {'ament_cmake_args': None, 'build_base': '/home/neha/gitjazzy/build/bme_gazebo_sensors_py', 'catkin_cmake_args': None, 'catkin_skip_building_tests': False, 'cmake_args': None, 'cmake_clean_cache': False, 'cmake_clean_first': False, 'cmake_force_configure': False, 'cmake_target': None, 'cmake_target_skip_unavailable': False, 'install_base': '/home/neha/gitjazzy/install/bme_gazebo_sensors_py', 'merge_install': False, 'path': '/home/neha/gitjazzy/src/Week-5-6-Gazebo-sensors/bme_gazebo_sensors_py', 'symlink_install': False, 'test_result_base': None}
[0.324s] Level 5:colcon.colcon_core.verb:set package 'mogi_trajectory_server' build argument 'cmake_args' from command line to 'None'
[0.324s] Level 5:colcon.colcon_core.verb:set package 'mogi_trajectory_server' build argument 'cmake_target' from command line to 'None'
[0.325s] Level 5:colcon.colcon_core.verb:set package 'mogi_trajectory_server' build argument 'cmake_target_skip_unavailable' from command line to 'False'
[0.325s] Level 5:colcon.colcon_core.verb:set package 'mogi_trajectory_server' build argument 'cmake_clean_cache' from command line to 'False'
[0.325s] Level 5:colcon.colcon_core.verb:set package 'mogi_trajectory_server' build argument 'cmake_clean_first' from command line to 'False'
[0.325s] Level 5:colcon.colcon_core.verb:set package 'mogi_trajectory_server' build argument 'cmake_force_configure' from command line to 'False'
[0.325s] Level 5:colcon.colcon_core.verb:set package 'mogi_trajectory_server' build argument 'ament_cmake_args' from command line to 'None'
[0.325s] Level 5:colcon.colcon_core.verb:set package 'mogi_trajectory_server' build argument 'catkin_cmake_args' from command line to 'None'
[0.325s] Level 5:colcon.colcon_core.verb:set package 'mogi_trajectory_server' build argument 'catkin_skip_building_tests' from command line to 'False'
[0.325s] DEBUG:colcon.colcon_core.verb:Building package 'mogi_trajectory_server' with the following arguments: {'ament_cmake_args': None, 'build_base': '/home/neha/gitjazzy/build/mogi_trajectory_server', 'catkin_cmake_args': None, 'catkin_skip_building_tests': False, 'cmake_args': None, 'cmake_clean_cache': False, 'cmake_clean_first': False, 'cmake_force_configure': False, 'cmake_target': None, 'cmake_target_skip_unavailable': False, 'install_base': '/home/neha/gitjazzy/install/mogi_trajectory_server', 'merge_install': False, 'path': '/home/neha/gitjazzy/mogi_trajectory_server', 'symlink_install': False, 'test_result_base': None}
[0.325s] INFO:colcon.colcon_core.executor:Executing jobs using 'parallel' executor
[0.326s] DEBUG:colcon.colcon_parallel_executor.executor.parallel:run_until_complete
[0.327s] INFO:colcon.colcon_ros.task.ament_cmake.build:Building ROS package in '/home/neha/gitjazzy/src/Week-3-4-Gazebo-basics/bme_gazebo_basics' with build type 'ament_cmake'
[0.327s] INFO:colcon.colcon_cmake.task.cmake.build:Building CMake package in '/home/neha/gitjazzy/src/Week-3-4-Gazebo-basics/bme_gazebo_basics'
[0.329s] INFO:colcon.colcon_core.plugin_system:Skipping extension 'colcon_core.shell.bat': Not used on non-Windows systems
[0.330s] DEBUG:colcon.colcon_core.shell:Skip shell extension 'dsv' for command environment
[0.335s] INFO:colcon.colcon_ros.task.ament_cmake.build:Building ROS package in '/home/neha/gitjazzy/src/Week-5-6-Gazebo-sensors/bme_gazebo_sensors' with build type 'ament_cmake'
[0.335s] INFO:colcon.colcon_cmake.task.cmake.build:Building CMake package in '/home/neha/gitjazzy/src/Week-5-6-Gazebo-sensors/bme_gazebo_sensors'
[0.336s] DEBUG:colcon.colcon_core.shell:Skip shell extension 'dsv' for command environment
[0.343s] INFO:colcon.colcon_ros.task.ament_python.build:Building ROS package in '/home/neha/gitjazzy/src/Week-5-6-Gazebo-sensors/bme_gazebo_sensors_py' with build type 'ament_python'
[0.343s] Level 1:colcon.colcon_core.shell:create_environment_hook('bme_gazebo_sensors_py', 'ament_prefix_path')
[0.344s] INFO:colcon.colcon_core.shell:Creating environment descriptor '/home/neha/gitjazzy/install/bme_gazebo_sensors_py/share/bme_gazebo_sensors_py/hook/ament_prefix_path.dsv'
[0.345s] INFO:colcon.colcon_core.shell:Creating environment hook '/home/neha/gitjazzy/install/bme_gazebo_sensors_py/share/bme_gazebo_sensors_py/hook/ament_prefix_path.sh'
[0.346s] DEBUG:colcon.colcon_core.shell:Skip shell extension 'dsv' for command environment
[0.352s] INFO:colcon.colcon_ros.task.ament_python.build:Building ROS package in '/home/neha/gitjazzy/mogi_trajectory_server' with build type 'ament_python'
[0.352s] Level 1:colcon.colcon_core.shell:create_environment_hook('mogi_trajectory_server', 'ament_prefix_path')
[0.352s] INFO:colcon.colcon_core.shell:Creating environment descriptor '/home/neha/gitjazzy/install/mogi_trajectory_server/share/mogi_trajectory_server/hook/ament_prefix_path.dsv'
[0.354s] INFO:colcon.colcon_core.shell:Creating environment hook '/home/neha/gitjazzy/install/mogi_trajectory_server/share/mogi_trajectory_server/hook/ament_prefix_path.sh'
[0.355s] DEBUG:colcon.colcon_core.shell:Skip shell extension 'dsv' for command environment
[0.370s] DEBUG:colcon.colcon_core.event_handler.log_command:Invoking command in '/home/neha/gitjazzy/build/bme_gazebo_basics': CMAKE_PREFIX_PATH=${CMAKE_PREFIX_PATH}:/home/neha/gitjazzy/install/mogi_trajectory_server:/home/neha/gitjazzy/install/bme_gazebo_sensors_py:/opt/ros/jazzy /usr/bin/cmake --build /home/neha/gitjazzy/build/bme_gazebo_basics -- -j8 -l8
[0.377s] DEBUG:colcon.colcon_core.event_handler.log_command:Invoking command in '/home/neha/gitjazzy/build/bme_gazebo_sensors': CMAKE_PREFIX_PATH=${CMAKE_PREFIX_PATH}:/home/neha/gitjazzy/install/mogi_trajectory_server:/home/neha/gitjazzy/install/bme_gazebo_sensors_py:/opt/ros/jazzy /usr/bin/cmake --build /home/neha/gitjazzy/build/bme_gazebo_sensors -- -j8 -l8
[0.657s] INFO:colcon.colcon_core.task.python.build:Building Python package in '/home/neha/gitjazzy/src/Week-5-6-Gazebo-sensors/bme_gazebo_sensors_py'
[0.657s] DEBUG:colcon.colcon_core.shell:Skip shell extension 'dsv' for command environment
[0.667s] DEBUG:colcon.colcon_core.event_handler.log_command:Invoked command in '/home/neha/gitjazzy/build/bme_gazebo_basics' returned '0': CMAKE_PREFIX_PATH=${CMAKE_PREFIX_PATH}:/home/neha/gitjazzy/install/mogi_trajectory_server:/home/neha/gitjazzy/install/bme_gazebo_sensors_py:/opt/ros/jazzy /usr/bin/cmake --build /home/neha/gitjazzy/build/bme_gazebo_basics -- -j8 -l8
[0.683s] DEBUG:colcon.colcon_core.event_handler.log_command:Invoking command in '/home/neha/gitjazzy/build/bme_gazebo_basics': CMAKE_PREFIX_PATH=${CMAKE_PREFIX_PATH}:/home/neha/gitjazzy/install/mogi_trajectory_server:/home/neha/gitjazzy/install/bme_gazebo_sensors_py:/opt/ros/jazzy /usr/bin/cmake --install /home/neha/gitjazzy/build/bme_gazebo_basics
[0.684s] DEBUG:colcon.colcon_core.event_handler.log_command:Invoked command in '/home/neha/gitjazzy/build/bme_gazebo_sensors' returned '0': CMAKE_PREFIX_PATH=${CMAKE_PREFIX_PATH}:/home/neha/gitjazzy/install/mogi_trajectory_server:/home/neha/gitjazzy/install/bme_gazebo_sensors_py:/opt/ros/jazzy /usr/bin/cmake --build /home/neha/gitjazzy/build/bme_gazebo_sensors -- -j8 -l8
[0.686s] DEBUG:colcon.colcon_core.event_handler.log_command:Invoking command in '/home/neha/gitjazzy/build/bme_gazebo_sensors': CMAKE_PREFIX_PATH=${CMAKE_PREFIX_PATH}:/home/neha/gitjazzy/install/mogi_trajectory_server:/home/neha/gitjazzy/install/bme_gazebo_sensors_py:/opt/ros/jazzy /usr/bin/cmake --install /home/neha/gitjazzy/build/bme_gazebo_sensors
[1.017s] INFO:colcon.colcon_core.task.python.build:Building Python package in '/home/neha/gitjazzy/mogi_trajectory_server'
[1.017s] DEBUG:colcon.colcon_core.shell:Skip shell extension 'dsv' for command environment
[1.048s] Level 1:colcon.colcon_core.environment:create_environment_scripts_only(bme_gazebo_sensors)
[1.071s] DEBUG:colcon.colcon_core.event_handler.log_command:Invoked command in '/home/neha/gitjazzy/build/bme_gazebo_sensors' returned '0': CMAKE_PREFIX_PATH=${CMAKE_PREFIX_PATH}:/home/neha/gitjazzy/install/mogi_trajectory_server:/home/neha/gitjazzy/install/bme_gazebo_sensors_py:/opt/ros/jazzy /usr/bin/cmake --install /home/neha/gitjazzy/build/bme_gazebo_sensors
[1.072s] Level 1:colcon.colcon_core.environment:checking '/home/neha/gitjazzy/install/bme_gazebo_sensors' for CMake module files
[1.074s] Level 1:colcon.colcon_core.environment:checking '/home/neha/gitjazzy/install/bme_gazebo_sensors' for CMake config files
[1.074s] Level 1:colcon.colcon_core.shell:create_environment_hook('bme_gazebo_sensors', 'cmake_prefix_path')
[1.075s] INFO:colcon.colcon_core.shell:Creating environment descriptor '/home/neha/gitjazzy/install/bme_gazebo_sensors/share/bme_gazebo_sensors/hook/cmake_prefix_path.dsv'
[1.075s] INFO:colcon.colcon_core.shell:Creating environment hook '/home/neha/gitjazzy/install/bme_gazebo_sensors/share/bme_gazebo_sensors/hook/cmake_prefix_path.sh'
[1.077s] Level 1:colcon.colcon_core.environment:checking '/home/neha/gitjazzy/install/bme_gazebo_sensors/bin'
[1.077s] Level 1:colcon.colcon_core.environment:checking '/home/neha/gitjazzy/install/bme_gazebo_sensors/lib/pkgconfig/bme_gazebo_sensors.pc'
[1.077s] Level 1:colcon.colcon_core.environment:checking '/home/neha/gitjazzy/install/bme_gazebo_sensors/lib/python3.12/site-packages'
[1.078s] Level 1:colcon.colcon_core.environment:checking '/home/neha/gitjazzy/install/bme_gazebo_sensors/bin'
[1.078s] INFO:colcon.colcon_core.shell:Creating package descriptor '/home/neha/gitjazzy/install/bme_gazebo_sensors/share/bme_gazebo_sensors/package.dsv'
[1.079s] INFO:colcon.colcon_core.shell:Creating package script '/home/neha/gitjazzy/install/bme_gazebo_sensors/share/bme_gazebo_sensors/package.sh'
[1.080s] INFO:colcon.colcon_core.shell:Creating package script '/home/neha/gitjazzy/install/bme_gazebo_sensors/share/bme_gazebo_sensors/package.bash'
[1.082s] INFO:colcon.colcon_core.shell:Creating package script '/home/neha/gitjazzy/install/bme_gazebo_sensors/share/bme_gazebo_sensors/package.zsh'
[1.083s] Level 1:colcon.colcon_core.environment:create_file_with_runtime_dependencies(/home/neha/gitjazzy/install/bme_gazebo_sensors/share/colcon-core/packages/bme_gazebo_sensors)
[1.084s] Level 1:colcon.colcon_core.environment:create_environment_scripts_only(bme_gazebo_sensors)
[1.084s] Level 1:colcon.colcon_core.environment:checking '/home/neha/gitjazzy/install/bme_gazebo_sensors' for CMake module files
[1.085s] Level 1:colcon.colcon_core.environment:checking '/home/neha/gitjazzy/install/bme_gazebo_sensors' for CMake config files
[1.087s] Level 1:colcon.colcon_core.shell:create_environment_hook('bme_gazebo_sensors', 'cmake_prefix_path')
[1.088s] INFO:colcon.colcon_core.shell:Creating environment descriptor '/home/neha/gitjazzy/install/bme_gazebo_sensors/share/bme_gazebo_sensors/hook/cmake_prefix_path.dsv'
[1.089s] INFO:colcon.colcon_core.shell:Creating environment hook '/home/neha/gitjazzy/install/bme_gazebo_sensors/share/bme_gazebo_sensors/hook/cmake_prefix_path.sh'
[1.089s] Level 1:colcon.colcon_core.environment:checking '/home/neha/gitjazzy/install/bme_gazebo_sensors/bin'
[1.090s] Level 1:colcon.colcon_core.environment:checking '/home/neha/gitjazzy/install/bme_gazebo_sensors/lib/pkgconfig/bme_gazebo_sensors.pc'
[1.090s] Level 1:colcon.colcon_core.environment:checking '/home/neha/gitjazzy/install/bme_gazebo_sensors/lib/python3.12/site-packages'
[1.091s] Level 1:colcon.colcon_core.environment:checking '/home/neha/gitjazzy/install/bme_gazebo_sensors/bin'
[1.091s] INFO:colcon.colcon_core.shell:Creating package descriptor '/home/neha/gitjazzy/install/bme_gazebo_sensors/share/bme_gazebo_sensors/package.dsv'
[1.092s] INFO:colcon.colcon_core.shell:Creating package script '/home/neha/gitjazzy/install/bme_gazebo_sensors/share/bme_gazebo_sensors/package.sh'
[1.092s] INFO:colcon.colcon_core.shell:Creating package script '/home/neha/gitjazzy/install/bme_gazebo_sensors/share/bme_gazebo_sensors/package.bash'
[1.093s] INFO:colcon.colcon_core.shell:Creating package script '/home/neha/gitjazzy/install/bme_gazebo_sensors/share/bme_gazebo_sensors/package.zsh'
[1.094s] Level 1:colcon.colcon_core.environment:create_file_with_runtime_dependencies(/home/neha/gitjazzy/install/bme_gazebo_sensors/share/colcon-core/packages/bme_gazebo_sensors)
[1.094s] Level 1:colcon.colcon_core.environment:create_environment_scripts_only(bme_gazebo_basics)
[1.095s] Level 1:colcon.colcon_core.environment:checking '/home/neha/gitjazzy/install/bme_gazebo_basics' for CMake module files
[1.097s] DEBUG:colcon.colcon_core.event_handler.log_command:Invoked command in '/home/neha/gitjazzy/build/bme_gazebo_basics' returned '0': CMAKE_PREFIX_PATH=${CMAKE_PREFIX_PATH}:/home/neha/gitjazzy/install/mogi_trajectory_server:/home/neha/gitjazzy/install/bme_gazebo_sensors_py:/opt/ros/jazzy /usr/bin/cmake --install /home/neha/gitjazzy/build/bme_gazebo_basics
[1.097s] Level 1:colcon.colcon_core.environment:checking '/home/neha/gitjazzy/install/bme_gazebo_basics' for CMake config files
[1.098s] Level 1:colcon.colcon_core.shell:create_environment_hook('bme_gazebo_basics', 'cmake_prefix_path')
[1.098s] INFO:colcon.colcon_core.shell:Creating environment descriptor '/home/neha/gitjazzy/install/bme_gazebo_basics/share/bme_gazebo_basics/hook/cmake_prefix_path.dsv'
[1.099s] INFO:colcon.colcon_core.shell:Creating environment hook '/home/neha/gitjazzy/install/bme_gazebo_basics/share/bme_gazebo_basics/hook/cmake_prefix_path.sh'
[1.099s] Level 1:colcon.colcon_core.environment:checking '/home/neha/gitjazzy/install/bme_gazebo_basics/bin'
[1.100s] Level 1:colcon.colcon_core.environment:checking '/home/neha/gitjazzy/install/bme_gazebo_basics/lib/pkgconfig/bme_gazebo_basics.pc'
[1.100s] Level 1:colcon.colcon_core.environment:checking '/home/neha/gitjazzy/install/bme_gazebo_basics/lib/python3.12/site-packages'
[1.100s] Level 1:colcon.colcon_core.environment:checking '/home/neha/gitjazzy/install/bme_gazebo_basics/bin'
[1.101s] INFO:colcon.colcon_core.shell:Creating package descriptor '/home/neha/gitjazzy/install/bme_gazebo_basics/share/bme_gazebo_basics/package.dsv'
[1.101s] INFO:colcon.colcon_core.shell:Creating package script '/home/neha/gitjazzy/install/bme_gazebo_basics/share/bme_gazebo_basics/package.sh'
[1.103s] INFO:colcon.colcon_core.shell:Creating package script '/home/neha/gitjazzy/install/bme_gazebo_basics/share/bme_gazebo_basics/package.bash'
[1.105s] INFO:colcon.colcon_core.shell:Creating package script '/home/neha/gitjazzy/install/bme_gazebo_basics/share/bme_gazebo_basics/package.zsh'
[1.106s] Level 1:colcon.colcon_core.environment:create_file_with_runtime_dependencies(/home/neha/gitjazzy/install/bme_gazebo_basics/share/colcon-core/packages/bme_gazebo_basics)
[1.106s] Level 1:colcon.colcon_core.environment:create_environment_scripts_only(bme_gazebo_basics)
[1.107s] Level 1:colcon.colcon_core.environment:checking '/home/neha/gitjazzy/install/bme_gazebo_basics' for CMake module files
[1.108s] Level 1:colcon.colcon_core.environment:checking '/home/neha/gitjazzy/install/bme_gazebo_basics' for CMake config files
[1.108s] Level 1:colcon.colcon_core.shell:create_environment_hook('bme_gazebo_basics', 'cmake_prefix_path')
[1.109s] INFO:colcon.colcon_core.shell:Creating environment descriptor '/home/neha/gitjazzy/install/bme_gazebo_basics/share/bme_gazebo_basics/hook/cmake_prefix_path.dsv'
[1.109s] INFO:colcon.colcon_core.shell:Creating environment hook '/home/neha/gitjazzy/install/bme_gazebo_basics/share/bme_gazebo_basics/hook/cmake_prefix_path.sh'
[1.110s] Level 1:colcon.colcon_core.environment:checking '/home/neha/gitjazzy/install/bme_gazebo_basics/bin'
[1.110s] Level 1:colcon.colcon_core.environment:checking '/home/neha/gitjazzy/install/bme_gazebo_basics/lib/pkgconfig/bme_gazebo_basics.pc'
[1.110s] Level 1:colcon.colcon_core.environment:checking '/home/neha/gitjazzy/install/bme_gazebo_basics/lib/python3.12/site-packages'
[1.111s] Level 1:colcon.colcon_core.environment:checking '/home/neha/gitjazzy/install/bme_gazebo_basics/bin'
[1.111s] INFO:colcon.colcon_core.shell:Creating package descriptor '/home/neha/gitjazzy/install/bme_gazebo_basics/share/bme_gazebo_basics/package.dsv'
[1.112s] INFO:colcon.colcon_core.shell:Creating package script '/home/neha/gitjazzy/install/bme_gazebo_basics/share/bme_gazebo_basics/package.sh'
[1.112s] INFO:colcon.colcon_core.shell:Creating package script '/home/neha/gitjazzy/install/bme_gazebo_basics/share/bme_gazebo_basics/package.bash'
[1.113s] INFO:colcon.colcon_core.shell:Creating package script '/home/neha/gitjazzy/install/bme_gazebo_basics/share/bme_gazebo_basics/package.zsh'
[1.113s] Level 1:colcon.colcon_core.environment:create_file_with_runtime_dependencies(/home/neha/gitjazzy/install/bme_gazebo_basics/share/colcon-core/packages/bme_gazebo_basics)
[2.034s] DEBUG:colcon.colcon_core.event_handler.log_command:Invoking command in '/home/neha/gitjazzy/src/Week-5-6-Gazebo-sensors/bme_gazebo_sensors_py': PYTHONPATH=/home/neha/gitjazzy/build/bme_gazebo_sensors_py/prefix_override:/usr/lib/python3/dist-packages/colcon_core/task/python/colcon_distutils_commands:/home/neha/gitjazzy/install/bme_gazebo_sensors_py/lib/python3.12/site-packages:${PYTHONPATH} /usr/bin/python3 -W ignore:setup.py install is deprecated -W ignore:easy_install command is deprecated setup.py egg_info --egg-base ../../../build/bme_gazebo_sensors_py build --build-base /home/neha/gitjazzy/build/bme_gazebo_sensors_py/build install --record /home/neha/gitjazzy/build/bme_gazebo_sensors_py/install.log --single-version-externally-managed install_data
[2.121s] DEBUG:colcon.colcon_core.event_handler.log_command:Invoking command in '/home/neha/gitjazzy/mogi_trajectory_server': PYTHONPATH=/home/neha/gitjazzy/build/mogi_trajectory_server/prefix_override:/usr/lib/python3/dist-packages/colcon_core/task/python/colcon_distutils_commands:/home/neha/gitjazzy/install/mogi_trajectory_server/lib/python3.12/site-packages:${PYTHONPATH} /usr/bin/python3 -W ignore:setup.py install is deprecated -W ignore:easy_install command is deprecated setup.py egg_info --egg-base ../build/mogi_trajectory_server build --build-base /home/neha/gitjazzy/build/mogi_trajectory_server/build install --record /home/neha/gitjazzy/build/mogi_trajectory_server/install.log --single-version-externally-managed install_data
[2.922s] Level 1:colcon.colcon_core.environment:checking '/home/neha/gitjazzy/install/bme_gazebo_sensors_py' for CMake module files
[2.924s] DEBUG:colcon.colcon_core.event_handler.log_command:Invoked command in '/home/neha/gitjazzy/src/Week-5-6-Gazebo-sensors/bme_gazebo_sensors_py' returned '0': PYTHONPATH=/home/neha/gitjazzy/build/bme_gazebo_sensors_py/prefix_override:/usr/lib/python3/dist-packages/colcon_core/task/python/colcon_distutils_commands:/home/neha/gitjazzy/install/bme_gazebo_sensors_py/lib/python3.12/site-packages:${PYTHONPATH} /usr/bin/python3 -W ignore:setup.py install is deprecated -W ignore:easy_install command is deprecated setup.py egg_info --egg-base ../../../build/bme_gazebo_sensors_py build --build-base /home/neha/gitjazzy/build/bme_gazebo_sensors_py/build install --record /home/neha/gitjazzy/build/bme_gazebo_sensors_py/install.log --single-version-externally-managed install_data
[2.924s] Level 1:colcon.colcon_core.environment:checking '/home/neha/gitjazzy/install/bme_gazebo_sensors_py' for CMake config files
[2.925s] Level 1:colcon.colcon_core.environment:checking '/home/neha/gitjazzy/install/bme_gazebo_sensors_py/lib'
[2.925s] Level 1:colcon.colcon_core.environment:checking '/home/neha/gitjazzy/install/bme_gazebo_sensors_py/bin'
[2.925s] Level 1:colcon.colcon_core.environment:checking '/home/neha/gitjazzy/install/bme_gazebo_sensors_py/lib/pkgconfig/bme_gazebo_sensors_py.pc'
[2.926s] Level 1:colcon.colcon_core.environment:checking '/home/neha/gitjazzy/install/bme_gazebo_sensors_py/lib/python3.12/site-packages'
[2.926s] Level 1:colcon.colcon_core.shell:create_environment_hook('bme_gazebo_sensors_py', 'pythonpath')
[2.926s] INFO:colcon.colcon_core.shell:Creating environment descriptor '/home/neha/gitjazzy/install/bme_gazebo_sensors_py/share/bme_gazebo_sensors_py/hook/pythonpath.dsv'
[2.927s] INFO:colcon.colcon_core.shell:Creating environment hook '/home/neha/gitjazzy/install/bme_gazebo_sensors_py/share/bme_gazebo_sensors_py/hook/pythonpath.sh'
[2.928s] Level 1:colcon.colcon_core.environment:checking '/home/neha/gitjazzy/install/bme_gazebo_sensors_py/bin'
[2.928s] Level 1:colcon.colcon_core.environment:create_environment_scripts_only(bme_gazebo_sensors_py)
[2.928s] INFO:colcon.colcon_core.shell:Creating package descriptor '/home/neha/gitjazzy/install/bme_gazebo_sensors_py/share/bme_gazebo_sensors_py/package.dsv'
[2.929s] INFO:colcon.colcon_core.shell:Creating package script '/home/neha/gitjazzy/install/bme_gazebo_sensors_py/share/bme_gazebo_sensors_py/package.sh'
[2.929s] INFO:colcon.colcon_core.shell:Creating package script '/home/neha/gitjazzy/install/bme_gazebo_sensors_py/share/bme_gazebo_sensors_py/package.bash'
[2.930s] INFO:colcon.colcon_core.shell:Creating package script '/home/neha/gitjazzy/install/bme_gazebo_sensors_py/share/bme_gazebo_sensors_py/package.zsh'
[2.930s] Level 1:colcon.colcon_core.environment:create_file_with_runtime_dependencies(/home/neha/gitjazzy/install/bme_gazebo_sensors_py/share/colcon-core/packages/bme_gazebo_sensors_py)
[2.990s] Level 1:colcon.colcon_core.environment:checking '/home/neha/gitjazzy/install/mogi_trajectory_server' for CMake module files
[2.992s] DEBUG:colcon.colcon_core.event_handler.log_command:Invoked command in '/home/neha/gitjazzy/mogi_trajectory_server' returned '0': PYTHONPATH=/home/neha/gitjazzy/build/mogi_trajectory_server/prefix_override:/usr/lib/python3/dist-packages/colcon_core/task/python/colcon_distutils_commands:/home/neha/gitjazzy/install/mogi_trajectory_server/lib/python3.12/site-packages:${PYTHONPATH} /usr/bin/python3 -W ignore:setup.py install is deprecated -W ignore:easy_install command is deprecated setup.py egg_info --egg-base ../build/mogi_trajectory_server build --build-base /home/neha/gitjazzy/build/mogi_trajectory_server/build install --record /home/neha/gitjazzy/build/mogi_trajectory_server/install.log --single-version-externally-managed install_data
[2.993s] Level 1:colcon.colcon_core.environment:checking '/home/neha/gitjazzy/install/mogi_trajectory_server' for CMake config files
[2.994s] Level 1:colcon.colcon_core.environment:checking '/home/neha/gitjazzy/install/mogi_trajectory_server/lib'
[2.994s] Level 1:colcon.colcon_core.environment:checking '/home/neha/gitjazzy/install/mogi_trajectory_server/bin'
[2.995s] Level 1:colcon.colcon_core.environment:checking '/home/neha/gitjazzy/install/mogi_trajectory_server/lib/pkgconfig/mogi_trajectory_server.pc'
[2.995s] Level 1:colcon.colcon_core.environment:checking '/home/neha/gitjazzy/install/mogi_trajectory_server/lib/python3.12/site-packages'
[2.995s] Level 1:colcon.colcon_core.shell:create_environment_hook('mogi_trajectory_server', 'pythonpath')
[2.996s] INFO:colcon.colcon_core.shell:Creating environment descriptor '/home/neha/gitjazzy/install/mogi_trajectory_server/share/mogi_trajectory_server/hook/pythonpath.dsv'
[2.996s] INFO:colcon.colcon_core.shell:Creating environment hook '/home/neha/gitjazzy/install/mogi_trajectory_server/share/mogi_trajectory_server/hook/pythonpath.sh'
[2.997s] Level 1:colcon.colcon_core.environment:checking '/home/neha/gitjazzy/install/mogi_trajectory_server/bin'
[2.997s] Level 1:colcon.colcon_core.environment:create_environment_scripts_only(mogi_trajectory_server)
[2.998s] INFO:colcon.colcon_core.shell:Creating package descriptor '/home/neha/gitjazzy/install/mogi_trajectory_server/share/mogi_trajectory_server/package.dsv'
[2.998s] INFO:colcon.colcon_core.shell:Creating package script '/home/neha/gitjazzy/install/mogi_trajectory_server/share/mogi_trajectory_server/package.sh'
[2.999s] INFO:colcon.colcon_core.shell:Creating package script '/home/neha/gitjazzy/install/mogi_trajectory_server/share/mogi_trajectory_server/package.bash'
[2.999s] INFO:colcon.colcon_core.shell:Creating package script '/home/neha/gitjazzy/install/mogi_trajectory_server/share/mogi_trajectory_server/package.zsh'
[3.000s] Level 1:colcon.colcon_core.environment:create_file_with_runtime_dependencies(/home/neha/gitjazzy/install/mogi_trajectory_server/share/colcon-core/packages/mogi_trajectory_server)
[3.000s] DEBUG:colcon.colcon_parallel_executor.executor.parallel:closing loop
[3.001s] DEBUG:colcon.colcon_parallel_executor.executor.parallel:loop closed
[3.001s] DEBUG:colcon.colcon_parallel_executor.executor.parallel:run_until_complete finished with '0'
[3.002s] DEBUG:colcon.colcon_core.event_reactor:joining thread
[3.122s] INFO:colcon.colcon_core.plugin_system:Skipping extension 'colcon_notification.desktop_notification.notify_send': Could not find 'notify-send'
[3.122s] INFO:colcon.colcon_core.plugin_system:Skipping extension 'colcon_notification.desktop_notification.terminal_notifier': Not used on non-Darwin systems
[3.122s] INFO:colcon.colcon_core.plugin_system:Skipping extension 'colcon_notification.desktop_notification.win32': Not used on non-Windows systems
[3.122s] INFO:colcon.colcon_notification.desktop_notification:Sending desktop notification using 'notify2'
[3.125s] DEBUG:colcon.colcon_notification.desktop_notification.notify2:Failed to initialize notify2: org.freedesktop.DBus.Error.ServiceUnknown: The name org.freedesktop.Notifications was not provided by any .service files
[3.125s] DEBUG:colcon.colcon_core.event_reactor:joined thread
[3.126s] INFO:colcon.colcon_core.shell:Creating prefix script '/home/neha/gitjazzy/install/local_setup.sh'
[3.127s] INFO:colcon.colcon_core.shell:Creating prefix util module '/home/neha/gitjazzy/install/_local_setup_util_sh.py'
[3.128s] INFO:colcon.colcon_core.shell:Creating prefix chain script '/home/neha/gitjazzy/install/setup.sh'
[3.129s] INFO:colcon.colcon_core.shell:Creating prefix script '/home/neha/gitjazzy/install/local_setup.bash'
[3.130s] INFO:colcon.colcon_core.shell:Creating prefix chain script '/home/neha/gitjazzy/install/setup.bash'
[3.131s] INFO:colcon.colcon_core.shell:Creating prefix script '/home/neha/gitjazzy/install/local_setup.zsh'
[3.132s] INFO:colcon.colcon_core.shell:Creating prefix chain script '/home/neha/gitjazzy/install/setup.zsh'
