[2.150s] Invoking command in '/home/neha/gitjazzy/src/Week-5-6-Gazebo-sensors/bme_gazebo_sensors_py': PYTHONPATH=/home/neha/gitjazzy/build/bme_gazebo_sensors_py/prefix_override:/usr/lib/python3/dist-packages/colcon_core/task/python/colcon_distutils_commands:/home/neha/gitjazzy/install/bme_gazebo_sensors_py/lib/python3.12/site-packages:${PYTHONPATH} /usr/bin/python3 -W ignore:setup.py install is deprecated -W ignore:easy_install command is deprecated setup.py egg_info --egg-base ../../../build/bme_gazebo_sensors_py build --build-base /home/neha/gitjazzy/build/bme_gazebo_sensors_py/build install --record /home/neha/gitjazzy/build/bme_gazebo_sensors_py/install.log --single-version-externally-managed install_data
[2.628s] running egg_info
[2.655s] writing ../../../build/bme_gazebo_sensors_py/bme_gazebo_sensors_py.egg-info/PKG-INFO
[2.655s] writing dependency_links to ../../../build/bme_gazebo_sensors_py/bme_gazebo_sensors_py.egg-info/dependency_links.txt
[2.656s] writing entry points to ../../../build/bme_gazebo_sensors_py/bme_gazebo_sensors_py.egg-info/entry_points.txt
[2.656s] writing requirements to ../../../build/bme_gazebo_sensors_py/bme_gazebo_sensors_py.egg-info/requires.txt
[2.657s] writing top-level names to ../../../build/bme_gazebo_sensors_py/bme_gazebo_sensors_py.egg-info/top_level.txt
[2.724s] reading manifest file '../../../build/bme_gazebo_sensors_py/bme_gazebo_sensors_py.egg-info/SOURCES.txt'
[2.725s] writing manifest file '../../../build/bme_gazebo_sensors_py/bme_gazebo_sensors_py.egg-info/SOURCES.txt'
[2.726s] running build
[2.726s] running build_py
[2.726s] copying bme_gazebo_sensors_py/chase_the_ball.py -> /home/neha/gitjazzy/build/bme_gazebo_sensors_py/build/lib/bme_gazebo_sensors_py
[2.727s] running install
[2.734s] running install_lib
[2.770s] copying /home/neha/gitjazzy/build/bme_gazebo_sensors_py/build/lib/bme_gazebo_sensors_py/chase_the_ball.py -> /home/neha/gitjazzy/install/bme_gazebo_sensors_py/lib/python3.12/site-packages/bme_gazebo_sensors_py
[2.772s] byte-compiling /home/neha/gitjazzy/install/bme_gazebo_sensors_py/lib/python3.12/site-packages/bme_gazebo_sensors_py/chase_the_ball.py to chase_the_ball.cpython-312.pyc
[2.773s] running install_data
[2.774s] running install_egg_info
[2.820s] removing '/home/neha/gitjazzy/install/bme_gazebo_sensors_py/lib/python3.12/site-packages/bme_gazebo_sensors_py-1.0.0-py3.12.egg-info' (and everything under it)
[2.823s] Copying ../../../build/bme_gazebo_sensors_py/bme_gazebo_sensors_py.egg-info to /home/neha/gitjazzy/install/bme_gazebo_sensors_py/lib/python3.12/site-packages/bme_gazebo_sensors_py-1.0.0-py3.12.egg-info
[2.826s] running install_scripts
[3.089s] Installing chase_the_ball script to /home/neha/gitjazzy/install/bme_gazebo_sensors_py/lib/bme_gazebo_sensors_py
[3.089s] Installing gps_waypoint_follower script to /home/neha/gitjazzy/install/bme_gazebo_sensors_py/lib/bme_gazebo_sensors_py
[3.091s] Installing image_republisher script to /home/neha/gitjazzy/install/bme_gazebo_sensors_py/lib/bme_gazebo_sensors_py
[3.092s] writing list of installed files to '/home/neha/gitjazzy/build/bme_gazebo_sensors_py/install.log'
[3.160s] Invoked command in '/home/neha/gitjazzy/src/Week-5-6-Gazebo-sensors/bme_gazebo_sensors_py' returned '0': PYTHONPATH=/home/neha/gitjazzy/build/bme_gazebo_sensors_py/prefix_override:/usr/lib/python3/dist-packages/colcon_core/task/python/colcon_distutils_commands:/home/neha/gitjazzy/install/bme_gazebo_sensors_py/lib/python3.12/site-packages:${PYTHONPATH} /usr/bin/python3 -W ignore:setup.py install is deprecated -W ignore:easy_install command is deprecated setup.py egg_info --egg-base ../../../build/bme_gazebo_sensors_py build --build-base /home/neha/gitjazzy/build/bme_gazebo_sensors_py/build install --record /home/neha/gitjazzy/build/bme_gazebo_sensors_py/install.log --single-version-externally-managed install_data
