[0.555s] DEBUG:colcon:Command line arguments: ['/usr/bin/colcon', 'build']
[0.555s] DEBUG:colcon:Parsed command line arguments: Namespace(log_base=None, log_level=None, verb_name='build', build_base='build', install_base='install', merge_install=False, symlink_install=False, test_result_base=None, continue_on_error=False, executor='parallel', parallel_workers=8, event_handlers=None, ignore_user_meta=False, metas=['./colcon.meta'], base_paths=['.'], packages_ignore=None, packages_ignore_regex=None, paths=None, packages_up_to=None, packages_up_to_regex=None, packages_above=None, packages_above_and_dependencies=None, packages_above_depth=None, packages_select_by_dep=None, packages_skip_by_dep=None, packages_skip_up_to=None, packages_select_build_failed=False, packages_skip_build_finished=False, packages_select_test_failures=False, packages_skip_test_passed=False, packages_select=None, packages_skip=None, packages_select_regex=None, packages_skip_regex=None, packages_start=None, packages_end=None, cmake_args=None, cmake_target=None, cmake_target_skip_unavailable=False, cmake_clean_cache=False, cmake_clean_first=False, cmake_force_configure=False, ament_cmake_args=None, catkin_cmake_args=None, catkin_skip_building_tests=False, verb_parser=<colcon_defaults.argument_parser.defaults.DefaultArgumentsDecorator object at 0x7fef4fa4d730>, verb_extension=<colcon_core.verb.build.BuildVerb object at 0x7fef4fa4d580>, main=<bound method BuildVerb.main of <colcon_core.verb.build.BuildVerb object at 0x7fef4fa4d580>>)
[0.711s] Level 1:colcon.colcon_core.package_discovery:discover_packages(colcon_meta) check parameters
[0.711s] Level 1:colcon.colcon_core.package_discovery:discover_packages(recursive) check parameters
[0.711s] Level 1:colcon.colcon_core.package_discovery:discover_packages(ignore) check parameters
[0.711s] Level 1:colcon.colcon_core.package_discovery:discover_packages(path) check parameters
[0.711s] Level 1:colcon.colcon_core.package_discovery:discover_packages(colcon_meta) discover
[0.711s] Level 1:colcon.colcon_core.package_discovery:discover_packages(recursive) discover
[0.711s] INFO:colcon.colcon_core.package_discovery:Crawling recursively for packages in '/home/neha/gitjazzy'
[0.712s] Level 1:colcon.colcon_core.package_identification:_identify(.) by extensions ['ignore', 'ignore_ament_install']
[0.712s] Level 1:colcon.colcon_core.package_identification:_identify(.) by extension 'ignore'
[0.712s] Level 1:colcon.colcon_core.package_identification:_identify(.) by extension 'ignore_ament_install'
[0.712s] Level 1:colcon.colcon_core.package_identification:_identify(.) by extensions ['colcon_pkg']
[0.712s] Level 1:colcon.colcon_core.package_identification:_identify(.) by extension 'colcon_pkg'
[0.712s] Level 1:colcon.colcon_core.package_identification:_identify(.) by extensions ['colcon_meta']
[0.712s] Level 1:colcon.colcon_core.package_identification:_identify(.) by extension 'colcon_meta'
[0.712s] Level 1:colcon.colcon_core.package_identification:_identify(.) by extensions ['ros']
[0.712s] Level 1:colcon.colcon_core.package_identification:_identify(.) by extension 'ros'
[0.778s] Level 1:colcon.colcon_core.package_identification:_identify(.) by extensions ['cmake', 'python']
[0.779s] Level 1:colcon.colcon_core.package_identification:_identify(.) by extension 'cmake'
[0.779s] Level 1:colcon.colcon_core.package_identification:_identify(.) by extension 'python'
[0.779s] Level 1:colcon.colcon_core.package_identification:_identify(.) by extensions ['python_setup_py']
[0.779s] Level 1:colcon.colcon_core.package_identification:_identify(.) by extension 'python_setup_py'
[0.780s] Level 1:colcon.colcon_core.package_identification:_identify(build) by extensions ['ignore', 'ignore_ament_install']
[0.780s] Level 1:colcon.colcon_core.package_identification:_identify(build) by extension 'ignore'
[0.780s] Level 1:colcon.colcon_core.package_identification:_identify(build) ignored
[0.781s] Level 1:colcon.colcon_core.package_identification:_identify(install) by extensions ['ignore', 'ignore_ament_install']
[0.782s] Level 1:colcon.colcon_core.package_identification:_identify(install) by extension 'ignore'
[0.782s] Level 1:colcon.colcon_core.package_identification:_identify(install) ignored
[0.782s] Level 1:colcon.colcon_core.package_identification:_identify(log) by extensions ['ignore', 'ignore_ament_install']
[0.782s] Level 1:colcon.colcon_core.package_identification:_identify(log) by extension 'ignore'
[0.782s] Level 1:colcon.colcon_core.package_identification:_identify(log) ignored
[0.783s] Level 1:colcon.colcon_core.package_identification:_identify(mogi_trajectory_server) by extensions ['ignore', 'ignore_ament_install']
[0.783s] Level 1:colcon.colcon_core.package_identification:_identify(mogi_trajectory_server) by extension 'ignore'
[0.783s] Level 1:colcon.colcon_core.package_identification:_identify(mogi_trajectory_server) by extension 'ignore_ament_install'
[0.783s] Level 1:colcon.colcon_core.package_identification:_identify(mogi_trajectory_server) by extensions ['colcon_pkg']
[0.783s] Level 1:colcon.colcon_core.package_identification:_identify(mogi_trajectory_server) by extension 'colcon_pkg'
[0.783s] Level 1:colcon.colcon_core.package_identification:_identify(mogi_trajectory_server) by extensions ['colcon_meta']
[0.784s] Level 1:colcon.colcon_core.package_identification:_identify(mogi_trajectory_server) by extension 'colcon_meta'
[0.784s] Level 1:colcon.colcon_core.package_identification:_identify(mogi_trajectory_server) by extensions ['ros']
[0.784s] Level 1:colcon.colcon_core.package_identification:_identify(mogi_trajectory_server) by extension 'ros'
[0.789s] DEBUG:colcon.colcon_core.package_identification:Package 'mogi_trajectory_server' with type 'ros.ament_python' and name 'mogi_trajectory_server'
[0.790s] Level 1:colcon.colcon_core.package_identification:_identify(src) by extensions ['ignore', 'ignore_ament_install']
[0.790s] Level 1:colcon.colcon_core.package_identification:_identify(src) by extension 'ignore'
[0.790s] Level 1:colcon.colcon_core.package_identification:_identify(src) by extension 'ignore_ament_install'
[0.790s] Level 1:colcon.colcon_core.package_identification:_identify(src) by extensions ['colcon_pkg']
[0.790s] Level 1:colcon.colcon_core.package_identification:_identify(src) by extension 'colcon_pkg'
[0.790s] Level 1:colcon.colcon_core.package_identification:_identify(src) by extensions ['colcon_meta']
[0.790s] Level 1:colcon.colcon_core.package_identification:_identify(src) by extension 'colcon_meta'
[0.790s] Level 1:colcon.colcon_core.package_identification:_identify(src) by extensions ['ros']
[0.790s] Level 1:colcon.colcon_core.package_identification:_identify(src) by extension 'ros'
[0.790s] Level 1:colcon.colcon_core.package_identification:_identify(src) by extensions ['cmake', 'python']
[0.790s] Level 1:colcon.colcon_core.package_identification:_identify(src) by extension 'cmake'
[0.790s] Level 1:colcon.colcon_core.package_identification:_identify(src) by extension 'python'
[0.791s] Level 1:colcon.colcon_core.package_identification:_identify(src) by extensions ['python_setup_py']
[0.791s] Level 1:colcon.colcon_core.package_identification:_identify(src) by extension 'python_setup_py'
[0.791s] Level 1:colcon.colcon_core.package_identification:_identify(src/Week-3-4-Gazebo-basics) by extensions ['ignore', 'ignore_ament_install']
[0.791s] Level 1:colcon.colcon_core.package_identification:_identify(src/Week-3-4-Gazebo-basics) by extension 'ignore'
[0.792s] Level 1:colcon.colcon_core.package_identification:_identify(src/Week-3-4-Gazebo-basics) by extension 'ignore_ament_install'
[0.792s] Level 1:colcon.colcon_core.package_identification:_identify(src/Week-3-4-Gazebo-basics) by extensions ['colcon_pkg']
[0.792s] Level 1:colcon.colcon_core.package_identification:_identify(src/Week-3-4-Gazebo-basics) by extension 'colcon_pkg'
[0.792s] Level 1:colcon.colcon_core.package_identification:_identify(src/Week-3-4-Gazebo-basics) by extensions ['colcon_meta']
[0.792s] Level 1:colcon.colcon_core.package_identification:_identify(src/Week-3-4-Gazebo-basics) by extension 'colcon_meta'
[0.792s] Level 1:colcon.colcon_core.package_identification:_identify(src/Week-3-4-Gazebo-basics) by extensions ['ros']
[0.792s] Level 1:colcon.colcon_core.package_identification:_identify(src/Week-3-4-Gazebo-basics) by extension 'ros'
[0.792s] Level 1:colcon.colcon_core.package_identification:_identify(src/Week-3-4-Gazebo-basics) by extensions ['cmake', 'python']
[0.792s] Level 1:colcon.colcon_core.package_identification:_identify(src/Week-3-4-Gazebo-basics) by extension 'cmake'
[0.792s] Level 1:colcon.colcon_core.package_identification:_identify(src/Week-3-4-Gazebo-basics) by extension 'python'
[0.792s] Level 1:colcon.colcon_core.package_identification:_identify(src/Week-3-4-Gazebo-basics) by extensions ['python_setup_py']
[0.792s] Level 1:colcon.colcon_core.package_identification:_identify(src/Week-3-4-Gazebo-basics) by extension 'python_setup_py'
[0.793s] Level 1:colcon.colcon_core.package_identification:_identify(src/Week-3-4-Gazebo-basics/assets) by extensions ['ignore', 'ignore_ament_install']
[0.793s] Level 1:colcon.colcon_core.package_identification:_identify(src/Week-3-4-Gazebo-basics/assets) by extension 'ignore'
[0.793s] Level 1:colcon.colcon_core.package_identification:_identify(src/Week-3-4-Gazebo-basics/assets) by extension 'ignore_ament_install'
[0.793s] Level 1:colcon.colcon_core.package_identification:_identify(src/Week-3-4-Gazebo-basics/assets) by extensions ['colcon_pkg']
[0.793s] Level 1:colcon.colcon_core.package_identification:_identify(src/Week-3-4-Gazebo-basics/assets) by extension 'colcon_pkg'
[0.793s] Level 1:colcon.colcon_core.package_identification:_identify(src/Week-3-4-Gazebo-basics/assets) by extensions ['colcon_meta']
[0.793s] Level 1:colcon.colcon_core.package_identification:_identify(src/Week-3-4-Gazebo-basics/assets) by extension 'colcon_meta'
[0.794s] Level 1:colcon.colcon_core.package_identification:_identify(src/Week-3-4-Gazebo-basics/assets) by extensions ['ros']
[0.794s] Level 1:colcon.colcon_core.package_identification:_identify(src/Week-3-4-Gazebo-basics/assets) by extension 'ros'
[0.794s] Level 1:colcon.colcon_core.package_identification:_identify(src/Week-3-4-Gazebo-basics/assets) by extensions ['cmake', 'python']
[0.794s] Level 1:colcon.colcon_core.package_identification:_identify(src/Week-3-4-Gazebo-basics/assets) by extension 'cmake'
[0.794s] Level 1:colcon.colcon_core.package_identification:_identify(src/Week-3-4-Gazebo-basics/assets) by extension 'python'
[0.794s] Level 1:colcon.colcon_core.package_identification:_identify(src/Week-3-4-Gazebo-basics/assets) by extensions ['python_setup_py']
[0.794s] Level 1:colcon.colcon_core.package_identification:_identify(src/Week-3-4-Gazebo-basics/assets) by extension 'python_setup_py'
[0.795s] Level 1:colcon.colcon_core.package_identification:_identify(src/Week-3-4-Gazebo-basics/bme_gazebo_basics) by extensions ['ignore', 'ignore_ament_install']
[0.795s] Level 1:colcon.colcon_core.package_identification:_identify(src/Week-3-4-Gazebo-basics/bme_gazebo_basics) by extension 'ignore'
[0.795s] Level 1:colcon.colcon_core.package_identification:_identify(src/Week-3-4-Gazebo-basics/bme_gazebo_basics) by extension 'ignore_ament_install'
[0.795s] Level 1:colcon.colcon_core.package_identification:_identify(src/Week-3-4-Gazebo-basics/bme_gazebo_basics) by extensions ['colcon_pkg']
[0.795s] Level 1:colcon.colcon_core.package_identification:_identify(src/Week-3-4-Gazebo-basics/bme_gazebo_basics) by extension 'colcon_pkg'
[0.795s] Level 1:colcon.colcon_core.package_identification:_identify(src/Week-3-4-Gazebo-basics/bme_gazebo_basics) by extensions ['colcon_meta']
[0.795s] Level 1:colcon.colcon_core.package_identification:_identify(src/Week-3-4-Gazebo-basics/bme_gazebo_basics) by extension 'colcon_meta'
[0.795s] Level 1:colcon.colcon_core.package_identification:_identify(src/Week-3-4-Gazebo-basics/bme_gazebo_basics) by extensions ['ros']
[0.795s] Level 1:colcon.colcon_core.package_identification:_identify(src/Week-3-4-Gazebo-basics/bme_gazebo_basics) by extension 'ros'
[0.796s] DEBUG:colcon.colcon_core.package_identification:Package 'src/Week-3-4-Gazebo-basics/bme_gazebo_basics' with type 'ros.ament_cmake' and name 'bme_gazebo_basics'
[0.797s] Level 1:colcon.colcon_core.package_identification:_identify(src/Week-5-6-Gazebo-sensors) by extensions ['ignore', 'ignore_ament_install']
[0.797s] Level 1:colcon.colcon_core.package_identification:_identify(src/Week-5-6-Gazebo-sensors) by extension 'ignore'
[0.798s] Level 1:colcon.colcon_core.package_identification:_identify(src/Week-5-6-Gazebo-sensors) by extension 'ignore_ament_install'
[0.798s] Level 1:colcon.colcon_core.package_identification:_identify(src/Week-5-6-Gazebo-sensors) by extensions ['colcon_pkg']
[0.798s] Level 1:colcon.colcon_core.package_identification:_identify(src/Week-5-6-Gazebo-sensors) by extension 'colcon_pkg'
[0.798s] Level 1:colcon.colcon_core.package_identification:_identify(src/Week-5-6-Gazebo-sensors) by extensions ['colcon_meta']
[0.798s] Level 1:colcon.colcon_core.package_identification:_identify(src/Week-5-6-Gazebo-sensors) by extension 'colcon_meta'
[0.798s] Level 1:colcon.colcon_core.package_identification:_identify(src/Week-5-6-Gazebo-sensors) by extensions ['ros']
[0.798s] Level 1:colcon.colcon_core.package_identification:_identify(src/Week-5-6-Gazebo-sensors) by extension 'ros'
[0.798s] Level 1:colcon.colcon_core.package_identification:_identify(src/Week-5-6-Gazebo-sensors) by extensions ['cmake', 'python']
[0.798s] Level 1:colcon.colcon_core.package_identification:_identify(src/Week-5-6-Gazebo-sensors) by extension 'cmake'
[0.798s] Level 1:colcon.colcon_core.package_identification:_identify(src/Week-5-6-Gazebo-sensors) by extension 'python'
[0.799s] Level 1:colcon.colcon_core.package_identification:_identify(src/Week-5-6-Gazebo-sensors) by extensions ['python_setup_py']
[0.799s] Level 1:colcon.colcon_core.package_identification:_identify(src/Week-5-6-Gazebo-sensors) by extension 'python_setup_py'
[0.800s] Level 1:colcon.colcon_core.package_identification:_identify(src/Week-5-6-Gazebo-sensors/assets) by extensions ['ignore', 'ignore_ament_install']
[0.800s] Level 1:colcon.colcon_core.package_identification:_identify(src/Week-5-6-Gazebo-sensors/assets) by extension 'ignore'
[0.800s] Level 1:colcon.colcon_core.package_identification:_identify(src/Week-5-6-Gazebo-sensors/assets) by extension 'ignore_ament_install'
[0.800s] Level 1:colcon.colcon_core.package_identification:_identify(src/Week-5-6-Gazebo-sensors/assets) by extensions ['colcon_pkg']
[0.800s] Level 1:colcon.colcon_core.package_identification:_identify(src/Week-5-6-Gazebo-sensors/assets) by extension 'colcon_pkg'
[0.800s] Level 1:colcon.colcon_core.package_identification:_identify(src/Week-5-6-Gazebo-sensors/assets) by extensions ['colcon_meta']
[0.800s] Level 1:colcon.colcon_core.package_identification:_identify(src/Week-5-6-Gazebo-sensors/assets) by extension 'colcon_meta'
[0.800s] Level 1:colcon.colcon_core.package_identification:_identify(src/Week-5-6-Gazebo-sensors/assets) by extensions ['ros']
[0.800s] Level 1:colcon.colcon_core.package_identification:_identify(src/Week-5-6-Gazebo-sensors/assets) by extension 'ros'
[0.800s] Level 1:colcon.colcon_core.package_identification:_identify(src/Week-5-6-Gazebo-sensors/assets) by extensions ['cmake', 'python']
[0.800s] Level 1:colcon.colcon_core.package_identification:_identify(src/Week-5-6-Gazebo-sensors/assets) by extension 'cmake'
[0.800s] Level 1:colcon.colcon_core.package_identification:_identify(src/Week-5-6-Gazebo-sensors/assets) by extension 'python'
[0.800s] Level 1:colcon.colcon_core.package_identification:_identify(src/Week-5-6-Gazebo-sensors/assets) by extensions ['python_setup_py']
[0.800s] Level 1:colcon.colcon_core.package_identification:_identify(src/Week-5-6-Gazebo-sensors/assets) by extension 'python_setup_py'
[0.801s] Level 1:colcon.colcon_core.package_identification:_identify(src/Week-5-6-Gazebo-sensors/bme_gazebo_sensors) by extensions ['ignore', 'ignore_ament_install']
[0.801s] Level 1:colcon.colcon_core.package_identification:_identify(src/Week-5-6-Gazebo-sensors/bme_gazebo_sensors) by extension 'ignore'
[0.801s] Level 1:colcon.colcon_core.package_identification:_identify(src/Week-5-6-Gazebo-sensors/bme_gazebo_sensors) by extension 'ignore_ament_install'
[0.801s] Level 1:colcon.colcon_core.package_identification:_identify(src/Week-5-6-Gazebo-sensors/bme_gazebo_sensors) by extensions ['colcon_pkg']
[0.802s] Level 1:colcon.colcon_core.package_identification:_identify(src/Week-5-6-Gazebo-sensors/bme_gazebo_sensors) by extension 'colcon_pkg'
[0.802s] Level 1:colcon.colcon_core.package_identification:_identify(src/Week-5-6-Gazebo-sensors/bme_gazebo_sensors) by extensions ['colcon_meta']
[0.802s] Level 1:colcon.colcon_core.package_identification:_identify(src/Week-5-6-Gazebo-sensors/bme_gazebo_sensors) by extension 'colcon_meta'
[0.802s] Level 1:colcon.colcon_core.package_identification:_identify(src/Week-5-6-Gazebo-sensors/bme_gazebo_sensors) by extensions ['ros']
[0.802s] Level 1:colcon.colcon_core.package_identification:_identify(src/Week-5-6-Gazebo-sensors/bme_gazebo_sensors) by extension 'ros'
[0.803s] DEBUG:colcon.colcon_core.package_identification:Package 'src/Week-5-6-Gazebo-sensors/bme_gazebo_sensors' with type 'ros.ament_cmake' and name 'bme_gazebo_sensors'
[0.803s] Level 1:colcon.colcon_core.package_identification:_identify(src/Week-5-6-Gazebo-sensors/bme_gazebo_sensors_py) by extensions ['ignore', 'ignore_ament_install']
[0.803s] Level 1:colcon.colcon_core.package_identification:_identify(src/Week-5-6-Gazebo-sensors/bme_gazebo_sensors_py) by extension 'ignore'
[0.803s] Level 1:colcon.colcon_core.package_identification:_identify(src/Week-5-6-Gazebo-sensors/bme_gazebo_sensors_py) by extension 'ignore_ament_install'
[0.804s] Level 1:colcon.colcon_core.package_identification:_identify(src/Week-5-6-Gazebo-sensors/bme_gazebo_sensors_py) by extensions ['colcon_pkg']
[0.804s] Level 1:colcon.colcon_core.package_identification:_identify(src/Week-5-6-Gazebo-sensors/bme_gazebo_sensors_py) by extension 'colcon_pkg'
[0.804s] Level 1:colcon.colcon_core.package_identification:_identify(src/Week-5-6-Gazebo-sensors/bme_gazebo_sensors_py) by extensions ['colcon_meta']
[0.804s] Level 1:colcon.colcon_core.package_identification:_identify(src/Week-5-6-Gazebo-sensors/bme_gazebo_sensors_py) by extension 'colcon_meta'
[0.804s] Level 1:colcon.colcon_core.package_identification:_identify(src/Week-5-6-Gazebo-sensors/bme_gazebo_sensors_py) by extensions ['ros']
[0.804s] Level 1:colcon.colcon_core.package_identification:_identify(src/Week-5-6-Gazebo-sensors/bme_gazebo_sensors_py) by extension 'ros'
[0.805s] DEBUG:colcon.colcon_core.package_identification:Package 'src/Week-5-6-Gazebo-sensors/bme_gazebo_sensors_py' with type 'ros.ament_python' and name 'bme_gazebo_sensors_py'
[0.805s] Level 1:colcon.colcon_core.package_identification:_identify(src/Week-7-8-ROS2-Navigation) by extensions ['ignore', 'ignore_ament_install']
[0.805s] Level 1:colcon.colcon_core.package_identification:_identify(src/Week-7-8-ROS2-Navigation) by extension 'ignore'
[0.805s] Level 1:colcon.colcon_core.package_identification:_identify(src/Week-7-8-ROS2-Navigation) by extension 'ignore_ament_install'
[0.806s] Level 1:colcon.colcon_core.package_identification:_identify(src/Week-7-8-ROS2-Navigation) by extensions ['colcon_pkg']
[0.806s] Level 1:colcon.colcon_core.package_identification:_identify(src/Week-7-8-ROS2-Navigation) by extension 'colcon_pkg'
[0.806s] Level 1:colcon.colcon_core.package_identification:_identify(src/Week-7-8-ROS2-Navigation) by extensions ['colcon_meta']
[0.806s] Level 1:colcon.colcon_core.package_identification:_identify(src/Week-7-8-ROS2-Navigation) by extension 'colcon_meta'
[0.806s] Level 1:colcon.colcon_core.package_identification:_identify(src/Week-7-8-ROS2-Navigation) by extensions ['ros']
[0.806s] Level 1:colcon.colcon_core.package_identification:_identify(src/Week-7-8-ROS2-Navigation) by extension 'ros'
[0.806s] Level 1:colcon.colcon_core.package_identification:_identify(src/Week-7-8-ROS2-Navigation) by extensions ['cmake', 'python']
[0.806s] Level 1:colcon.colcon_core.package_identification:_identify(src/Week-7-8-ROS2-Navigation) by extension 'cmake'
[0.806s] Level 1:colcon.colcon_core.package_identification:_identify(src/Week-7-8-ROS2-Navigation) by extension 'python'
[0.806s] Level 1:colcon.colcon_core.package_identification:_identify(src/Week-7-8-ROS2-Navigation) by extensions ['python_setup_py']
[0.806s] Level 1:colcon.colcon_core.package_identification:_identify(src/Week-7-8-ROS2-Navigation) by extension 'python_setup_py'
[0.806s] Level 1:colcon.colcon_core.package_identification:_identify(src/Week-7-8-ROS2-Navigation/assets) by extensions ['ignore', 'ignore_ament_install']
[0.807s] Level 1:colcon.colcon_core.package_identification:_identify(src/Week-7-8-ROS2-Navigation/assets) by extension 'ignore'
[0.807s] Level 1:colcon.colcon_core.package_identification:_identify(src/Week-7-8-ROS2-Navigation/assets) by extension 'ignore_ament_install'
[0.807s] Level 1:colcon.colcon_core.package_identification:_identify(src/Week-7-8-ROS2-Navigation/assets) by extensions ['colcon_pkg']
[0.807s] Level 1:colcon.colcon_core.package_identification:_identify(src/Week-7-8-ROS2-Navigation/assets) by extension 'colcon_pkg'
[0.807s] Level 1:colcon.colcon_core.package_identification:_identify(src/Week-7-8-ROS2-Navigation/assets) by extensions ['colcon_meta']
[0.807s] Level 1:colcon.colcon_core.package_identification:_identify(src/Week-7-8-ROS2-Navigation/assets) by extension 'colcon_meta'
[0.807s] Level 1:colcon.colcon_core.package_identification:_identify(src/Week-7-8-ROS2-Navigation/assets) by extensions ['ros']
[0.807s] Level 1:colcon.colcon_core.package_identification:_identify(src/Week-7-8-ROS2-Navigation/assets) by extension 'ros'
[0.807s] Level 1:colcon.colcon_core.package_identification:_identify(src/Week-7-8-ROS2-Navigation/assets) by extensions ['cmake', 'python']
[0.807s] Level 1:colcon.colcon_core.package_identification:_identify(src/Week-7-8-ROS2-Navigation/assets) by extension 'cmake'
[0.807s] Level 1:colcon.colcon_core.package_identification:_identify(src/Week-7-8-ROS2-Navigation/assets) by extension 'python'
[0.807s] Level 1:colcon.colcon_core.package_identification:_identify(src/Week-7-8-ROS2-Navigation/assets) by extensions ['python_setup_py']
[0.807s] Level 1:colcon.colcon_core.package_identification:_identify(src/Week-7-8-ROS2-Navigation/assets) by extension 'python_setup_py'
[0.807s] Level 1:colcon.colcon_core.package_identification:_identify(src/Week-7-8-ROS2-Navigation/bme_ros2_navigation) by extensions ['ignore', 'ignore_ament_install']
[0.808s] Level 1:colcon.colcon_core.package_identification:_identify(src/Week-7-8-ROS2-Navigation/bme_ros2_navigation) by extension 'ignore'
[0.808s] Level 1:colcon.colcon_core.package_identification:_identify(src/Week-7-8-ROS2-Navigation/bme_ros2_navigation) by extension 'ignore_ament_install'
[0.808s] Level 1:colcon.colcon_core.package_identification:_identify(src/Week-7-8-ROS2-Navigation/bme_ros2_navigation) by extensions ['colcon_pkg']
[0.808s] Level 1:colcon.colcon_core.package_identification:_identify(src/Week-7-8-ROS2-Navigation/bme_ros2_navigation) by extension 'colcon_pkg'
[0.808s] Level 1:colcon.colcon_core.package_identification:_identify(src/Week-7-8-ROS2-Navigation/bme_ros2_navigation) by extensions ['colcon_meta']
[0.808s] Level 1:colcon.colcon_core.package_identification:_identify(src/Week-7-8-ROS2-Navigation/bme_ros2_navigation) by extension 'colcon_meta'
[0.808s] Level 1:colcon.colcon_core.package_identification:_identify(src/Week-7-8-ROS2-Navigation/bme_ros2_navigation) by extensions ['ros']
[0.808s] Level 1:colcon.colcon_core.package_identification:_identify(src/Week-7-8-ROS2-Navigation/bme_ros2_navigation) by extension 'ros'
[0.809s] DEBUG:colcon.colcon_core.package_identification:Package 'src/Week-7-8-ROS2-Navigation/bme_ros2_navigation' with type 'ros.ament_cmake' and name 'bme_ros2_navigation'
[0.810s] Level 1:colcon.colcon_core.package_identification:_identify(src/Week-7-8-ROS2-Navigation/bme_ros2_navigation_py) by extensions ['ignore', 'ignore_ament_install']
[0.810s] Level 1:colcon.colcon_core.package_identification:_identify(src/Week-7-8-ROS2-Navigation/bme_ros2_navigation_py) by extension 'ignore'
[0.810s] Level 1:colcon.colcon_core.package_identification:_identify(src/Week-7-8-ROS2-Navigation/bme_ros2_navigation_py) by extension 'ignore_ament_install'
[0.810s] Level 1:colcon.colcon_core.package_identification:_identify(src/Week-7-8-ROS2-Navigation/bme_ros2_navigation_py) by extensions ['colcon_pkg']
[0.810s] Level 1:colcon.colcon_core.package_identification:_identify(src/Week-7-8-ROS2-Navigation/bme_ros2_navigation_py) by extension 'colcon_pkg'
[0.810s] Level 1:colcon.colcon_core.package_identification:_identify(src/Week-7-8-ROS2-Navigation/bme_ros2_navigation_py) by extensions ['colcon_meta']
[0.810s] Level 1:colcon.colcon_core.package_identification:_identify(src/Week-7-8-ROS2-Navigation/bme_ros2_navigation_py) by extension 'colcon_meta'
[0.810s] Level 1:colcon.colcon_core.package_identification:_identify(src/Week-7-8-ROS2-Navigation/bme_ros2_navigation_py) by extensions ['ros']
[0.810s] Level 1:colcon.colcon_core.package_identification:_identify(src/Week-7-8-ROS2-Navigation/bme_ros2_navigation_py) by extension 'ros'
[0.811s] DEBUG:colcon.colcon_core.package_identification:Package 'src/Week-7-8-ROS2-Navigation/bme_ros2_navigation_py' with type 'ros.ament_python' and name 'bme_ros2_navigation_py'
[0.811s] Level 1:colcon.colcon_core.package_identification:_identify(src/build) by extensions ['ignore', 'ignore_ament_install']
[0.812s] Level 1:colcon.colcon_core.package_identification:_identify(src/build) by extension 'ignore'
[0.812s] Level 1:colcon.colcon_core.package_identification:_identify(src/build) ignored
[0.812s] Level 1:colcon.colcon_core.package_identification:_identify(src/install) by extensions ['ignore', 'ignore_ament_install']
[0.812s] Level 1:colcon.colcon_core.package_identification:_identify(src/install) by extension 'ignore'
[0.813s] Level 1:colcon.colcon_core.package_identification:_identify(src/install) ignored
[0.814s] Level 1:colcon.colcon_core.package_identification:_identify(src/log) by extensions ['ignore', 'ignore_ament_install']
[0.814s] Level 1:colcon.colcon_core.package_identification:_identify(src/log) by extension 'ignore'
[0.814s] Level 1:colcon.colcon_core.package_identification:_identify(src/log) ignored
[0.814s] Level 1:colcon.colcon_core.package_discovery:discover_packages(recursive) using defaults
[0.815s] Level 1:colcon.colcon_core.package_discovery:discover_packages(ignore) discover
[0.815s] Level 1:colcon.colcon_core.package_discovery:discover_packages(ignore) using defaults
[0.815s] Level 1:colcon.colcon_core.package_discovery:discover_packages(path) discover
[0.815s] Level 1:colcon.colcon_core.package_discovery:discover_packages(path) using defaults
[0.864s] Level 5:colcon.colcon_core.verb:set package 'bme_gazebo_basics' build argument 'cmake_args' from command line to 'None'
[0.864s] Level 5:colcon.colcon_core.verb:set package 'bme_gazebo_basics' build argument 'cmake_target' from command line to 'None'
[0.864s] Level 5:colcon.colcon_core.verb:set package 'bme_gazebo_basics' build argument 'cmake_target_skip_unavailable' from command line to 'False'
[0.864s] Level 5:colcon.colcon_core.verb:set package 'bme_gazebo_basics' build argument 'cmake_clean_cache' from command line to 'False'
[0.865s] Level 5:colcon.colcon_core.verb:set package 'bme_gazebo_basics' build argument 'cmake_clean_first' from command line to 'False'
[0.865s] Level 5:colcon.colcon_core.verb:set package 'bme_gazebo_basics' build argument 'cmake_force_configure' from command line to 'False'
[0.865s] Level 5:colcon.colcon_core.verb:set package 'bme_gazebo_basics' build argument 'ament_cmake_args' from command line to 'None'
[0.865s] Level 5:colcon.colcon_core.verb:set package 'bme_gazebo_basics' build argument 'catkin_cmake_args' from command line to 'None'
[0.865s] Level 5:colcon.colcon_core.verb:set package 'bme_gazebo_basics' build argument 'catkin_skip_building_tests' from command line to 'False'
[0.865s] DEBUG:colcon.colcon_core.verb:Building package 'bme_gazebo_basics' with the following arguments: {'ament_cmake_args': None, 'build_base': '/home/neha/gitjazzy/build/bme_gazebo_basics', 'catkin_cmake_args': None, 'catkin_skip_building_tests': False, 'cmake_args': None, 'cmake_clean_cache': False, 'cmake_clean_first': False, 'cmake_force_configure': False, 'cmake_target': None, 'cmake_target_skip_unavailable': False, 'install_base': '/home/neha/gitjazzy/install/bme_gazebo_basics', 'merge_install': False, 'path': '/home/neha/gitjazzy/src/Week-3-4-Gazebo-basics/bme_gazebo_basics', 'symlink_install': False, 'test_result_base': None}
[0.865s] Level 5:colcon.colcon_core.verb:set package 'bme_gazebo_sensors' build argument 'cmake_args' from command line to 'None'
[0.865s] Level 5:colcon.colcon_core.verb:set package 'bme_gazebo_sensors' build argument 'cmake_target' from command line to 'None'
[0.865s] Level 5:colcon.colcon_core.verb:set package 'bme_gazebo_sensors' build argument 'cmake_target_skip_unavailable' from command line to 'False'
[0.865s] Level 5:colcon.colcon_core.verb:set package 'bme_gazebo_sensors' build argument 'cmake_clean_cache' from command line to 'False'
[0.865s] Level 5:colcon.colcon_core.verb:set package 'bme_gazebo_sensors' build argument 'cmake_clean_first' from command line to 'False'
[0.866s] Level 5:colcon.colcon_core.verb:set package 'bme_gazebo_sensors' build argument 'cmake_force_configure' from command line to 'False'
[0.866s] Level 5:colcon.colcon_core.verb:set package 'bme_gazebo_sensors' build argument 'ament_cmake_args' from command line to 'None'
[0.866s] Level 5:colcon.colcon_core.verb:set package 'bme_gazebo_sensors' build argument 'catkin_cmake_args' from command line to 'None'
[0.866s] Level 5:colcon.colcon_core.verb:set package 'bme_gazebo_sensors' build argument 'catkin_skip_building_tests' from command line to 'False'
[0.866s] DEBUG:colcon.colcon_core.verb:Building package 'bme_gazebo_sensors' with the following arguments: {'ament_cmake_args': None, 'build_base': '/home/neha/gitjazzy/build/bme_gazebo_sensors', 'catkin_cmake_args': None, 'catkin_skip_building_tests': False, 'cmake_args': None, 'cmake_clean_cache': False, 'cmake_clean_first': False, 'cmake_force_configure': False, 'cmake_target': None, 'cmake_target_skip_unavailable': False, 'install_base': '/home/neha/gitjazzy/install/bme_gazebo_sensors', 'merge_install': False, 'path': '/home/neha/gitjazzy/src/Week-5-6-Gazebo-sensors/bme_gazebo_sensors', 'symlink_install': False, 'test_result_base': None}
[0.866s] Level 5:colcon.colcon_core.verb:set package 'bme_gazebo_sensors_py' build argument 'cmake_args' from command line to 'None'
[0.866s] Level 5:colcon.colcon_core.verb:set package 'bme_gazebo_sensors_py' build argument 'cmake_target' from command line to 'None'
[0.866s] Level 5:colcon.colcon_core.verb:set package 'bme_gazebo_sensors_py' build argument 'cmake_target_skip_unavailable' from command line to 'False'
[0.866s] Level 5:colcon.colcon_core.verb:set package 'bme_gazebo_sensors_py' build argument 'cmake_clean_cache' from command line to 'False'
[0.866s] Level 5:colcon.colcon_core.verb:set package 'bme_gazebo_sensors_py' build argument 'cmake_clean_first' from command line to 'False'
[0.866s] Level 5:colcon.colcon_core.verb:set package 'bme_gazebo_sensors_py' build argument 'cmake_force_configure' from command line to 'False'
[0.866s] Level 5:colcon.colcon_core.verb:set package 'bme_gazebo_sensors_py' build argument 'ament_cmake_args' from command line to 'None'
[0.866s] Level 5:colcon.colcon_core.verb:set package 'bme_gazebo_sensors_py' build argument 'catkin_cmake_args' from command line to 'None'
[0.866s] Level 5:colcon.colcon_core.verb:set package 'bme_gazebo_sensors_py' build argument 'catkin_skip_building_tests' from command line to 'False'
[0.866s] DEBUG:colcon.colcon_core.verb:Building package 'bme_gazebo_sensors_py' with the following arguments: {'ament_cmake_args': None, 'build_base': '/home/neha/gitjazzy/build/bme_gazebo_sensors_py', 'catkin_cmake_args': None, 'catkin_skip_building_tests': False, 'cmake_args': None, 'cmake_clean_cache': False, 'cmake_clean_first': False, 'cmake_force_configure': False, 'cmake_target': None, 'cmake_target_skip_unavailable': False, 'install_base': '/home/neha/gitjazzy/install/bme_gazebo_sensors_py', 'merge_install': False, 'path': '/home/neha/gitjazzy/src/Week-5-6-Gazebo-sensors/bme_gazebo_sensors_py', 'symlink_install': False, 'test_result_base': None}
[0.867s] Level 5:colcon.colcon_core.verb:set package 'bme_ros2_navigation' build argument 'cmake_args' from command line to 'None'
[0.867s] Level 5:colcon.colcon_core.verb:set package 'bme_ros2_navigation' build argument 'cmake_target' from command line to 'None'
[0.867s] Level 5:colcon.colcon_core.verb:set package 'bme_ros2_navigation' build argument 'cmake_target_skip_unavailable' from command line to 'False'
[0.867s] Level 5:colcon.colcon_core.verb:set package 'bme_ros2_navigation' build argument 'cmake_clean_cache' from command line to 'False'
[0.867s] Level 5:colcon.colcon_core.verb:set package 'bme_ros2_navigation' build argument 'cmake_clean_first' from command line to 'False'
[0.867s] Level 5:colcon.colcon_core.verb:set package 'bme_ros2_navigation' build argument 'cmake_force_configure' from command line to 'False'
[0.867s] Level 5:colcon.colcon_core.verb:set package 'bme_ros2_navigation' build argument 'ament_cmake_args' from command line to 'None'
[0.867s] Level 5:colcon.colcon_core.verb:set package 'bme_ros2_navigation' build argument 'catkin_cmake_args' from command line to 'None'
[0.867s] Level 5:colcon.colcon_core.verb:set package 'bme_ros2_navigation' build argument 'catkin_skip_building_tests' from command line to 'False'
[0.867s] DEBUG:colcon.colcon_core.verb:Building package 'bme_ros2_navigation' with the following arguments: {'ament_cmake_args': None, 'build_base': '/home/neha/gitjazzy/build/bme_ros2_navigation', 'catkin_cmake_args': None, 'catkin_skip_building_tests': False, 'cmake_args': None, 'cmake_clean_cache': False, 'cmake_clean_first': False, 'cmake_force_configure': False, 'cmake_target': None, 'cmake_target_skip_unavailable': False, 'install_base': '/home/neha/gitjazzy/install/bme_ros2_navigation', 'merge_install': False, 'path': '/home/neha/gitjazzy/src/Week-7-8-ROS2-Navigation/bme_ros2_navigation', 'symlink_install': False, 'test_result_base': None}
[0.867s] Level 5:colcon.colcon_core.verb:set package 'bme_ros2_navigation_py' build argument 'cmake_args' from command line to 'None'
[0.867s] Level 5:colcon.colcon_core.verb:set package 'bme_ros2_navigation_py' build argument 'cmake_target' from command line to 'None'
[0.867s] Level 5:colcon.colcon_core.verb:set package 'bme_ros2_navigation_py' build argument 'cmake_target_skip_unavailable' from command line to 'False'
[0.867s] Level 5:colcon.colcon_core.verb:set package 'bme_ros2_navigation_py' build argument 'cmake_clean_cache' from command line to 'False'
[0.868s] Level 5:colcon.colcon_core.verb:set package 'bme_ros2_navigation_py' build argument 'cmake_clean_first' from command line to 'False'
[0.868s] Level 5:colcon.colcon_core.verb:set package 'bme_ros2_navigation_py' build argument 'cmake_force_configure' from command line to 'False'
[0.868s] Level 5:colcon.colcon_core.verb:set package 'bme_ros2_navigation_py' build argument 'ament_cmake_args' from command line to 'None'
[0.868s] Level 5:colcon.colcon_core.verb:set package 'bme_ros2_navigation_py' build argument 'catkin_cmake_args' from command line to 'None'
[0.868s] Level 5:colcon.colcon_core.verb:set package 'bme_ros2_navigation_py' build argument 'catkin_skip_building_tests' from command line to 'False'
[0.868s] DEBUG:colcon.colcon_core.verb:Building package 'bme_ros2_navigation_py' with the following arguments: {'ament_cmake_args': None, 'build_base': '/home/neha/gitjazzy/build/bme_ros2_navigation_py', 'catkin_cmake_args': None, 'catkin_skip_building_tests': False, 'cmake_args': None, 'cmake_clean_cache': False, 'cmake_clean_first': False, 'cmake_force_configure': False, 'cmake_target': None, 'cmake_target_skip_unavailable': False, 'install_base': '/home/neha/gitjazzy/install/bme_ros2_navigation_py', 'merge_install': False, 'path': '/home/neha/gitjazzy/src/Week-7-8-ROS2-Navigation/bme_ros2_navigation_py', 'symlink_install': False, 'test_result_base': None}
[0.868s] Level 5:colcon.colcon_core.verb:set package 'mogi_trajectory_server' build argument 'cmake_args' from command line to 'None'
[0.868s] Level 5:colcon.colcon_core.verb:set package 'mogi_trajectory_server' build argument 'cmake_target' from command line to 'None'
[0.868s] Level 5:colcon.colcon_core.verb:set package 'mogi_trajectory_server' build argument 'cmake_target_skip_unavailable' from command line to 'False'
[0.868s] Level 5:colcon.colcon_core.verb:set package 'mogi_trajectory_server' build argument 'cmake_clean_cache' from command line to 'False'
[0.868s] Level 5:colcon.colcon_core.verb:set package 'mogi_trajectory_server' build argument 'cmake_clean_first' from command line to 'False'
[0.868s] Level 5:colcon.colcon_core.verb:set package 'mogi_trajectory_server' build argument 'cmake_force_configure' from command line to 'False'
[0.868s] Level 5:colcon.colcon_core.verb:set package 'mogi_trajectory_server' build argument 'ament_cmake_args' from command line to 'None'
[0.868s] Level 5:colcon.colcon_core.verb:set package 'mogi_trajectory_server' build argument 'catkin_cmake_args' from command line to 'None'
[0.868s] Level 5:colcon.colcon_core.verb:set package 'mogi_trajectory_server' build argument 'catkin_skip_building_tests' from command line to 'False'
[0.868s] DEBUG:colcon.colcon_core.verb:Building package 'mogi_trajectory_server' with the following arguments: {'ament_cmake_args': None, 'build_base': '/home/neha/gitjazzy/build/mogi_trajectory_server', 'catkin_cmake_args': None, 'catkin_skip_building_tests': False, 'cmake_args': None, 'cmake_clean_cache': False, 'cmake_clean_first': False, 'cmake_force_configure': False, 'cmake_target': None, 'cmake_target_skip_unavailable': False, 'install_base': '/home/neha/gitjazzy/install/mogi_trajectory_server', 'merge_install': False, 'path': '/home/neha/gitjazzy/mogi_trajectory_server', 'symlink_install': False, 'test_result_base': None}
[0.868s] INFO:colcon.colcon_core.executor:Executing jobs using 'parallel' executor
[0.870s] DEBUG:colcon.colcon_parallel_executor.executor.parallel:run_until_complete
[0.870s] INFO:colcon.colcon_ros.task.ament_cmake.build:Building ROS package in '/home/neha/gitjazzy/src/Week-3-4-Gazebo-basics/bme_gazebo_basics' with build type 'ament_cmake'
[0.870s] INFO:colcon.colcon_cmake.task.cmake.build:Building CMake package in '/home/neha/gitjazzy/src/Week-3-4-Gazebo-basics/bme_gazebo_basics'
[0.879s] INFO:colcon.colcon_core.plugin_system:Skipping extension 'colcon_core.shell.bat': Not used on non-Windows systems
[0.879s] DEBUG:colcon.colcon_core.shell:Skip shell extension 'dsv' for command environment
[0.898s] INFO:colcon.colcon_ros.task.ament_cmake.build:Building ROS package in '/home/neha/gitjazzy/src/Week-5-6-Gazebo-sensors/bme_gazebo_sensors' with build type 'ament_cmake'
[0.898s] INFO:colcon.colcon_cmake.task.cmake.build:Building CMake package in '/home/neha/gitjazzy/src/Week-5-6-Gazebo-sensors/bme_gazebo_sensors'
[0.899s] DEBUG:colcon.colcon_core.shell:Skip shell extension 'dsv' for command environment
[0.906s] INFO:colcon.colcon_ros.task.ament_python.build:Building ROS package in '/home/neha/gitjazzy/src/Week-5-6-Gazebo-sensors/bme_gazebo_sensors_py' with build type 'ament_python'
[0.906s] Level 1:colcon.colcon_core.shell:create_environment_hook('bme_gazebo_sensors_py', 'ament_prefix_path')
[0.906s] INFO:colcon.colcon_core.shell:Creating environment descriptor '/home/neha/gitjazzy/install/bme_gazebo_sensors_py/share/bme_gazebo_sensors_py/hook/ament_prefix_path.dsv'
[0.908s] INFO:colcon.colcon_core.shell:Creating environment hook '/home/neha/gitjazzy/install/bme_gazebo_sensors_py/share/bme_gazebo_sensors_py/hook/ament_prefix_path.sh'
[0.911s] DEBUG:colcon.colcon_core.shell:Skip shell extension 'dsv' for command environment
[0.923s] INFO:colcon.colcon_ros.task.ament_cmake.build:Building ROS package in '/home/neha/gitjazzy/src/Week-7-8-ROS2-Navigation/bme_ros2_navigation' with build type 'ament_cmake'
[0.923s] INFO:colcon.colcon_cmake.task.cmake.build:Building CMake package in '/home/neha/gitjazzy/src/Week-7-8-ROS2-Navigation/bme_ros2_navigation'
[0.924s] DEBUG:colcon.colcon_core.shell:Skip shell extension 'dsv' for command environment
[0.960s] INFO:colcon.colcon_ros.task.ament_python.build:Building ROS package in '/home/neha/gitjazzy/src/Week-7-8-ROS2-Navigation/bme_ros2_navigation_py' with build type 'ament_python'
[0.961s] Level 1:colcon.colcon_core.shell:create_environment_hook('bme_ros2_navigation_py', 'ament_prefix_path')
[0.962s] INFO:colcon.colcon_core.shell:Creating environment descriptor '/home/neha/gitjazzy/install/bme_ros2_navigation_py/share/bme_ros2_navigation_py/hook/ament_prefix_path.dsv'
[0.966s] INFO:colcon.colcon_core.shell:Creating environment hook '/home/neha/gitjazzy/install/bme_ros2_navigation_py/share/bme_ros2_navigation_py/hook/ament_prefix_path.sh'
[0.968s] DEBUG:colcon.colcon_core.shell:Skip shell extension 'dsv' for command environment
[0.988s] INFO:colcon.colcon_ros.task.ament_python.build:Building ROS package in '/home/neha/gitjazzy/mogi_trajectory_server' with build type 'ament_python'
[0.988s] Level 1:colcon.colcon_core.shell:create_environment_hook('mogi_trajectory_server', 'ament_prefix_path')
[0.989s] INFO:colcon.colcon_core.shell:Creating environment descriptor '/home/neha/gitjazzy/install/mogi_trajectory_server/share/mogi_trajectory_server/hook/ament_prefix_path.dsv'
[0.990s] INFO:colcon.colcon_core.shell:Creating environment hook '/home/neha/gitjazzy/install/mogi_trajectory_server/share/mogi_trajectory_server/hook/ament_prefix_path.sh'
[0.991s] DEBUG:colcon.colcon_core.shell:Skip shell extension 'dsv' for command environment
[1.018s] DEBUG:colcon.colcon_core.event_handler.log_command:Invoking command in '/home/neha/gitjazzy/build/bme_gazebo_basics': CMAKE_PREFIX_PATH=${CMAKE_PREFIX_PATH}:/home/neha/gitjazzy/install/mogi_trajectory_server:/home/neha/gitjazzy/install/bme_ros2_navigation_py:/home/neha/gitjazzy/install/bme_gazebo_sensors_py:/opt/ros/jazzy /usr/bin/cmake --build /home/neha/gitjazzy/build/bme_gazebo_basics -- -j8 -l8
[1.033s] DEBUG:colcon.colcon_core.event_handler.log_command:Invoking command in '/home/neha/gitjazzy/build/bme_gazebo_sensors': CMAKE_PREFIX_PATH=${CMAKE_PREFIX_PATH}:/home/neha/gitjazzy/install/mogi_trajectory_server:/home/neha/gitjazzy/install/bme_ros2_navigation_py:/home/neha/gitjazzy/install/bme_gazebo_sensors_py:/opt/ros/jazzy /usr/bin/cmake --build /home/neha/gitjazzy/build/bme_gazebo_sensors -- -j8 -l8
[1.524s] INFO:colcon.colcon_core.task.python.build:Building Python package in '/home/neha/gitjazzy/src/Week-5-6-Gazebo-sensors/bme_gazebo_sensors_py'
[1.524s] DEBUG:colcon.colcon_core.shell:Skip shell extension 'dsv' for command environment
[1.538s] DEBUG:colcon.colcon_core.event_handler.log_command:Invoking command in '/home/neha/gitjazzy/build/bme_ros2_navigation': CMAKE_PREFIX_PATH=${CMAKE_PREFIX_PATH}:/home/neha/gitjazzy/install/mogi_trajectory_server:/home/neha/gitjazzy/install/bme_ros2_navigation_py:/home/neha/gitjazzy/install/bme_gazebo_sensors_py:/opt/ros/jazzy /usr/bin/cmake --build /home/neha/gitjazzy/build/bme_ros2_navigation -- -j8 -l8
[1.877s] INFO:colcon.colcon_core.task.python.build:Building Python package in '/home/neha/gitjazzy/src/Week-7-8-ROS2-Navigation/bme_ros2_navigation_py'
[1.877s] DEBUG:colcon.colcon_core.shell:Skip shell extension 'dsv' for command environment
[2.212s] INFO:colcon.colcon_core.task.python.build:Building Python package in '/home/neha/gitjazzy/mogi_trajectory_server'
[2.213s] DEBUG:colcon.colcon_core.shell:Skip shell extension 'dsv' for command environment
[2.221s] DEBUG:colcon.colcon_core.event_handler.log_command:Invoked command in '/home/neha/gitjazzy/build/bme_gazebo_basics' returned '0': CMAKE_PREFIX_PATH=${CMAKE_PREFIX_PATH}:/home/neha/gitjazzy/install/mogi_trajectory_server:/home/neha/gitjazzy/install/bme_ros2_navigation_py:/home/neha/gitjazzy/install/bme_gazebo_sensors_py:/opt/ros/jazzy /usr/bin/cmake --build /home/neha/gitjazzy/build/bme_gazebo_basics -- -j8 -l8
[2.250s] DEBUG:colcon.colcon_core.event_handler.log_command:Invoking command in '/home/neha/gitjazzy/build/bme_gazebo_basics': CMAKE_PREFIX_PATH=${CMAKE_PREFIX_PATH}:/home/neha/gitjazzy/install/mogi_trajectory_server:/home/neha/gitjazzy/install/bme_ros2_navigation_py:/home/neha/gitjazzy/install/bme_gazebo_sensors_py:/opt/ros/jazzy /usr/bin/cmake --install /home/neha/gitjazzy/build/bme_gazebo_basics
[2.251s] DEBUG:colcon.colcon_core.event_handler.log_command:Invoked command in '/home/neha/gitjazzy/build/bme_gazebo_sensors' returned '0': CMAKE_PREFIX_PATH=${CMAKE_PREFIX_PATH}:/home/neha/gitjazzy/install/mogi_trajectory_server:/home/neha/gitjazzy/install/bme_ros2_navigation_py:/home/neha/gitjazzy/install/bme_gazebo_sensors_py:/opt/ros/jazzy /usr/bin/cmake --build /home/neha/gitjazzy/build/bme_gazebo_sensors -- -j8 -l8
[2.253s] DEBUG:colcon.colcon_core.event_handler.log_command:Invoking command in '/home/neha/gitjazzy/build/bme_gazebo_sensors': CMAKE_PREFIX_PATH=${CMAKE_PREFIX_PATH}:/home/neha/gitjazzy/install/mogi_trajectory_server:/home/neha/gitjazzy/install/bme_ros2_navigation_py:/home/neha/gitjazzy/install/bme_gazebo_sensors_py:/opt/ros/jazzy /usr/bin/cmake --install /home/neha/gitjazzy/build/bme_gazebo_sensors
[2.254s] DEBUG:colcon.colcon_core.event_handler.log_command:Invoked command in '/home/neha/gitjazzy/build/bme_ros2_navigation' returned '0': CMAKE_PREFIX_PATH=${CMAKE_PREFIX_PATH}:/home/neha/gitjazzy/install/mogi_trajectory_server:/home/neha/gitjazzy/install/bme_ros2_navigation_py:/home/neha/gitjazzy/install/bme_gazebo_sensors_py:/opt/ros/jazzy /usr/bin/cmake --build /home/neha/gitjazzy/build/bme_ros2_navigation -- -j8 -l8
[2.257s] DEBUG:colcon.colcon_core.event_handler.log_command:Invoking command in '/home/neha/gitjazzy/build/bme_ros2_navigation': CMAKE_PREFIX_PATH=${CMAKE_PREFIX_PATH}:/home/neha/gitjazzy/install/mogi_trajectory_server:/home/neha/gitjazzy/install/bme_ros2_navigation_py:/home/neha/gitjazzy/install/bme_gazebo_sensors_py:/opt/ros/jazzy /usr/bin/cmake --install /home/neha/gitjazzy/build/bme_ros2_navigation
[2.311s] Level 1:colcon.colcon_core.environment:create_environment_scripts_only(bme_ros2_navigation)
[2.343s] DEBUG:colcon.colcon_core.event_handler.log_command:Invoked command in '/home/neha/gitjazzy/build/bme_ros2_navigation' returned '0': CMAKE_PREFIX_PATH=${CMAKE_PREFIX_PATH}:/home/neha/gitjazzy/install/mogi_trajectory_server:/home/neha/gitjazzy/install/bme_ros2_navigation_py:/home/neha/gitjazzy/install/bme_gazebo_sensors_py:/opt/ros/jazzy /usr/bin/cmake --install /home/neha/gitjazzy/build/bme_ros2_navigation
[2.347s] Level 1:colcon.colcon_core.environment:checking '/home/neha/gitjazzy/install/bme_ros2_navigation' for CMake module files
[2.349s] Level 1:colcon.colcon_core.environment:checking '/home/neha/gitjazzy/install/bme_ros2_navigation' for CMake config files
[2.353s] Level 1:colcon.colcon_core.shell:create_environment_hook('bme_ros2_navigation', 'cmake_prefix_path')
[2.354s] INFO:colcon.colcon_core.shell:Creating environment descriptor '/home/neha/gitjazzy/install/bme_ros2_navigation/share/bme_ros2_navigation/hook/cmake_prefix_path.dsv'
[2.354s] INFO:colcon.colcon_core.shell:Creating environment hook '/home/neha/gitjazzy/install/bme_ros2_navigation/share/bme_ros2_navigation/hook/cmake_prefix_path.sh'
[2.355s] Level 1:colcon.colcon_core.environment:checking '/home/neha/gitjazzy/install/bme_ros2_navigation/bin'
[2.355s] Level 1:colcon.colcon_core.environment:checking '/home/neha/gitjazzy/install/bme_ros2_navigation/lib/pkgconfig/bme_ros2_navigation.pc'
[2.356s] Level 1:colcon.colcon_core.environment:checking '/home/neha/gitjazzy/install/bme_ros2_navigation/lib/python3.12/site-packages'
[2.356s] Level 1:colcon.colcon_core.environment:checking '/home/neha/gitjazzy/install/bme_ros2_navigation/bin'
[2.357s] INFO:colcon.colcon_core.shell:Creating package descriptor '/home/neha/gitjazzy/install/bme_ros2_navigation/share/bme_ros2_navigation/package.dsv'
[2.358s] INFO:colcon.colcon_core.shell:Creating package script '/home/neha/gitjazzy/install/bme_ros2_navigation/share/bme_ros2_navigation/package.sh'
[2.359s] INFO:colcon.colcon_core.shell:Creating package script '/home/neha/gitjazzy/install/bme_ros2_navigation/share/bme_ros2_navigation/package.bash'
[2.360s] INFO:colcon.colcon_core.shell:Creating package script '/home/neha/gitjazzy/install/bme_ros2_navigation/share/bme_ros2_navigation/package.zsh'
[2.361s] Level 1:colcon.colcon_core.environment:create_file_with_runtime_dependencies(/home/neha/gitjazzy/install/bme_ros2_navigation/share/colcon-core/packages/bme_ros2_navigation)
[2.363s] Level 1:colcon.colcon_core.environment:create_environment_scripts_only(bme_ros2_navigation)
[2.364s] Level 1:colcon.colcon_core.environment:checking '/home/neha/gitjazzy/install/bme_ros2_navigation' for CMake module files
[2.365s] Level 1:colcon.colcon_core.environment:checking '/home/neha/gitjazzy/install/bme_ros2_navigation' for CMake config files
[2.365s] Level 1:colcon.colcon_core.shell:create_environment_hook('bme_ros2_navigation', 'cmake_prefix_path')
[2.366s] INFO:colcon.colcon_core.shell:Creating environment descriptor '/home/neha/gitjazzy/install/bme_ros2_navigation/share/bme_ros2_navigation/hook/cmake_prefix_path.dsv'
[2.366s] INFO:colcon.colcon_core.shell:Creating environment hook '/home/neha/gitjazzy/install/bme_ros2_navigation/share/bme_ros2_navigation/hook/cmake_prefix_path.sh'
[2.367s] Level 1:colcon.colcon_core.environment:checking '/home/neha/gitjazzy/install/bme_ros2_navigation/bin'
[2.367s] Level 1:colcon.colcon_core.environment:checking '/home/neha/gitjazzy/install/bme_ros2_navigation/lib/pkgconfig/bme_ros2_navigation.pc'
[2.368s] Level 1:colcon.colcon_core.environment:checking '/home/neha/gitjazzy/install/bme_ros2_navigation/lib/python3.12/site-packages'
[2.368s] Level 1:colcon.colcon_core.environment:checking '/home/neha/gitjazzy/install/bme_ros2_navigation/bin'
[2.368s] INFO:colcon.colcon_core.shell:Creating package descriptor '/home/neha/gitjazzy/install/bme_ros2_navigation/share/bme_ros2_navigation/package.dsv'
[2.369s] INFO:colcon.colcon_core.shell:Creating package script '/home/neha/gitjazzy/install/bme_ros2_navigation/share/bme_ros2_navigation/package.sh'
[2.370s] INFO:colcon.colcon_core.shell:Creating package script '/home/neha/gitjazzy/install/bme_ros2_navigation/share/bme_ros2_navigation/package.bash'
[2.370s] INFO:colcon.colcon_core.shell:Creating package script '/home/neha/gitjazzy/install/bme_ros2_navigation/share/bme_ros2_navigation/package.zsh'
[2.371s] Level 1:colcon.colcon_core.environment:create_file_with_runtime_dependencies(/home/neha/gitjazzy/install/bme_ros2_navigation/share/colcon-core/packages/bme_ros2_navigation)
[2.371s] Level 1:colcon.colcon_core.environment:create_environment_scripts_only(bme_gazebo_sensors)
[2.372s] Level 1:colcon.colcon_core.environment:checking '/home/neha/gitjazzy/install/bme_gazebo_sensors' for CMake module files
[2.375s] DEBUG:colcon.colcon_core.event_handler.log_command:Invoked command in '/home/neha/gitjazzy/build/bme_gazebo_sensors' returned '0': CMAKE_PREFIX_PATH=${CMAKE_PREFIX_PATH}:/home/neha/gitjazzy/install/mogi_trajectory_server:/home/neha/gitjazzy/install/bme_ros2_navigation_py:/home/neha/gitjazzy/install/bme_gazebo_sensors_py:/opt/ros/jazzy /usr/bin/cmake --install /home/neha/gitjazzy/build/bme_gazebo_sensors
[2.375s] Level 1:colcon.colcon_core.environment:checking '/home/neha/gitjazzy/install/bme_gazebo_sensors' for CMake config files
[2.384s] Level 1:colcon.colcon_core.shell:create_environment_hook('bme_gazebo_sensors', 'cmake_prefix_path')
[2.384s] INFO:colcon.colcon_core.shell:Creating environment descriptor '/home/neha/gitjazzy/install/bme_gazebo_sensors/share/bme_gazebo_sensors/hook/cmake_prefix_path.dsv'
[2.385s] INFO:colcon.colcon_core.shell:Creating environment hook '/home/neha/gitjazzy/install/bme_gazebo_sensors/share/bme_gazebo_sensors/hook/cmake_prefix_path.sh'
[2.386s] Level 1:colcon.colcon_core.environment:checking '/home/neha/gitjazzy/install/bme_gazebo_sensors/bin'
[2.386s] Level 1:colcon.colcon_core.environment:checking '/home/neha/gitjazzy/install/bme_gazebo_sensors/lib/pkgconfig/bme_gazebo_sensors.pc'
[2.387s] Level 1:colcon.colcon_core.environment:checking '/home/neha/gitjazzy/install/bme_gazebo_sensors/lib/python3.12/site-packages'
[2.387s] Level 1:colcon.colcon_core.environment:checking '/home/neha/gitjazzy/install/bme_gazebo_sensors/bin'
[2.388s] INFO:colcon.colcon_core.shell:Creating package descriptor '/home/neha/gitjazzy/install/bme_gazebo_sensors/share/bme_gazebo_sensors/package.dsv'
[2.389s] INFO:colcon.colcon_core.shell:Creating package script '/home/neha/gitjazzy/install/bme_gazebo_sensors/share/bme_gazebo_sensors/package.sh'
[2.390s] INFO:colcon.colcon_core.shell:Creating package script '/home/neha/gitjazzy/install/bme_gazebo_sensors/share/bme_gazebo_sensors/package.bash'
[2.390s] INFO:colcon.colcon_core.shell:Creating package script '/home/neha/gitjazzy/install/bme_gazebo_sensors/share/bme_gazebo_sensors/package.zsh'
[2.392s] Level 1:colcon.colcon_core.environment:create_file_with_runtime_dependencies(/home/neha/gitjazzy/install/bme_gazebo_sensors/share/colcon-core/packages/bme_gazebo_sensors)
[2.392s] Level 1:colcon.colcon_core.environment:create_environment_scripts_only(bme_gazebo_sensors)
[2.393s] Level 1:colcon.colcon_core.environment:checking '/home/neha/gitjazzy/install/bme_gazebo_sensors' for CMake module files
[2.393s] Level 1:colcon.colcon_core.environment:checking '/home/neha/gitjazzy/install/bme_gazebo_sensors' for CMake config files
[2.395s] Level 1:colcon.colcon_core.shell:create_environment_hook('bme_gazebo_sensors', 'cmake_prefix_path')
[2.396s] INFO:colcon.colcon_core.shell:Creating environment descriptor '/home/neha/gitjazzy/install/bme_gazebo_sensors/share/bme_gazebo_sensors/hook/cmake_prefix_path.dsv'
[2.400s] INFO:colcon.colcon_core.shell:Creating environment hook '/home/neha/gitjazzy/install/bme_gazebo_sensors/share/bme_gazebo_sensors/hook/cmake_prefix_path.sh'
[2.402s] Level 1:colcon.colcon_core.environment:checking '/home/neha/gitjazzy/install/bme_gazebo_sensors/bin'
[2.403s] Level 1:colcon.colcon_core.environment:checking '/home/neha/gitjazzy/install/bme_gazebo_sensors/lib/pkgconfig/bme_gazebo_sensors.pc'
[2.403s] Level 1:colcon.colcon_core.environment:checking '/home/neha/gitjazzy/install/bme_gazebo_sensors/lib/python3.12/site-packages'
[2.404s] Level 1:colcon.colcon_core.environment:checking '/home/neha/gitjazzy/install/bme_gazebo_sensors/bin'
[2.404s] INFO:colcon.colcon_core.shell:Creating package descriptor '/home/neha/gitjazzy/install/bme_gazebo_sensors/share/bme_gazebo_sensors/package.dsv'
[2.406s] INFO:colcon.colcon_core.shell:Creating package script '/home/neha/gitjazzy/install/bme_gazebo_sensors/share/bme_gazebo_sensors/package.sh'
[2.407s] INFO:colcon.colcon_core.shell:Creating package script '/home/neha/gitjazzy/install/bme_gazebo_sensors/share/bme_gazebo_sensors/package.bash'
[2.408s] INFO:colcon.colcon_core.shell:Creating package script '/home/neha/gitjazzy/install/bme_gazebo_sensors/share/bme_gazebo_sensors/package.zsh'
[2.408s] Level 1:colcon.colcon_core.environment:create_file_with_runtime_dependencies(/home/neha/gitjazzy/install/bme_gazebo_sensors/share/colcon-core/packages/bme_gazebo_sensors)
[2.412s] Level 1:colcon.colcon_core.environment:create_environment_scripts_only(bme_gazebo_basics)
[2.412s] Level 1:colcon.colcon_core.environment:checking '/home/neha/gitjazzy/install/bme_gazebo_basics' for CMake module files
[2.416s] DEBUG:colcon.colcon_core.event_handler.log_command:Invoked command in '/home/neha/gitjazzy/build/bme_gazebo_basics' returned '0': CMAKE_PREFIX_PATH=${CMAKE_PREFIX_PATH}:/home/neha/gitjazzy/install/mogi_trajectory_server:/home/neha/gitjazzy/install/bme_ros2_navigation_py:/home/neha/gitjazzy/install/bme_gazebo_sensors_py:/opt/ros/jazzy /usr/bin/cmake --install /home/neha/gitjazzy/build/bme_gazebo_basics
[2.416s] Level 1:colcon.colcon_core.environment:checking '/home/neha/gitjazzy/install/bme_gazebo_basics' for CMake config files
[2.421s] Level 1:colcon.colcon_core.shell:create_environment_hook('bme_gazebo_basics', 'cmake_prefix_path')
[2.422s] INFO:colcon.colcon_core.shell:Creating environment descriptor '/home/neha/gitjazzy/install/bme_gazebo_basics/share/bme_gazebo_basics/hook/cmake_prefix_path.dsv'
[2.424s] INFO:colcon.colcon_core.shell:Creating environment hook '/home/neha/gitjazzy/install/bme_gazebo_basics/share/bme_gazebo_basics/hook/cmake_prefix_path.sh'
[2.425s] Level 1:colcon.colcon_core.environment:checking '/home/neha/gitjazzy/install/bme_gazebo_basics/bin'
[2.425s] Level 1:colcon.colcon_core.environment:checking '/home/neha/gitjazzy/install/bme_gazebo_basics/lib/pkgconfig/bme_gazebo_basics.pc'
[2.425s] Level 1:colcon.colcon_core.environment:checking '/home/neha/gitjazzy/install/bme_gazebo_basics/lib/python3.12/site-packages'
[2.426s] Level 1:colcon.colcon_core.environment:checking '/home/neha/gitjazzy/install/bme_gazebo_basics/bin'
[2.426s] INFO:colcon.colcon_core.shell:Creating package descriptor '/home/neha/gitjazzy/install/bme_gazebo_basics/share/bme_gazebo_basics/package.dsv'
[2.427s] INFO:colcon.colcon_core.shell:Creating package script '/home/neha/gitjazzy/install/bme_gazebo_basics/share/bme_gazebo_basics/package.sh'
[2.427s] INFO:colcon.colcon_core.shell:Creating package script '/home/neha/gitjazzy/install/bme_gazebo_basics/share/bme_gazebo_basics/package.bash'
[2.428s] INFO:colcon.colcon_core.shell:Creating package script '/home/neha/gitjazzy/install/bme_gazebo_basics/share/bme_gazebo_basics/package.zsh'
[2.428s] Level 1:colcon.colcon_core.environment:create_file_with_runtime_dependencies(/home/neha/gitjazzy/install/bme_gazebo_basics/share/colcon-core/packages/bme_gazebo_basics)
[2.429s] Level 1:colcon.colcon_core.environment:create_environment_scripts_only(bme_gazebo_basics)
[2.429s] Level 1:colcon.colcon_core.environment:checking '/home/neha/gitjazzy/install/bme_gazebo_basics' for CMake module files
[2.431s] Level 1:colcon.colcon_core.environment:checking '/home/neha/gitjazzy/install/bme_gazebo_basics' for CMake config files
[2.432s] Level 1:colcon.colcon_core.shell:create_environment_hook('bme_gazebo_basics', 'cmake_prefix_path')
[2.433s] INFO:colcon.colcon_core.shell:Creating environment descriptor '/home/neha/gitjazzy/install/bme_gazebo_basics/share/bme_gazebo_basics/hook/cmake_prefix_path.dsv'
[2.434s] INFO:colcon.colcon_core.shell:Creating environment hook '/home/neha/gitjazzy/install/bme_gazebo_basics/share/bme_gazebo_basics/hook/cmake_prefix_path.sh'
[2.436s] Level 1:colcon.colcon_core.environment:checking '/home/neha/gitjazzy/install/bme_gazebo_basics/bin'
[2.436s] Level 1:colcon.colcon_core.environment:checking '/home/neha/gitjazzy/install/bme_gazebo_basics/lib/pkgconfig/bme_gazebo_basics.pc'
[2.436s] Level 1:colcon.colcon_core.environment:checking '/home/neha/gitjazzy/install/bme_gazebo_basics/lib/python3.12/site-packages'
[2.437s] Level 1:colcon.colcon_core.environment:checking '/home/neha/gitjazzy/install/bme_gazebo_basics/bin'
[2.437s] INFO:colcon.colcon_core.shell:Creating package descriptor '/home/neha/gitjazzy/install/bme_gazebo_basics/share/bme_gazebo_basics/package.dsv'
[2.438s] INFO:colcon.colcon_core.shell:Creating package script '/home/neha/gitjazzy/install/bme_gazebo_basics/share/bme_gazebo_basics/package.sh'
[2.438s] INFO:colcon.colcon_core.shell:Creating package script '/home/neha/gitjazzy/install/bme_gazebo_basics/share/bme_gazebo_basics/package.bash'
[2.439s] INFO:colcon.colcon_core.shell:Creating package script '/home/neha/gitjazzy/install/bme_gazebo_basics/share/bme_gazebo_basics/package.zsh'
[2.440s] Level 1:colcon.colcon_core.environment:create_file_with_runtime_dependencies(/home/neha/gitjazzy/install/bme_gazebo_basics/share/colcon-core/packages/bme_gazebo_basics)
[4.038s] DEBUG:colcon.colcon_core.event_handler.log_command:Invoking command in '/home/neha/gitjazzy/mogi_trajectory_server': PYTHONPATH=/home/neha/gitjazzy/build/mogi_trajectory_server/prefix_override:/usr/lib/python3/dist-packages/colcon_core/task/python/colcon_distutils_commands:/home/neha/gitjazzy/install/mogi_trajectory_server/lib/python3.12/site-packages:${PYTHONPATH} /usr/bin/python3 -W ignore:setup.py install is deprecated -W ignore:easy_install command is deprecated setup.py egg_info --egg-base ../build/mogi_trajectory_server build --build-base /home/neha/gitjazzy/build/mogi_trajectory_server/build install --record /home/neha/gitjazzy/build/mogi_trajectory_server/install.log --single-version-externally-managed install_data
[4.046s] DEBUG:colcon.colcon_core.event_handler.log_command:Invoking command in '/home/neha/gitjazzy/src/Week-5-6-Gazebo-sensors/bme_gazebo_sensors_py': PYTHONPATH=/home/neha/gitjazzy/build/bme_gazebo_sensors_py/prefix_override:/usr/lib/python3/dist-packages/colcon_core/task/python/colcon_distutils_commands:/home/neha/gitjazzy/install/bme_gazebo_sensors_py/lib/python3.12/site-packages:${PYTHONPATH} /usr/bin/python3 -W ignore:setup.py install is deprecated -W ignore:easy_install command is deprecated setup.py egg_info --egg-base ../../../build/bme_gazebo_sensors_py build --build-base /home/neha/gitjazzy/build/bme_gazebo_sensors_py/build install --record /home/neha/gitjazzy/build/bme_gazebo_sensors_py/install.log --single-version-externally-managed install_data
[4.052s] DEBUG:colcon.colcon_core.event_handler.log_command:Invoking command in '/home/neha/gitjazzy/src/Week-7-8-ROS2-Navigation/bme_ros2_navigation_py': PYTHONPATH=/home/neha/gitjazzy/build/bme_ros2_navigation_py/prefix_override:/usr/lib/python3/dist-packages/colcon_core/task/python/colcon_distutils_commands:/home/neha/gitjazzy/install/bme_ros2_navigation_py/lib/python3.12/site-packages:${PYTHONPATH} /usr/bin/python3 -W ignore:setup.py install is deprecated -W ignore:easy_install command is deprecated setup.py egg_info --egg-base ../../../build/bme_ros2_navigation_py build --build-base /home/neha/gitjazzy/build/bme_ros2_navigation_py/build install --record /home/neha/gitjazzy/build/bme_ros2_navigation_py/install.log --single-version-externally-managed install_data
[4.995s] Level 1:colcon.colcon_core.environment:checking '/home/neha/gitjazzy/install/mogi_trajectory_server' for CMake module files
[4.997s] DEBUG:colcon.colcon_core.event_handler.log_command:Invoked command in '/home/neha/gitjazzy/mogi_trajectory_server' returned '0': PYTHONPATH=/home/neha/gitjazzy/build/mogi_trajectory_server/prefix_override:/usr/lib/python3/dist-packages/colcon_core/task/python/colcon_distutils_commands:/home/neha/gitjazzy/install/mogi_trajectory_server/lib/python3.12/site-packages:${PYTHONPATH} /usr/bin/python3 -W ignore:setup.py install is deprecated -W ignore:easy_install command is deprecated setup.py egg_info --egg-base ../build/mogi_trajectory_server build --build-base /home/neha/gitjazzy/build/mogi_trajectory_server/build install --record /home/neha/gitjazzy/build/mogi_trajectory_server/install.log --single-version-externally-managed install_data
[4.999s] Level 1:colcon.colcon_core.environment:checking '/home/neha/gitjazzy/install/mogi_trajectory_server' for CMake config files
[5.000s] Level 1:colcon.colcon_core.environment:checking '/home/neha/gitjazzy/install/mogi_trajectory_server/lib'
[5.001s] Level 1:colcon.colcon_core.environment:checking '/home/neha/gitjazzy/install/mogi_trajectory_server/bin'
[5.001s] Level 1:colcon.colcon_core.environment:checking '/home/neha/gitjazzy/install/mogi_trajectory_server/lib/pkgconfig/mogi_trajectory_server.pc'
[5.002s] Level 1:colcon.colcon_core.environment:checking '/home/neha/gitjazzy/install/mogi_trajectory_server/lib/python3.12/site-packages'
[5.002s] Level 1:colcon.colcon_core.shell:create_environment_hook('mogi_trajectory_server', 'pythonpath')
[5.003s] INFO:colcon.colcon_core.shell:Creating environment descriptor '/home/neha/gitjazzy/install/mogi_trajectory_server/share/mogi_trajectory_server/hook/pythonpath.dsv'
[5.006s] INFO:colcon.colcon_core.shell:Creating environment hook '/home/neha/gitjazzy/install/mogi_trajectory_server/share/mogi_trajectory_server/hook/pythonpath.sh'
[5.008s] Level 1:colcon.colcon_core.environment:checking '/home/neha/gitjazzy/install/mogi_trajectory_server/bin'
[5.008s] Level 1:colcon.colcon_core.environment:create_environment_scripts_only(mogi_trajectory_server)
[5.008s] INFO:colcon.colcon_core.shell:Creating package descriptor '/home/neha/gitjazzy/install/mogi_trajectory_server/share/mogi_trajectory_server/package.dsv'
[5.009s] INFO:colcon.colcon_core.shell:Creating package script '/home/neha/gitjazzy/install/mogi_trajectory_server/share/mogi_trajectory_server/package.sh'
[5.010s] INFO:colcon.colcon_core.shell:Creating package script '/home/neha/gitjazzy/install/mogi_trajectory_server/share/mogi_trajectory_server/package.bash'
[5.010s] INFO:colcon.colcon_core.shell:Creating package script '/home/neha/gitjazzy/install/mogi_trajectory_server/share/mogi_trajectory_server/package.zsh'
[5.011s] Level 1:colcon.colcon_core.environment:create_file_with_runtime_dependencies(/home/neha/gitjazzy/install/mogi_trajectory_server/share/colcon-core/packages/mogi_trajectory_server)
[5.036s] Level 1:colcon.colcon_core.environment:checking '/home/neha/gitjazzy/install/bme_gazebo_sensors_py' for CMake module files
[5.038s] DEBUG:colcon.colcon_core.event_handler.log_command:Invoked command in '/home/neha/gitjazzy/src/Week-5-6-Gazebo-sensors/bme_gazebo_sensors_py' returned '0': PYTHONPATH=/home/neha/gitjazzy/build/bme_gazebo_sensors_py/prefix_override:/usr/lib/python3/dist-packages/colcon_core/task/python/colcon_distutils_commands:/home/neha/gitjazzy/install/bme_gazebo_sensors_py/lib/python3.12/site-packages:${PYTHONPATH} /usr/bin/python3 -W ignore:setup.py install is deprecated -W ignore:easy_install command is deprecated setup.py egg_info --egg-base ../../../build/bme_gazebo_sensors_py build --build-base /home/neha/gitjazzy/build/bme_gazebo_sensors_py/build install --record /home/neha/gitjazzy/build/bme_gazebo_sensors_py/install.log --single-version-externally-managed install_data
[5.038s] Level 1:colcon.colcon_core.environment:checking '/home/neha/gitjazzy/install/bme_gazebo_sensors_py' for CMake config files
[5.039s] Level 1:colcon.colcon_core.environment:checking '/home/neha/gitjazzy/install/bme_gazebo_sensors_py/lib'
[5.040s] Level 1:colcon.colcon_core.environment:checking '/home/neha/gitjazzy/install/bme_gazebo_sensors_py/bin'
[5.040s] Level 1:colcon.colcon_core.environment:checking '/home/neha/gitjazzy/install/bme_gazebo_sensors_py/lib/pkgconfig/bme_gazebo_sensors_py.pc'
[5.040s] Level 1:colcon.colcon_core.environment:checking '/home/neha/gitjazzy/install/bme_gazebo_sensors_py/lib/python3.12/site-packages'
[5.041s] Level 1:colcon.colcon_core.shell:create_environment_hook('bme_gazebo_sensors_py', 'pythonpath')
[5.041s] INFO:colcon.colcon_core.shell:Creating environment descriptor '/home/neha/gitjazzy/install/bme_gazebo_sensors_py/share/bme_gazebo_sensors_py/hook/pythonpath.dsv'
[5.041s] INFO:colcon.colcon_core.shell:Creating environment hook '/home/neha/gitjazzy/install/bme_gazebo_sensors_py/share/bme_gazebo_sensors_py/hook/pythonpath.sh'
[5.042s] Level 1:colcon.colcon_core.environment:checking '/home/neha/gitjazzy/install/bme_gazebo_sensors_py/bin'
[5.043s] Level 1:colcon.colcon_core.environment:create_environment_scripts_only(bme_gazebo_sensors_py)
[5.043s] INFO:colcon.colcon_core.shell:Creating package descriptor '/home/neha/gitjazzy/install/bme_gazebo_sensors_py/share/bme_gazebo_sensors_py/package.dsv'
[5.044s] INFO:colcon.colcon_core.shell:Creating package script '/home/neha/gitjazzy/install/bme_gazebo_sensors_py/share/bme_gazebo_sensors_py/package.sh'
[5.045s] INFO:colcon.colcon_core.shell:Creating package script '/home/neha/gitjazzy/install/bme_gazebo_sensors_py/share/bme_gazebo_sensors_py/package.bash'
[5.046s] INFO:colcon.colcon_core.shell:Creating package script '/home/neha/gitjazzy/install/bme_gazebo_sensors_py/share/bme_gazebo_sensors_py/package.zsh'
[5.049s] Level 1:colcon.colcon_core.environment:create_file_with_runtime_dependencies(/home/neha/gitjazzy/install/bme_gazebo_sensors_py/share/colcon-core/packages/bme_gazebo_sensors_py)
[5.077s] Level 1:colcon.colcon_core.environment:checking '/home/neha/gitjazzy/install/bme_ros2_navigation_py' for CMake module files
[5.078s] DEBUG:colcon.colcon_core.event_handler.log_command:Invoked command in '/home/neha/gitjazzy/src/Week-7-8-ROS2-Navigation/bme_ros2_navigation_py' returned '0': PYTHONPATH=/home/neha/gitjazzy/build/bme_ros2_navigation_py/prefix_override:/usr/lib/python3/dist-packages/colcon_core/task/python/colcon_distutils_commands:/home/neha/gitjazzy/install/bme_ros2_navigation_py/lib/python3.12/site-packages:${PYTHONPATH} /usr/bin/python3 -W ignore:setup.py install is deprecated -W ignore:easy_install command is deprecated setup.py egg_info --egg-base ../../../build/bme_ros2_navigation_py build --build-base /home/neha/gitjazzy/build/bme_ros2_navigation_py/build install --record /home/neha/gitjazzy/build/bme_ros2_navigation_py/install.log --single-version-externally-managed install_data
[5.079s] Level 1:colcon.colcon_core.environment:checking '/home/neha/gitjazzy/install/bme_ros2_navigation_py' for CMake config files
[5.082s] Level 1:colcon.colcon_core.environment:checking '/home/neha/gitjazzy/install/bme_ros2_navigation_py/lib'
[5.082s] Level 1:colcon.colcon_core.environment:checking '/home/neha/gitjazzy/install/bme_ros2_navigation_py/bin'
[5.082s] Level 1:colcon.colcon_core.environment:checking '/home/neha/gitjazzy/install/bme_ros2_navigation_py/lib/pkgconfig/bme_ros2_navigation_py.pc'
[5.083s] Level 1:colcon.colcon_core.environment:checking '/home/neha/gitjazzy/install/bme_ros2_navigation_py/lib/python3.12/site-packages'
[5.083s] Level 1:colcon.colcon_core.shell:create_environment_hook('bme_ros2_navigation_py', 'pythonpath')
[5.083s] INFO:colcon.colcon_core.shell:Creating environment descriptor '/home/neha/gitjazzy/install/bme_ros2_navigation_py/share/bme_ros2_navigation_py/hook/pythonpath.dsv'
[5.084s] INFO:colcon.colcon_core.shell:Creating environment hook '/home/neha/gitjazzy/install/bme_ros2_navigation_py/share/bme_ros2_navigation_py/hook/pythonpath.sh'
[5.085s] Level 1:colcon.colcon_core.environment:checking '/home/neha/gitjazzy/install/bme_ros2_navigation_py/bin'
[5.085s] Level 1:colcon.colcon_core.environment:create_environment_scripts_only(bme_ros2_navigation_py)
[5.085s] INFO:colcon.colcon_core.shell:Creating package descriptor '/home/neha/gitjazzy/install/bme_ros2_navigation_py/share/bme_ros2_navigation_py/package.dsv'
[5.086s] INFO:colcon.colcon_core.shell:Creating package script '/home/neha/gitjazzy/install/bme_ros2_navigation_py/share/bme_ros2_navigation_py/package.sh'
[5.086s] INFO:colcon.colcon_core.shell:Creating package script '/home/neha/gitjazzy/install/bme_ros2_navigation_py/share/bme_ros2_navigation_py/package.bash'
[5.087s] INFO:colcon.colcon_core.shell:Creating package script '/home/neha/gitjazzy/install/bme_ros2_navigation_py/share/bme_ros2_navigation_py/package.zsh'
[5.088s] Level 1:colcon.colcon_core.environment:create_file_with_runtime_dependencies(/home/neha/gitjazzy/install/bme_ros2_navigation_py/share/colcon-core/packages/bme_ros2_navigation_py)
[5.089s] DEBUG:colcon.colcon_parallel_executor.executor.parallel:closing loop
[5.089s] DEBUG:colcon.colcon_parallel_executor.executor.parallel:loop closed
[5.090s] DEBUG:colcon.colcon_parallel_executor.executor.parallel:run_until_complete finished with '0'
[5.090s] DEBUG:colcon.colcon_core.event_reactor:joining thread
[5.184s] INFO:colcon.colcon_core.plugin_system:Skipping extension 'colcon_notification.desktop_notification.notify_send': Could not find 'notify-send'
[5.184s] INFO:colcon.colcon_core.plugin_system:Skipping extension 'colcon_notification.desktop_notification.terminal_notifier': Not used on non-Darwin systems
[5.184s] INFO:colcon.colcon_core.plugin_system:Skipping extension 'colcon_notification.desktop_notification.win32': Not used on non-Windows systems
[5.184s] INFO:colcon.colcon_notification.desktop_notification:Sending desktop notification using 'notify2'
[5.188s] DEBUG:colcon.colcon_notification.desktop_notification.notify2:Failed to initialize notify2: org.freedesktop.DBus.Error.ServiceUnknown: The name org.freedesktop.Notifications was not provided by any .service files
[5.188s] DEBUG:colcon.colcon_core.event_reactor:joined thread
[5.188s] INFO:colcon.colcon_core.shell:Creating prefix script '/home/neha/gitjazzy/install/local_setup.sh'
[5.190s] INFO:colcon.colcon_core.shell:Creating prefix util module '/home/neha/gitjazzy/install/_local_setup_util_sh.py'
[5.192s] INFO:colcon.colcon_core.shell:Creating prefix chain script '/home/neha/gitjazzy/install/setup.sh'
[5.194s] INFO:colcon.colcon_core.shell:Creating prefix script '/home/neha/gitjazzy/install/local_setup.bash'
[5.196s] INFO:colcon.colcon_core.shell:Creating prefix chain script '/home/neha/gitjazzy/install/setup.bash'
[5.199s] INFO:colcon.colcon_core.shell:Creating prefix script '/home/neha/gitjazzy/install/local_setup.zsh'
[5.200s] INFO:colcon.colcon_core.shell:Creating prefix chain script '/home/neha/gitjazzy/install/setup.zsh'
