running egg_info
writing ../../../build/bme_ros2_navigation_py/bme_ros2_navigation_py.egg-info/PKG-INFO
writing dependency_links to ../../../build/bme_ros2_navigation_py/bme_ros2_navigation_py.egg-info/dependency_links.txt
writing entry points to ../../../build/bme_ros2_navigation_py/bme_ros2_navigation_py.egg-info/entry_points.txt
writing requirements to ../../../build/bme_ros2_navigation_py/bme_ros2_navigation_py.egg-info/requires.txt
writing top-level names to ../../../build/bme_ros2_navigation_py/bme_ros2_navigation_py.egg-info/top_level.txt
reading manifest file '../../../build/bme_ros2_navigation_py/bme_ros2_navigation_py.egg-info/SOURCES.txt'
writing manifest file '../../../build/bme_ros2_navigation_py/bme_ros2_navigation_py.egg-info/SOURCES.txt'
running build
running build_py
copying bme_ros2_navigation_py/slam_toolbox_load_map.py -> /home/neha/gitjazzy/build/bme_ros2_navigation_py/build/lib/bme_ros2_navigation_py
copying bme_ros2_navigation_py/follow_waypoints.py -> /home/neha/gitjazzy/build/bme_ros2_navigation_py/build/lib/bme_ros2_navigation_py
copying bme_ros2_navigation_py/__init__.py -> /home/neha/gitjazzy/build/bme_ros2_navigation_py/build/lib/bme_ros2_navigation_py
copying bme_ros2_navigation_py/send_initialpose.py -> /home/neha/gitjazzy/build/bme_ros2_navigation_py/build/lib/bme_ros2_navigation_py
running install
running install_lib
copying /home/neha/gitjazzy/build/bme_ros2_navigation_py/build/lib/bme_ros2_navigation_py/slam_toolbox_load_map.py -> /home/neha/gitjazzy/install/bme_ros2_navigation_py/lib/python3.12/site-packages/bme_ros2_navigation_py
copying /home/neha/gitjazzy/build/bme_ros2_navigation_py/build/lib/bme_ros2_navigation_py/follow_waypoints.py -> /home/neha/gitjazzy/install/bme_ros2_navigation_py/lib/python3.12/site-packages/bme_ros2_navigation_py
copying /home/neha/gitjazzy/build/bme_ros2_navigation_py/build/lib/bme_ros2_navigation_py/__init__.py -> /home/neha/gitjazzy/install/bme_ros2_navigation_py/lib/python3.12/site-packages/bme_ros2_navigation_py
copying /home/neha/gitjazzy/build/bme_ros2_navigation_py/build/lib/bme_ros2_navigation_py/send_initialpose.py -> /home/neha/gitjazzy/install/bme_ros2_navigation_py/lib/python3.12/site-packages/bme_ros2_navigation_py
byte-compiling /home/neha/gitjazzy/install/bme_ros2_navigation_py/lib/python3.12/site-packages/bme_ros2_navigation_py/slam_toolbox_load_map.py to slam_toolbox_load_map.cpython-312.pyc
byte-compiling /home/neha/gitjazzy/install/bme_ros2_navigation_py/lib/python3.12/site-packages/bme_ros2_navigation_py/follow_waypoints.py to follow_waypoints.cpython-312.pyc
byte-compiling /home/neha/gitjazzy/install/bme_ros2_navigation_py/lib/python3.12/site-packages/bme_ros2_navigation_py/__init__.py to __init__.cpython-312.pyc
byte-compiling /home/neha/gitjazzy/install/bme_ros2_navigation_py/lib/python3.12/site-packages/bme_ros2_navigation_py/send_initialpose.py to send_initialpose.cpython-312.pyc
running install_data
copying resource/bme_ros2_navigation_py -> /home/neha/gitjazzy/install/bme_ros2_navigation_py/share/ament_index/resource_index/packages
copying package.xml -> /home/neha/gitjazzy/install/bme_ros2_navigation_py/share/bme_ros2_navigation_py
running install_egg_info
removing '/home/neha/gitjazzy/install/bme_ros2_navigation_py/lib/python3.12/site-packages/bme_ros2_navigation_py-1.0.0-py3.12.egg-info' (and everything under it)
Copying ../../../build/bme_ros2_navigation_py/bme_ros2_navigation_py.egg-info to /home/neha/gitjazzy/install/bme_ros2_navigation_py/lib/python3.12/site-packages/bme_ros2_navigation_py-1.0.0-py3.12.egg-info
running install_scripts
Installing follow_waypoints script to /home/neha/gitjazzy/install/bme_ros2_navigation_py/lib/bme_ros2_navigation_py
Installing send_initialpose script to /home/neha/gitjazzy/install/bme_ros2_navigation_py/lib/bme_ros2_navigation_py
Installing slam_toolbox_load_map script to /home/neha/gitjazzy/install/bme_ros2_navigation_py/lib/bme_ros2_navigation_py
writing list of installed files to '/home/neha/gitjazzy/build/bme_ros2_navigation_py/install.log'
