[-0.691s] DEBUG:colcon:Command line arguments: ['/usr/bin/colcon', 'build']
[-0.690s] DEBUG:colcon:Parsed command line arguments: Namespace(log_base=None, log_level=None, verb_name='build', build_base='build', install_base='install', merge_install=False, symlink_install=False, test_result_base=None, continue_on_error=False, executor='parallel', parallel_workers=8, event_handlers=None, ignore_user_meta=False, metas=['./colcon.meta'], base_paths=['.'], packages_ignore=None, packages_ignore_regex=None, paths=None, packages_up_to=None, packages_up_to_regex=None, packages_above=None, packages_above_and_dependencies=None, packages_above_depth=None, packages_select_by_dep=None, packages_skip_by_dep=None, packages_skip_up_to=None, packages_select_build_failed=False, packages_skip_build_finished=False, packages_select_test_failures=False, packages_skip_test_passed=False, packages_select=None, packages_skip=None, packages_select_regex=None, packages_skip_regex=None, packages_start=None, packages_end=None, cmake_args=None, cmake_target=None, cmake_target_skip_unavailable=False, cmake_clean_cache=False, cmake_clean_first=False, cmake_force_configure=False, ament_cmake_args=None, catkin_cmake_args=None, catkin_skip_building_tests=False, verb_parser=<colcon_defaults.argument_parser.defaults.DefaultArgumentsDecorator object at 0x7f040fc893a0>, verb_extension=<colcon_core.verb.build.BuildVerb object at 0x7f040fc89160>, main=<bound method BuildVerb.main of <colcon_core.verb.build.BuildVerb object at 0x7f040fc89160>>)
[-0.551s] Level 1:colcon.colcon_core.package_discovery:discover_packages(colcon_meta) check parameters
[-0.551s] Level 1:colcon.colcon_core.package_discovery:discover_packages(recursive) check parameters
[-0.550s] Level 1:colcon.colcon_core.package_discovery:discover_packages(ignore) check parameters
[-0.550s] Level 1:colcon.colcon_core.package_discovery:discover_packages(path) check parameters
[-0.550s] Level 1:colcon.colcon_core.package_discovery:discover_packages(colcon_meta) discover
[-0.550s] Level 1:colcon.colcon_core.package_discovery:discover_packages(recursive) discover
[-0.550s] INFO:colcon.colcon_core.package_discovery:Crawling recursively for packages in '/home/neha/gitjazzy'
[-0.550s] Level 1:colcon.colcon_core.package_identification:_identify(.) by extensions ['ignore', 'ignore_ament_install']
[-0.550s] Level 1:colcon.colcon_core.package_identification:_identify(.) by extension 'ignore'
[-0.550s] Level 1:colcon.colcon_core.package_identification:_identify(.) by extension 'ignore_ament_install'
[-0.549s] Level 1:colcon.colcon_core.package_identification:_identify(.) by extensions ['colcon_pkg']
[-0.549s] Level 1:colcon.colcon_core.package_identification:_identify(.) by extension 'colcon_pkg'
[-0.549s] Level 1:colcon.colcon_core.package_identification:_identify(.) by extensions ['colcon_meta']
[-0.549s] Level 1:colcon.colcon_core.package_identification:_identify(.) by extension 'colcon_meta'
[-0.549s] Level 1:colcon.colcon_core.package_identification:_identify(.) by extensions ['ros']
[-0.549s] Level 1:colcon.colcon_core.package_identification:_identify(.) by extension 'ros'
[-0.481s] Level 1:colcon.colcon_core.package_identification:_identify(.) by extensions ['cmake', 'python']
[-0.481s] Level 1:colcon.colcon_core.package_identification:_identify(.) by extension 'cmake'
[-0.480s] Level 1:colcon.colcon_core.package_identification:_identify(.) by extension 'python'
[-0.480s] Level 1:colcon.colcon_core.package_identification:_identify(.) by extensions ['python_setup_py']
[-0.480s] Level 1:colcon.colcon_core.package_identification:_identify(.) by extension 'python_setup_py'
[-0.480s] Level 1:colcon.colcon_core.package_identification:_identify(build) by extensions ['ignore', 'ignore_ament_install']
[-0.479s] Level 1:colcon.colcon_core.package_identification:_identify(build) by extension 'ignore'
[-0.478s] Level 1:colcon.colcon_core.package_identification:_identify(build) ignored
[-0.478s] Level 1:colcon.colcon_core.package_identification:_identify(install) by extensions ['ignore', 'ignore_ament_install']
[-0.477s] Level 1:colcon.colcon_core.package_identification:_identify(install) by extension 'ignore'
[-0.477s] Level 1:colcon.colcon_core.package_identification:_identify(install) ignored
[-0.477s] Level 1:colcon.colcon_core.package_identification:_identify(log) by extensions ['ignore', 'ignore_ament_install']
[-0.476s] Level 1:colcon.colcon_core.package_identification:_identify(log) by extension 'ignore'
[-0.476s] Level 1:colcon.colcon_core.package_identification:_identify(log) ignored
[-0.476s] Level 1:colcon.colcon_core.package_identification:_identify(mogi_trajectory_server) by extensions ['ignore', 'ignore_ament_install']
[-0.475s] Level 1:colcon.colcon_core.package_identification:_identify(mogi_trajectory_server) by extension 'ignore'
[-0.475s] Level 1:colcon.colcon_core.package_identification:_identify(mogi_trajectory_server) by extension 'ignore_ament_install'
[-0.475s] Level 1:colcon.colcon_core.package_identification:_identify(mogi_trajectory_server) by extensions ['colcon_pkg']
[-0.474s] Level 1:colcon.colcon_core.package_identification:_identify(mogi_trajectory_server) by extension 'colcon_pkg'
[-0.474s] Level 1:colcon.colcon_core.package_identification:_identify(mogi_trajectory_server) by extensions ['colcon_meta']
[-0.474s] Level 1:colcon.colcon_core.package_identification:_identify(mogi_trajectory_server) by extension 'colcon_meta'
[-0.474s] Level 1:colcon.colcon_core.package_identification:_identify(mogi_trajectory_server) by extensions ['ros']
[-0.474s] Level 1:colcon.colcon_core.package_identification:_identify(mogi_trajectory_server) by extension 'ros'
[-0.454s] DEBUG:colcon.colcon_core.package_identification:Package 'mogi_trajectory_server' with type 'ros.ament_python' and name 'mogi_trajectory_server'
[-0.453s] Level 1:colcon.colcon_core.package_identification:_identify(src) by extensions ['ignore', 'ignore_ament_install']
[-0.453s] Level 1:colcon.colcon_core.package_identification:_identify(src) by extension 'ignore'
[-0.452s] Level 1:colcon.colcon_core.package_identification:_identify(src) by extension 'ignore_ament_install'
[-0.452s] Level 1:colcon.colcon_core.package_identification:_identify(src) by extensions ['colcon_pkg']
[-0.452s] Level 1:colcon.colcon_core.package_identification:_identify(src) by extension 'colcon_pkg'
[-0.452s] Level 1:colcon.colcon_core.package_identification:_identify(src) by extensions ['colcon_meta']
[-0.452s] Level 1:colcon.colcon_core.package_identification:_identify(src) by extension 'colcon_meta'
[-0.452s] Level 1:colcon.colcon_core.package_identification:_identify(src) by extensions ['ros']
[-0.452s] Level 1:colcon.colcon_core.package_identification:_identify(src) by extension 'ros'
[-0.451s] Level 1:colcon.colcon_core.package_identification:_identify(src) by extensions ['cmake', 'python']
[-0.451s] Level 1:colcon.colcon_core.package_identification:_identify(src) by extension 'cmake'
[-0.451s] Level 1:colcon.colcon_core.package_identification:_identify(src) by extension 'python'
[-0.451s] Level 1:colcon.colcon_core.package_identification:_identify(src) by extensions ['python_setup_py']
[-0.451s] Level 1:colcon.colcon_core.package_identification:_identify(src) by extension 'python_setup_py'
[-0.450s] Level 1:colcon.colcon_core.package_identification:_identify(src/Week-3-4-Gazebo-basics) by extensions ['ignore', 'ignore_ament_install']
[-0.450s] Level 1:colcon.colcon_core.package_identification:_identify(src/Week-3-4-Gazebo-basics) by extension 'ignore'
[-0.450s] Level 1:colcon.colcon_core.package_identification:_identify(src/Week-3-4-Gazebo-basics) by extension 'ignore_ament_install'
[-0.450s] Level 1:colcon.colcon_core.package_identification:_identify(src/Week-3-4-Gazebo-basics) by extensions ['colcon_pkg']
[-0.450s] Level 1:colcon.colcon_core.package_identification:_identify(src/Week-3-4-Gazebo-basics) by extension 'colcon_pkg'
[-0.449s] Level 1:colcon.colcon_core.package_identification:_identify(src/Week-3-4-Gazebo-basics) by extensions ['colcon_meta']
[-0.449s] Level 1:colcon.colcon_core.package_identification:_identify(src/Week-3-4-Gazebo-basics) by extension 'colcon_meta'
[-0.449s] Level 1:colcon.colcon_core.package_identification:_identify(src/Week-3-4-Gazebo-basics) by extensions ['ros']
[-0.449s] Level 1:colcon.colcon_core.package_identification:_identify(src/Week-3-4-Gazebo-basics) by extension 'ros'
[-0.449s] Level 1:colcon.colcon_core.package_identification:_identify(src/Week-3-4-Gazebo-basics) by extensions ['cmake', 'python']
[-0.449s] Level 1:colcon.colcon_core.package_identification:_identify(src/Week-3-4-Gazebo-basics) by extension 'cmake'
[-0.449s] Level 1:colcon.colcon_core.package_identification:_identify(src/Week-3-4-Gazebo-basics) by extension 'python'
[-0.448s] Level 1:colcon.colcon_core.package_identification:_identify(src/Week-3-4-Gazebo-basics) by extensions ['python_setup_py']
[-0.448s] Level 1:colcon.colcon_core.package_identification:_identify(src/Week-3-4-Gazebo-basics) by extension 'python_setup_py'
[-0.448s] Level 1:colcon.colcon_core.package_identification:_identify(src/Week-3-4-Gazebo-basics/assets) by extensions ['ignore', 'ignore_ament_install']
[-0.448s] Level 1:colcon.colcon_core.package_identification:_identify(src/Week-3-4-Gazebo-basics/assets) by extension 'ignore'
[-0.448s] Level 1:colcon.colcon_core.package_identification:_identify(src/Week-3-4-Gazebo-basics/assets) by extension 'ignore_ament_install'
[-0.447s] Level 1:colcon.colcon_core.package_identification:_identify(src/Week-3-4-Gazebo-basics/assets) by extensions ['colcon_pkg']
[-0.447s] Level 1:colcon.colcon_core.package_identification:_identify(src/Week-3-4-Gazebo-basics/assets) by extension 'colcon_pkg'
[-0.447s] Level 1:colcon.colcon_core.package_identification:_identify(src/Week-3-4-Gazebo-basics/assets) by extensions ['colcon_meta']
[-0.447s] Level 1:colcon.colcon_core.package_identification:_identify(src/Week-3-4-Gazebo-basics/assets) by extension 'colcon_meta'
[-0.447s] Level 1:colcon.colcon_core.package_identification:_identify(src/Week-3-4-Gazebo-basics/assets) by extensions ['ros']
[-0.447s] Level 1:colcon.colcon_core.package_identification:_identify(src/Week-3-4-Gazebo-basics/assets) by extension 'ros'
[-0.446s] Level 1:colcon.colcon_core.package_identification:_identify(src/Week-3-4-Gazebo-basics/assets) by extensions ['cmake', 'python']
[-0.446s] Level 1:colcon.colcon_core.package_identification:_identify(src/Week-3-4-Gazebo-basics/assets) by extension 'cmake'
[-0.446s] Level 1:colcon.colcon_core.package_identification:_identify(src/Week-3-4-Gazebo-basics/assets) by extension 'python'
[-0.446s] Level 1:colcon.colcon_core.package_identification:_identify(src/Week-3-4-Gazebo-basics/assets) by extensions ['python_setup_py']
[-0.446s] Level 1:colcon.colcon_core.package_identification:_identify(src/Week-3-4-Gazebo-basics/assets) by extension 'python_setup_py'
[-0.446s] Level 1:colcon.colcon_core.package_identification:_identify(src/Week-3-4-Gazebo-basics/bme_gazebo_basics) by extensions ['ignore', 'ignore_ament_install']
[-0.445s] Level 1:colcon.colcon_core.package_identification:_identify(src/Week-3-4-Gazebo-basics/bme_gazebo_basics) by extension 'ignore'
[-0.445s] Level 1:colcon.colcon_core.package_identification:_identify(src/Week-3-4-Gazebo-basics/bme_gazebo_basics) by extension 'ignore_ament_install'
[-0.445s] Level 1:colcon.colcon_core.package_identification:_identify(src/Week-3-4-Gazebo-basics/bme_gazebo_basics) by extensions ['colcon_pkg']
[-0.445s] Level 1:colcon.colcon_core.package_identification:_identify(src/Week-3-4-Gazebo-basics/bme_gazebo_basics) by extension 'colcon_pkg'
[-0.445s] Level 1:colcon.colcon_core.package_identification:_identify(src/Week-3-4-Gazebo-basics/bme_gazebo_basics) by extensions ['colcon_meta']
[-0.445s] Level 1:colcon.colcon_core.package_identification:_identify(src/Week-3-4-Gazebo-basics/bme_gazebo_basics) by extension 'colcon_meta'
[-0.445s] Level 1:colcon.colcon_core.package_identification:_identify(src/Week-3-4-Gazebo-basics/bme_gazebo_basics) by extensions ['ros']
[-0.444s] Level 1:colcon.colcon_core.package_identification:_identify(src/Week-3-4-Gazebo-basics/bme_gazebo_basics) by extension 'ros'
[-0.444s] DEBUG:colcon.colcon_core.package_identification:Package 'src/Week-3-4-Gazebo-basics/bme_gazebo_basics' with type 'ros.ament_cmake' and name 'bme_gazebo_basics'
[-0.443s] Level 1:colcon.colcon_core.package_identification:_identify(src/Week-5-6-Gazebo-sensors) by extensions ['ignore', 'ignore_ament_install']
[-0.443s] Level 1:colcon.colcon_core.package_identification:_identify(src/Week-5-6-Gazebo-sensors) by extension 'ignore'
[-0.443s] Level 1:colcon.colcon_core.package_identification:_identify(src/Week-5-6-Gazebo-sensors) by extension 'ignore_ament_install'
[-0.442s] Level 1:colcon.colcon_core.package_identification:_identify(src/Week-5-6-Gazebo-sensors) by extensions ['colcon_pkg']
[-0.442s] Level 1:colcon.colcon_core.package_identification:_identify(src/Week-5-6-Gazebo-sensors) by extension 'colcon_pkg'
[-0.442s] Level 1:colcon.colcon_core.package_identification:_identify(src/Week-5-6-Gazebo-sensors) by extensions ['colcon_meta']
[-0.442s] Level 1:colcon.colcon_core.package_identification:_identify(src/Week-5-6-Gazebo-sensors) by extension 'colcon_meta'
[-0.442s] Level 1:colcon.colcon_core.package_identification:_identify(src/Week-5-6-Gazebo-sensors) by extensions ['ros']
[-0.442s] Level 1:colcon.colcon_core.package_identification:_identify(src/Week-5-6-Gazebo-sensors) by extension 'ros'
[-0.442s] Level 1:colcon.colcon_core.package_identification:_identify(src/Week-5-6-Gazebo-sensors) by extensions ['cmake', 'python']
[-0.441s] Level 1:colcon.colcon_core.package_identification:_identify(src/Week-5-6-Gazebo-sensors) by extension 'cmake'
[-0.441s] Level 1:colcon.colcon_core.package_identification:_identify(src/Week-5-6-Gazebo-sensors) by extension 'python'
[-0.441s] Level 1:colcon.colcon_core.package_identification:_identify(src/Week-5-6-Gazebo-sensors) by extensions ['python_setup_py']
[-0.441s] Level 1:colcon.colcon_core.package_identification:_identify(src/Week-5-6-Gazebo-sensors) by extension 'python_setup_py'
[-0.441s] Level 1:colcon.colcon_core.package_identification:_identify(src/Week-5-6-Gazebo-sensors/assets) by extensions ['ignore', 'ignore_ament_install']
[-0.441s] Level 1:colcon.colcon_core.package_identification:_identify(src/Week-5-6-Gazebo-sensors/assets) by extension 'ignore'
[-0.441s] Level 1:colcon.colcon_core.package_identification:_identify(src/Week-5-6-Gazebo-sensors/assets) by extension 'ignore_ament_install'
[-0.441s] Level 1:colcon.colcon_core.package_identification:_identify(src/Week-5-6-Gazebo-sensors/assets) by extensions ['colcon_pkg']
[-0.441s] Level 1:colcon.colcon_core.package_identification:_identify(src/Week-5-6-Gazebo-sensors/assets) by extension 'colcon_pkg'
[-0.440s] Level 1:colcon.colcon_core.package_identification:_identify(src/Week-5-6-Gazebo-sensors/assets) by extensions ['colcon_meta']
[-0.440s] Level 1:colcon.colcon_core.package_identification:_identify(src/Week-5-6-Gazebo-sensors/assets) by extension 'colcon_meta'
[-0.440s] Level 1:colcon.colcon_core.package_identification:_identify(src/Week-5-6-Gazebo-sensors/assets) by extensions ['ros']
[-0.440s] Level 1:colcon.colcon_core.package_identification:_identify(src/Week-5-6-Gazebo-sensors/assets) by extension 'ros'
[-0.440s] Level 1:colcon.colcon_core.package_identification:_identify(src/Week-5-6-Gazebo-sensors/assets) by extensions ['cmake', 'python']
[-0.440s] Level 1:colcon.colcon_core.package_identification:_identify(src/Week-5-6-Gazebo-sensors/assets) by extension 'cmake'
[-0.440s] Level 1:colcon.colcon_core.package_identification:_identify(src/Week-5-6-Gazebo-sensors/assets) by extension 'python'
[-0.440s] Level 1:colcon.colcon_core.package_identification:_identify(src/Week-5-6-Gazebo-sensors/assets) by extensions ['python_setup_py']
[-0.440s] Level 1:colcon.colcon_core.package_identification:_identify(src/Week-5-6-Gazebo-sensors/assets) by extension 'python_setup_py'
[-0.440s] Level 1:colcon.colcon_core.package_identification:_identify(src/Week-5-6-Gazebo-sensors/bme_gazebo_sensors) by extensions ['ignore', 'ignore_ament_install']
[-0.439s] Level 1:colcon.colcon_core.package_identification:_identify(src/Week-5-6-Gazebo-sensors/bme_gazebo_sensors) by extension 'ignore'
[-0.438s] Level 1:colcon.colcon_core.package_identification:_identify(src/Week-5-6-Gazebo-sensors/bme_gazebo_sensors) by extension 'ignore_ament_install'
[-0.438s] Level 1:colcon.colcon_core.package_identification:_identify(src/Week-5-6-Gazebo-sensors/bme_gazebo_sensors) by extensions ['colcon_pkg']
[-0.438s] Level 1:colcon.colcon_core.package_identification:_identify(src/Week-5-6-Gazebo-sensors/bme_gazebo_sensors) by extension 'colcon_pkg'
[-0.438s] Level 1:colcon.colcon_core.package_identification:_identify(src/Week-5-6-Gazebo-sensors/bme_gazebo_sensors) by extensions ['colcon_meta']
[-0.438s] Level 1:colcon.colcon_core.package_identification:_identify(src/Week-5-6-Gazebo-sensors/bme_gazebo_sensors) by extension 'colcon_meta'
[-0.437s] Level 1:colcon.colcon_core.package_identification:_identify(src/Week-5-6-Gazebo-sensors/bme_gazebo_sensors) by extensions ['ros']
[-0.437s] Level 1:colcon.colcon_core.package_identification:_identify(src/Week-5-6-Gazebo-sensors/bme_gazebo_sensors) by extension 'ros'
[-0.435s] DEBUG:colcon.colcon_core.package_identification:Package 'src/Week-5-6-Gazebo-sensors/bme_gazebo_sensors' with type 'ros.ament_cmake' and name 'bme_gazebo_sensors'
[-0.435s] Level 1:colcon.colcon_core.package_identification:_identify(src/Week-5-6-Gazebo-sensors/bme_gazebo_sensors_py) by extensions ['ignore', 'ignore_ament_install']
[-0.435s] Level 1:colcon.colcon_core.package_identification:_identify(src/Week-5-6-Gazebo-sensors/bme_gazebo_sensors_py) by extension 'ignore'
[-0.435s] Level 1:colcon.colcon_core.package_identification:_identify(src/Week-5-6-Gazebo-sensors/bme_gazebo_sensors_py) by extension 'ignore_ament_install'
[-0.434s] Level 1:colcon.colcon_core.package_identification:_identify(src/Week-5-6-Gazebo-sensors/bme_gazebo_sensors_py) by extensions ['colcon_pkg']
[-0.434s] Level 1:colcon.colcon_core.package_identification:_identify(src/Week-5-6-Gazebo-sensors/bme_gazebo_sensors_py) by extension 'colcon_pkg'
[-0.434s] Level 1:colcon.colcon_core.package_identification:_identify(src/Week-5-6-Gazebo-sensors/bme_gazebo_sensors_py) by extensions ['colcon_meta']
[-0.434s] Level 1:colcon.colcon_core.package_identification:_identify(src/Week-5-6-Gazebo-sensors/bme_gazebo_sensors_py) by extension 'colcon_meta'
[-0.434s] Level 1:colcon.colcon_core.package_identification:_identify(src/Week-5-6-Gazebo-sensors/bme_gazebo_sensors_py) by extensions ['ros']
[-0.434s] Level 1:colcon.colcon_core.package_identification:_identify(src/Week-5-6-Gazebo-sensors/bme_gazebo_sensors_py) by extension 'ros'
[-0.432s] DEBUG:colcon.colcon_core.package_identification:Package 'src/Week-5-6-Gazebo-sensors/bme_gazebo_sensors_py' with type 'ros.ament_python' and name 'bme_gazebo_sensors_py'
[-0.431s] Level 1:colcon.colcon_core.package_identification:_identify(src/Week-7-8-ROS2-Navigation) by extensions ['ignore', 'ignore_ament_install']
[-0.431s] Level 1:colcon.colcon_core.package_identification:_identify(src/Week-7-8-ROS2-Navigation) by extension 'ignore'
[-0.431s] Level 1:colcon.colcon_core.package_identification:_identify(src/Week-7-8-ROS2-Navigation) by extension 'ignore_ament_install'
[-0.431s] Level 1:colcon.colcon_core.package_identification:_identify(src/Week-7-8-ROS2-Navigation) by extensions ['colcon_pkg']
[-0.431s] Level 1:colcon.colcon_core.package_identification:_identify(src/Week-7-8-ROS2-Navigation) by extension 'colcon_pkg'
[-0.430s] Level 1:colcon.colcon_core.package_identification:_identify(src/Week-7-8-ROS2-Navigation) by extensions ['colcon_meta']
[-0.430s] Level 1:colcon.colcon_core.package_identification:_identify(src/Week-7-8-ROS2-Navigation) by extension 'colcon_meta'
[-0.430s] Level 1:colcon.colcon_core.package_identification:_identify(src/Week-7-8-ROS2-Navigation) by extensions ['ros']
[-0.430s] Level 1:colcon.colcon_core.package_identification:_identify(src/Week-7-8-ROS2-Navigation) by extension 'ros'
[-0.430s] Level 1:colcon.colcon_core.package_identification:_identify(src/Week-7-8-ROS2-Navigation) by extensions ['cmake', 'python']
[-0.430s] Level 1:colcon.colcon_core.package_identification:_identify(src/Week-7-8-ROS2-Navigation) by extension 'cmake'
[-0.430s] Level 1:colcon.colcon_core.package_identification:_identify(src/Week-7-8-ROS2-Navigation) by extension 'python'
[-0.430s] Level 1:colcon.colcon_core.package_identification:_identify(src/Week-7-8-ROS2-Navigation) by extensions ['python_setup_py']
[-0.430s] Level 1:colcon.colcon_core.package_identification:_identify(src/Week-7-8-ROS2-Navigation) by extension 'python_setup_py'
[-0.429s] Level 1:colcon.colcon_core.package_identification:_identify(src/Week-7-8-ROS2-Navigation/assets) by extensions ['ignore', 'ignore_ament_install']
[-0.429s] Level 1:colcon.colcon_core.package_identification:_identify(src/Week-7-8-ROS2-Navigation/assets) by extension 'ignore'
[-0.429s] Level 1:colcon.colcon_core.package_identification:_identify(src/Week-7-8-ROS2-Navigation/assets) by extension 'ignore_ament_install'
[-0.428s] Level 1:colcon.colcon_core.package_identification:_identify(src/Week-7-8-ROS2-Navigation/assets) by extensions ['colcon_pkg']
[-0.428s] Level 1:colcon.colcon_core.package_identification:_identify(src/Week-7-8-ROS2-Navigation/assets) by extension 'colcon_pkg'
[-0.428s] Level 1:colcon.colcon_core.package_identification:_identify(src/Week-7-8-ROS2-Navigation/assets) by extensions ['colcon_meta']
[-0.428s] Level 1:colcon.colcon_core.package_identification:_identify(src/Week-7-8-ROS2-Navigation/assets) by extension 'colcon_meta'
[-0.427s] Level 1:colcon.colcon_core.package_identification:_identify(src/Week-7-8-ROS2-Navigation/assets) by extensions ['ros']
[-0.427s] Level 1:colcon.colcon_core.package_identification:_identify(src/Week-7-8-ROS2-Navigation/assets) by extension 'ros'
[-0.427s] Level 1:colcon.colcon_core.package_identification:_identify(src/Week-7-8-ROS2-Navigation/assets) by extensions ['cmake', 'python']
[-0.427s] Level 1:colcon.colcon_core.package_identification:_identify(src/Week-7-8-ROS2-Navigation/assets) by extension 'cmake'
[-0.426s] Level 1:colcon.colcon_core.package_identification:_identify(src/Week-7-8-ROS2-Navigation/assets) by extension 'python'
[-0.426s] Level 1:colcon.colcon_core.package_identification:_identify(src/Week-7-8-ROS2-Navigation/assets) by extensions ['python_setup_py']
[-0.426s] Level 1:colcon.colcon_core.package_identification:_identify(src/Week-7-8-ROS2-Navigation/assets) by extension 'python_setup_py'
[-0.425s] Level 1:colcon.colcon_core.package_identification:_identify(src/Week-7-8-ROS2-Navigation/bme_ros2_navigation) by extensions ['ignore', 'ignore_ament_install']
[-0.425s] Level 1:colcon.colcon_core.package_identification:_identify(src/Week-7-8-ROS2-Navigation/bme_ros2_navigation) by extension 'ignore'
[-0.425s] Level 1:colcon.colcon_core.package_identification:_identify(src/Week-7-8-ROS2-Navigation/bme_ros2_navigation) by extension 'ignore_ament_install'
[-0.424s] Level 1:colcon.colcon_core.package_identification:_identify(src/Week-7-8-ROS2-Navigation/bme_ros2_navigation) by extensions ['colcon_pkg']
[-0.424s] Level 1:colcon.colcon_core.package_identification:_identify(src/Week-7-8-ROS2-Navigation/bme_ros2_navigation) by extension 'colcon_pkg'
[-0.424s] Level 1:colcon.colcon_core.package_identification:_identify(src/Week-7-8-ROS2-Navigation/bme_ros2_navigation) by extensions ['colcon_meta']
[-0.424s] Level 1:colcon.colcon_core.package_identification:_identify(src/Week-7-8-ROS2-Navigation/bme_ros2_navigation) by extension 'colcon_meta'
[-0.423s] Level 1:colcon.colcon_core.package_identification:_identify(src/Week-7-8-ROS2-Navigation/bme_ros2_navigation) by extensions ['ros']
[-0.423s] Level 1:colcon.colcon_core.package_identification:_identify(src/Week-7-8-ROS2-Navigation/bme_ros2_navigation) by extension 'ros'
[-0.418s] DEBUG:colcon.colcon_core.package_identification:Package 'src/Week-7-8-ROS2-Navigation/bme_ros2_navigation' with type 'ros.ament_cmake' and name 'bme_ros2_navigation'
[-0.418s] Level 1:colcon.colcon_core.package_identification:_identify(src/Week-7-8-ROS2-Navigation/bme_ros2_navigation_py) by extensions ['ignore', 'ignore_ament_install']
[-0.417s] Level 1:colcon.colcon_core.package_identification:_identify(src/Week-7-8-ROS2-Navigation/bme_ros2_navigation_py) by extension 'ignore'
[-0.417s] Level 1:colcon.colcon_core.package_identification:_identify(src/Week-7-8-ROS2-Navigation/bme_ros2_navigation_py) by extension 'ignore_ament_install'
[-0.416s] Level 1:colcon.colcon_core.package_identification:_identify(src/Week-7-8-ROS2-Navigation/bme_ros2_navigation_py) by extensions ['colcon_pkg']
[-0.415s] Level 1:colcon.colcon_core.package_identification:_identify(src/Week-7-8-ROS2-Navigation/bme_ros2_navigation_py) by extension 'colcon_pkg'
[-0.415s] Level 1:colcon.colcon_core.package_identification:_identify(src/Week-7-8-ROS2-Navigation/bme_ros2_navigation_py) by extensions ['colcon_meta']
[-0.415s] Level 1:colcon.colcon_core.package_identification:_identify(src/Week-7-8-ROS2-Navigation/bme_ros2_navigation_py) by extension 'colcon_meta'
[-0.415s] Level 1:colcon.colcon_core.package_identification:_identify(src/Week-7-8-ROS2-Navigation/bme_ros2_navigation_py) by extensions ['ros']
[-0.414s] Level 1:colcon.colcon_core.package_identification:_identify(src/Week-7-8-ROS2-Navigation/bme_ros2_navigation_py) by extension 'ros'
[-0.412s] DEBUG:colcon.colcon_core.package_identification:Package 'src/Week-7-8-ROS2-Navigation/bme_ros2_navigation_py' with type 'ros.ament_python' and name 'bme_ros2_navigation_py'
[-0.412s] Level 1:colcon.colcon_core.package_identification:_identify(src/Week-7-8-ROS2-Navigation/build) by extensions ['ignore', 'ignore_ament_install']
[-0.411s] Level 1:colcon.colcon_core.package_identification:_identify(src/Week-7-8-ROS2-Navigation/build) by extension 'ignore'
[-0.411s] Level 1:colcon.colcon_core.package_identification:_identify(src/Week-7-8-ROS2-Navigation/build) ignored
[-0.410s] Level 1:colcon.colcon_core.package_identification:_identify(src/Week-7-8-ROS2-Navigation/install) by extensions ['ignore', 'ignore_ament_install']
[-0.410s] Level 1:colcon.colcon_core.package_identification:_identify(src/Week-7-8-ROS2-Navigation/install) by extension 'ignore'
[-0.410s] Level 1:colcon.colcon_core.package_identification:_identify(src/Week-7-8-ROS2-Navigation/install) ignored
[-0.410s] Level 1:colcon.colcon_core.package_identification:_identify(src/Week-7-8-ROS2-Navigation/log) by extensions ['ignore', 'ignore_ament_install']
[-0.409s] Level 1:colcon.colcon_core.package_identification:_identify(src/Week-7-8-ROS2-Navigation/log) by extension 'ignore'
[-0.409s] Level 1:colcon.colcon_core.package_identification:_identify(src/Week-7-8-ROS2-Navigation/log) ignored
[-0.409s] Level 1:colcon.colcon_core.package_identification:_identify(src/build) by extensions ['ignore', 'ignore_ament_install']
[-0.408s] Level 1:colcon.colcon_core.package_identification:_identify(src/build) by extension 'ignore'
[-0.408s] Level 1:colcon.colcon_core.package_identification:_identify(src/build) ignored
[-0.408s] Level 1:colcon.colcon_core.package_identification:_identify(src/install) by extensions ['ignore', 'ignore_ament_install']
[-0.407s] Level 1:colcon.colcon_core.package_identification:_identify(src/install) by extension 'ignore'
[-0.407s] Level 1:colcon.colcon_core.package_identification:_identify(src/install) ignored
[-0.407s] Level 1:colcon.colcon_core.package_identification:_identify(src/log) by extensions ['ignore', 'ignore_ament_install']
[-0.406s] Level 1:colcon.colcon_core.package_identification:_identify(src/log) by extension 'ignore'
[-0.406s] Level 1:colcon.colcon_core.package_identification:_identify(src/log) ignored
[-0.406s] Level 1:colcon.colcon_core.package_discovery:discover_packages(recursive) using defaults
[-0.406s] Level 1:colcon.colcon_core.package_discovery:discover_packages(ignore) discover
[-0.406s] Level 1:colcon.colcon_core.package_discovery:discover_packages(ignore) using defaults
[-0.406s] Level 1:colcon.colcon_core.package_discovery:discover_packages(path) discover
[-0.406s] Level 1:colcon.colcon_core.package_discovery:discover_packages(path) using defaults
[-0.359s] Level 5:colcon.colcon_core.verb:set package 'bme_gazebo_basics' build argument 'cmake_args' from command line to 'None'
[-0.359s] Level 5:colcon.colcon_core.verb:set package 'bme_gazebo_basics' build argument 'cmake_target' from command line to 'None'
[-0.358s] Level 5:colcon.colcon_core.verb:set package 'bme_gazebo_basics' build argument 'cmake_target_skip_unavailable' from command line to 'False'
[-0.358s] Level 5:colcon.colcon_core.verb:set package 'bme_gazebo_basics' build argument 'cmake_clean_cache' from command line to 'False'
[-0.358s] Level 5:colcon.colcon_core.verb:set package 'bme_gazebo_basics' build argument 'cmake_clean_first' from command line to 'False'
[-0.358s] Level 5:colcon.colcon_core.verb:set package 'bme_gazebo_basics' build argument 'cmake_force_configure' from command line to 'False'
[-0.358s] Level 5:colcon.colcon_core.verb:set package 'bme_gazebo_basics' build argument 'ament_cmake_args' from command line to 'None'
[-0.358s] Level 5:colcon.colcon_core.verb:set package 'bme_gazebo_basics' build argument 'catkin_cmake_args' from command line to 'None'
[-0.358s] Level 5:colcon.colcon_core.verb:set package 'bme_gazebo_basics' build argument 'catkin_skip_building_tests' from command line to 'False'
[-0.358s] DEBUG:colcon.colcon_core.verb:Building package 'bme_gazebo_basics' with the following arguments: {'ament_cmake_args': None, 'build_base': '/home/neha/gitjazzy/build/bme_gazebo_basics', 'catkin_cmake_args': None, 'catkin_skip_building_tests': False, 'cmake_args': None, 'cmake_clean_cache': False, 'cmake_clean_first': False, 'cmake_force_configure': False, 'cmake_target': None, 'cmake_target_skip_unavailable': False, 'install_base': '/home/neha/gitjazzy/install/bme_gazebo_basics', 'merge_install': False, 'path': '/home/neha/gitjazzy/src/Week-3-4-Gazebo-basics/bme_gazebo_basics', 'symlink_install': False, 'test_result_base': None}
[-0.357s] Level 5:colcon.colcon_core.verb:set package 'bme_gazebo_sensors' build argument 'cmake_args' from command line to 'None'
[-0.357s] Level 5:colcon.colcon_core.verb:set package 'bme_gazebo_sensors' build argument 'cmake_target' from command line to 'None'
[-0.357s] Level 5:colcon.colcon_core.verb:set package 'bme_gazebo_sensors' build argument 'cmake_target_skip_unavailable' from command line to 'False'
[-0.357s] Level 5:colcon.colcon_core.verb:set package 'bme_gazebo_sensors' build argument 'cmake_clean_cache' from command line to 'False'
[-0.357s] Level 5:colcon.colcon_core.verb:set package 'bme_gazebo_sensors' build argument 'cmake_clean_first' from command line to 'False'
[-0.357s] Level 5:colcon.colcon_core.verb:set package 'bme_gazebo_sensors' build argument 'cmake_force_configure' from command line to 'False'
[-0.357s] Level 5:colcon.colcon_core.verb:set package 'bme_gazebo_sensors' build argument 'ament_cmake_args' from command line to 'None'
[-0.357s] Level 5:colcon.colcon_core.verb:set package 'bme_gazebo_sensors' build argument 'catkin_cmake_args' from command line to 'None'
[-0.357s] Level 5:colcon.colcon_core.verb:set package 'bme_gazebo_sensors' build argument 'catkin_skip_building_tests' from command line to 'False'
[-0.356s] DEBUG:colcon.colcon_core.verb:Building package 'bme_gazebo_sensors' with the following arguments: {'ament_cmake_args': None, 'build_base': '/home/neha/gitjazzy/build/bme_gazebo_sensors', 'catkin_cmake_args': None, 'catkin_skip_building_tests': False, 'cmake_args': None, 'cmake_clean_cache': False, 'cmake_clean_first': False, 'cmake_force_configure': False, 'cmake_target': None, 'cmake_target_skip_unavailable': False, 'install_base': '/home/neha/gitjazzy/install/bme_gazebo_sensors', 'merge_install': False, 'path': '/home/neha/gitjazzy/src/Week-5-6-Gazebo-sensors/bme_gazebo_sensors', 'symlink_install': False, 'test_result_base': None}
[-0.356s] Level 5:colcon.colcon_core.verb:set package 'bme_gazebo_sensors_py' build argument 'cmake_args' from command line to 'None'
[-0.356s] Level 5:colcon.colcon_core.verb:set package 'bme_gazebo_sensors_py' build argument 'cmake_target' from command line to 'None'
[-0.356s] Level 5:colcon.colcon_core.verb:set package 'bme_gazebo_sensors_py' build argument 'cmake_target_skip_unavailable' from command line to 'False'
[-0.356s] Level 5:colcon.colcon_core.verb:set package 'bme_gazebo_sensors_py' build argument 'cmake_clean_cache' from command line to 'False'
[-0.355s] Level 5:colcon.colcon_core.verb:set package 'bme_gazebo_sensors_py' build argument 'cmake_clean_first' from command line to 'False'
[-0.355s] Level 5:colcon.colcon_core.verb:set package 'bme_gazebo_sensors_py' build argument 'cmake_force_configure' from command line to 'False'
[-0.355s] Level 5:colcon.colcon_core.verb:set package 'bme_gazebo_sensors_py' build argument 'ament_cmake_args' from command line to 'None'
[-0.355s] Level 5:colcon.colcon_core.verb:set package 'bme_gazebo_sensors_py' build argument 'catkin_cmake_args' from command line to 'None'
[-0.355s] Level 5:colcon.colcon_core.verb:set package 'bme_gazebo_sensors_py' build argument 'catkin_skip_building_tests' from command line to 'False'
[-0.355s] DEBUG:colcon.colcon_core.verb:Building package 'bme_gazebo_sensors_py' with the following arguments: {'ament_cmake_args': None, 'build_base': '/home/neha/gitjazzy/build/bme_gazebo_sensors_py', 'catkin_cmake_args': None, 'catkin_skip_building_tests': False, 'cmake_args': None, 'cmake_clean_cache': False, 'cmake_clean_first': False, 'cmake_force_configure': False, 'cmake_target': None, 'cmake_target_skip_unavailable': False, 'install_base': '/home/neha/gitjazzy/install/bme_gazebo_sensors_py', 'merge_install': False, 'path': '/home/neha/gitjazzy/src/Week-5-6-Gazebo-sensors/bme_gazebo_sensors_py', 'symlink_install': False, 'test_result_base': None}
[-0.353s] Level 5:colcon.colcon_core.verb:set package 'bme_ros2_navigation' build argument 'cmake_args' from command line to 'None'
[-0.353s] Level 5:colcon.colcon_core.verb:set package 'bme_ros2_navigation' build argument 'cmake_target' from command line to 'None'
[-0.352s] Level 5:colcon.colcon_core.verb:set package 'bme_ros2_navigation' build argument 'cmake_target_skip_unavailable' from command line to 'False'
[-0.352s] Level 5:colcon.colcon_core.verb:set package 'bme_ros2_navigation' build argument 'cmake_clean_cache' from command line to 'False'
[-0.351s] Level 5:colcon.colcon_core.verb:set package 'bme_ros2_navigation' build argument 'cmake_clean_first' from command line to 'False'
[-0.351s] Level 5:colcon.colcon_core.verb:set package 'bme_ros2_navigation' build argument 'cmake_force_configure' from command line to 'False'
[-0.350s] Level 5:colcon.colcon_core.verb:set package 'bme_ros2_navigation' build argument 'ament_cmake_args' from command line to 'None'
[-0.350s] Level 5:colcon.colcon_core.verb:set package 'bme_ros2_navigation' build argument 'catkin_cmake_args' from command line to 'None'
[-0.350s] Level 5:colcon.colcon_core.verb:set package 'bme_ros2_navigation' build argument 'catkin_skip_building_tests' from command line to 'False'
[-0.349s] DEBUG:colcon.colcon_core.verb:Building package 'bme_ros2_navigation' with the following arguments: {'ament_cmake_args': None, 'build_base': '/home/neha/gitjazzy/build/bme_ros2_navigation', 'catkin_cmake_args': None, 'catkin_skip_building_tests': False, 'cmake_args': None, 'cmake_clean_cache': False, 'cmake_clean_first': False, 'cmake_force_configure': False, 'cmake_target': None, 'cmake_target_skip_unavailable': False, 'install_base': '/home/neha/gitjazzy/install/bme_ros2_navigation', 'merge_install': False, 'path': '/home/neha/gitjazzy/src/Week-7-8-ROS2-Navigation/bme_ros2_navigation', 'symlink_install': False, 'test_result_base': None}
[-0.348s] Level 5:colcon.colcon_core.verb:set package 'bme_ros2_navigation_py' build argument 'cmake_args' from command line to 'None'
[-0.347s] Level 5:colcon.colcon_core.verb:set package 'bme_ros2_navigation_py' build argument 'cmake_target' from command line to 'None'
[-0.347s] Level 5:colcon.colcon_core.verb:set package 'bme_ros2_navigation_py' build argument 'cmake_target_skip_unavailable' from command line to 'False'
[-0.347s] Level 5:colcon.colcon_core.verb:set package 'bme_ros2_navigation_py' build argument 'cmake_clean_cache' from command line to 'False'
[-0.346s] Level 5:colcon.colcon_core.verb:set package 'bme_ros2_navigation_py' build argument 'cmake_clean_first' from command line to 'False'
[-0.346s] Level 5:colcon.colcon_core.verb:set package 'bme_ros2_navigation_py' build argument 'cmake_force_configure' from command line to 'False'
[-0.346s] Level 5:colcon.colcon_core.verb:set package 'bme_ros2_navigation_py' build argument 'ament_cmake_args' from command line to 'None'
[-0.346s] Level 5:colcon.colcon_core.verb:set package 'bme_ros2_navigation_py' build argument 'catkin_cmake_args' from command line to 'None'
[-0.346s] Level 5:colcon.colcon_core.verb:set package 'bme_ros2_navigation_py' build argument 'catkin_skip_building_tests' from command line to 'False'
[-0.345s] DEBUG:colcon.colcon_core.verb:Building package 'bme_ros2_navigation_py' with the following arguments: {'ament_cmake_args': None, 'build_base': '/home/neha/gitjazzy/build/bme_ros2_navigation_py', 'catkin_cmake_args': None, 'catkin_skip_building_tests': False, 'cmake_args': None, 'cmake_clean_cache': False, 'cmake_clean_first': False, 'cmake_force_configure': False, 'cmake_target': None, 'cmake_target_skip_unavailable': False, 'install_base': '/home/neha/gitjazzy/install/bme_ros2_navigation_py', 'merge_install': False, 'path': '/home/neha/gitjazzy/src/Week-7-8-ROS2-Navigation/bme_ros2_navigation_py', 'symlink_install': False, 'test_result_base': None}
[-0.344s] Level 5:colcon.colcon_core.verb:set package 'mogi_trajectory_server' build argument 'cmake_args' from command line to 'None'
[-0.344s] Level 5:colcon.colcon_core.verb:set package 'mogi_trajectory_server' build argument 'cmake_target' from command line to 'None'
[-0.344s] Level 5:colcon.colcon_core.verb:set package 'mogi_trajectory_server' build argument 'cmake_target_skip_unavailable' from command line to 'False'
[-0.344s] Level 5:colcon.colcon_core.verb:set package 'mogi_trajectory_server' build argument 'cmake_clean_cache' from command line to 'False'
[-0.344s] Level 5:colcon.colcon_core.verb:set package 'mogi_trajectory_server' build argument 'cmake_clean_first' from command line to 'False'
[-0.344s] Level 5:colcon.colcon_core.verb:set package 'mogi_trajectory_server' build argument 'cmake_force_configure' from command line to 'False'
[-0.344s] Level 5:colcon.colcon_core.verb:set package 'mogi_trajectory_server' build argument 'ament_cmake_args' from command line to 'None'
[-0.343s] Level 5:colcon.colcon_core.verb:set package 'mogi_trajectory_server' build argument 'catkin_cmake_args' from command line to 'None'
[-0.343s] Level 5:colcon.colcon_core.verb:set package 'mogi_trajectory_server' build argument 'catkin_skip_building_tests' from command line to 'False'
[-0.343s] DEBUG:colcon.colcon_core.verb:Building package 'mogi_trajectory_server' with the following arguments: {'ament_cmake_args': None, 'build_base': '/home/neha/gitjazzy/build/mogi_trajectory_server', 'catkin_cmake_args': None, 'catkin_skip_building_tests': False, 'cmake_args': None, 'cmake_clean_cache': False, 'cmake_clean_first': False, 'cmake_force_configure': False, 'cmake_target': None, 'cmake_target_skip_unavailable': False, 'install_base': '/home/neha/gitjazzy/install/mogi_trajectory_server', 'merge_install': False, 'path': '/home/neha/gitjazzy/mogi_trajectory_server', 'symlink_install': False, 'test_result_base': None}
[-0.343s] INFO:colcon.colcon_core.executor:Executing jobs using 'parallel' executor
[-0.341s] DEBUG:colcon.colcon_parallel_executor.executor.parallel:run_until_complete
[-0.340s] INFO:colcon.colcon_ros.task.ament_cmake.build:Building ROS package in '/home/neha/gitjazzy/src/Week-3-4-Gazebo-basics/bme_gazebo_basics' with build type 'ament_cmake'
[-0.338s] INFO:colcon.colcon_cmake.task.cmake.build:Building CMake package in '/home/neha/gitjazzy/src/Week-3-4-Gazebo-basics/bme_gazebo_basics'
[-0.325s] INFO:colcon.colcon_core.plugin_system:Skipping extension 'colcon_core.shell.bat': Not used on non-Windows systems
[-0.325s] DEBUG:colcon.colcon_core.shell:Skip shell extension 'dsv' for command environment
[-0.308s] INFO:colcon.colcon_ros.task.ament_cmake.build:Building ROS package in '/home/neha/gitjazzy/src/Week-5-6-Gazebo-sensors/bme_gazebo_sensors' with build type 'ament_cmake'
[-0.307s] INFO:colcon.colcon_cmake.task.cmake.build:Building CMake package in '/home/neha/gitjazzy/src/Week-5-6-Gazebo-sensors/bme_gazebo_sensors'
[-0.307s] DEBUG:colcon.colcon_core.shell:Skip shell extension 'dsv' for command environment
[-0.293s] INFO:colcon.colcon_ros.task.ament_python.build:Building ROS package in '/home/neha/gitjazzy/src/Week-5-6-Gazebo-sensors/bme_gazebo_sensors_py' with build type 'ament_python'
[-0.292s] Level 1:colcon.colcon_core.shell:create_environment_hook('bme_gazebo_sensors_py', 'ament_prefix_path')
[-0.291s] INFO:colcon.colcon_core.shell:Creating environment descriptor '/home/neha/gitjazzy/install/bme_gazebo_sensors_py/share/bme_gazebo_sensors_py/hook/ament_prefix_path.dsv'
[-0.289s] INFO:colcon.colcon_core.shell:Creating environment hook '/home/neha/gitjazzy/install/bme_gazebo_sensors_py/share/bme_gazebo_sensors_py/hook/ament_prefix_path.sh'
[-0.284s] DEBUG:colcon.colcon_core.shell:Skip shell extension 'dsv' for command environment
[-0.244s] INFO:colcon.colcon_ros.task.ament_cmake.build:Building ROS package in '/home/neha/gitjazzy/src/Week-7-8-ROS2-Navigation/bme_ros2_navigation' with build type 'ament_cmake'
[-0.243s] INFO:colcon.colcon_cmake.task.cmake.build:Building CMake package in '/home/neha/gitjazzy/src/Week-7-8-ROS2-Navigation/bme_ros2_navigation'
[-0.243s] DEBUG:colcon.colcon_core.shell:Skip shell extension 'dsv' for command environment
[-0.230s] INFO:colcon.colcon_ros.task.ament_python.build:Building ROS package in '/home/neha/gitjazzy/src/Week-7-8-ROS2-Navigation/bme_ros2_navigation_py' with build type 'ament_python'
[-0.229s] Level 1:colcon.colcon_core.shell:create_environment_hook('bme_ros2_navigation_py', 'ament_prefix_path')
[-0.228s] INFO:colcon.colcon_core.shell:Creating environment descriptor '/home/neha/gitjazzy/install/bme_ros2_navigation_py/share/bme_ros2_navigation_py/hook/ament_prefix_path.dsv'
[-0.227s] INFO:colcon.colcon_core.shell:Creating environment hook '/home/neha/gitjazzy/install/bme_ros2_navigation_py/share/bme_ros2_navigation_py/hook/ament_prefix_path.sh'
[-0.225s] DEBUG:colcon.colcon_core.shell:Skip shell extension 'dsv' for command environment
[-0.213s] INFO:colcon.colcon_ros.task.ament_python.build:Building ROS package in '/home/neha/gitjazzy/mogi_trajectory_server' with build type 'ament_python'
[-0.212s] Level 1:colcon.colcon_core.shell:create_environment_hook('mogi_trajectory_server', 'ament_prefix_path')
[-0.211s] INFO:colcon.colcon_core.shell:Creating environment descriptor '/home/neha/gitjazzy/install/mogi_trajectory_server/share/mogi_trajectory_server/hook/ament_prefix_path.dsv'
[-0.210s] INFO:colcon.colcon_core.shell:Creating environment hook '/home/neha/gitjazzy/install/mogi_trajectory_server/share/mogi_trajectory_server/hook/ament_prefix_path.sh'
[-0.208s] DEBUG:colcon.colcon_core.shell:Skip shell extension 'dsv' for command environment
[-0.170s] DEBUG:colcon.colcon_core.event_handler.log_command:Invoking command in '/home/neha/gitjazzy/build/bme_gazebo_basics': CMAKE_PREFIX_PATH=${CMAKE_PREFIX_PATH}:/home/neha/gitjazzy/src/Week-7-8-ROS2-Navigation/install/bme_ros2_navigation_py:/opt/ros/jazzy /usr/bin/cmake --build /home/neha/gitjazzy/build/bme_gazebo_basics -- -j8 -l8
[-0.146s] DEBUG:colcon.colcon_core.event_handler.log_command:Invoking command in '/home/neha/gitjazzy/build/bme_gazebo_sensors': CMAKE_PREFIX_PATH=${CMAKE_PREFIX_PATH}:/home/neha/gitjazzy/src/Week-7-8-ROS2-Navigation/install/bme_ros2_navigation_py:/opt/ros/jazzy /usr/bin/cmake --build /home/neha/gitjazzy/build/bme_gazebo_sensors -- -j8 -l8
[0.826s] INFO:colcon.colcon_core.task.python.build:Building Python package in '/home/neha/gitjazzy/src/Week-5-6-Gazebo-sensors/bme_gazebo_sensors_py'
[0.827s] DEBUG:colcon.colcon_core.shell:Skip shell extension 'dsv' for command environment
[0.851s] DEBUG:colcon.colcon_core.event_handler.log_command:Invoking command in '/home/neha/gitjazzy/build/bme_ros2_navigation': CMAKE_PREFIX_PATH=${CMAKE_PREFIX_PATH}:/home/neha/gitjazzy/src/Week-7-8-ROS2-Navigation/install/bme_ros2_navigation_py:/opt/ros/jazzy /usr/bin/cmake --build /home/neha/gitjazzy/build/bme_ros2_navigation -- -j8 -l8
[1.661s] INFO:colcon.colcon_core.task.python.build:Building Python package in '/home/neha/gitjazzy/src/Week-7-8-ROS2-Navigation/bme_ros2_navigation_py'
[1.661s] DEBUG:colcon.colcon_core.shell:Skip shell extension 'dsv' for command environment
[1.722s] DEBUG:colcon.colcon_core.event_handler.log_command:Invoked command in '/home/neha/gitjazzy/build/bme_gazebo_basics' returned '0': CMAKE_PREFIX_PATH=${CMAKE_PREFIX_PATH}:/home/neha/gitjazzy/src/Week-7-8-ROS2-Navigation/install/bme_ros2_navigation_py:/opt/ros/jazzy /usr/bin/cmake --build /home/neha/gitjazzy/build/bme_gazebo_basics -- -j8 -l8
[1.759s] DEBUG:colcon.colcon_core.event_handler.log_command:Invoking command in '/home/neha/gitjazzy/build/bme_gazebo_basics': CMAKE_PREFIX_PATH=${CMAKE_PREFIX_PATH}:/home/neha/gitjazzy/src/Week-7-8-ROS2-Navigation/install/bme_ros2_navigation_py:/opt/ros/jazzy /usr/bin/cmake --install /home/neha/gitjazzy/build/bme_gazebo_basics
[1.764s] DEBUG:colcon.colcon_core.event_handler.log_command:Invoked command in '/home/neha/gitjazzy/build/bme_gazebo_sensors' returned '0': CMAKE_PREFIX_PATH=${CMAKE_PREFIX_PATH}:/home/neha/gitjazzy/src/Week-7-8-ROS2-Navigation/install/bme_ros2_navigation_py:/opt/ros/jazzy /usr/bin/cmake --build /home/neha/gitjazzy/build/bme_gazebo_sensors -- -j8 -l8
[1.773s] DEBUG:colcon.colcon_core.event_handler.log_command:Invoking command in '/home/neha/gitjazzy/build/bme_gazebo_sensors': CMAKE_PREFIX_PATH=${CMAKE_PREFIX_PATH}:/home/neha/gitjazzy/src/Week-7-8-ROS2-Navigation/install/bme_ros2_navigation_py:/opt/ros/jazzy /usr/bin/cmake --install /home/neha/gitjazzy/build/bme_gazebo_sensors
[1.777s] DEBUG:colcon.colcon_core.event_handler.log_command:Invoked command in '/home/neha/gitjazzy/build/bme_ros2_navigation' returned '0': CMAKE_PREFIX_PATH=${CMAKE_PREFIX_PATH}:/home/neha/gitjazzy/src/Week-7-8-ROS2-Navigation/install/bme_ros2_navigation_py:/opt/ros/jazzy /usr/bin/cmake --build /home/neha/gitjazzy/build/bme_ros2_navigation -- -j8 -l8
[1.790s] DEBUG:colcon.colcon_core.event_handler.log_command:Invoking command in '/home/neha/gitjazzy/build/bme_ros2_navigation': CMAKE_PREFIX_PATH=${CMAKE_PREFIX_PATH}:/home/neha/gitjazzy/src/Week-7-8-ROS2-Navigation/install/bme_ros2_navigation_py:/opt/ros/jazzy /usr/bin/cmake --install /home/neha/gitjazzy/build/bme_ros2_navigation
[2.628s] INFO:colcon.colcon_core.task.python.build:Building Python package in '/home/neha/gitjazzy/mogi_trajectory_server'
[2.629s] DEBUG:colcon.colcon_core.shell:Skip shell extension 'dsv' for command environment
[2.754s] Level 1:colcon.colcon_core.environment:create_environment_scripts_only(bme_ros2_navigation)
[2.763s] Level 1:colcon.colcon_core.environment:checking '/home/neha/gitjazzy/install/bme_ros2_navigation' for CMake module files
[2.765s] Level 1:colcon.colcon_core.environment:checking '/home/neha/gitjazzy/install/bme_ros2_navigation' for CMake config files
[2.770s] DEBUG:colcon.colcon_core.event_handler.log_command:Invoked command in '/home/neha/gitjazzy/build/bme_ros2_navigation' returned '0': CMAKE_PREFIX_PATH=${CMAKE_PREFIX_PATH}:/home/neha/gitjazzy/src/Week-7-8-ROS2-Navigation/install/bme_ros2_navigation_py:/opt/ros/jazzy /usr/bin/cmake --install /home/neha/gitjazzy/build/bme_ros2_navigation
[2.771s] Level 1:colcon.colcon_core.shell:create_environment_hook('bme_ros2_navigation', 'cmake_prefix_path')
[2.771s] INFO:colcon.colcon_core.shell:Creating environment descriptor '/home/neha/gitjazzy/install/bme_ros2_navigation/share/bme_ros2_navigation/hook/cmake_prefix_path.dsv'
[2.773s] INFO:colcon.colcon_core.shell:Creating environment hook '/home/neha/gitjazzy/install/bme_ros2_navigation/share/bme_ros2_navigation/hook/cmake_prefix_path.sh'
[2.774s] Level 1:colcon.colcon_core.environment:checking '/home/neha/gitjazzy/install/bme_ros2_navigation/bin'
[2.775s] Level 1:colcon.colcon_core.environment:checking '/home/neha/gitjazzy/install/bme_ros2_navigation/lib/pkgconfig/bme_ros2_navigation.pc'
[2.775s] Level 1:colcon.colcon_core.environment:checking '/home/neha/gitjazzy/install/bme_ros2_navigation/lib/python3.12/site-packages'
[2.777s] Level 1:colcon.colcon_core.environment:checking '/home/neha/gitjazzy/install/bme_ros2_navigation/bin'
[2.781s] INFO:colcon.colcon_core.shell:Creating package descriptor '/home/neha/gitjazzy/install/bme_ros2_navigation/share/bme_ros2_navigation/package.dsv'
[2.783s] INFO:colcon.colcon_core.shell:Creating package script '/home/neha/gitjazzy/install/bme_ros2_navigation/share/bme_ros2_navigation/package.sh'
[2.785s] INFO:colcon.colcon_core.shell:Creating package script '/home/neha/gitjazzy/install/bme_ros2_navigation/share/bme_ros2_navigation/package.bash'
[2.787s] INFO:colcon.colcon_core.shell:Creating package script '/home/neha/gitjazzy/install/bme_ros2_navigation/share/bme_ros2_navigation/package.zsh'
[2.789s] Level 1:colcon.colcon_core.environment:create_file_with_runtime_dependencies(/home/neha/gitjazzy/install/bme_ros2_navigation/share/colcon-core/packages/bme_ros2_navigation)
[2.790s] Level 1:colcon.colcon_core.environment:create_environment_scripts_only(bme_ros2_navigation)
[2.791s] Level 1:colcon.colcon_core.environment:checking '/home/neha/gitjazzy/install/bme_ros2_navigation' for CMake module files
[2.793s] Level 1:colcon.colcon_core.environment:checking '/home/neha/gitjazzy/install/bme_ros2_navigation' for CMake config files
[2.796s] Level 1:colcon.colcon_core.shell:create_environment_hook('bme_ros2_navigation', 'cmake_prefix_path')
[2.797s] INFO:colcon.colcon_core.shell:Creating environment descriptor '/home/neha/gitjazzy/install/bme_ros2_navigation/share/bme_ros2_navigation/hook/cmake_prefix_path.dsv'
[2.798s] INFO:colcon.colcon_core.shell:Creating environment hook '/home/neha/gitjazzy/install/bme_ros2_navigation/share/bme_ros2_navigation/hook/cmake_prefix_path.sh'
[2.800s] Level 1:colcon.colcon_core.environment:checking '/home/neha/gitjazzy/install/bme_ros2_navigation/bin'
[2.800s] Level 1:colcon.colcon_core.environment:checking '/home/neha/gitjazzy/install/bme_ros2_navigation/lib/pkgconfig/bme_ros2_navigation.pc'
[2.800s] Level 1:colcon.colcon_core.environment:checking '/home/neha/gitjazzy/install/bme_ros2_navigation/lib/python3.12/site-packages'
[2.801s] Level 1:colcon.colcon_core.environment:checking '/home/neha/gitjazzy/install/bme_ros2_navigation/bin'
[2.801s] INFO:colcon.colcon_core.shell:Creating package descriptor '/home/neha/gitjazzy/install/bme_ros2_navigation/share/bme_ros2_navigation/package.dsv'
[2.803s] INFO:colcon.colcon_core.shell:Creating package script '/home/neha/gitjazzy/install/bme_ros2_navigation/share/bme_ros2_navigation/package.sh'
[2.804s] INFO:colcon.colcon_core.shell:Creating package script '/home/neha/gitjazzy/install/bme_ros2_navigation/share/bme_ros2_navigation/package.bash'
[2.805s] INFO:colcon.colcon_core.shell:Creating package script '/home/neha/gitjazzy/install/bme_ros2_navigation/share/bme_ros2_navigation/package.zsh'
[2.806s] Level 1:colcon.colcon_core.environment:create_file_with_runtime_dependencies(/home/neha/gitjazzy/install/bme_ros2_navigation/share/colcon-core/packages/bme_ros2_navigation)
[2.808s] Level 1:colcon.colcon_core.environment:create_environment_scripts_only(bme_gazebo_sensors)
[2.813s] Level 1:colcon.colcon_core.environment:checking '/home/neha/gitjazzy/install/bme_gazebo_sensors' for CMake module files
[2.811s] DEBUG:colcon.colcon_core.event_handler.log_command:Invoked command in '/home/neha/gitjazzy/build/bme_gazebo_sensors' returned '0': CMAKE_PREFIX_PATH=${CMAKE_PREFIX_PATH}:/home/neha/gitjazzy/src/Week-7-8-ROS2-Navigation/install/bme_ros2_navigation_py:/opt/ros/jazzy /usr/bin/cmake --install /home/neha/gitjazzy/build/bme_gazebo_sensors
[2.815s] Level 1:colcon.colcon_core.environment:checking '/home/neha/gitjazzy/install/bme_gazebo_sensors' for CMake config files
[2.816s] Level 1:colcon.colcon_core.shell:create_environment_hook('bme_gazebo_sensors', 'cmake_prefix_path')
[2.817s] INFO:colcon.colcon_core.shell:Creating environment descriptor '/home/neha/gitjazzy/install/bme_gazebo_sensors/share/bme_gazebo_sensors/hook/cmake_prefix_path.dsv'
[2.819s] INFO:colcon.colcon_core.shell:Creating environment hook '/home/neha/gitjazzy/install/bme_gazebo_sensors/share/bme_gazebo_sensors/hook/cmake_prefix_path.sh'
[2.821s] Level 1:colcon.colcon_core.environment:checking '/home/neha/gitjazzy/install/bme_gazebo_sensors/bin'
[2.822s] Level 1:colcon.colcon_core.environment:checking '/home/neha/gitjazzy/install/bme_gazebo_sensors/lib/pkgconfig/bme_gazebo_sensors.pc'
[2.822s] Level 1:colcon.colcon_core.environment:checking '/home/neha/gitjazzy/install/bme_gazebo_sensors/lib/python3.12/site-packages'
[2.824s] Level 1:colcon.colcon_core.environment:checking '/home/neha/gitjazzy/install/bme_gazebo_sensors/bin'
[2.824s] INFO:colcon.colcon_core.shell:Creating package descriptor '/home/neha/gitjazzy/install/bme_gazebo_sensors/share/bme_gazebo_sensors/package.dsv'
[2.829s] INFO:colcon.colcon_core.shell:Creating package script '/home/neha/gitjazzy/install/bme_gazebo_sensors/share/bme_gazebo_sensors/package.sh'
[2.830s] INFO:colcon.colcon_core.shell:Creating package script '/home/neha/gitjazzy/install/bme_gazebo_sensors/share/bme_gazebo_sensors/package.bash'
[2.832s] INFO:colcon.colcon_core.shell:Creating package script '/home/neha/gitjazzy/install/bme_gazebo_sensors/share/bme_gazebo_sensors/package.zsh'
[2.833s] Level 1:colcon.colcon_core.environment:create_file_with_runtime_dependencies(/home/neha/gitjazzy/install/bme_gazebo_sensors/share/colcon-core/packages/bme_gazebo_sensors)
[2.835s] Level 1:colcon.colcon_core.environment:create_environment_scripts_only(bme_gazebo_sensors)
[2.836s] Level 1:colcon.colcon_core.environment:checking '/home/neha/gitjazzy/install/bme_gazebo_sensors' for CMake module files
[2.837s] Level 1:colcon.colcon_core.environment:checking '/home/neha/gitjazzy/install/bme_gazebo_sensors' for CMake config files
[2.839s] Level 1:colcon.colcon_core.shell:create_environment_hook('bme_gazebo_sensors', 'cmake_prefix_path')
[2.840s] INFO:colcon.colcon_core.shell:Creating environment descriptor '/home/neha/gitjazzy/install/bme_gazebo_sensors/share/bme_gazebo_sensors/hook/cmake_prefix_path.dsv'
[2.842s] INFO:colcon.colcon_core.shell:Creating environment hook '/home/neha/gitjazzy/install/bme_gazebo_sensors/share/bme_gazebo_sensors/hook/cmake_prefix_path.sh'
[2.849s] Level 1:colcon.colcon_core.environment:checking '/home/neha/gitjazzy/install/bme_gazebo_sensors/bin'
[2.851s] Level 1:colcon.colcon_core.environment:checking '/home/neha/gitjazzy/install/bme_gazebo_sensors/lib/pkgconfig/bme_gazebo_sensors.pc'
[2.852s] Level 1:colcon.colcon_core.environment:checking '/home/neha/gitjazzy/install/bme_gazebo_sensors/lib/python3.12/site-packages'
[2.852s] Level 1:colcon.colcon_core.environment:checking '/home/neha/gitjazzy/install/bme_gazebo_sensors/bin'
[2.853s] INFO:colcon.colcon_core.shell:Creating package descriptor '/home/neha/gitjazzy/install/bme_gazebo_sensors/share/bme_gazebo_sensors/package.dsv'
[2.855s] INFO:colcon.colcon_core.shell:Creating package script '/home/neha/gitjazzy/install/bme_gazebo_sensors/share/bme_gazebo_sensors/package.sh'
[2.856s] INFO:colcon.colcon_core.shell:Creating package script '/home/neha/gitjazzy/install/bme_gazebo_sensors/share/bme_gazebo_sensors/package.bash'
[2.869s] INFO:colcon.colcon_core.shell:Creating package script '/home/neha/gitjazzy/install/bme_gazebo_sensors/share/bme_gazebo_sensors/package.zsh'
[2.871s] Level 1:colcon.colcon_core.environment:create_file_with_runtime_dependencies(/home/neha/gitjazzy/install/bme_gazebo_sensors/share/colcon-core/packages/bme_gazebo_sensors)
[2.873s] Level 1:colcon.colcon_core.environment:create_environment_scripts_only(bme_gazebo_basics)
[2.885s] Level 1:colcon.colcon_core.environment:checking '/home/neha/gitjazzy/install/bme_gazebo_basics' for CMake module files
[2.886s] DEBUG:colcon.colcon_core.event_handler.log_command:Invoked command in '/home/neha/gitjazzy/build/bme_gazebo_basics' returned '0': CMAKE_PREFIX_PATH=${CMAKE_PREFIX_PATH}:/home/neha/gitjazzy/src/Week-7-8-ROS2-Navigation/install/bme_ros2_navigation_py:/opt/ros/jazzy /usr/bin/cmake --install /home/neha/gitjazzy/build/bme_gazebo_basics
[2.899s] Level 1:colcon.colcon_core.environment:checking '/home/neha/gitjazzy/install/bme_gazebo_basics' for CMake config files
[2.902s] Level 1:colcon.colcon_core.shell:create_environment_hook('bme_gazebo_basics', 'cmake_prefix_path')
[2.902s] INFO:colcon.colcon_core.shell:Creating environment descriptor '/home/neha/gitjazzy/install/bme_gazebo_basics/share/bme_gazebo_basics/hook/cmake_prefix_path.dsv'
[2.904s] INFO:colcon.colcon_core.shell:Creating environment hook '/home/neha/gitjazzy/install/bme_gazebo_basics/share/bme_gazebo_basics/hook/cmake_prefix_path.sh'
[2.917s] Level 1:colcon.colcon_core.environment:checking '/home/neha/gitjazzy/install/bme_gazebo_basics/bin'
[2.918s] Level 1:colcon.colcon_core.environment:checking '/home/neha/gitjazzy/install/bme_gazebo_basics/lib/pkgconfig/bme_gazebo_basics.pc'
[2.918s] Level 1:colcon.colcon_core.environment:checking '/home/neha/gitjazzy/install/bme_gazebo_basics/lib/python3.12/site-packages'
[2.931s] Level 1:colcon.colcon_core.environment:checking '/home/neha/gitjazzy/install/bme_gazebo_basics/bin'
[2.931s] INFO:colcon.colcon_core.shell:Creating package descriptor '/home/neha/gitjazzy/install/bme_gazebo_basics/share/bme_gazebo_basics/package.dsv'
[2.932s] INFO:colcon.colcon_core.shell:Creating package script '/home/neha/gitjazzy/install/bme_gazebo_basics/share/bme_gazebo_basics/package.sh'
[2.933s] INFO:colcon.colcon_core.shell:Creating package script '/home/neha/gitjazzy/install/bme_gazebo_basics/share/bme_gazebo_basics/package.bash'
[2.934s] INFO:colcon.colcon_core.shell:Creating package script '/home/neha/gitjazzy/install/bme_gazebo_basics/share/bme_gazebo_basics/package.zsh'
[2.947s] Level 1:colcon.colcon_core.environment:create_file_with_runtime_dependencies(/home/neha/gitjazzy/install/bme_gazebo_basics/share/colcon-core/packages/bme_gazebo_basics)
[2.971s] Level 1:colcon.colcon_core.environment:create_environment_scripts_only(bme_gazebo_basics)
[2.972s] Level 1:colcon.colcon_core.environment:checking '/home/neha/gitjazzy/install/bme_gazebo_basics' for CMake module files
[2.981s] Level 1:colcon.colcon_core.environment:checking '/home/neha/gitjazzy/install/bme_gazebo_basics' for CMake config files
[2.983s] Level 1:colcon.colcon_core.shell:create_environment_hook('bme_gazebo_basics', 'cmake_prefix_path')
[2.983s] INFO:colcon.colcon_core.shell:Creating environment descriptor '/home/neha/gitjazzy/install/bme_gazebo_basics/share/bme_gazebo_basics/hook/cmake_prefix_path.dsv'
[2.996s] INFO:colcon.colcon_core.shell:Creating environment hook '/home/neha/gitjazzy/install/bme_gazebo_basics/share/bme_gazebo_basics/hook/cmake_prefix_path.sh'
[2.997s] Level 1:colcon.colcon_core.environment:checking '/home/neha/gitjazzy/install/bme_gazebo_basics/bin'
[2.997s] Level 1:colcon.colcon_core.environment:checking '/home/neha/gitjazzy/install/bme_gazebo_basics/lib/pkgconfig/bme_gazebo_basics.pc'
[2.998s] Level 1:colcon.colcon_core.environment:checking '/home/neha/gitjazzy/install/bme_gazebo_basics/lib/python3.12/site-packages'
[2.999s] Level 1:colcon.colcon_core.environment:checking '/home/neha/gitjazzy/install/bme_gazebo_basics/bin'
[2.999s] INFO:colcon.colcon_core.shell:Creating package descriptor '/home/neha/gitjazzy/install/bme_gazebo_basics/share/bme_gazebo_basics/package.dsv'
[3.000s] INFO:colcon.colcon_core.shell:Creating package script '/home/neha/gitjazzy/install/bme_gazebo_basics/share/bme_gazebo_basics/package.sh'
[3.003s] INFO:colcon.colcon_core.shell:Creating package script '/home/neha/gitjazzy/install/bme_gazebo_basics/share/bme_gazebo_basics/package.bash'
[3.004s] INFO:colcon.colcon_core.shell:Creating package script '/home/neha/gitjazzy/install/bme_gazebo_basics/share/bme_gazebo_basics/package.zsh'
[3.005s] Level 1:colcon.colcon_core.environment:create_file_with_runtime_dependencies(/home/neha/gitjazzy/install/bme_gazebo_basics/share/colcon-core/packages/bme_gazebo_basics)
[5.998s] DEBUG:colcon.colcon_core.event_handler.log_command:Invoking command in '/home/neha/gitjazzy/src/Week-7-8-ROS2-Navigation/bme_ros2_navigation_py': PYTHONPATH=/home/neha/gitjazzy/build/bme_ros2_navigation_py/prefix_override:/usr/lib/python3/dist-packages/colcon_core/task/python/colcon_distutils_commands:/home/neha/gitjazzy/install/bme_ros2_navigation_py/lib/python3.12/site-packages:${PYTHONPATH} /usr/bin/python3 -W ignore:setup.py install is deprecated -W ignore:easy_install command is deprecated setup.py egg_info --egg-base ../../../build/bme_ros2_navigation_py build --build-base /home/neha/gitjazzy/build/bme_ros2_navigation_py/build install --record /home/neha/gitjazzy/build/bme_ros2_navigation_py/install.log --single-version-externally-managed install_data
[6.207s] DEBUG:colcon.colcon_core.event_handler.log_command:Invoking command in '/home/neha/gitjazzy/src/Week-5-6-Gazebo-sensors/bme_gazebo_sensors_py': PYTHONPATH=/home/neha/gitjazzy/build/bme_gazebo_sensors_py/prefix_override:/usr/lib/python3/dist-packages/colcon_core/task/python/colcon_distutils_commands:/home/neha/gitjazzy/install/bme_gazebo_sensors_py/lib/python3.12/site-packages:${PYTHONPATH} /usr/bin/python3 -W ignore:setup.py install is deprecated -W ignore:easy_install command is deprecated setup.py egg_info --egg-base ../../../build/bme_gazebo_sensors_py build --build-base /home/neha/gitjazzy/build/bme_gazebo_sensors_py/build install --record /home/neha/gitjazzy/build/bme_gazebo_sensors_py/install.log --single-version-externally-managed install_data
[6.693s] DEBUG:colcon.colcon_core.event_handler.log_command:Invoking command in '/home/neha/gitjazzy/mogi_trajectory_server': PYTHONPATH=/home/neha/gitjazzy/build/mogi_trajectory_server/prefix_override:/usr/lib/python3/dist-packages/colcon_core/task/python/colcon_distutils_commands:/home/neha/gitjazzy/install/mogi_trajectory_server/lib/python3.12/site-packages:${PYTHONPATH} /usr/bin/python3 -W ignore:setup.py install is deprecated -W ignore:easy_install command is deprecated setup.py egg_info --egg-base ../build/mogi_trajectory_server build --build-base /home/neha/gitjazzy/build/mogi_trajectory_server/build install --record /home/neha/gitjazzy/build/mogi_trajectory_server/install.log --single-version-externally-managed install_data
[9.407s] Level 1:colcon.colcon_core.environment:checking '/home/neha/gitjazzy/install/bme_ros2_navigation_py' for CMake module files
[9.409s] DEBUG:colcon.colcon_core.event_handler.log_command:Invoked command in '/home/neha/gitjazzy/src/Week-7-8-ROS2-Navigation/bme_ros2_navigation_py' returned '0': PYTHONPATH=/home/neha/gitjazzy/build/bme_ros2_navigation_py/prefix_override:/usr/lib/python3/dist-packages/colcon_core/task/python/colcon_distutils_commands:/home/neha/gitjazzy/install/bme_ros2_navigation_py/lib/python3.12/site-packages:${PYTHONPATH} /usr/bin/python3 -W ignore:setup.py install is deprecated -W ignore:easy_install command is deprecated setup.py egg_info --egg-base ../../../build/bme_ros2_navigation_py build --build-base /home/neha/gitjazzy/build/bme_ros2_navigation_py/build install --record /home/neha/gitjazzy/build/bme_ros2_navigation_py/install.log --single-version-externally-managed install_data
[9.412s] Level 1:colcon.colcon_core.environment:checking '/home/neha/gitjazzy/install/bme_ros2_navigation_py' for CMake config files
[9.417s] Level 1:colcon.colcon_core.environment:checking '/home/neha/gitjazzy/install/bme_ros2_navigation_py/lib'
[9.417s] Level 1:colcon.colcon_core.environment:checking '/home/neha/gitjazzy/install/bme_ros2_navigation_py/bin'
[9.424s] Level 1:colcon.colcon_core.environment:checking '/home/neha/gitjazzy/install/bme_ros2_navigation_py/lib/pkgconfig/bme_ros2_navigation_py.pc'
[9.425s] Level 1:colcon.colcon_core.environment:checking '/home/neha/gitjazzy/install/bme_ros2_navigation_py/lib/python3.12/site-packages'
[9.425s] Level 1:colcon.colcon_core.shell:create_environment_hook('bme_ros2_navigation_py', 'pythonpath')
[9.426s] INFO:colcon.colcon_core.shell:Creating environment descriptor '/home/neha/gitjazzy/install/bme_ros2_navigation_py/share/bme_ros2_navigation_py/hook/pythonpath.dsv'
[9.427s] INFO:colcon.colcon_core.shell:Creating environment hook '/home/neha/gitjazzy/install/bme_ros2_navigation_py/share/bme_ros2_navigation_py/hook/pythonpath.sh'
[9.430s] Level 1:colcon.colcon_core.environment:checking '/home/neha/gitjazzy/install/bme_ros2_navigation_py/bin'
[9.431s] Level 1:colcon.colcon_core.environment:create_environment_scripts_only(bme_ros2_navigation_py)
[9.432s] INFO:colcon.colcon_core.shell:Creating package descriptor '/home/neha/gitjazzy/install/bme_ros2_navigation_py/share/bme_ros2_navigation_py/package.dsv'
[9.434s] INFO:colcon.colcon_core.shell:Creating package script '/home/neha/gitjazzy/install/bme_ros2_navigation_py/share/bme_ros2_navigation_py/package.sh'
[9.435s] INFO:colcon.colcon_core.shell:Creating package script '/home/neha/gitjazzy/install/bme_ros2_navigation_py/share/bme_ros2_navigation_py/package.bash'
[9.437s] INFO:colcon.colcon_core.shell:Creating package script '/home/neha/gitjazzy/install/bme_ros2_navigation_py/share/bme_ros2_navigation_py/package.zsh'
[9.438s] Level 1:colcon.colcon_core.environment:create_file_with_runtime_dependencies(/home/neha/gitjazzy/install/bme_ros2_navigation_py/share/colcon-core/packages/bme_ros2_navigation_py)
[9.760s] Level 1:colcon.colcon_core.environment:checking '/home/neha/gitjazzy/install/mogi_trajectory_server' for CMake module files
[9.762s] Level 1:colcon.colcon_core.environment:checking '/home/neha/gitjazzy/install/mogi_trajectory_server' for CMake config files
[9.763s] DEBUG:colcon.colcon_core.event_handler.log_command:Invoked command in '/home/neha/gitjazzy/mogi_trajectory_server' returned '0': PYTHONPATH=/home/neha/gitjazzy/build/mogi_trajectory_server/prefix_override:/usr/lib/python3/dist-packages/colcon_core/task/python/colcon_distutils_commands:/home/neha/gitjazzy/install/mogi_trajectory_server/lib/python3.12/site-packages:${PYTHONPATH} /usr/bin/python3 -W ignore:setup.py install is deprecated -W ignore:easy_install command is deprecated setup.py egg_info --egg-base ../build/mogi_trajectory_server build --build-base /home/neha/gitjazzy/build/mogi_trajectory_server/build install --record /home/neha/gitjazzy/build/mogi_trajectory_server/install.log --single-version-externally-managed install_data
[9.765s] Level 1:colcon.colcon_core.environment:checking '/home/neha/gitjazzy/install/mogi_trajectory_server/lib'
[9.765s] Level 1:colcon.colcon_core.environment:checking '/home/neha/gitjazzy/install/mogi_trajectory_server/bin'
[9.765s] Level 1:colcon.colcon_core.environment:checking '/home/neha/gitjazzy/install/mogi_trajectory_server/lib/pkgconfig/mogi_trajectory_server.pc'
[9.766s] Level 1:colcon.colcon_core.environment:checking '/home/neha/gitjazzy/install/mogi_trajectory_server/lib/python3.12/site-packages'
[9.766s] Level 1:colcon.colcon_core.shell:create_environment_hook('mogi_trajectory_server', 'pythonpath')
[9.767s] INFO:colcon.colcon_core.shell:Creating environment descriptor '/home/neha/gitjazzy/install/mogi_trajectory_server/share/mogi_trajectory_server/hook/pythonpath.dsv'
[9.768s] INFO:colcon.colcon_core.shell:Creating environment hook '/home/neha/gitjazzy/install/mogi_trajectory_server/share/mogi_trajectory_server/hook/pythonpath.sh'
[9.769s] Level 1:colcon.colcon_core.environment:checking '/home/neha/gitjazzy/install/mogi_trajectory_server/bin'
[9.769s] Level 1:colcon.colcon_core.environment:create_environment_scripts_only(mogi_trajectory_server)
[9.770s] INFO:colcon.colcon_core.shell:Creating package descriptor '/home/neha/gitjazzy/install/mogi_trajectory_server/share/mogi_trajectory_server/package.dsv'
[9.771s] INFO:colcon.colcon_core.shell:Creating package script '/home/neha/gitjazzy/install/mogi_trajectory_server/share/mogi_trajectory_server/package.sh'
[9.773s] INFO:colcon.colcon_core.shell:Creating package script '/home/neha/gitjazzy/install/mogi_trajectory_server/share/mogi_trajectory_server/package.bash'
[9.774s] INFO:colcon.colcon_core.shell:Creating package script '/home/neha/gitjazzy/install/mogi_trajectory_server/share/mogi_trajectory_server/package.zsh'
[9.775s] Level 1:colcon.colcon_core.environment:create_file_with_runtime_dependencies(/home/neha/gitjazzy/install/mogi_trajectory_server/share/colcon-core/packages/mogi_trajectory_server)
[9.795s] Level 1:colcon.colcon_core.environment:checking '/home/neha/gitjazzy/install/bme_gazebo_sensors_py' for CMake module files
[9.796s] DEBUG:colcon.colcon_core.event_handler.log_command:Invoked command in '/home/neha/gitjazzy/src/Week-5-6-Gazebo-sensors/bme_gazebo_sensors_py' returned '0': PYTHONPATH=/home/neha/gitjazzy/build/bme_gazebo_sensors_py/prefix_override:/usr/lib/python3/dist-packages/colcon_core/task/python/colcon_distutils_commands:/home/neha/gitjazzy/install/bme_gazebo_sensors_py/lib/python3.12/site-packages:${PYTHONPATH} /usr/bin/python3 -W ignore:setup.py install is deprecated -W ignore:easy_install command is deprecated setup.py egg_info --egg-base ../../../build/bme_gazebo_sensors_py build --build-base /home/neha/gitjazzy/build/bme_gazebo_sensors_py/build install --record /home/neha/gitjazzy/build/bme_gazebo_sensors_py/install.log --single-version-externally-managed install_data
[9.799s] Level 1:colcon.colcon_core.environment:checking '/home/neha/gitjazzy/install/bme_gazebo_sensors_py' for CMake config files
[9.802s] Level 1:colcon.colcon_core.environment:checking '/home/neha/gitjazzy/install/bme_gazebo_sensors_py/lib'
[9.802s] Level 1:colcon.colcon_core.environment:checking '/home/neha/gitjazzy/install/bme_gazebo_sensors_py/bin'
[9.802s] Level 1:colcon.colcon_core.environment:checking '/home/neha/gitjazzy/install/bme_gazebo_sensors_py/lib/pkgconfig/bme_gazebo_sensors_py.pc'
[9.803s] Level 1:colcon.colcon_core.environment:checking '/home/neha/gitjazzy/install/bme_gazebo_sensors_py/lib/python3.12/site-packages'
[9.803s] Level 1:colcon.colcon_core.shell:create_environment_hook('bme_gazebo_sensors_py', 'pythonpath')
[9.804s] INFO:colcon.colcon_core.shell:Creating environment descriptor '/home/neha/gitjazzy/install/bme_gazebo_sensors_py/share/bme_gazebo_sensors_py/hook/pythonpath.dsv'
[9.805s] INFO:colcon.colcon_core.shell:Creating environment hook '/home/neha/gitjazzy/install/bme_gazebo_sensors_py/share/bme_gazebo_sensors_py/hook/pythonpath.sh'
[9.807s] Level 1:colcon.colcon_core.environment:checking '/home/neha/gitjazzy/install/bme_gazebo_sensors_py/bin'
[9.808s] Level 1:colcon.colcon_core.environment:create_environment_scripts_only(bme_gazebo_sensors_py)
[9.808s] INFO:colcon.colcon_core.shell:Creating package descriptor '/home/neha/gitjazzy/install/bme_gazebo_sensors_py/share/bme_gazebo_sensors_py/package.dsv'
[9.810s] INFO:colcon.colcon_core.shell:Creating package script '/home/neha/gitjazzy/install/bme_gazebo_sensors_py/share/bme_gazebo_sensors_py/package.sh'
[9.811s] INFO:colcon.colcon_core.shell:Creating package script '/home/neha/gitjazzy/install/bme_gazebo_sensors_py/share/bme_gazebo_sensors_py/package.bash'
[9.813s] INFO:colcon.colcon_core.shell:Creating package script '/home/neha/gitjazzy/install/bme_gazebo_sensors_py/share/bme_gazebo_sensors_py/package.zsh'
[9.816s] Level 1:colcon.colcon_core.environment:create_file_with_runtime_dependencies(/home/neha/gitjazzy/install/bme_gazebo_sensors_py/share/colcon-core/packages/bme_gazebo_sensors_py)
[9.821s] DEBUG:colcon.colcon_parallel_executor.executor.parallel:closing loop
[9.822s] DEBUG:colcon.colcon_parallel_executor.executor.parallel:loop closed
[9.822s] DEBUG:colcon.colcon_parallel_executor.executor.parallel:run_until_complete finished with '0'
[9.823s] DEBUG:colcon.colcon_core.event_reactor:joining thread
[9.948s] INFO:colcon.colcon_core.plugin_system:Skipping extension 'colcon_notification.desktop_notification.notify_send': Could not find 'notify-send'
[9.948s] INFO:colcon.colcon_core.plugin_system:Skipping extension 'colcon_notification.desktop_notification.terminal_notifier': Not used on non-Darwin systems
[9.948s] INFO:colcon.colcon_core.plugin_system:Skipping extension 'colcon_notification.desktop_notification.win32': Not used on non-Windows systems
[9.948s] INFO:colcon.colcon_notification.desktop_notification:Sending desktop notification using 'notify2'
[9.951s] DEBUG:colcon.colcon_notification.desktop_notification.notify2:Failed to initialize notify2: org.freedesktop.DBus.Error.ServiceUnknown: The name org.freedesktop.Notifications was not provided by any .service files
[9.951s] DEBUG:colcon.colcon_core.event_reactor:joined thread
[9.952s] INFO:colcon.colcon_core.shell:Creating prefix script '/home/neha/gitjazzy/install/local_setup.sh'
[9.954s] INFO:colcon.colcon_core.shell:Creating prefix util module '/home/neha/gitjazzy/install/_local_setup_util_sh.py'
[9.957s] INFO:colcon.colcon_core.shell:Creating prefix chain script '/home/neha/gitjazzy/install/setup.sh'
[9.960s] INFO:colcon.colcon_core.shell:Creating prefix script '/home/neha/gitjazzy/install/local_setup.bash'
[9.962s] INFO:colcon.colcon_core.shell:Creating prefix chain script '/home/neha/gitjazzy/install/setup.bash'
[9.965s] INFO:colcon.colcon_core.shell:Creating prefix script '/home/neha/gitjazzy/install/local_setup.zsh'
[9.968s] INFO:colcon.colcon_core.shell:Creating prefix chain script '/home/neha/gitjazzy/install/setup.zsh'
