[0.332s] Invoking command in '/home/neha/gitjazzy/src/build/bme_ros2_navigation': CMAKE_PREFIX_PATH=${CMAKE_PREFIX_PATH}:/home/neha/gitjazzy/src/install/bme_ros2_navigation_py:/home/neha/gitjazzy/src/install/bme_gazebo_sensors_py:/home/neha/gitjazzy/install/mogi_trajectory_server:/home/neha/gitjazzy/install/bme_gazebo_sensors_py:/opt/ros/jazzy /usr/bin/cmake --build /home/neha/gitjazzy/src/build/bme_ros2_navigation -- -j8 -l8
[0.645s] Invoked command in '/home/neha/gitjazzy/src/build/bme_ros2_navigation' returned '0': CMAKE_PREFIX_PATH=${CMAKE_PREFIX_PATH}:/home/neha/gitjazzy/src/install/bme_ros2_navigation_py:/home/neha/gitjazzy/src/install/bme_gazebo_sensors_py:/home/neha/gitjazzy/install/mogi_trajectory_server:/home/neha/gitjazzy/install/bme_gazebo_sensors_py:/opt/ros/jazzy /usr/bin/cmake --build /home/neha/gitjazzy/src/build/bme_ros2_navigation -- -j8 -l8
[0.669s] Invoking command in '/home/neha/gitjazzy/src/build/bme_ros2_navigation': CMAKE_PREFIX_PATH=${CMAKE_PREFIX_PATH}:/home/neha/gitjazzy/src/install/bme_ros2_navigation_py:/home/neha/gitjazzy/src/install/bme_gazebo_sensors_py:/home/neha/gitjazzy/install/mogi_trajectory_server:/home/neha/gitjazzy/install/bme_gazebo_sensors_py:/opt/ros/jazzy /usr/bin/cmake --install /home/neha/gitjazzy/src/build/bme_ros2_navigation
[0.690s] -- Install configuration: ""
[0.691s] -- Up-to-date: /home/neha/gitjazzy/src/install/bme_ros2_navigation/share/bme_ros2_navigation/launch
[0.691s] -- Up-to-date: /home/neha/gitjazzy/src/install/bme_ros2_navigation/share/bme_ros2_navigation/launch/check_urdf.launch.py
[0.691s] -- Up-to-date: /home/neha/gitjazzy/src/install/bme_ros2_navigation/share/bme_ros2_navigation/launch/navigation.launch.py
[0.692s] -- Up-to-date: /home/neha/gitjazzy/src/install/bme_ros2_navigation/share/bme_ros2_navigation/launch/navigation_with_slam.launch.py
[0.693s] -- Up-to-date: /home/neha/gitjazzy/src/install/bme_ros2_navigation/share/bme_ros2_navigation/launch/localization_slam_toolbox.launch.py
[0.693s] -- Up-to-date: /home/neha/gitjazzy/src/install/bme_ros2_navigation/share/bme_ros2_navigation/launch/mapping.launch.py
[0.693s] -- Up-to-date: /home/neha/gitjazzy/src/install/bme_ros2_navigation/share/bme_ros2_navigation/launch/localization.launch.py
[0.694s] -- Up-to-date: /home/neha/gitjazzy/src/install/bme_ros2_navigation/share/bme_ros2_navigation/launch/spawn_robot.launch.py
[0.695s] -- Up-to-date: /home/neha/gitjazzy/src/install/bme_ros2_navigation/share/bme_ros2_navigation/launch/world.launch.py
[0.695s] -- Up-to-date: /home/neha/gitjazzy/src/install/bme_ros2_navigation/share/bme_ros2_navigation/worlds
[0.696s] -- Up-to-date: /home/neha/gitjazzy/src/install/bme_ros2_navigation/share/bme_ros2_navigation/worlds/home.sdf
[0.696s] -- Up-to-date: /home/neha/gitjazzy/src/install/bme_ros2_navigation/share/bme_ros2_navigation/worlds/empty.sdf
[0.696s] -- Up-to-date: /home/neha/gitjazzy/src/install/bme_ros2_navigation/share/bme_ros2_navigation/rviz
[0.696s] -- Up-to-date: /home/neha/gitjazzy/src/install/bme_ros2_navigation/share/bme_ros2_navigation/rviz/navigation.rviz
[0.697s] -- Up-to-date: /home/neha/gitjazzy/src/install/bme_ros2_navigation/share/bme_ros2_navigation/rviz/rviz.rviz
[0.697s] -- Up-to-date: /home/neha/gitjazzy/src/install/bme_ros2_navigation/share/bme_ros2_navigation/rviz/mapping.rviz
[0.698s] -- Up-to-date: /home/neha/gitjazzy/src/install/bme_ros2_navigation/share/bme_ros2_navigation/rviz/localization.rviz
[0.698s] -- Up-to-date: /home/neha/gitjazzy/src/install/bme_ros2_navigation/share/bme_ros2_navigation/rviz/urdf.rviz
[0.699s] -- Up-to-date: /home/neha/gitjazzy/src/install/bme_ros2_navigation/share/bme_ros2_navigation/urdf
[0.699s] -- Up-to-date: /home/neha/gitjazzy/src/install/bme_ros2_navigation/share/bme_ros2_navigation/urdf/mogi_bot.urdf
[0.699s] -- Up-to-date: /home/neha/gitjazzy/src/install/bme_ros2_navigation/share/bme_ros2_navigation/urdf/materials.xacro
[0.699s] -- Up-to-date: /home/neha/gitjazzy/src/install/bme_ros2_navigation/share/bme_ros2_navigation/urdf/mogi_bot.gazebo
[0.700s] -- Up-to-date: /home/neha/gitjazzy/src/install/bme_ros2_navigation/share/bme_ros2_navigation/meshes
[0.700s] -- Up-to-date: /home/neha/gitjazzy/src/install/bme_ros2_navigation/share/bme_ros2_navigation/meshes/lidar.dae
[0.701s] -- Up-to-date: /home/neha/gitjazzy/src/install/bme_ros2_navigation/share/bme_ros2_navigation/meshes/mogi_bot.dae
[0.701s] -- Up-to-date: /home/neha/gitjazzy/src/install/bme_ros2_navigation/share/bme_ros2_navigation/meshes/wheel.dae
[0.701s] -- Up-to-date: /home/neha/gitjazzy/src/install/bme_ros2_navigation/share/bme_ros2_navigation/config
[0.702s] -- Up-to-date: /home/neha/gitjazzy/src/install/bme_ros2_navigation/share/bme_ros2_navigation/config/amcl_localization.yaml
[0.703s] -- Up-to-date: /home/neha/gitjazzy/src/install/bme_ros2_navigation/share/bme_ros2_navigation/config/navigation.yaml
[0.703s] -- Up-to-date: /home/neha/gitjazzy/src/install/bme_ros2_navigation/share/bme_ros2_navigation/config/gz_bridge.yaml
[0.704s] -- Up-to-date: /home/neha/gitjazzy/src/install/bme_ros2_navigation/share/bme_ros2_navigation/config/waypoints.yaml
[0.705s] -- Up-to-date: /home/neha/gitjazzy/src/install/bme_ros2_navigation/share/bme_ros2_navigation/config/ekf.yaml
[0.705s] -- Up-to-date: /home/neha/gitjazzy/src/install/bme_ros2_navigation/share/bme_ros2_navigation/config/slam_toolbox_localization.yaml
[0.705s] -- Up-to-date: /home/neha/gitjazzy/src/install/bme_ros2_navigation/share/bme_ros2_navigation/config/slam_toolbox_mapping.yaml
[0.705s] -- Up-to-date: /home/neha/gitjazzy/src/install/bme_ros2_navigation/share/bme_ros2_navigation/maps
[0.706s] -- Up-to-date: /home/neha/gitjazzy/src/install/bme_ros2_navigation/share/bme_ros2_navigation/maps/my_map.pgm
[0.706s] -- Up-to-date: /home/neha/gitjazzy/src/install/bme_ros2_navigation/share/bme_ros2_navigation/maps/my_map.yaml
[0.706s] -- Up-to-date: /home/neha/gitjazzy/src/install/bme_ros2_navigation/share/bme_ros2_navigation/maps/serialized.data
[0.706s] -- Up-to-date: /home/neha/gitjazzy/src/install/bme_ros2_navigation/share/bme_ros2_navigation/maps/serialized.posegraph
[0.707s] -- Up-to-date: /home/neha/gitjazzy/src/install/bme_ros2_navigation/share/ament_index/resource_index/package_run_dependencies/bme_ros2_navigation
[0.707s] -- Up-to-date: /home/neha/gitjazzy/src/install/bme_ros2_navigation/share/ament_index/resource_index/parent_prefix_path/bme_ros2_navigation
[0.707s] -- Up-to-date: /home/neha/gitjazzy/src/install/bme_ros2_navigation/share/bme_ros2_navigation/environment/ament_prefix_path.sh
[0.708s] -- Up-to-date: /home/neha/gitjazzy/src/install/bme_ros2_navigation/share/bme_ros2_navigation/environment/ament_prefix_path.dsv
[0.708s] -- Up-to-date: /home/neha/gitjazzy/src/install/bme_ros2_navigation/share/bme_ros2_navigation/environment/path.sh
[0.709s] -- Up-to-date: /home/neha/gitjazzy/src/install/bme_ros2_navigation/share/bme_ros2_navigation/environment/path.dsv
[0.709s] -- Up-to-date: /home/neha/gitjazzy/src/install/bme_ros2_navigation/share/bme_ros2_navigation/local_setup.bash
[0.709s] -- Up-to-date: /home/neha/gitjazzy/src/install/bme_ros2_navigation/share/bme_ros2_navigation/local_setup.sh
[0.710s] -- Up-to-date: /home/neha/gitjazzy/src/install/bme_ros2_navigation/share/bme_ros2_navigation/local_setup.zsh
[0.710s] -- Up-to-date: /home/neha/gitjazzy/src/install/bme_ros2_navigation/share/bme_ros2_navigation/local_setup.dsv
[0.710s] -- Installing: /home/neha/gitjazzy/src/install/bme_ros2_navigation/share/bme_ros2_navigation/package.dsv
[0.710s] -- Up-to-date: /home/neha/gitjazzy/src/install/bme_ros2_navigation/share/ament_index/resource_index/packages/bme_ros2_navigation
[0.710s] -- Up-to-date: /home/neha/gitjazzy/src/install/bme_ros2_navigation/share/bme_ros2_navigation/cmake/bme_ros2_navigationConfig.cmake
[0.711s] -- Up-to-date: /home/neha/gitjazzy/src/install/bme_ros2_navigation/share/bme_ros2_navigation/cmake/bme_ros2_navigationConfig-version.cmake
[0.711s] -- Up-to-date: /home/neha/gitjazzy/src/install/bme_ros2_navigation/share/bme_ros2_navigation/package.xml
[0.755s] Invoked command in '/home/neha/gitjazzy/src/build/bme_ros2_navigation' returned '0': CMAKE_PREFIX_PATH=${CMAKE_PREFIX_PATH}:/home/neha/gitjazzy/src/install/bme_ros2_navigation_py:/home/neha/gitjazzy/src/install/bme_gazebo_sensors_py:/home/neha/gitjazzy/install/mogi_trajectory_server:/home/neha/gitjazzy/install/bme_gazebo_sensors_py:/opt/ros/jazzy /usr/bin/cmake --install /home/neha/gitjazzy/src/build/bme_ros2_navigation
