[1.252s] Invoking command in '/home/neha/gitjazzy/src/Week-5-6-Gazebo-sensors/bme_gazebo_sensors_py': PYTHONPATH=/home/neha/gitjazzy/src/build/bme_gazebo_sensors_py/prefix_override:/usr/lib/python3/dist-packages/colcon_core/task/python/colcon_distutils_commands:/home/neha/gitjazzy/src/install/bme_gazebo_sensors_py/lib/python3.12/site-packages:${PYTHONPATH} /usr/bin/python3 -W ignore:setup.py install is deprecated -W ignore:easy_install command is deprecated setup.py egg_info --egg-base ../../build/bme_gazebo_sensors_py build --build-base /home/neha/gitjazzy/src/build/bme_gazebo_sensors_py/build install --record /home/neha/gitjazzy/src/build/bme_gazebo_sensors_py/install.log --single-version-externally-managed install_data
[1.631s] running egg_info
[1.632s] creating ../../build/bme_gazebo_sensors_py/bme_gazebo_sensors_py.egg-info
[1.656s] writing ../../build/bme_gazebo_sensors_py/bme_gazebo_sensors_py.egg-info/PKG-INFO
[1.656s] writing dependency_links to ../../build/bme_gazebo_sensors_py/bme_gazebo_sensors_py.egg-info/dependency_links.txt
[1.657s] writing entry points to ../../build/bme_gazebo_sensors_py/bme_gazebo_sensors_py.egg-info/entry_points.txt
[1.657s] writing requirements to ../../build/bme_gazebo_sensors_py/bme_gazebo_sensors_py.egg-info/requires.txt
[1.657s] writing top-level names to ../../build/bme_gazebo_sensors_py/bme_gazebo_sensors_py.egg-info/top_level.txt
[1.657s] writing manifest file '../../build/bme_gazebo_sensors_py/bme_gazebo_sensors_py.egg-info/SOURCES.txt'
[1.714s] reading manifest file '../../build/bme_gazebo_sensors_py/bme_gazebo_sensors_py.egg-info/SOURCES.txt'
[1.715s] writing manifest file '../../build/bme_gazebo_sensors_py/bme_gazebo_sensors_py.egg-info/SOURCES.txt'
[1.715s] running build
[1.715s] running build_py
[1.715s] creating /home/neha/gitjazzy/src/build/bme_gazebo_sensors_py/build
[1.716s] creating /home/neha/gitjazzy/src/build/bme_gazebo_sensors_py/build/lib
[1.716s] creating /home/neha/gitjazzy/src/build/bme_gazebo_sensors_py/build/lib/bme_gazebo_sensors_py
[1.716s] copying bme_gazebo_sensors_py/gps_waypoint_follower.py -> /home/neha/gitjazzy/src/build/bme_gazebo_sensors_py/build/lib/bme_gazebo_sensors_py
[1.717s] copying bme_gazebo_sensors_py/haversine_test.py -> /home/neha/gitjazzy/src/build/bme_gazebo_sensors_py/build/lib/bme_gazebo_sensors_py
[1.717s] copying bme_gazebo_sensors_py/__init__.py -> /home/neha/gitjazzy/src/build/bme_gazebo_sensors_py/build/lib/bme_gazebo_sensors_py
[1.717s] copying bme_gazebo_sensors_py/image_republisher.py -> /home/neha/gitjazzy/src/build/bme_gazebo_sensors_py/build/lib/bme_gazebo_sensors_py
[1.718s] running install
[1.726s] running install_lib
[1.755s] creating /home/neha/gitjazzy/src/install/bme_gazebo_sensors_py/lib/python3.12/site-packages/bme_gazebo_sensors_py
[1.755s] copying /home/neha/gitjazzy/src/build/bme_gazebo_sensors_py/build/lib/bme_gazebo_sensors_py/gps_waypoint_follower.py -> /home/neha/gitjazzy/src/install/bme_gazebo_sensors_py/lib/python3.12/site-packages/bme_gazebo_sensors_py
[1.756s] copying /home/neha/gitjazzy/src/build/bme_gazebo_sensors_py/build/lib/bme_gazebo_sensors_py/haversine_test.py -> /home/neha/gitjazzy/src/install/bme_gazebo_sensors_py/lib/python3.12/site-packages/bme_gazebo_sensors_py
[1.756s] copying /home/neha/gitjazzy/src/build/bme_gazebo_sensors_py/build/lib/bme_gazebo_sensors_py/__init__.py -> /home/neha/gitjazzy/src/install/bme_gazebo_sensors_py/lib/python3.12/site-packages/bme_gazebo_sensors_py
[1.756s] copying /home/neha/gitjazzy/src/build/bme_gazebo_sensors_py/build/lib/bme_gazebo_sensors_py/image_republisher.py -> /home/neha/gitjazzy/src/install/bme_gazebo_sensors_py/lib/python3.12/site-packages/bme_gazebo_sensors_py
[1.757s] byte-compiling /home/neha/gitjazzy/src/install/bme_gazebo_sensors_py/lib/python3.12/site-packages/bme_gazebo_sensors_py/gps_waypoint_follower.py to gps_waypoint_follower.cpython-312.pyc
[1.758s] byte-compiling /home/neha/gitjazzy/src/install/bme_gazebo_sensors_py/lib/python3.12/site-packages/bme_gazebo_sensors_py/haversine_test.py to haversine_test.cpython-312.pyc
[1.759s] byte-compiling /home/neha/gitjazzy/src/install/bme_gazebo_sensors_py/lib/python3.12/site-packages/bme_gazebo_sensors_py/__init__.py to __init__.cpython-312.pyc
[1.759s] byte-compiling /home/neha/gitjazzy/src/install/bme_gazebo_sensors_py/lib/python3.12/site-packages/bme_gazebo_sensors_py/image_republisher.py to image_republisher.cpython-312.pyc
[1.760s] running install_data
[1.760s] creating /home/neha/gitjazzy/src/install/bme_gazebo_sensors_py/share/ament_index
[1.761s] creating /home/neha/gitjazzy/src/install/bme_gazebo_sensors_py/share/ament_index/resource_index
[1.761s] creating /home/neha/gitjazzy/src/install/bme_gazebo_sensors_py/share/ament_index/resource_index/packages
[1.762s] copying resource/bme_gazebo_sensors_py -> /home/neha/gitjazzy/src/install/bme_gazebo_sensors_py/share/ament_index/resource_index/packages
[1.762s] copying package.xml -> /home/neha/gitjazzy/src/install/bme_gazebo_sensors_py/share/bme_gazebo_sensors_py
[1.762s] running install_egg_info
[1.790s] Copying ../../build/bme_gazebo_sensors_py/bme_gazebo_sensors_py.egg-info to /home/neha/gitjazzy/src/install/bme_gazebo_sensors_py/lib/python3.12/site-packages/bme_gazebo_sensors_py-1.0.0-py3.12.egg-info
[1.791s] running install_scripts
[1.973s] Installing gps_waypoint_follower script to /home/neha/gitjazzy/src/install/bme_gazebo_sensors_py/lib/bme_gazebo_sensors_py
[1.973s] Installing image_republisher script to /home/neha/gitjazzy/src/install/bme_gazebo_sensors_py/lib/bme_gazebo_sensors_py
[1.973s] writing list of installed files to '/home/neha/gitjazzy/src/build/bme_gazebo_sensors_py/install.log'
[2.013s] Invoked command in '/home/neha/gitjazzy/src/Week-5-6-Gazebo-sensors/bme_gazebo_sensors_py' returned '0': PYTHONPATH=/home/neha/gitjazzy/src/build/bme_gazebo_sensors_py/prefix_override:/usr/lib/python3/dist-packages/colcon_core/task/python/colcon_distutils_commands:/home/neha/gitjazzy/src/install/bme_gazebo_sensors_py/lib/python3.12/site-packages:${PYTHONPATH} /usr/bin/python3 -W ignore:setup.py install is deprecated -W ignore:easy_install command is deprecated setup.py egg_info --egg-base ../../build/bme_gazebo_sensors_py build --build-base /home/neha/gitjazzy/src/build/bme_gazebo_sensors_py/build install --record /home/neha/gitjazzy/src/build/bme_gazebo_sensors_py/install.log --single-version-externally-managed install_data
