[0.057s] Invoking command in '/home/neha/gitjazzy/build/bme_gazebo_basics': CMAKE_PREFIX_PATH=${CMAKE_PREFIX_PATH}:/home/neha/gitjazzy/install/mogi_trajectory_server:/opt/ros/jazzy /usr/bin/cmake --build /home/neha/gitjazzy/build/bme_gazebo_basics -- -j8 -l8
[0.373s] Invoked command in '/home/neha/gitjazzy/build/bme_gazebo_basics' returned '0': CMAKE_PREFIX_PATH=${CMAKE_PREFIX_PATH}:/home/neha/gitjazzy/install/mogi_trajectory_server:/opt/ros/jazzy /usr/bin/cmake --build /home/neha/gitjazzy/build/bme_gazebo_basics -- -j8 -l8
[0.390s] Invoking command in '/home/neha/gitjazzy/build/bme_gazebo_basics': CMAKE_PREFIX_PATH=${CMAKE_PREFIX_PATH}:/home/neha/gitjazzy/install/mogi_trajectory_server:/opt/ros/jazzy /usr/bin/cmake --install /home/neha/gitjazzy/build/bme_gazebo_basics
[0.403s] -- Install configuration: ""
[0.405s] -- Execute custom install script
[0.408s] -- Up-to-date symlink: /home/neha/gitjazzy/install/bme_gazebo_basics/share/bme_gazebo_basics/launch/check_urdf.launch.py
[0.409s] -- Up-to-date symlink: /home/neha/gitjazzy/install/bme_gazebo_basics/share/bme_gazebo_basics/launch/spawn_robot.launch.py
[0.409s] -- Up-to-date symlink: /home/neha/gitjazzy/install/bme_gazebo_basics/share/bme_gazebo_basics/launch/spawn_robot2.launch.py
[0.410s] -- Up-to-date symlink: /home/neha/gitjazzy/install/bme_gazebo_basics/share/bme_gazebo_basics/launch/world.launch.py
[0.411s] -- Up-to-date symlink: /home/neha/gitjazzy/install/bme_gazebo_basics/share/bme_gazebo_basics/worlds/empty.sdf
[0.412s] -- Up-to-date symlink: /home/neha/gitjazzy/install/bme_gazebo_basics/share/bme_gazebo_basics/worlds/world.sdf
[0.413s] -- Up-to-date symlink: /home/neha/gitjazzy/install/bme_gazebo_basics/share/bme_gazebo_basics/rviz/rviz.rviz
[0.414s] -- Up-to-date symlink: /home/neha/gitjazzy/install/bme_gazebo_basics/share/bme_gazebo_basics/rviz/urdf.rviz
[0.415s] -- Up-to-date symlink: /home/neha/gitjazzy/install/bme_gazebo_basics/share/bme_gazebo_basics/urdf/demo.urdf
[0.416s] -- Up-to-date symlink: /home/neha/gitjazzy/install/bme_gazebo_basics/share/bme_gazebo_basics/urdf/dimension.urdf
[0.417s] -- Up-to-date symlink: /home/neha/gitjazzy/install/bme_gazebo_basics/share/bme_gazebo_basics/urdf/materials.xacro
[0.418s] -- Up-to-date symlink: /home/neha/gitjazzy/install/bme_gazebo_basics/share/bme_gazebo_basics/urdf/mogi_bot.gazebo
[0.418s] -- Up-to-date symlink: /home/neha/gitjazzy/install/bme_gazebo_basics/share/bme_gazebo_basics/urdf/mogi_bot.urdf
[0.419s] -- Up-to-date symlink: /home/neha/gitjazzy/install/bme_gazebo_basics/share/bme_gazebo_basics/urdf/mogi_bot2.urdf
[0.420s] -- Symlinking: /home/neha/gitjazzy/install/bme_gazebo_basics/share/bme_gazebo_basics/urdf/mogi_bot_skid_steer.gazebo
[0.433s] -- Symlinking: /home/neha/gitjazzy/install/bme_gazebo_basics/share/bme_gazebo_basics/urdf/mogi_bot_skid_steer.urdf
[0.446s] -- Up-to-date symlink: /home/neha/gitjazzy/install/bme_gazebo_basics/share/bme_gazebo_basics/meshes/mecanum_wheel_left.STL
[0.446s] -- Up-to-date symlink: /home/neha/gitjazzy/install/bme_gazebo_basics/share/bme_gazebo_basics/meshes/mecanum_wheel_right.STL
[0.447s] -- Up-to-date symlink: /home/neha/gitjazzy/install/bme_gazebo_basics/share/bme_gazebo_basics/meshes/mogi_bot.SLDPRT
[0.448s] -- Up-to-date symlink: /home/neha/gitjazzy/install/bme_gazebo_basics/share/bme_gazebo_basics/meshes/mogi_bot.STEP
[0.448s] -- Up-to-date symlink: /home/neha/gitjazzy/install/bme_gazebo_basics/share/bme_gazebo_basics/meshes/mogi_bot.STL
[0.449s] -- Up-to-date symlink: /home/neha/gitjazzy/install/bme_gazebo_basics/share/bme_gazebo_basics/meshes/mogi_bot.blend
[0.449s] -- Up-to-date symlink: /home/neha/gitjazzy/install/bme_gazebo_basics/share/bme_gazebo_basics/meshes/mogi_bot.dae
[0.450s] -- Up-to-date symlink: /home/neha/gitjazzy/install/bme_gazebo_basics/share/bme_gazebo_basics/meshes/wheel.SLDPRT
[0.451s] -- Up-to-date symlink: /home/neha/gitjazzy/install/bme_gazebo_basics/share/bme_gazebo_basics/meshes/wheel.STEP
[0.451s] -- Up-to-date symlink: /home/neha/gitjazzy/install/bme_gazebo_basics/share/bme_gazebo_basics/meshes/wheel.STL
[0.452s] -- Up-to-date symlink: /home/neha/gitjazzy/install/bme_gazebo_basics/share/bme_gazebo_basics/meshes/wheel.blend
[0.452s] -- Up-to-date symlink: /home/neha/gitjazzy/install/bme_gazebo_basics/share/bme_gazebo_basics/meshes/wheel.dae
[0.453s] -- Up-to-date symlink: /home/neha/gitjazzy/install/bme_gazebo_basics/share/ament_index/resource_index/package_run_dependencies/bme_gazebo_basics
[0.454s] -- Up-to-date symlink: /home/neha/gitjazzy/install/bme_gazebo_basics/share/ament_index/resource_index/parent_prefix_path/bme_gazebo_basics
[0.455s] -- Up-to-date symlink: /home/neha/gitjazzy/install/bme_gazebo_basics/share/bme_gazebo_basics/environment/ament_prefix_path.sh
[0.455s] -- Up-to-date symlink: /home/neha/gitjazzy/install/bme_gazebo_basics/share/bme_gazebo_basics/environment/ament_prefix_path.dsv
[0.456s] -- Up-to-date symlink: /home/neha/gitjazzy/install/bme_gazebo_basics/share/bme_gazebo_basics/environment/path.sh
[0.457s] -- Up-to-date symlink: /home/neha/gitjazzy/install/bme_gazebo_basics/share/bme_gazebo_basics/environment/path.dsv
[0.457s] -- Up-to-date symlink: /home/neha/gitjazzy/install/bme_gazebo_basics/share/bme_gazebo_basics/local_setup.bash
[0.458s] -- Up-to-date symlink: /home/neha/gitjazzy/install/bme_gazebo_basics/share/bme_gazebo_basics/local_setup.sh
[0.459s] -- Up-to-date symlink: /home/neha/gitjazzy/install/bme_gazebo_basics/share/bme_gazebo_basics/local_setup.zsh
[0.459s] -- Up-to-date symlink: /home/neha/gitjazzy/install/bme_gazebo_basics/share/bme_gazebo_basics/local_setup.dsv
[0.460s] -- Symlinking: /home/neha/gitjazzy/install/bme_gazebo_basics/share/bme_gazebo_basics/package.dsv
[0.473s] -- Up-to-date symlink: /home/neha/gitjazzy/install/bme_gazebo_basics/share/ament_index/resource_index/packages/bme_gazebo_basics
[0.474s] -- Up-to-date symlink: /home/neha/gitjazzy/install/bme_gazebo_basics/share/bme_gazebo_basics/cmake/bme_gazebo_basicsConfig.cmake
[0.475s] -- Up-to-date symlink: /home/neha/gitjazzy/install/bme_gazebo_basics/share/bme_gazebo_basics/cmake/bme_gazebo_basicsConfig-version.cmake
[0.475s] -- Up-to-date symlink: /home/neha/gitjazzy/install/bme_gazebo_basics/share/bme_gazebo_basics/package.xml
[0.478s] Invoked command in '/home/neha/gitjazzy/build/bme_gazebo_basics' returned '0': CMAKE_PREFIX_PATH=${CMAKE_PREFIX_PATH}:/home/neha/gitjazzy/install/mogi_trajectory_server:/opt/ros/jazzy /usr/bin/cmake --install /home/neha/gitjazzy/build/bme_gazebo_basics
