[0.041s] Invoking command in '/home/neha/gitjazzy/build/bme_gazebo_sensors': CMAKE_PREFIX_PATH=${CMAKE_PREFIX_PATH}:/home/neha/gitjazzy/install/mogi_trajectory_server:/home/neha/gitjazzy/install/bme_gazebo_sensors_py:/opt/ros/jazzy /usr/bin/cmake --build /home/neha/gitjazzy/build/bme_gazebo_sensors -- -j8 -l8
[0.630s] Invoked command in '/home/neha/gitjazzy/build/bme_gazebo_sensors' returned '0': CMAKE_PREFIX_PATH=${CMAKE_PREFIX_PATH}:/home/neha/gitjazzy/install/mogi_trajectory_server:/home/neha/gitjazzy/install/bme_gazebo_sensors_py:/opt/ros/jazzy /usr/bin/cmake --build /home/neha/gitjazzy/build/bme_gazebo_sensors -- -j8 -l8
[0.654s] Invoking command in '/home/neha/gitjazzy/build/bme_gazebo_sensors': CMAKE_PREFIX_PATH=${CMAKE_PREFIX_PATH}:/home/neha/gitjazzy/install/mogi_trajectory_server:/home/neha/gitjazzy/install/bme_gazebo_sensors_py:/opt/ros/jazzy /usr/bin/cmake --install /home/neha/gitjazzy/build/bme_gazebo_sensors
[0.660s] -- Install configuration: ""
[0.660s] -- Up-to-date: /home/neha/gitjazzy/install/bme_gazebo_sensors/share/bme_gazebo_sensors/launch
[0.661s] -- Up-to-date: /home/neha/gitjazzy/install/bme_gazebo_sensors/share/bme_gazebo_sensors/launch/check_urdf.launch.py
[0.662s] -- Installing: /home/neha/gitjazzy/install/bme_gazebo_sensors/share/bme_gazebo_sensors/launch/spawn_robot.launch.py
[0.662s] -- Up-to-date: /home/neha/gitjazzy/install/bme_gazebo_sensors/share/bme_gazebo_sensors/launch/world.launch.py
[0.662s] -- Up-to-date: /home/neha/gitjazzy/install/bme_gazebo_sensors/share/bme_gazebo_sensors/worlds
[0.663s] -- Up-to-date: /home/neha/gitjazzy/install/bme_gazebo_sensors/share/bme_gazebo_sensors/worlds/home.sdf
[0.663s] -- Up-to-date: /home/neha/gitjazzy/install/bme_gazebo_sensors/share/bme_gazebo_sensors/worlds/world.sdf
[0.663s] -- Up-to-date: /home/neha/gitjazzy/install/bme_gazebo_sensors/share/bme_gazebo_sensors/worlds/empty.sdf
[0.663s] -- Up-to-date: /home/neha/gitjazzy/install/bme_gazebo_sensors/share/bme_gazebo_sensors/rviz
[0.663s] -- Up-to-date: /home/neha/gitjazzy/install/bme_gazebo_sensors/share/bme_gazebo_sensors/rviz/gps.rviz
[0.664s] -- Up-to-date: /home/neha/gitjazzy/install/bme_gazebo_sensors/share/bme_gazebo_sensors/rviz/rviz.rviz
[0.664s] -- Up-to-date: /home/neha/gitjazzy/install/bme_gazebo_sensors/share/bme_gazebo_sensors/rviz/urdf.rviz
[0.664s] -- Up-to-date: /home/neha/gitjazzy/install/bme_gazebo_sensors/share/bme_gazebo_sensors/urdf
[0.664s] -- Up-to-date: /home/neha/gitjazzy/install/bme_gazebo_sensors/share/bme_gazebo_sensors/urdf/mogi_bot.urdf
[0.665s] -- Up-to-date: /home/neha/gitjazzy/install/bme_gazebo_sensors/share/bme_gazebo_sensors/urdf/materials.xacro
[0.665s] -- Up-to-date: /home/neha/gitjazzy/install/bme_gazebo_sensors/share/bme_gazebo_sensors/urdf/mogi_bot.gazebo
[0.666s] -- Up-to-date: /home/neha/gitjazzy/install/bme_gazebo_sensors/share/bme_gazebo_sensors/meshes
[0.666s] -- Up-to-date: /home/neha/gitjazzy/install/bme_gazebo_sensors/share/bme_gazebo_sensors/meshes/lidar.dae
[0.667s] -- Up-to-date: /home/neha/gitjazzy/install/bme_gazebo_sensors/share/bme_gazebo_sensors/meshes/mogi_bot.dae
[0.669s] -- Up-to-date: /home/neha/gitjazzy/install/bme_gazebo_sensors/share/bme_gazebo_sensors/meshes/wheel.dae
[0.669s] -- Up-to-date: /home/neha/gitjazzy/install/bme_gazebo_sensors/share/bme_gazebo_sensors/config
[0.669s] -- Up-to-date: /home/neha/gitjazzy/install/bme_gazebo_sensors/share/bme_gazebo_sensors/config/ekf.yaml
[0.670s] -- Up-to-date: /home/neha/gitjazzy/install/bme_gazebo_sensors/share/ament_index/resource_index/package_run_dependencies/bme_gazebo_sensors
[0.670s] -- Up-to-date: /home/neha/gitjazzy/install/bme_gazebo_sensors/share/ament_index/resource_index/parent_prefix_path/bme_gazebo_sensors
[0.670s] -- Up-to-date: /home/neha/gitjazzy/install/bme_gazebo_sensors/share/bme_gazebo_sensors/environment/ament_prefix_path.sh
[0.670s] -- Up-to-date: /home/neha/gitjazzy/install/bme_gazebo_sensors/share/bme_gazebo_sensors/environment/ament_prefix_path.dsv
[0.670s] -- Up-to-date: /home/neha/gitjazzy/install/bme_gazebo_sensors/share/bme_gazebo_sensors/environment/path.sh
[0.671s] -- Up-to-date: /home/neha/gitjazzy/install/bme_gazebo_sensors/share/bme_gazebo_sensors/environment/path.dsv
[0.671s] -- Up-to-date: /home/neha/gitjazzy/install/bme_gazebo_sensors/share/bme_gazebo_sensors/local_setup.bash
[0.671s] -- Up-to-date: /home/neha/gitjazzy/install/bme_gazebo_sensors/share/bme_gazebo_sensors/local_setup.sh
[0.671s] -- Up-to-date: /home/neha/gitjazzy/install/bme_gazebo_sensors/share/bme_gazebo_sensors/local_setup.zsh
[0.671s] -- Up-to-date: /home/neha/gitjazzy/install/bme_gazebo_sensors/share/bme_gazebo_sensors/local_setup.dsv
[0.672s] -- Installing: /home/neha/gitjazzy/install/bme_gazebo_sensors/share/bme_gazebo_sensors/package.dsv
[0.673s] -- Up-to-date: /home/neha/gitjazzy/install/bme_gazebo_sensors/share/ament_index/resource_index/packages/bme_gazebo_sensors
[0.673s] -- Up-to-date: /home/neha/gitjazzy/install/bme_gazebo_sensors/share/bme_gazebo_sensors/cmake/bme_gazebo_sensorsConfig.cmake
[0.673s] -- Up-to-date: /home/neha/gitjazzy/install/bme_gazebo_sensors/share/bme_gazebo_sensors/cmake/bme_gazebo_sensorsConfig-version.cmake
[0.674s] -- Up-to-date: /home/neha/gitjazzy/install/bme_gazebo_sensors/share/bme_gazebo_sensors/package.xml
[0.692s] Invoked command in '/home/neha/gitjazzy/build/bme_gazebo_sensors' returned '0': CMAKE_PREFIX_PATH=${CMAKE_PREFIX_PATH}:/home/neha/gitjazzy/install/mogi_trajectory_server:/home/neha/gitjazzy/install/bme_gazebo_sensors_py:/opt/ros/jazzy /usr/bin/cmake --install /home/neha/gitjazzy/build/bme_gazebo_sensors
