[0.149s] DEBUG:colcon:Command line arguments: ['/usr/bin/colcon', 'build']
[0.150s] DEBUG:colcon:Parsed command line arguments: Namespace(log_base=None, log_level=None, verb_name='build', build_base='build', install_base='install', merge_install=False, symlink_install=False, test_result_base=None, continue_on_error=False, executor='parallel', parallel_workers=8, event_handlers=None, ignore_user_meta=False, metas=['./colcon.meta'], base_paths=['.'], packages_ignore=None, packages_ignore_regex=None, paths=None, packages_up_to=None, packages_up_to_regex=None, packages_above=None, packages_above_and_dependencies=None, packages_above_depth=None, packages_select_by_dep=None, packages_skip_by_dep=None, packages_skip_up_to=None, packages_select_build_failed=False, packages_skip_build_finished=False, packages_select_test_failures=False, packages_skip_test_passed=False, packages_select=None, packages_skip=None, packages_select_regex=None, packages_skip_regex=None, packages_start=None, packages_end=None, cmake_args=None, cmake_target=None, cmake_target_skip_unavailable=False, cmake_clean_cache=False, cmake_clean_first=False, cmake_force_configure=False, ament_cmake_args=None, catkin_cmake_args=None, catkin_skip_building_tests=False, verb_parser=<colcon_defaults.argument_parser.defaults.DefaultArgumentsDecorator object at 0x7f843cd49b80>, verb_extension=<colcon_core.verb.build.BuildVerb object at 0x7f843cd49970>, main=<bound method BuildVerb.main of <colcon_core.verb.build.BuildVerb object at 0x7f843cd49970>>)
[0.188s] Level 1:colcon.colcon_core.package_discovery:discover_packages(colcon_meta) check parameters
[0.188s] Level 1:colcon.colcon_core.package_discovery:discover_packages(recursive) check parameters
[0.188s] Level 1:colcon.colcon_core.package_discovery:discover_packages(ignore) check parameters
[0.188s] Level 1:colcon.colcon_core.package_discovery:discover_packages(path) check parameters
[0.188s] Level 1:colcon.colcon_core.package_discovery:discover_packages(colcon_meta) discover
[0.188s] Level 1:colcon.colcon_core.package_discovery:discover_packages(recursive) discover
[0.188s] INFO:colcon.colcon_core.package_discovery:Crawling recursively for packages in '/home/neha/gitjazzy/Week-7-8-ROS2-Navigation'
[0.188s] Level 1:colcon.colcon_core.package_identification:_identify(.) by extensions ['ignore', 'ignore_ament_install']
[0.188s] Level 1:colcon.colcon_core.package_identification:_identify(.) by extension 'ignore'
[0.188s] Level 1:colcon.colcon_core.package_identification:_identify(.) by extension 'ignore_ament_install'
[0.188s] Level 1:colcon.colcon_core.package_identification:_identify(.) by extensions ['colcon_pkg']
[0.188s] Level 1:colcon.colcon_core.package_identification:_identify(.) by extension 'colcon_pkg'
[0.188s] Level 1:colcon.colcon_core.package_identification:_identify(.) by extensions ['colcon_meta']
[0.188s] Level 1:colcon.colcon_core.package_identification:_identify(.) by extension 'colcon_meta'
[0.188s] Level 1:colcon.colcon_core.package_identification:_identify(.) by extensions ['ros']
[0.188s] Level 1:colcon.colcon_core.package_identification:_identify(.) by extension 'ros'
[0.216s] Level 1:colcon.colcon_core.package_identification:_identify(.) by extensions ['cmake', 'python']
[0.216s] Level 1:colcon.colcon_core.package_identification:_identify(.) by extension 'cmake'
[0.216s] Level 1:colcon.colcon_core.package_identification:_identify(.) by extension 'python'
[0.216s] Level 1:colcon.colcon_core.package_identification:_identify(.) by extensions ['python_setup_py']
[0.216s] Level 1:colcon.colcon_core.package_identification:_identify(.) by extension 'python_setup_py'
[0.216s] Level 1:colcon.colcon_core.package_identification:_identify(assets) by extensions ['ignore', 'ignore_ament_install']
[0.216s] Level 1:colcon.colcon_core.package_identification:_identify(assets) by extension 'ignore'
[0.216s] Level 1:colcon.colcon_core.package_identification:_identify(assets) by extension 'ignore_ament_install'
[0.216s] Level 1:colcon.colcon_core.package_identification:_identify(assets) by extensions ['colcon_pkg']
[0.216s] Level 1:colcon.colcon_core.package_identification:_identify(assets) by extension 'colcon_pkg'
[0.217s] Level 1:colcon.colcon_core.package_identification:_identify(assets) by extensions ['colcon_meta']
[0.217s] Level 1:colcon.colcon_core.package_identification:_identify(assets) by extension 'colcon_meta'
[0.217s] Level 1:colcon.colcon_core.package_identification:_identify(assets) by extensions ['ros']
[0.217s] Level 1:colcon.colcon_core.package_identification:_identify(assets) by extension 'ros'
[0.217s] Level 1:colcon.colcon_core.package_identification:_identify(assets) by extensions ['cmake', 'python']
[0.217s] Level 1:colcon.colcon_core.package_identification:_identify(assets) by extension 'cmake'
[0.217s] Level 1:colcon.colcon_core.package_identification:_identify(assets) by extension 'python'
[0.217s] Level 1:colcon.colcon_core.package_identification:_identify(assets) by extensions ['python_setup_py']
[0.217s] Level 1:colcon.colcon_core.package_identification:_identify(assets) by extension 'python_setup_py'
[0.217s] Level 1:colcon.colcon_core.package_identification:_identify(bme_ros2_navigation) by extensions ['ignore', 'ignore_ament_install']
[0.217s] Level 1:colcon.colcon_core.package_identification:_identify(bme_ros2_navigation) by extension 'ignore'
[0.217s] Level 1:colcon.colcon_core.package_identification:_identify(bme_ros2_navigation) by extension 'ignore_ament_install'
[0.217s] Level 1:colcon.colcon_core.package_identification:_identify(bme_ros2_navigation) by extensions ['colcon_pkg']
[0.217s] Level 1:colcon.colcon_core.package_identification:_identify(bme_ros2_navigation) by extension 'colcon_pkg'
[0.217s] Level 1:colcon.colcon_core.package_identification:_identify(bme_ros2_navigation) by extensions ['colcon_meta']
[0.217s] Level 1:colcon.colcon_core.package_identification:_identify(bme_ros2_navigation) by extension 'colcon_meta'
[0.217s] Level 1:colcon.colcon_core.package_identification:_identify(bme_ros2_navigation) by extensions ['ros']
[0.217s] Level 1:colcon.colcon_core.package_identification:_identify(bme_ros2_navigation) by extension 'ros'
[0.220s] DEBUG:colcon.colcon_core.package_identification:Package 'bme_ros2_navigation' with type 'ros.ament_cmake' and name 'bme_ros2_navigation'
[0.220s] Level 1:colcon.colcon_core.package_identification:_identify(bme_ros2_navigation_py) by extensions ['ignore', 'ignore_ament_install']
[0.220s] Level 1:colcon.colcon_core.package_identification:_identify(bme_ros2_navigation_py) by extension 'ignore'
[0.220s] Level 1:colcon.colcon_core.package_identification:_identify(bme_ros2_navigation_py) by extension 'ignore_ament_install'
[0.220s] Level 1:colcon.colcon_core.package_identification:_identify(bme_ros2_navigation_py) by extensions ['colcon_pkg']
[0.220s] Level 1:colcon.colcon_core.package_identification:_identify(bme_ros2_navigation_py) by extension 'colcon_pkg'
[0.220s] Level 1:colcon.colcon_core.package_identification:_identify(bme_ros2_navigation_py) by extensions ['colcon_meta']
[0.220s] Level 1:colcon.colcon_core.package_identification:_identify(bme_ros2_navigation_py) by extension 'colcon_meta'
[0.220s] Level 1:colcon.colcon_core.package_identification:_identify(bme_ros2_navigation_py) by extensions ['ros']
[0.220s] Level 1:colcon.colcon_core.package_identification:_identify(bme_ros2_navigation_py) by extension 'ros'
[0.221s] DEBUG:colcon.colcon_core.package_identification:Package 'bme_ros2_navigation_py' with type 'ros.ament_python' and name 'bme_ros2_navigation_py'
[0.221s] Level 1:colcon.colcon_core.package_identification:_identify(build) by extensions ['ignore', 'ignore_ament_install']
[0.221s] Level 1:colcon.colcon_core.package_identification:_identify(build) by extension 'ignore'
[0.221s] Level 1:colcon.colcon_core.package_identification:_identify(build) ignored
[0.221s] Level 1:colcon.colcon_core.package_identification:_identify(install) by extensions ['ignore', 'ignore_ament_install']
[0.221s] Level 1:colcon.colcon_core.package_identification:_identify(install) by extension 'ignore'
[0.221s] Level 1:colcon.colcon_core.package_identification:_identify(install) ignored
[0.221s] Level 1:colcon.colcon_core.package_identification:_identify(log) by extensions ['ignore', 'ignore_ament_install']
[0.221s] Level 1:colcon.colcon_core.package_identification:_identify(log) by extension 'ignore'
[0.221s] Level 1:colcon.colcon_core.package_identification:_identify(log) ignored
[0.221s] Level 1:colcon.colcon_core.package_discovery:discover_packages(recursive) using defaults
[0.222s] Level 1:colcon.colcon_core.package_discovery:discover_packages(ignore) discover
[0.222s] Level 1:colcon.colcon_core.package_discovery:discover_packages(ignore) using defaults
[0.222s] Level 1:colcon.colcon_core.package_discovery:discover_packages(path) discover
[0.222s] Level 1:colcon.colcon_core.package_discovery:discover_packages(path) using defaults
[0.243s] Level 5:colcon.colcon_core.verb:set package 'bme_ros2_navigation' build argument 'cmake_args' from command line to 'None'
[0.243s] Level 5:colcon.colcon_core.verb:set package 'bme_ros2_navigation' build argument 'cmake_target' from command line to 'None'
[0.243s] Level 5:colcon.colcon_core.verb:set package 'bme_ros2_navigation' build argument 'cmake_target_skip_unavailable' from command line to 'False'
[0.243s] Level 5:colcon.colcon_core.verb:set package 'bme_ros2_navigation' build argument 'cmake_clean_cache' from command line to 'False'
[0.243s] Level 5:colcon.colcon_core.verb:set package 'bme_ros2_navigation' build argument 'cmake_clean_first' from command line to 'False'
[0.243s] Level 5:colcon.colcon_core.verb:set package 'bme_ros2_navigation' build argument 'cmake_force_configure' from command line to 'False'
[0.243s] Level 5:colcon.colcon_core.verb:set package 'bme_ros2_navigation' build argument 'ament_cmake_args' from command line to 'None'
[0.243s] Level 5:colcon.colcon_core.verb:set package 'bme_ros2_navigation' build argument 'catkin_cmake_args' from command line to 'None'
[0.243s] Level 5:colcon.colcon_core.verb:set package 'bme_ros2_navigation' build argument 'catkin_skip_building_tests' from command line to 'False'
[0.243s] DEBUG:colcon.colcon_core.verb:Building package 'bme_ros2_navigation' with the following arguments: {'ament_cmake_args': None, 'build_base': '/home/neha/gitjazzy/Week-7-8-ROS2-Navigation/build/bme_ros2_navigation', 'catkin_cmake_args': None, 'catkin_skip_building_tests': False, 'cmake_args': None, 'cmake_clean_cache': False, 'cmake_clean_first': False, 'cmake_force_configure': False, 'cmake_target': None, 'cmake_target_skip_unavailable': False, 'install_base': '/home/neha/gitjazzy/Week-7-8-ROS2-Navigation/install/bme_ros2_navigation', 'merge_install': False, 'path': '/home/neha/gitjazzy/Week-7-8-ROS2-Navigation/bme_ros2_navigation', 'symlink_install': False, 'test_result_base': None}
[0.243s] Level 5:colcon.colcon_core.verb:set package 'bme_ros2_navigation_py' build argument 'cmake_args' from command line to 'None'
[0.244s] Level 5:colcon.colcon_core.verb:set package 'bme_ros2_navigation_py' build argument 'cmake_target' from command line to 'None'
[0.244s] Level 5:colcon.colcon_core.verb:set package 'bme_ros2_navigation_py' build argument 'cmake_target_skip_unavailable' from command line to 'False'
[0.244s] Level 5:colcon.colcon_core.verb:set package 'bme_ros2_navigation_py' build argument 'cmake_clean_cache' from command line to 'False'
[0.244s] Level 5:colcon.colcon_core.verb:set package 'bme_ros2_navigation_py' build argument 'cmake_clean_first' from command line to 'False'
[0.244s] Level 5:colcon.colcon_core.verb:set package 'bme_ros2_navigation_py' build argument 'cmake_force_configure' from command line to 'False'
[0.244s] Level 5:colcon.colcon_core.verb:set package 'bme_ros2_navigation_py' build argument 'ament_cmake_args' from command line to 'None'
[0.244s] Level 5:colcon.colcon_core.verb:set package 'bme_ros2_navigation_py' build argument 'catkin_cmake_args' from command line to 'None'
[0.244s] Level 5:colcon.colcon_core.verb:set package 'bme_ros2_navigation_py' build argument 'catkin_skip_building_tests' from command line to 'False'
[0.244s] DEBUG:colcon.colcon_core.verb:Building package 'bme_ros2_navigation_py' with the following arguments: {'ament_cmake_args': None, 'build_base': '/home/neha/gitjazzy/Week-7-8-ROS2-Navigation/build/bme_ros2_navigation_py', 'catkin_cmake_args': None, 'catkin_skip_building_tests': False, 'cmake_args': None, 'cmake_clean_cache': False, 'cmake_clean_first': False, 'cmake_force_configure': False, 'cmake_target': None, 'cmake_target_skip_unavailable': False, 'install_base': '/home/neha/gitjazzy/Week-7-8-ROS2-Navigation/install/bme_ros2_navigation_py', 'merge_install': False, 'path': '/home/neha/gitjazzy/Week-7-8-ROS2-Navigation/bme_ros2_navigation_py', 'symlink_install': False, 'test_result_base': None}
[0.244s] INFO:colcon.colcon_core.executor:Executing jobs using 'parallel' executor
[0.245s] DEBUG:colcon.colcon_parallel_executor.executor.parallel:run_until_complete
[0.245s] INFO:colcon.colcon_ros.task.ament_cmake.build:Building ROS package in '/home/neha/gitjazzy/Week-7-8-ROS2-Navigation/bme_ros2_navigation' with build type 'ament_cmake'
[0.246s] INFO:colcon.colcon_cmake.task.cmake.build:Building CMake package in '/home/neha/gitjazzy/Week-7-8-ROS2-Navigation/bme_ros2_navigation'
[0.249s] INFO:colcon.colcon_core.plugin_system:Skipping extension 'colcon_core.shell.bat': Not used on non-Windows systems
[0.249s] DEBUG:colcon.colcon_core.shell:Skip shell extension 'dsv' for command environment
[0.256s] INFO:colcon.colcon_ros.task.ament_python.build:Building ROS package in '/home/neha/gitjazzy/Week-7-8-ROS2-Navigation/bme_ros2_navigation_py' with build type 'ament_python'
[0.257s] Level 1:colcon.colcon_core.shell:create_environment_hook('bme_ros2_navigation_py', 'ament_prefix_path')
[0.257s] INFO:colcon.colcon_core.shell:Creating environment descriptor '/home/neha/gitjazzy/Week-7-8-ROS2-Navigation/install/bme_ros2_navigation_py/share/bme_ros2_navigation_py/hook/ament_prefix_path.dsv'
[0.259s] INFO:colcon.colcon_core.shell:Creating environment hook '/home/neha/gitjazzy/Week-7-8-ROS2-Navigation/install/bme_ros2_navigation_py/share/bme_ros2_navigation_py/hook/ament_prefix_path.sh'
[0.260s] DEBUG:colcon.colcon_core.shell:Skip shell extension 'dsv' for command environment
[0.276s] DEBUG:colcon.colcon_core.event_handler.log_command:Invoking command in '/home/neha/gitjazzy/Week-7-8-ROS2-Navigation/build/bme_ros2_navigation': CMAKE_PREFIX_PATH=${CMAKE_PREFIX_PATH}:/home/neha/gitjazzy/src/install/bme_ros2_navigation_py:/home/neha/gitjazzy/src/install/bme_gazebo_sensors_py:/opt/ros/jazzy /usr/bin/cmake /home/neha/gitjazzy/Week-7-8-ROS2-Navigation/bme_ros2_navigation -DCMAKE_INSTALL_PREFIX=/home/neha/gitjazzy/Week-7-8-ROS2-Navigation/install/bme_ros2_navigation
[0.595s] INFO:colcon.colcon_core.task.python.build:Building Python package in '/home/neha/gitjazzy/Week-7-8-ROS2-Navigation/bme_ros2_navigation_py'
[0.595s] DEBUG:colcon.colcon_core.shell:Skip shell extension 'dsv' for command environment
[1.479s] DEBUG:colcon.colcon_core.event_handler.log_command:Invoking command in '/home/neha/gitjazzy/Week-7-8-ROS2-Navigation/bme_ros2_navigation_py': PYTHONPATH=/home/neha/gitjazzy/Week-7-8-ROS2-Navigation/build/bme_ros2_navigation_py/prefix_override:/usr/lib/python3/dist-packages/colcon_core/task/python/colcon_distutils_commands:/home/neha/gitjazzy/Week-7-8-ROS2-Navigation/install/bme_ros2_navigation_py/lib/python3.12/site-packages:${PYTHONPATH} /usr/bin/python3 -W ignore:setup.py install is deprecated -W ignore:easy_install command is deprecated setup.py egg_info --egg-base ../build/bme_ros2_navigation_py build --build-base /home/neha/gitjazzy/Week-7-8-ROS2-Navigation/build/bme_ros2_navigation_py/build install --record /home/neha/gitjazzy/Week-7-8-ROS2-Navigation/build/bme_ros2_navigation_py/install.log --single-version-externally-managed install_data
[2.362s] DEBUG:colcon.colcon_core.event_handler.log_command:Invoked command in '/home/neha/gitjazzy/Week-7-8-ROS2-Navigation/bme_ros2_navigation_py' returned '0': PYTHONPATH=/home/neha/gitjazzy/Week-7-8-ROS2-Navigation/build/bme_ros2_navigation_py/prefix_override:/usr/lib/python3/dist-packages/colcon_core/task/python/colcon_distutils_commands:/home/neha/gitjazzy/Week-7-8-ROS2-Navigation/install/bme_ros2_navigation_py/lib/python3.12/site-packages:${PYTHONPATH} /usr/bin/python3 -W ignore:setup.py install is deprecated -W ignore:easy_install command is deprecated setup.py egg_info --egg-base ../build/bme_ros2_navigation_py build --build-base /home/neha/gitjazzy/Week-7-8-ROS2-Navigation/build/bme_ros2_navigation_py/build install --record /home/neha/gitjazzy/Week-7-8-ROS2-Navigation/build/bme_ros2_navigation_py/install.log --single-version-externally-managed install_data
[2.366s] Level 1:colcon.colcon_core.environment:checking '/home/neha/gitjazzy/Week-7-8-ROS2-Navigation/install/bme_ros2_navigation_py' for CMake module files
[2.367s] Level 1:colcon.colcon_core.environment:checking '/home/neha/gitjazzy/Week-7-8-ROS2-Navigation/install/bme_ros2_navigation_py' for CMake config files
[2.368s] Level 1:colcon.colcon_core.environment:checking '/home/neha/gitjazzy/Week-7-8-ROS2-Navigation/install/bme_ros2_navigation_py/lib'
[2.369s] Level 1:colcon.colcon_core.environment:checking '/home/neha/gitjazzy/Week-7-8-ROS2-Navigation/install/bme_ros2_navigation_py/bin'
[2.369s] Level 1:colcon.colcon_core.environment:checking '/home/neha/gitjazzy/Week-7-8-ROS2-Navigation/install/bme_ros2_navigation_py/lib/pkgconfig/bme_ros2_navigation_py.pc'
[2.369s] Level 1:colcon.colcon_core.environment:checking '/home/neha/gitjazzy/Week-7-8-ROS2-Navigation/install/bme_ros2_navigation_py/lib/python3.12/site-packages'
[2.370s] Level 1:colcon.colcon_core.shell:create_environment_hook('bme_ros2_navigation_py', 'pythonpath')
[2.370s] INFO:colcon.colcon_core.shell:Creating environment descriptor '/home/neha/gitjazzy/Week-7-8-ROS2-Navigation/install/bme_ros2_navigation_py/share/bme_ros2_navigation_py/hook/pythonpath.dsv'
[2.371s] INFO:colcon.colcon_core.shell:Creating environment hook '/home/neha/gitjazzy/Week-7-8-ROS2-Navigation/install/bme_ros2_navigation_py/share/bme_ros2_navigation_py/hook/pythonpath.sh'
[2.372s] Level 1:colcon.colcon_core.environment:checking '/home/neha/gitjazzy/Week-7-8-ROS2-Navigation/install/bme_ros2_navigation_py/bin'
[2.372s] Level 1:colcon.colcon_core.environment:create_environment_scripts_only(bme_ros2_navigation_py)
[2.372s] INFO:colcon.colcon_core.shell:Creating package descriptor '/home/neha/gitjazzy/Week-7-8-ROS2-Navigation/install/bme_ros2_navigation_py/share/bme_ros2_navigation_py/package.dsv'
[2.374s] INFO:colcon.colcon_core.shell:Creating package script '/home/neha/gitjazzy/Week-7-8-ROS2-Navigation/install/bme_ros2_navigation_py/share/bme_ros2_navigation_py/package.sh'
[2.376s] INFO:colcon.colcon_core.shell:Creating package script '/home/neha/gitjazzy/Week-7-8-ROS2-Navigation/install/bme_ros2_navigation_py/share/bme_ros2_navigation_py/package.bash'
[2.378s] INFO:colcon.colcon_core.shell:Creating package script '/home/neha/gitjazzy/Week-7-8-ROS2-Navigation/install/bme_ros2_navigation_py/share/bme_ros2_navigation_py/package.zsh'
[2.379s] Level 1:colcon.colcon_core.environment:create_file_with_runtime_dependencies(/home/neha/gitjazzy/Week-7-8-ROS2-Navigation/install/bme_ros2_navigation_py/share/colcon-core/packages/bme_ros2_navigation_py)
[2.523s] DEBUG:colcon.colcon_core.event_handler.log_command:Invoked command in '/home/neha/gitjazzy/Week-7-8-ROS2-Navigation/build/bme_ros2_navigation' returned '0': CMAKE_PREFIX_PATH=${CMAKE_PREFIX_PATH}:/home/neha/gitjazzy/src/install/bme_ros2_navigation_py:/home/neha/gitjazzy/src/install/bme_gazebo_sensors_py:/opt/ros/jazzy /usr/bin/cmake /home/neha/gitjazzy/Week-7-8-ROS2-Navigation/bme_ros2_navigation -DCMAKE_INSTALL_PREFIX=/home/neha/gitjazzy/Week-7-8-ROS2-Navigation/install/bme_ros2_navigation
[2.525s] DEBUG:colcon.colcon_core.event_handler.log_command:Invoking command in '/home/neha/gitjazzy/Week-7-8-ROS2-Navigation/build/bme_ros2_navigation': CMAKE_PREFIX_PATH=${CMAKE_PREFIX_PATH}:/home/neha/gitjazzy/src/install/bme_ros2_navigation_py:/home/neha/gitjazzy/src/install/bme_gazebo_sensors_py:/opt/ros/jazzy /usr/bin/cmake --build /home/neha/gitjazzy/Week-7-8-ROS2-Navigation/build/bme_ros2_navigation -- -j8 -l8
[3.074s] DEBUG:colcon.colcon_core.event_handler.log_command:Invoked command in '/home/neha/gitjazzy/Week-7-8-ROS2-Navigation/build/bme_ros2_navigation' returned '0': CMAKE_PREFIX_PATH=${CMAKE_PREFIX_PATH}:/home/neha/gitjazzy/src/install/bme_ros2_navigation_py:/home/neha/gitjazzy/src/install/bme_gazebo_sensors_py:/opt/ros/jazzy /usr/bin/cmake --build /home/neha/gitjazzy/Week-7-8-ROS2-Navigation/build/bme_ros2_navigation -- -j8 -l8
[3.091s] DEBUG:colcon.colcon_core.event_handler.log_command:Invoking command in '/home/neha/gitjazzy/Week-7-8-ROS2-Navigation/build/bme_ros2_navigation': CMAKE_PREFIX_PATH=${CMAKE_PREFIX_PATH}:/home/neha/gitjazzy/src/install/bme_ros2_navigation_py:/home/neha/gitjazzy/src/install/bme_gazebo_sensors_py:/opt/ros/jazzy /usr/bin/cmake --install /home/neha/gitjazzy/Week-7-8-ROS2-Navigation/build/bme_ros2_navigation
[3.133s] Level 1:colcon.colcon_core.environment:create_environment_scripts_only(bme_ros2_navigation)
[3.133s] Level 1:colcon.colcon_core.environment:checking '/home/neha/gitjazzy/Week-7-8-ROS2-Navigation/install/bme_ros2_navigation' for CMake module files
[3.134s] DEBUG:colcon.colcon_core.event_handler.log_command:Invoked command in '/home/neha/gitjazzy/Week-7-8-ROS2-Navigation/build/bme_ros2_navigation' returned '0': CMAKE_PREFIX_PATH=${CMAKE_PREFIX_PATH}:/home/neha/gitjazzy/src/install/bme_ros2_navigation_py:/home/neha/gitjazzy/src/install/bme_gazebo_sensors_py:/opt/ros/jazzy /usr/bin/cmake --install /home/neha/gitjazzy/Week-7-8-ROS2-Navigation/build/bme_ros2_navigation
[3.135s] Level 1:colcon.colcon_core.environment:checking '/home/neha/gitjazzy/Week-7-8-ROS2-Navigation/install/bme_ros2_navigation' for CMake config files
[3.135s] Level 1:colcon.colcon_core.shell:create_environment_hook('bme_ros2_navigation', 'cmake_prefix_path')
[3.135s] INFO:colcon.colcon_core.shell:Creating environment descriptor '/home/neha/gitjazzy/Week-7-8-ROS2-Navigation/install/bme_ros2_navigation/share/bme_ros2_navigation/hook/cmake_prefix_path.dsv'
[3.136s] INFO:colcon.colcon_core.shell:Creating environment hook '/home/neha/gitjazzy/Week-7-8-ROS2-Navigation/install/bme_ros2_navigation/share/bme_ros2_navigation/hook/cmake_prefix_path.sh'
[3.137s] Level 1:colcon.colcon_core.environment:checking '/home/neha/gitjazzy/Week-7-8-ROS2-Navigation/install/bme_ros2_navigation/bin'
[3.137s] Level 1:colcon.colcon_core.environment:checking '/home/neha/gitjazzy/Week-7-8-ROS2-Navigation/install/bme_ros2_navigation/lib/pkgconfig/bme_ros2_navigation.pc'
[3.137s] Level 1:colcon.colcon_core.environment:checking '/home/neha/gitjazzy/Week-7-8-ROS2-Navigation/install/bme_ros2_navigation/lib/python3.12/site-packages'
[3.137s] Level 1:colcon.colcon_core.environment:checking '/home/neha/gitjazzy/Week-7-8-ROS2-Navigation/install/bme_ros2_navigation/bin'
[3.137s] INFO:colcon.colcon_core.shell:Creating package descriptor '/home/neha/gitjazzy/Week-7-8-ROS2-Navigation/install/bme_ros2_navigation/share/bme_ros2_navigation/package.dsv'
[3.138s] INFO:colcon.colcon_core.shell:Creating package script '/home/neha/gitjazzy/Week-7-8-ROS2-Navigation/install/bme_ros2_navigation/share/bme_ros2_navigation/package.sh'
[3.138s] INFO:colcon.colcon_core.shell:Creating package script '/home/neha/gitjazzy/Week-7-8-ROS2-Navigation/install/bme_ros2_navigation/share/bme_ros2_navigation/package.bash'
[3.139s] INFO:colcon.colcon_core.shell:Creating package script '/home/neha/gitjazzy/Week-7-8-ROS2-Navigation/install/bme_ros2_navigation/share/bme_ros2_navigation/package.zsh'
[3.140s] Level 1:colcon.colcon_core.environment:create_file_with_runtime_dependencies(/home/neha/gitjazzy/Week-7-8-ROS2-Navigation/install/bme_ros2_navigation/share/colcon-core/packages/bme_ros2_navigation)
[3.140s] Level 1:colcon.colcon_core.environment:create_environment_scripts_only(bme_ros2_navigation)
[3.141s] Level 1:colcon.colcon_core.environment:checking '/home/neha/gitjazzy/Week-7-8-ROS2-Navigation/install/bme_ros2_navigation' for CMake module files
[3.141s] Level 1:colcon.colcon_core.environment:checking '/home/neha/gitjazzy/Week-7-8-ROS2-Navigation/install/bme_ros2_navigation' for CMake config files
[3.142s] Level 1:colcon.colcon_core.shell:create_environment_hook('bme_ros2_navigation', 'cmake_prefix_path')
[3.142s] INFO:colcon.colcon_core.shell:Creating environment descriptor '/home/neha/gitjazzy/Week-7-8-ROS2-Navigation/install/bme_ros2_navigation/share/bme_ros2_navigation/hook/cmake_prefix_path.dsv'
[3.142s] INFO:colcon.colcon_core.shell:Creating environment hook '/home/neha/gitjazzy/Week-7-8-ROS2-Navigation/install/bme_ros2_navigation/share/bme_ros2_navigation/hook/cmake_prefix_path.sh'
[3.143s] Level 1:colcon.colcon_core.environment:checking '/home/neha/gitjazzy/Week-7-8-ROS2-Navigation/install/bme_ros2_navigation/bin'
[3.143s] Level 1:colcon.colcon_core.environment:checking '/home/neha/gitjazzy/Week-7-8-ROS2-Navigation/install/bme_ros2_navigation/lib/pkgconfig/bme_ros2_navigation.pc'
[3.143s] Level 1:colcon.colcon_core.environment:checking '/home/neha/gitjazzy/Week-7-8-ROS2-Navigation/install/bme_ros2_navigation/lib/python3.12/site-packages'
[3.144s] Level 1:colcon.colcon_core.environment:checking '/home/neha/gitjazzy/Week-7-8-ROS2-Navigation/install/bme_ros2_navigation/bin'
[3.144s] INFO:colcon.colcon_core.shell:Creating package descriptor '/home/neha/gitjazzy/Week-7-8-ROS2-Navigation/install/bme_ros2_navigation/share/bme_ros2_navigation/package.dsv'
[3.144s] INFO:colcon.colcon_core.shell:Creating package script '/home/neha/gitjazzy/Week-7-8-ROS2-Navigation/install/bme_ros2_navigation/share/bme_ros2_navigation/package.sh'
[3.145s] INFO:colcon.colcon_core.shell:Creating package script '/home/neha/gitjazzy/Week-7-8-ROS2-Navigation/install/bme_ros2_navigation/share/bme_ros2_navigation/package.bash'
[3.145s] INFO:colcon.colcon_core.shell:Creating package script '/home/neha/gitjazzy/Week-7-8-ROS2-Navigation/install/bme_ros2_navigation/share/bme_ros2_navigation/package.zsh'
[3.146s] Level 1:colcon.colcon_core.environment:create_file_with_runtime_dependencies(/home/neha/gitjazzy/Week-7-8-ROS2-Navigation/install/bme_ros2_navigation/share/colcon-core/packages/bme_ros2_navigation)
[3.146s] DEBUG:colcon.colcon_parallel_executor.executor.parallel:closing loop
[3.146s] DEBUG:colcon.colcon_parallel_executor.executor.parallel:loop closed
[3.147s] DEBUG:colcon.colcon_parallel_executor.executor.parallel:run_until_complete finished with '0'
[3.147s] DEBUG:colcon.colcon_core.event_reactor:joining thread
[3.218s] INFO:colcon.colcon_core.plugin_system:Skipping extension 'colcon_notification.desktop_notification.notify_send': Could not find 'notify-send'
[3.218s] INFO:colcon.colcon_core.plugin_system:Skipping extension 'colcon_notification.desktop_notification.terminal_notifier': Not used on non-Darwin systems
[3.218s] INFO:colcon.colcon_core.plugin_system:Skipping extension 'colcon_notification.desktop_notification.win32': Not used on non-Windows systems
[3.218s] INFO:colcon.colcon_notification.desktop_notification:Sending desktop notification using 'notify2'
[3.220s] DEBUG:colcon.colcon_notification.desktop_notification.notify2:Failed to initialize notify2: org.freedesktop.DBus.Error.ServiceUnknown: The name org.freedesktop.Notifications was not provided by any .service files
[3.220s] DEBUG:colcon.colcon_core.event_reactor:joined thread
[3.220s] INFO:colcon.colcon_core.shell:Creating prefix script '/home/neha/gitjazzy/Week-7-8-ROS2-Navigation/install/local_setup.sh'
[3.221s] INFO:colcon.colcon_core.shell:Creating prefix util module '/home/neha/gitjazzy/Week-7-8-ROS2-Navigation/install/_local_setup_util_sh.py'
[3.222s] INFO:colcon.colcon_core.shell:Creating prefix chain script '/home/neha/gitjazzy/Week-7-8-ROS2-Navigation/install/setup.sh'
[3.224s] INFO:colcon.colcon_core.shell:Creating prefix script '/home/neha/gitjazzy/Week-7-8-ROS2-Navigation/install/local_setup.bash'
[3.224s] INFO:colcon.colcon_core.shell:Creating prefix chain script '/home/neha/gitjazzy/Week-7-8-ROS2-Navigation/install/setup.bash'
[3.226s] INFO:colcon.colcon_core.shell:Creating prefix script '/home/neha/gitjazzy/Week-7-8-ROS2-Navigation/install/local_setup.zsh'
[3.226s] INFO:colcon.colcon_core.shell:Creating prefix chain script '/home/neha/gitjazzy/Week-7-8-ROS2-Navigation/install/setup.zsh'
