[1.448s] Invoking command in '/home/neha/gitjazzy/build/bme_ros2_navigation': CMAKE_PREFIX_PATH=${CMAKE_PREFIX_PATH}:/home/neha/gitjazzy/install/mogi_trajectory_server:/home/neha/gitjazzy/install/bme_ros2_navigation_py:/home/neha/gitjazzy/install/bme_gazebo_sensors_py:/opt/ros/jazzy /usr/bin/cmake --build /home/neha/gitjazzy/build/bme_ros2_navigation -- -j8 -l8
[3.257s] Invoked command in '/home/neha/gitjazzy/build/bme_ros2_navigation' returned '0': CMAKE_PREFIX_PATH=${CMAKE_PREFIX_PATH}:/home/neha/gitjazzy/install/mogi_trajectory_server:/home/neha/gitjazzy/install/bme_ros2_navigation_py:/home/neha/gitjazzy/install/bme_gazebo_sensors_py:/opt/ros/jazzy /usr/bin/cmake --build /home/neha/gitjazzy/build/bme_ros2_navigation -- -j8 -l8
[3.271s] Invoking command in '/home/neha/gitjazzy/build/bme_ros2_navigation': CMAKE_PREFIX_PATH=${CMAKE_PREFIX_PATH}:/home/neha/gitjazzy/install/mogi_trajectory_server:/home/neha/gitjazzy/install/bme_ros2_navigation_py:/home/neha/gitjazzy/install/bme_gazebo_sensors_py:/opt/ros/jazzy /usr/bin/cmake --install /home/neha/gitjazzy/build/bme_ros2_navigation
[3.335s] -- Install configuration: ""
[3.337s] -- Up-to-date: /home/neha/gitjazzy/install/bme_ros2_navigation/share/bme_ros2_navigation/launch
[3.338s] -- Up-to-date: /home/neha/gitjazzy/install/bme_ros2_navigation/share/bme_ros2_navigation/launch/check_urdf.launch.py
[3.344s] -- Up-to-date: /home/neha/gitjazzy/install/bme_ros2_navigation/share/bme_ros2_navigation/launch/navigation.launch.py
[3.346s] -- Up-to-date: /home/neha/gitjazzy/install/bme_ros2_navigation/share/bme_ros2_navigation/launch/navigation_with_slam.launch.py
[3.348s] -- Up-to-date: /home/neha/gitjazzy/install/bme_ros2_navigation/share/bme_ros2_navigation/launch/localization_slam_toolbox.launch.py
[3.349s] -- Up-to-date: /home/neha/gitjazzy/install/bme_ros2_navigation/share/bme_ros2_navigation/launch/mapping.launch.py
[3.350s] -- Up-to-date: /home/neha/gitjazzy/install/bme_ros2_navigation/share/bme_ros2_navigation/launch/localization.launch.py
[3.351s] -- Up-to-date: /home/neha/gitjazzy/install/bme_ros2_navigation/share/bme_ros2_navigation/launch/spawn_robot.launch.py
[3.358s] -- Up-to-date: /home/neha/gitjazzy/install/bme_ros2_navigation/share/bme_ros2_navigation/launch/world.launch.py
[3.361s] -- Up-to-date: /home/neha/gitjazzy/install/bme_ros2_navigation/share/bme_ros2_navigation/worlds
[3.362s] -- Up-to-date: /home/neha/gitjazzy/install/bme_ros2_navigation/share/bme_ros2_navigation/worlds/home.sdf
[3.363s] -- Up-to-date: /home/neha/gitjazzy/install/bme_ros2_navigation/share/bme_ros2_navigation/worlds/empty.sdf
[3.363s] -- Up-to-date: /home/neha/gitjazzy/install/bme_ros2_navigation/share/bme_ros2_navigation/rviz
[3.364s] -- Up-to-date: /home/neha/gitjazzy/install/bme_ros2_navigation/share/bme_ros2_navigation/rviz/navigation.rviz
[3.375s] -- Up-to-date: /home/neha/gitjazzy/install/bme_ros2_navigation/share/bme_ros2_navigation/rviz/rviz.rviz
[3.377s] -- Up-to-date: /home/neha/gitjazzy/install/bme_ros2_navigation/share/bme_ros2_navigation/rviz/mapping.rviz
[3.378s] -- Up-to-date: /home/neha/gitjazzy/install/bme_ros2_navigation/share/bme_ros2_navigation/rviz/localization.rviz
[3.380s] -- Up-to-date: /home/neha/gitjazzy/install/bme_ros2_navigation/share/bme_ros2_navigation/rviz/urdf.rviz
[3.384s] -- Up-to-date: /home/neha/gitjazzy/install/bme_ros2_navigation/share/bme_ros2_navigation/urdf
[3.411s] -- Up-to-date: /home/neha/gitjazzy/install/bme_ros2_navigation/share/bme_ros2_navigation/urdf/mogi_bot.urdf
[3.411s] -- Up-to-date: /home/neha/gitjazzy/install/bme_ros2_navigation/share/bme_ros2_navigation/urdf/materials.xacro
[3.411s] -- Up-to-date: /home/neha/gitjazzy/install/bme_ros2_navigation/share/bme_ros2_navigation/urdf/mogi_bot.gazebo
[3.412s] -- Up-to-date: /home/neha/gitjazzy/install/bme_ros2_navigation/share/bme_ros2_navigation/meshes
[3.424s] -- Up-to-date: /home/neha/gitjazzy/install/bme_ros2_navigation/share/bme_ros2_navigation/meshes/lidar.dae
[3.424s] -- Up-to-date: /home/neha/gitjazzy/install/bme_ros2_navigation/share/bme_ros2_navigation/meshes/mogi_bot.dae
[3.427s] -- Up-to-date: /home/neha/gitjazzy/install/bme_ros2_navigation/share/bme_ros2_navigation/meshes/wheel.dae
[3.428s] -- Up-to-date: /home/neha/gitjazzy/install/bme_ros2_navigation/share/bme_ros2_navigation/config
[3.428s] -- Up-to-date: /home/neha/gitjazzy/install/bme_ros2_navigation/share/bme_ros2_navigation/config/amcl_localization.yaml
[3.440s] -- Up-to-date: /home/neha/gitjazzy/install/bme_ros2_navigation/share/bme_ros2_navigation/config/navigation.yaml
[3.441s] -- Up-to-date: /home/neha/gitjazzy/install/bme_ros2_navigation/share/bme_ros2_navigation/config/gz_bridge.yaml
[3.441s] -- Up-to-date: /home/neha/gitjazzy/install/bme_ros2_navigation/share/bme_ros2_navigation/config/waypoints.yaml
[3.441s] -- Up-to-date: /home/neha/gitjazzy/install/bme_ros2_navigation/share/bme_ros2_navigation/config/ekf.yaml
[3.442s] -- Up-to-date: /home/neha/gitjazzy/install/bme_ros2_navigation/share/bme_ros2_navigation/config/slam_toolbox_localization.yaml
[3.442s] -- Up-to-date: /home/neha/gitjazzy/install/bme_ros2_navigation/share/bme_ros2_navigation/config/slam_toolbox_mapping.yaml
[3.442s] -- Up-to-date: /home/neha/gitjazzy/install/bme_ros2_navigation/share/bme_ros2_navigation/maps
[3.442s] -- Up-to-date: /home/neha/gitjazzy/install/bme_ros2_navigation/share/bme_ros2_navigation/maps/my_map.pgm
[3.443s] -- Up-to-date: /home/neha/gitjazzy/install/bme_ros2_navigation/share/bme_ros2_navigation/maps/my_map.yaml
[3.444s] -- Up-to-date: /home/neha/gitjazzy/install/bme_ros2_navigation/share/bme_ros2_navigation/maps/serialized.data
[3.444s] -- Up-to-date: /home/neha/gitjazzy/install/bme_ros2_navigation/share/bme_ros2_navigation/maps/serialized.posegraph
[3.457s] -- Up-to-date: /home/neha/gitjazzy/install/bme_ros2_navigation/share/ament_index/resource_index/package_run_dependencies/bme_ros2_navigation
[3.458s] -- Up-to-date: /home/neha/gitjazzy/install/bme_ros2_navigation/share/ament_index/resource_index/parent_prefix_path/bme_ros2_navigation
[3.458s] -- Up-to-date: /home/neha/gitjazzy/install/bme_ros2_navigation/share/bme_ros2_navigation/environment/ament_prefix_path.sh
[3.459s] -- Up-to-date: /home/neha/gitjazzy/install/bme_ros2_navigation/share/bme_ros2_navigation/environment/ament_prefix_path.dsv
[3.459s] -- Up-to-date: /home/neha/gitjazzy/install/bme_ros2_navigation/share/bme_ros2_navigation/environment/path.sh
[3.459s] -- Up-to-date: /home/neha/gitjazzy/install/bme_ros2_navigation/share/bme_ros2_navigation/environment/path.dsv
[3.460s] -- Up-to-date: /home/neha/gitjazzy/install/bme_ros2_navigation/share/bme_ros2_navigation/local_setup.bash
[3.460s] -- Up-to-date: /home/neha/gitjazzy/install/bme_ros2_navigation/share/bme_ros2_navigation/local_setup.sh
[3.460s] -- Up-to-date: /home/neha/gitjazzy/install/bme_ros2_navigation/share/bme_ros2_navigation/local_setup.zsh
[3.460s] -- Up-to-date: /home/neha/gitjazzy/install/bme_ros2_navigation/share/bme_ros2_navigation/local_setup.dsv
[3.461s] -- Installing: /home/neha/gitjazzy/install/bme_ros2_navigation/share/bme_ros2_navigation/package.dsv
[3.461s] -- Up-to-date: /home/neha/gitjazzy/install/bme_ros2_navigation/share/ament_index/resource_index/packages/bme_ros2_navigation
[3.471s] -- Up-to-date: /home/neha/gitjazzy/install/bme_ros2_navigation/share/bme_ros2_navigation/cmake/bme_ros2_navigationConfig.cmake
[3.472s] -- Up-to-date: /home/neha/gitjazzy/install/bme_ros2_navigation/share/bme_ros2_navigation/cmake/bme_ros2_navigationConfig-version.cmake
[3.472s] -- Up-to-date: /home/neha/gitjazzy/install/bme_ros2_navigation/share/bme_ros2_navigation/package.xml
[3.749s] Invoked command in '/home/neha/gitjazzy/build/bme_ros2_navigation' returned '0': CMAKE_PREFIX_PATH=${CMAKE_PREFIX_PATH}:/home/neha/gitjazzy/install/mogi_trajectory_server:/home/neha/gitjazzy/install/bme_ros2_navigation_py:/home/neha/gitjazzy/install/bme_gazebo_sensors_py:/opt/ros/jazzy /usr/bin/cmake --install /home/neha/gitjazzy/build/bme_ros2_navigation
