[0.252s] DEBUG:colcon:Command line arguments: ['/usr/bin/colcon', 'build']
[0.252s] DEBUG:colcon:Parsed command line arguments: Namespace(log_base=None, log_level=None, verb_name='build', build_base='build', install_base='install', merge_install=False, symlink_install=False, test_result_base=None, continue_on_error=False, executor='parallel', parallel_workers=8, event_handlers=None, ignore_user_meta=False, metas=['./colcon.meta'], base_paths=['.'], packages_ignore=None, packages_ignore_regex=None, paths=None, packages_up_to=None, packages_up_to_regex=None, packages_above=None, packages_above_and_dependencies=None, packages_above_depth=None, packages_select_by_dep=None, packages_skip_by_dep=None, packages_skip_up_to=None, packages_select_build_failed=False, packages_skip_build_finished=False, packages_select_test_failures=False, packages_skip_test_passed=False, packages_select=None, packages_skip=None, packages_select_regex=None, packages_skip_regex=None, packages_start=None, packages_end=None, cmake_args=None, cmake_target=None, cmake_target_skip_unavailable=False, cmake_clean_cache=False, cmake_clean_first=False, cmake_force_configure=False, ament_cmake_args=None, catkin_cmake_args=None, catkin_skip_building_tests=False, verb_parser=<colcon_defaults.argument_parser.defaults.DefaultArgumentsDecorator object at 0x7f35190e56d0>, verb_extension=<colcon_core.verb.build.BuildVerb object at 0x7f35190e54c0>, main=<bound method BuildVerb.main of <colcon_core.verb.build.BuildVerb object at 0x7f35190e54c0>>)
[0.327s] Level 1:colcon.colcon_core.package_discovery:discover_packages(colcon_meta) check parameters
[0.327s] Level 1:colcon.colcon_core.package_discovery:discover_packages(recursive) check parameters
[0.327s] Level 1:colcon.colcon_core.package_discovery:discover_packages(ignore) check parameters
[0.327s] Level 1:colcon.colcon_core.package_discovery:discover_packages(path) check parameters
[0.327s] Level 1:colcon.colcon_core.package_discovery:discover_packages(colcon_meta) discover
[0.327s] Level 1:colcon.colcon_core.package_discovery:discover_packages(recursive) discover
[0.327s] INFO:colcon.colcon_core.package_discovery:Crawling recursively for packages in '/home/neha/gitjazzy/src'
[0.327s] Level 1:colcon.colcon_core.package_identification:_identify(.) by extensions ['ignore', 'ignore_ament_install']
[0.327s] Level 1:colcon.colcon_core.package_identification:_identify(.) by extension 'ignore'
[0.327s] Level 1:colcon.colcon_core.package_identification:_identify(.) by extension 'ignore_ament_install'
[0.327s] Level 1:colcon.colcon_core.package_identification:_identify(.) by extensions ['colcon_pkg']
[0.327s] Level 1:colcon.colcon_core.package_identification:_identify(.) by extension 'colcon_pkg'
[0.328s] Level 1:colcon.colcon_core.package_identification:_identify(.) by extensions ['colcon_meta']
[0.328s] Level 1:colcon.colcon_core.package_identification:_identify(.) by extension 'colcon_meta'
[0.328s] Level 1:colcon.colcon_core.package_identification:_identify(.) by extensions ['ros']
[0.328s] Level 1:colcon.colcon_core.package_identification:_identify(.) by extension 'ros'
[0.357s] Level 1:colcon.colcon_core.package_identification:_identify(.) by extensions ['cmake', 'python']
[0.357s] Level 1:colcon.colcon_core.package_identification:_identify(.) by extension 'cmake'
[0.357s] Level 1:colcon.colcon_core.package_identification:_identify(.) by extension 'python'
[0.358s] Level 1:colcon.colcon_core.package_identification:_identify(.) by extensions ['python_setup_py']
[0.358s] Level 1:colcon.colcon_core.package_identification:_identify(.) by extension 'python_setup_py'
[0.358s] Level 1:colcon.colcon_core.package_identification:_identify(Week-3-4-Gazebo-basics) by extensions ['ignore', 'ignore_ament_install']
[0.358s] Level 1:colcon.colcon_core.package_identification:_identify(Week-3-4-Gazebo-basics) by extension 'ignore'
[0.358s] Level 1:colcon.colcon_core.package_identification:_identify(Week-3-4-Gazebo-basics) by extension 'ignore_ament_install'
[0.358s] Level 1:colcon.colcon_core.package_identification:_identify(Week-3-4-Gazebo-basics) by extensions ['colcon_pkg']
[0.358s] Level 1:colcon.colcon_core.package_identification:_identify(Week-3-4-Gazebo-basics) by extension 'colcon_pkg'
[0.358s] Level 1:colcon.colcon_core.package_identification:_identify(Week-3-4-Gazebo-basics) by extensions ['colcon_meta']
[0.358s] Level 1:colcon.colcon_core.package_identification:_identify(Week-3-4-Gazebo-basics) by extension 'colcon_meta'
[0.358s] Level 1:colcon.colcon_core.package_identification:_identify(Week-3-4-Gazebo-basics) by extensions ['ros']
[0.358s] Level 1:colcon.colcon_core.package_identification:_identify(Week-3-4-Gazebo-basics) by extension 'ros'
[0.358s] Level 1:colcon.colcon_core.package_identification:_identify(Week-3-4-Gazebo-basics) by extensions ['cmake', 'python']
[0.359s] Level 1:colcon.colcon_core.package_identification:_identify(Week-3-4-Gazebo-basics) by extension 'cmake'
[0.359s] Level 1:colcon.colcon_core.package_identification:_identify(Week-3-4-Gazebo-basics) by extension 'python'
[0.359s] Level 1:colcon.colcon_core.package_identification:_identify(Week-3-4-Gazebo-basics) by extensions ['python_setup_py']
[0.359s] Level 1:colcon.colcon_core.package_identification:_identify(Week-3-4-Gazebo-basics) by extension 'python_setup_py'
[0.359s] Level 1:colcon.colcon_core.package_identification:_identify(Week-3-4-Gazebo-basics/assets) by extensions ['ignore', 'ignore_ament_install']
[0.359s] Level 1:colcon.colcon_core.package_identification:_identify(Week-3-4-Gazebo-basics/assets) by extension 'ignore'
[0.359s] Level 1:colcon.colcon_core.package_identification:_identify(Week-3-4-Gazebo-basics/assets) by extension 'ignore_ament_install'
[0.359s] Level 1:colcon.colcon_core.package_identification:_identify(Week-3-4-Gazebo-basics/assets) by extensions ['colcon_pkg']
[0.359s] Level 1:colcon.colcon_core.package_identification:_identify(Week-3-4-Gazebo-basics/assets) by extension 'colcon_pkg'
[0.359s] Level 1:colcon.colcon_core.package_identification:_identify(Week-3-4-Gazebo-basics/assets) by extensions ['colcon_meta']
[0.359s] Level 1:colcon.colcon_core.package_identification:_identify(Week-3-4-Gazebo-basics/assets) by extension 'colcon_meta'
[0.359s] Level 1:colcon.colcon_core.package_identification:_identify(Week-3-4-Gazebo-basics/assets) by extensions ['ros']
[0.359s] Level 1:colcon.colcon_core.package_identification:_identify(Week-3-4-Gazebo-basics/assets) by extension 'ros'
[0.359s] Level 1:colcon.colcon_core.package_identification:_identify(Week-3-4-Gazebo-basics/assets) by extensions ['cmake', 'python']
[0.359s] Level 1:colcon.colcon_core.package_identification:_identify(Week-3-4-Gazebo-basics/assets) by extension 'cmake'
[0.360s] Level 1:colcon.colcon_core.package_identification:_identify(Week-3-4-Gazebo-basics/assets) by extension 'python'
[0.360s] Level 1:colcon.colcon_core.package_identification:_identify(Week-3-4-Gazebo-basics/assets) by extensions ['python_setup_py']
[0.360s] Level 1:colcon.colcon_core.package_identification:_identify(Week-3-4-Gazebo-basics/assets) by extension 'python_setup_py'
[0.360s] Level 1:colcon.colcon_core.package_identification:_identify(Week-3-4-Gazebo-basics/bme_gazebo_basics) by extensions ['ignore', 'ignore_ament_install']
[0.360s] Level 1:colcon.colcon_core.package_identification:_identify(Week-3-4-Gazebo-basics/bme_gazebo_basics) by extension 'ignore'
[0.360s] Level 1:colcon.colcon_core.package_identification:_identify(Week-3-4-Gazebo-basics/bme_gazebo_basics) by extension 'ignore_ament_install'
[0.360s] Level 1:colcon.colcon_core.package_identification:_identify(Week-3-4-Gazebo-basics/bme_gazebo_basics) by extensions ['colcon_pkg']
[0.360s] Level 1:colcon.colcon_core.package_identification:_identify(Week-3-4-Gazebo-basics/bme_gazebo_basics) by extension 'colcon_pkg'
[0.360s] Level 1:colcon.colcon_core.package_identification:_identify(Week-3-4-Gazebo-basics/bme_gazebo_basics) by extensions ['colcon_meta']
[0.360s] Level 1:colcon.colcon_core.package_identification:_identify(Week-3-4-Gazebo-basics/bme_gazebo_basics) by extension 'colcon_meta'
[0.360s] Level 1:colcon.colcon_core.package_identification:_identify(Week-3-4-Gazebo-basics/bme_gazebo_basics) by extensions ['ros']
[0.360s] Level 1:colcon.colcon_core.package_identification:_identify(Week-3-4-Gazebo-basics/bme_gazebo_basics) by extension 'ros'
[0.363s] DEBUG:colcon.colcon_core.package_identification:Package 'Week-3-4-Gazebo-basics/bme_gazebo_basics' with type 'ros.ament_cmake' and name 'bme_gazebo_basics'
[0.363s] Level 1:colcon.colcon_core.package_identification:_identify(Week-5-6-Gazebo-sensors) by extensions ['ignore', 'ignore_ament_install']
[0.363s] Level 1:colcon.colcon_core.package_identification:_identify(Week-5-6-Gazebo-sensors) by extension 'ignore'
[0.363s] Level 1:colcon.colcon_core.package_identification:_identify(Week-5-6-Gazebo-sensors) by extension 'ignore_ament_install'
[0.363s] Level 1:colcon.colcon_core.package_identification:_identify(Week-5-6-Gazebo-sensors) by extensions ['colcon_pkg']
[0.363s] Level 1:colcon.colcon_core.package_identification:_identify(Week-5-6-Gazebo-sensors) by extension 'colcon_pkg'
[0.363s] Level 1:colcon.colcon_core.package_identification:_identify(Week-5-6-Gazebo-sensors) by extensions ['colcon_meta']
[0.363s] Level 1:colcon.colcon_core.package_identification:_identify(Week-5-6-Gazebo-sensors) by extension 'colcon_meta'
[0.363s] Level 1:colcon.colcon_core.package_identification:_identify(Week-5-6-Gazebo-sensors) by extensions ['ros']
[0.363s] Level 1:colcon.colcon_core.package_identification:_identify(Week-5-6-Gazebo-sensors) by extension 'ros'
[0.363s] Level 1:colcon.colcon_core.package_identification:_identify(Week-5-6-Gazebo-sensors) by extensions ['cmake', 'python']
[0.363s] Level 1:colcon.colcon_core.package_identification:_identify(Week-5-6-Gazebo-sensors) by extension 'cmake'
[0.364s] Level 1:colcon.colcon_core.package_identification:_identify(Week-5-6-Gazebo-sensors) by extension 'python'
[0.364s] Level 1:colcon.colcon_core.package_identification:_identify(Week-5-6-Gazebo-sensors) by extensions ['python_setup_py']
[0.364s] Level 1:colcon.colcon_core.package_identification:_identify(Week-5-6-Gazebo-sensors) by extension 'python_setup_py'
[0.364s] Level 1:colcon.colcon_core.package_identification:_identify(Week-5-6-Gazebo-sensors/assets) by extensions ['ignore', 'ignore_ament_install']
[0.364s] Level 1:colcon.colcon_core.package_identification:_identify(Week-5-6-Gazebo-sensors/assets) by extension 'ignore'
[0.364s] Level 1:colcon.colcon_core.package_identification:_identify(Week-5-6-Gazebo-sensors/assets) by extension 'ignore_ament_install'
[0.364s] Level 1:colcon.colcon_core.package_identification:_identify(Week-5-6-Gazebo-sensors/assets) by extensions ['colcon_pkg']
[0.364s] Level 1:colcon.colcon_core.package_identification:_identify(Week-5-6-Gazebo-sensors/assets) by extension 'colcon_pkg'
[0.364s] Level 1:colcon.colcon_core.package_identification:_identify(Week-5-6-Gazebo-sensors/assets) by extensions ['colcon_meta']
[0.364s] Level 1:colcon.colcon_core.package_identification:_identify(Week-5-6-Gazebo-sensors/assets) by extension 'colcon_meta'
[0.364s] Level 1:colcon.colcon_core.package_identification:_identify(Week-5-6-Gazebo-sensors/assets) by extensions ['ros']
[0.364s] Level 1:colcon.colcon_core.package_identification:_identify(Week-5-6-Gazebo-sensors/assets) by extension 'ros'
[0.364s] Level 1:colcon.colcon_core.package_identification:_identify(Week-5-6-Gazebo-sensors/assets) by extensions ['cmake', 'python']
[0.364s] Level 1:colcon.colcon_core.package_identification:_identify(Week-5-6-Gazebo-sensors/assets) by extension 'cmake'
[0.364s] Level 1:colcon.colcon_core.package_identification:_identify(Week-5-6-Gazebo-sensors/assets) by extension 'python'
[0.364s] Level 1:colcon.colcon_core.package_identification:_identify(Week-5-6-Gazebo-sensors/assets) by extensions ['python_setup_py']
[0.365s] Level 1:colcon.colcon_core.package_identification:_identify(Week-5-6-Gazebo-sensors/assets) by extension 'python_setup_py'
[0.365s] Level 1:colcon.colcon_core.package_identification:_identify(Week-5-6-Gazebo-sensors/bme_gazebo_sensors) by extensions ['ignore', 'ignore_ament_install']
[0.365s] Level 1:colcon.colcon_core.package_identification:_identify(Week-5-6-Gazebo-sensors/bme_gazebo_sensors) by extension 'ignore'
[0.365s] Level 1:colcon.colcon_core.package_identification:_identify(Week-5-6-Gazebo-sensors/bme_gazebo_sensors) by extension 'ignore_ament_install'
[0.365s] Level 1:colcon.colcon_core.package_identification:_identify(Week-5-6-Gazebo-sensors/bme_gazebo_sensors) by extensions ['colcon_pkg']
[0.365s] Level 1:colcon.colcon_core.package_identification:_identify(Week-5-6-Gazebo-sensors/bme_gazebo_sensors) by extension 'colcon_pkg'
[0.365s] Level 1:colcon.colcon_core.package_identification:_identify(Week-5-6-Gazebo-sensors/bme_gazebo_sensors) by extensions ['colcon_meta']
[0.365s] Level 1:colcon.colcon_core.package_identification:_identify(Week-5-6-Gazebo-sensors/bme_gazebo_sensors) by extension 'colcon_meta'
[0.365s] Level 1:colcon.colcon_core.package_identification:_identify(Week-5-6-Gazebo-sensors/bme_gazebo_sensors) by extensions ['ros']
[0.365s] Level 1:colcon.colcon_core.package_identification:_identify(Week-5-6-Gazebo-sensors/bme_gazebo_sensors) by extension 'ros'
[0.366s] DEBUG:colcon.colcon_core.package_identification:Package 'Week-5-6-Gazebo-sensors/bme_gazebo_sensors' with type 'ros.ament_cmake' and name 'bme_gazebo_sensors'
[0.366s] Level 1:colcon.colcon_core.package_identification:_identify(Week-5-6-Gazebo-sensors/bme_gazebo_sensors_py) by extensions ['ignore', 'ignore_ament_install']
[0.366s] Level 1:colcon.colcon_core.package_identification:_identify(Week-5-6-Gazebo-sensors/bme_gazebo_sensors_py) by extension 'ignore'
[0.366s] Level 1:colcon.colcon_core.package_identification:_identify(Week-5-6-Gazebo-sensors/bme_gazebo_sensors_py) by extension 'ignore_ament_install'
[0.366s] Level 1:colcon.colcon_core.package_identification:_identify(Week-5-6-Gazebo-sensors/bme_gazebo_sensors_py) by extensions ['colcon_pkg']
[0.366s] Level 1:colcon.colcon_core.package_identification:_identify(Week-5-6-Gazebo-sensors/bme_gazebo_sensors_py) by extension 'colcon_pkg'
[0.366s] Level 1:colcon.colcon_core.package_identification:_identify(Week-5-6-Gazebo-sensors/bme_gazebo_sensors_py) by extensions ['colcon_meta']
[0.366s] Level 1:colcon.colcon_core.package_identification:_identify(Week-5-6-Gazebo-sensors/bme_gazebo_sensors_py) by extension 'colcon_meta'
[0.366s] Level 1:colcon.colcon_core.package_identification:_identify(Week-5-6-Gazebo-sensors/bme_gazebo_sensors_py) by extensions ['ros']
[0.366s] Level 1:colcon.colcon_core.package_identification:_identify(Week-5-6-Gazebo-sensors/bme_gazebo_sensors_py) by extension 'ros'
[0.367s] DEBUG:colcon.colcon_core.package_identification:Package 'Week-5-6-Gazebo-sensors/bme_gazebo_sensors_py' with type 'ros.ament_python' and name 'bme_gazebo_sensors_py'
[0.367s] Level 1:colcon.colcon_core.package_identification:_identify(Week-7-8-ROS2-Navigation) by extensions ['ignore', 'ignore_ament_install']
[0.367s] Level 1:colcon.colcon_core.package_identification:_identify(Week-7-8-ROS2-Navigation) by extension 'ignore'
[0.367s] Level 1:colcon.colcon_core.package_identification:_identify(Week-7-8-ROS2-Navigation) by extension 'ignore_ament_install'
[0.367s] Level 1:colcon.colcon_core.package_identification:_identify(Week-7-8-ROS2-Navigation) by extensions ['colcon_pkg']
[0.367s] Level 1:colcon.colcon_core.package_identification:_identify(Week-7-8-ROS2-Navigation) by extension 'colcon_pkg'
[0.367s] Level 1:colcon.colcon_core.package_identification:_identify(Week-7-8-ROS2-Navigation) by extensions ['colcon_meta']
[0.367s] Level 1:colcon.colcon_core.package_identification:_identify(Week-7-8-ROS2-Navigation) by extension 'colcon_meta'
[0.367s] Level 1:colcon.colcon_core.package_identification:_identify(Week-7-8-ROS2-Navigation) by extensions ['ros']
[0.367s] Level 1:colcon.colcon_core.package_identification:_identify(Week-7-8-ROS2-Navigation) by extension 'ros'
[0.367s] Level 1:colcon.colcon_core.package_identification:_identify(Week-7-8-ROS2-Navigation) by extensions ['cmake', 'python']
[0.367s] Level 1:colcon.colcon_core.package_identification:_identify(Week-7-8-ROS2-Navigation) by extension 'cmake'
[0.367s] Level 1:colcon.colcon_core.package_identification:_identify(Week-7-8-ROS2-Navigation) by extension 'python'
[0.367s] Level 1:colcon.colcon_core.package_identification:_identify(Week-7-8-ROS2-Navigation) by extensions ['python_setup_py']
[0.367s] Level 1:colcon.colcon_core.package_identification:_identify(Week-7-8-ROS2-Navigation) by extension 'python_setup_py'
[0.368s] Level 1:colcon.colcon_core.package_identification:_identify(Week-7-8-ROS2-Navigation/assets) by extensions ['ignore', 'ignore_ament_install']
[0.368s] Level 1:colcon.colcon_core.package_identification:_identify(Week-7-8-ROS2-Navigation/assets) by extension 'ignore'
[0.368s] Level 1:colcon.colcon_core.package_identification:_identify(Week-7-8-ROS2-Navigation/assets) by extension 'ignore_ament_install'
[0.368s] Level 1:colcon.colcon_core.package_identification:_identify(Week-7-8-ROS2-Navigation/assets) by extensions ['colcon_pkg']
[0.368s] Level 1:colcon.colcon_core.package_identification:_identify(Week-7-8-ROS2-Navigation/assets) by extension 'colcon_pkg'
[0.368s] Level 1:colcon.colcon_core.package_identification:_identify(Week-7-8-ROS2-Navigation/assets) by extensions ['colcon_meta']
[0.368s] Level 1:colcon.colcon_core.package_identification:_identify(Week-7-8-ROS2-Navigation/assets) by extension 'colcon_meta'
[0.368s] Level 1:colcon.colcon_core.package_identification:_identify(Week-7-8-ROS2-Navigation/assets) by extensions ['ros']
[0.368s] Level 1:colcon.colcon_core.package_identification:_identify(Week-7-8-ROS2-Navigation/assets) by extension 'ros'
[0.368s] Level 1:colcon.colcon_core.package_identification:_identify(Week-7-8-ROS2-Navigation/assets) by extensions ['cmake', 'python']
[0.368s] Level 1:colcon.colcon_core.package_identification:_identify(Week-7-8-ROS2-Navigation/assets) by extension 'cmake'
[0.368s] Level 1:colcon.colcon_core.package_identification:_identify(Week-7-8-ROS2-Navigation/assets) by extension 'python'
[0.368s] Level 1:colcon.colcon_core.package_identification:_identify(Week-7-8-ROS2-Navigation/assets) by extensions ['python_setup_py']
[0.368s] Level 1:colcon.colcon_core.package_identification:_identify(Week-7-8-ROS2-Navigation/assets) by extension 'python_setup_py'
[0.368s] Level 1:colcon.colcon_core.package_identification:_identify(Week-7-8-ROS2-Navigation/bme_ros2_navigation) by extensions ['ignore', 'ignore_ament_install']
[0.369s] Level 1:colcon.colcon_core.package_identification:_identify(Week-7-8-ROS2-Navigation/bme_ros2_navigation) by extension 'ignore'
[0.369s] Level 1:colcon.colcon_core.package_identification:_identify(Week-7-8-ROS2-Navigation/bme_ros2_navigation) by extension 'ignore_ament_install'
[0.369s] Level 1:colcon.colcon_core.package_identification:_identify(Week-7-8-ROS2-Navigation/bme_ros2_navigation) by extensions ['colcon_pkg']
[0.369s] Level 1:colcon.colcon_core.package_identification:_identify(Week-7-8-ROS2-Navigation/bme_ros2_navigation) by extension 'colcon_pkg'
[0.369s] Level 1:colcon.colcon_core.package_identification:_identify(Week-7-8-ROS2-Navigation/bme_ros2_navigation) by extensions ['colcon_meta']
[0.369s] Level 1:colcon.colcon_core.package_identification:_identify(Week-7-8-ROS2-Navigation/bme_ros2_navigation) by extension 'colcon_meta'
[0.369s] Level 1:colcon.colcon_core.package_identification:_identify(Week-7-8-ROS2-Navigation/bme_ros2_navigation) by extensions ['ros']
[0.369s] Level 1:colcon.colcon_core.package_identification:_identify(Week-7-8-ROS2-Navigation/bme_ros2_navigation) by extension 'ros'
[0.369s] DEBUG:colcon.colcon_core.package_identification:Package 'Week-7-8-ROS2-Navigation/bme_ros2_navigation' with type 'ros.ament_cmake' and name 'bme_ros2_navigation'
[0.369s] Level 1:colcon.colcon_core.package_identification:_identify(Week-7-8-ROS2-Navigation/bme_ros2_navigation_py) by extensions ['ignore', 'ignore_ament_install']
[0.370s] Level 1:colcon.colcon_core.package_identification:_identify(Week-7-8-ROS2-Navigation/bme_ros2_navigation_py) by extension 'ignore'
[0.370s] Level 1:colcon.colcon_core.package_identification:_identify(Week-7-8-ROS2-Navigation/bme_ros2_navigation_py) by extension 'ignore_ament_install'
[0.370s] Level 1:colcon.colcon_core.package_identification:_identify(Week-7-8-ROS2-Navigation/bme_ros2_navigation_py) by extensions ['colcon_pkg']
[0.370s] Level 1:colcon.colcon_core.package_identification:_identify(Week-7-8-ROS2-Navigation/bme_ros2_navigation_py) by extension 'colcon_pkg'
[0.370s] Level 1:colcon.colcon_core.package_identification:_identify(Week-7-8-ROS2-Navigation/bme_ros2_navigation_py) by extensions ['colcon_meta']
[0.370s] Level 1:colcon.colcon_core.package_identification:_identify(Week-7-8-ROS2-Navigation/bme_ros2_navigation_py) by extension 'colcon_meta'
[0.370s] Level 1:colcon.colcon_core.package_identification:_identify(Week-7-8-ROS2-Navigation/bme_ros2_navigation_py) by extensions ['ros']
[0.370s] Level 1:colcon.colcon_core.package_identification:_identify(Week-7-8-ROS2-Navigation/bme_ros2_navigation_py) by extension 'ros'
[0.371s] DEBUG:colcon.colcon_core.package_identification:Package 'Week-7-8-ROS2-Navigation/bme_ros2_navigation_py' with type 'ros.ament_python' and name 'bme_ros2_navigation_py'
[0.371s] Level 1:colcon.colcon_core.package_identification:_identify(Week-7-8-ROS2-Navigation/build) by extensions ['ignore', 'ignore_ament_install']
[0.371s] Level 1:colcon.colcon_core.package_identification:_identify(Week-7-8-ROS2-Navigation/build) by extension 'ignore'
[0.371s] Level 1:colcon.colcon_core.package_identification:_identify(Week-7-8-ROS2-Navigation/build) ignored
[0.372s] Level 1:colcon.colcon_core.package_identification:_identify(Week-7-8-ROS2-Navigation/install) by extensions ['ignore', 'ignore_ament_install']
[0.372s] Level 1:colcon.colcon_core.package_identification:_identify(Week-7-8-ROS2-Navigation/install) by extension 'ignore'
[0.372s] Level 1:colcon.colcon_core.package_identification:_identify(Week-7-8-ROS2-Navigation/install) ignored
[0.372s] Level 1:colcon.colcon_core.package_identification:_identify(Week-7-8-ROS2-Navigation/log) by extensions ['ignore', 'ignore_ament_install']
[0.372s] Level 1:colcon.colcon_core.package_identification:_identify(Week-7-8-ROS2-Navigation/log) by extension 'ignore'
[0.372s] Level 1:colcon.colcon_core.package_identification:_identify(Week-7-8-ROS2-Navigation/log) ignored
[0.372s] Level 1:colcon.colcon_core.package_identification:_identify(build) by extensions ['ignore', 'ignore_ament_install']
[0.372s] Level 1:colcon.colcon_core.package_identification:_identify(build) by extension 'ignore'
[0.372s] Level 1:colcon.colcon_core.package_identification:_identify(build) ignored
[0.372s] Level 1:colcon.colcon_core.package_identification:_identify(install) by extensions ['ignore', 'ignore_ament_install']
[0.373s] Level 1:colcon.colcon_core.package_identification:_identify(install) by extension 'ignore'
[0.373s] Level 1:colcon.colcon_core.package_identification:_identify(install) ignored
[0.373s] Level 1:colcon.colcon_core.package_identification:_identify(log) by extensions ['ignore', 'ignore_ament_install']
[0.373s] Level 1:colcon.colcon_core.package_identification:_identify(log) by extension 'ignore'
[0.373s] Level 1:colcon.colcon_core.package_identification:_identify(log) ignored
[0.373s] Level 1:colcon.colcon_core.package_discovery:discover_packages(recursive) using defaults
[0.373s] Level 1:colcon.colcon_core.package_discovery:discover_packages(ignore) discover
[0.373s] Level 1:colcon.colcon_core.package_discovery:discover_packages(ignore) using defaults
[0.373s] Level 1:colcon.colcon_core.package_discovery:discover_packages(path) discover
[0.373s] Level 1:colcon.colcon_core.package_discovery:discover_packages(path) using defaults
[0.392s] Level 5:colcon.colcon_core.verb:set package 'bme_gazebo_basics' build argument 'cmake_args' from command line to 'None'
[0.392s] Level 5:colcon.colcon_core.verb:set package 'bme_gazebo_basics' build argument 'cmake_target' from command line to 'None'
[0.392s] Level 5:colcon.colcon_core.verb:set package 'bme_gazebo_basics' build argument 'cmake_target_skip_unavailable' from command line to 'False'
[0.392s] Level 5:colcon.colcon_core.verb:set package 'bme_gazebo_basics' build argument 'cmake_clean_cache' from command line to 'False'
[0.392s] Level 5:colcon.colcon_core.verb:set package 'bme_gazebo_basics' build argument 'cmake_clean_first' from command line to 'False'
[0.392s] Level 5:colcon.colcon_core.verb:set package 'bme_gazebo_basics' build argument 'cmake_force_configure' from command line to 'False'
[0.392s] Level 5:colcon.colcon_core.verb:set package 'bme_gazebo_basics' build argument 'ament_cmake_args' from command line to 'None'
[0.392s] Level 5:colcon.colcon_core.verb:set package 'bme_gazebo_basics' build argument 'catkin_cmake_args' from command line to 'None'
[0.392s] Level 5:colcon.colcon_core.verb:set package 'bme_gazebo_basics' build argument 'catkin_skip_building_tests' from command line to 'False'
[0.392s] DEBUG:colcon.colcon_core.verb:Building package 'bme_gazebo_basics' with the following arguments: {'ament_cmake_args': None, 'build_base': '/home/neha/gitjazzy/src/build/bme_gazebo_basics', 'catkin_cmake_args': None, 'catkin_skip_building_tests': False, 'cmake_args': None, 'cmake_clean_cache': False, 'cmake_clean_first': False, 'cmake_force_configure': False, 'cmake_target': None, 'cmake_target_skip_unavailable': False, 'install_base': '/home/neha/gitjazzy/src/install/bme_gazebo_basics', 'merge_install': False, 'path': '/home/neha/gitjazzy/src/Week-3-4-Gazebo-basics/bme_gazebo_basics', 'symlink_install': False, 'test_result_base': None}
[0.392s] Level 5:colcon.colcon_core.verb:set package 'bme_gazebo_sensors' build argument 'cmake_args' from command line to 'None'
[0.392s] Level 5:colcon.colcon_core.verb:set package 'bme_gazebo_sensors' build argument 'cmake_target' from command line to 'None'
[0.392s] Level 5:colcon.colcon_core.verb:set package 'bme_gazebo_sensors' build argument 'cmake_target_skip_unavailable' from command line to 'False'
[0.392s] Level 5:colcon.colcon_core.verb:set package 'bme_gazebo_sensors' build argument 'cmake_clean_cache' from command line to 'False'
[0.392s] Level 5:colcon.colcon_core.verb:set package 'bme_gazebo_sensors' build argument 'cmake_clean_first' from command line to 'False'
[0.392s] Level 5:colcon.colcon_core.verb:set package 'bme_gazebo_sensors' build argument 'cmake_force_configure' from command line to 'False'
[0.393s] Level 5:colcon.colcon_core.verb:set package 'bme_gazebo_sensors' build argument 'ament_cmake_args' from command line to 'None'
[0.393s] Level 5:colcon.colcon_core.verb:set package 'bme_gazebo_sensors' build argument 'catkin_cmake_args' from command line to 'None'
[0.393s] Level 5:colcon.colcon_core.verb:set package 'bme_gazebo_sensors' build argument 'catkin_skip_building_tests' from command line to 'False'
[0.393s] DEBUG:colcon.colcon_core.verb:Building package 'bme_gazebo_sensors' with the following arguments: {'ament_cmake_args': None, 'build_base': '/home/neha/gitjazzy/src/build/bme_gazebo_sensors', 'catkin_cmake_args': None, 'catkin_skip_building_tests': False, 'cmake_args': None, 'cmake_clean_cache': False, 'cmake_clean_first': False, 'cmake_force_configure': False, 'cmake_target': None, 'cmake_target_skip_unavailable': False, 'install_base': '/home/neha/gitjazzy/src/install/bme_gazebo_sensors', 'merge_install': False, 'path': '/home/neha/gitjazzy/src/Week-5-6-Gazebo-sensors/bme_gazebo_sensors', 'symlink_install': False, 'test_result_base': None}
[0.393s] Level 5:colcon.colcon_core.verb:set package 'bme_gazebo_sensors_py' build argument 'cmake_args' from command line to 'None'
[0.393s] Level 5:colcon.colcon_core.verb:set package 'bme_gazebo_sensors_py' build argument 'cmake_target' from command line to 'None'
[0.393s] Level 5:colcon.colcon_core.verb:set package 'bme_gazebo_sensors_py' build argument 'cmake_target_skip_unavailable' from command line to 'False'
[0.393s] Level 5:colcon.colcon_core.verb:set package 'bme_gazebo_sensors_py' build argument 'cmake_clean_cache' from command line to 'False'
[0.393s] Level 5:colcon.colcon_core.verb:set package 'bme_gazebo_sensors_py' build argument 'cmake_clean_first' from command line to 'False'
[0.393s] Level 5:colcon.colcon_core.verb:set package 'bme_gazebo_sensors_py' build argument 'cmake_force_configure' from command line to 'False'
[0.393s] Level 5:colcon.colcon_core.verb:set package 'bme_gazebo_sensors_py' build argument 'ament_cmake_args' from command line to 'None'
[0.393s] Level 5:colcon.colcon_core.verb:set package 'bme_gazebo_sensors_py' build argument 'catkin_cmake_args' from command line to 'None'
[0.393s] Level 5:colcon.colcon_core.verb:set package 'bme_gazebo_sensors_py' build argument 'catkin_skip_building_tests' from command line to 'False'
[0.393s] DEBUG:colcon.colcon_core.verb:Building package 'bme_gazebo_sensors_py' with the following arguments: {'ament_cmake_args': None, 'build_base': '/home/neha/gitjazzy/src/build/bme_gazebo_sensors_py', 'catkin_cmake_args': None, 'catkin_skip_building_tests': False, 'cmake_args': None, 'cmake_clean_cache': False, 'cmake_clean_first': False, 'cmake_force_configure': False, 'cmake_target': None, 'cmake_target_skip_unavailable': False, 'install_base': '/home/neha/gitjazzy/src/install/bme_gazebo_sensors_py', 'merge_install': False, 'path': '/home/neha/gitjazzy/src/Week-5-6-Gazebo-sensors/bme_gazebo_sensors_py', 'symlink_install': False, 'test_result_base': None}
[0.394s] Level 5:colcon.colcon_core.verb:set package 'bme_ros2_navigation' build argument 'cmake_args' from command line to 'None'
[0.394s] Level 5:colcon.colcon_core.verb:set package 'bme_ros2_navigation' build argument 'cmake_target' from command line to 'None'
[0.394s] Level 5:colcon.colcon_core.verb:set package 'bme_ros2_navigation' build argument 'cmake_target_skip_unavailable' from command line to 'False'
[0.394s] Level 5:colcon.colcon_core.verb:set package 'bme_ros2_navigation' build argument 'cmake_clean_cache' from command line to 'False'
[0.394s] Level 5:colcon.colcon_core.verb:set package 'bme_ros2_navigation' build argument 'cmake_clean_first' from command line to 'False'
[0.394s] Level 5:colcon.colcon_core.verb:set package 'bme_ros2_navigation' build argument 'cmake_force_configure' from command line to 'False'
[0.394s] Level 5:colcon.colcon_core.verb:set package 'bme_ros2_navigation' build argument 'ament_cmake_args' from command line to 'None'
[0.394s] Level 5:colcon.colcon_core.verb:set package 'bme_ros2_navigation' build argument 'catkin_cmake_args' from command line to 'None'
[0.394s] Level 5:colcon.colcon_core.verb:set package 'bme_ros2_navigation' build argument 'catkin_skip_building_tests' from command line to 'False'
[0.394s] DEBUG:colcon.colcon_core.verb:Building package 'bme_ros2_navigation' with the following arguments: {'ament_cmake_args': None, 'build_base': '/home/neha/gitjazzy/src/build/bme_ros2_navigation', 'catkin_cmake_args': None, 'catkin_skip_building_tests': False, 'cmake_args': None, 'cmake_clean_cache': False, 'cmake_clean_first': False, 'cmake_force_configure': False, 'cmake_target': None, 'cmake_target_skip_unavailable': False, 'install_base': '/home/neha/gitjazzy/src/install/bme_ros2_navigation', 'merge_install': False, 'path': '/home/neha/gitjazzy/src/Week-7-8-ROS2-Navigation/bme_ros2_navigation', 'symlink_install': False, 'test_result_base': None}
[0.394s] Level 5:colcon.colcon_core.verb:set package 'bme_ros2_navigation_py' build argument 'cmake_args' from command line to 'None'
[0.394s] Level 5:colcon.colcon_core.verb:set package 'bme_ros2_navigation_py' build argument 'cmake_target' from command line to 'None'
[0.394s] Level 5:colcon.colcon_core.verb:set package 'bme_ros2_navigation_py' build argument 'cmake_target_skip_unavailable' from command line to 'False'
[0.394s] Level 5:colcon.colcon_core.verb:set package 'bme_ros2_navigation_py' build argument 'cmake_clean_cache' from command line to 'False'
[0.394s] Level 5:colcon.colcon_core.verb:set package 'bme_ros2_navigation_py' build argument 'cmake_clean_first' from command line to 'False'
[0.394s] Level 5:colcon.colcon_core.verb:set package 'bme_ros2_navigation_py' build argument 'cmake_force_configure' from command line to 'False'
[0.394s] Level 5:colcon.colcon_core.verb:set package 'bme_ros2_navigation_py' build argument 'ament_cmake_args' from command line to 'None'
[0.394s] Level 5:colcon.colcon_core.verb:set package 'bme_ros2_navigation_py' build argument 'catkin_cmake_args' from command line to 'None'
[0.394s] Level 5:colcon.colcon_core.verb:set package 'bme_ros2_navigation_py' build argument 'catkin_skip_building_tests' from command line to 'False'
[0.394s] DEBUG:colcon.colcon_core.verb:Building package 'bme_ros2_navigation_py' with the following arguments: {'ament_cmake_args': None, 'build_base': '/home/neha/gitjazzy/src/build/bme_ros2_navigation_py', 'catkin_cmake_args': None, 'catkin_skip_building_tests': False, 'cmake_args': None, 'cmake_clean_cache': False, 'cmake_clean_first': False, 'cmake_force_configure': False, 'cmake_target': None, 'cmake_target_skip_unavailable': False, 'install_base': '/home/neha/gitjazzy/src/install/bme_ros2_navigation_py', 'merge_install': False, 'path': '/home/neha/gitjazzy/src/Week-7-8-ROS2-Navigation/bme_ros2_navigation_py', 'symlink_install': False, 'test_result_base': None}
[0.394s] INFO:colcon.colcon_core.executor:Executing jobs using 'parallel' executor
[0.396s] DEBUG:colcon.colcon_parallel_executor.executor.parallel:run_until_complete
[0.396s] INFO:colcon.colcon_ros.task.ament_cmake.build:Building ROS package in '/home/neha/gitjazzy/src/Week-3-4-Gazebo-basics/bme_gazebo_basics' with build type 'ament_cmake'
[0.396s] INFO:colcon.colcon_cmake.task.cmake.build:Building CMake package in '/home/neha/gitjazzy/src/Week-3-4-Gazebo-basics/bme_gazebo_basics'
[0.416s] INFO:colcon.colcon_core.plugin_system:Skipping extension 'colcon_core.shell.bat': Not used on non-Windows systems
[0.417s] DEBUG:colcon.colcon_core.shell:Skip shell extension 'dsv' for command environment
[0.429s] INFO:colcon.colcon_ros.task.ament_cmake.build:Building ROS package in '/home/neha/gitjazzy/src/Week-5-6-Gazebo-sensors/bme_gazebo_sensors' with build type 'ament_cmake'
[0.429s] INFO:colcon.colcon_cmake.task.cmake.build:Building CMake package in '/home/neha/gitjazzy/src/Week-5-6-Gazebo-sensors/bme_gazebo_sensors'
[0.429s] DEBUG:colcon.colcon_core.shell:Skip shell extension 'dsv' for command environment
[0.434s] INFO:colcon.colcon_ros.task.ament_python.build:Building ROS package in '/home/neha/gitjazzy/src/Week-5-6-Gazebo-sensors/bme_gazebo_sensors_py' with build type 'ament_python'
[0.435s] Level 1:colcon.colcon_core.shell:create_environment_hook('bme_gazebo_sensors_py', 'ament_prefix_path')
[0.435s] INFO:colcon.colcon_core.shell:Creating environment descriptor '/home/neha/gitjazzy/src/install/bme_gazebo_sensors_py/share/bme_gazebo_sensors_py/hook/ament_prefix_path.dsv'
[0.437s] INFO:colcon.colcon_core.shell:Creating environment hook '/home/neha/gitjazzy/src/install/bme_gazebo_sensors_py/share/bme_gazebo_sensors_py/hook/ament_prefix_path.sh'
[0.440s] DEBUG:colcon.colcon_core.shell:Skip shell extension 'dsv' for command environment
[0.445s] INFO:colcon.colcon_ros.task.ament_cmake.build:Building ROS package in '/home/neha/gitjazzy/src/Week-7-8-ROS2-Navigation/bme_ros2_navigation' with build type 'ament_cmake'
[0.446s] INFO:colcon.colcon_cmake.task.cmake.build:Building CMake package in '/home/neha/gitjazzy/src/Week-7-8-ROS2-Navigation/bme_ros2_navigation'
[0.446s] DEBUG:colcon.colcon_core.shell:Skip shell extension 'dsv' for command environment
[0.454s] INFO:colcon.colcon_ros.task.ament_python.build:Building ROS package in '/home/neha/gitjazzy/src/Week-7-8-ROS2-Navigation/bme_ros2_navigation_py' with build type 'ament_python'
[0.454s] Level 1:colcon.colcon_core.shell:create_environment_hook('bme_ros2_navigation_py', 'ament_prefix_path')
[0.455s] INFO:colcon.colcon_core.shell:Creating environment descriptor '/home/neha/gitjazzy/src/install/bme_ros2_navigation_py/share/bme_ros2_navigation_py/hook/ament_prefix_path.dsv'
[0.456s] INFO:colcon.colcon_core.shell:Creating environment hook '/home/neha/gitjazzy/src/install/bme_ros2_navigation_py/share/bme_ros2_navigation_py/hook/ament_prefix_path.sh'
[0.458s] DEBUG:colcon.colcon_core.shell:Skip shell extension 'dsv' for command environment
[0.477s] DEBUG:colcon.colcon_core.event_handler.log_command:Invoking command in '/home/neha/gitjazzy/src/build/bme_gazebo_basics': CMAKE_PREFIX_PATH=${CMAKE_PREFIX_PATH}:/opt/ros/jazzy /usr/bin/cmake --build /home/neha/gitjazzy/src/build/bme_gazebo_basics -- -j8 -l8
[0.486s] DEBUG:colcon.colcon_core.event_handler.log_command:Invoking command in '/home/neha/gitjazzy/src/build/bme_gazebo_sensors': CMAKE_PREFIX_PATH=${CMAKE_PREFIX_PATH}:/opt/ros/jazzy /usr/bin/cmake --build /home/neha/gitjazzy/src/build/bme_gazebo_sensors -- -j8 -l8
[0.822s] INFO:colcon.colcon_core.task.python.build:Building Python package in '/home/neha/gitjazzy/src/Week-5-6-Gazebo-sensors/bme_gazebo_sensors_py'
[0.822s] DEBUG:colcon.colcon_core.shell:Skip shell extension 'dsv' for command environment
[0.843s] DEBUG:colcon.colcon_core.event_handler.log_command:Invoking command in '/home/neha/gitjazzy/src/build/bme_ros2_navigation': CMAKE_PREFIX_PATH=${CMAKE_PREFIX_PATH}:/opt/ros/jazzy /usr/bin/cmake --build /home/neha/gitjazzy/src/build/bme_ros2_navigation -- -j8 -l8
[0.851s] DEBUG:colcon.colcon_core.event_handler.log_command:Invoked command in '/home/neha/gitjazzy/src/build/bme_gazebo_basics' returned '0': CMAKE_PREFIX_PATH=${CMAKE_PREFIX_PATH}:/opt/ros/jazzy /usr/bin/cmake --build /home/neha/gitjazzy/src/build/bme_gazebo_basics -- -j8 -l8
[0.867s] DEBUG:colcon.colcon_core.event_handler.log_command:Invoking command in '/home/neha/gitjazzy/src/build/bme_gazebo_basics': CMAKE_PREFIX_PATH=${CMAKE_PREFIX_PATH}:/opt/ros/jazzy /usr/bin/cmake --install /home/neha/gitjazzy/src/build/bme_gazebo_basics
[1.190s] INFO:colcon.colcon_core.task.python.build:Building Python package in '/home/neha/gitjazzy/src/Week-7-8-ROS2-Navigation/bme_ros2_navigation_py'
[1.190s] DEBUG:colcon.colcon_core.shell:Skip shell extension 'dsv' for command environment
[1.203s] DEBUG:colcon.colcon_core.event_handler.log_command:Invoked command in '/home/neha/gitjazzy/src/build/bme_gazebo_sensors' returned '0': CMAKE_PREFIX_PATH=${CMAKE_PREFIX_PATH}:/opt/ros/jazzy /usr/bin/cmake --build /home/neha/gitjazzy/src/build/bme_gazebo_sensors -- -j8 -l8
[1.205s] DEBUG:colcon.colcon_core.event_handler.log_command:Invoking command in '/home/neha/gitjazzy/src/build/bme_gazebo_sensors': CMAKE_PREFIX_PATH=${CMAKE_PREFIX_PATH}:/opt/ros/jazzy /usr/bin/cmake --install /home/neha/gitjazzy/src/build/bme_gazebo_sensors
[1.216s] Level 1:colcon.colcon_core.environment:create_environment_scripts_only(bme_gazebo_basics)
[1.218s] DEBUG:colcon.colcon_core.event_handler.log_command:Invoked command in '/home/neha/gitjazzy/src/build/bme_gazebo_basics' returned '0': CMAKE_PREFIX_PATH=${CMAKE_PREFIX_PATH}:/opt/ros/jazzy /usr/bin/cmake --install /home/neha/gitjazzy/src/build/bme_gazebo_basics
[1.241s] Level 1:colcon.colcon_core.environment:checking '/home/neha/gitjazzy/src/install/bme_gazebo_basics' for CMake module files
[1.243s] Level 1:colcon.colcon_core.environment:checking '/home/neha/gitjazzy/src/install/bme_gazebo_basics' for CMake config files
[1.243s] Level 1:colcon.colcon_core.shell:create_environment_hook('bme_gazebo_basics', 'cmake_prefix_path')
[1.243s] INFO:colcon.colcon_core.shell:Creating environment descriptor '/home/neha/gitjazzy/src/install/bme_gazebo_basics/share/bme_gazebo_basics/hook/cmake_prefix_path.dsv'
[1.244s] INFO:colcon.colcon_core.shell:Creating environment hook '/home/neha/gitjazzy/src/install/bme_gazebo_basics/share/bme_gazebo_basics/hook/cmake_prefix_path.sh'
[1.245s] Level 1:colcon.colcon_core.environment:checking '/home/neha/gitjazzy/src/install/bme_gazebo_basics/bin'
[1.246s] Level 1:colcon.colcon_core.environment:checking '/home/neha/gitjazzy/src/install/bme_gazebo_basics/lib/pkgconfig/bme_gazebo_basics.pc'
[1.246s] Level 1:colcon.colcon_core.environment:checking '/home/neha/gitjazzy/src/install/bme_gazebo_basics/lib/python3.12/site-packages'
[1.246s] Level 1:colcon.colcon_core.environment:checking '/home/neha/gitjazzy/src/install/bme_gazebo_basics/bin'
[1.247s] INFO:colcon.colcon_core.shell:Creating package descriptor '/home/neha/gitjazzy/src/install/bme_gazebo_basics/share/bme_gazebo_basics/package.dsv'
[1.248s] INFO:colcon.colcon_core.shell:Creating package script '/home/neha/gitjazzy/src/install/bme_gazebo_basics/share/bme_gazebo_basics/package.sh'
[1.249s] INFO:colcon.colcon_core.shell:Creating package script '/home/neha/gitjazzy/src/install/bme_gazebo_basics/share/bme_gazebo_basics/package.bash'
[1.251s] INFO:colcon.colcon_core.shell:Creating package script '/home/neha/gitjazzy/src/install/bme_gazebo_basics/share/bme_gazebo_basics/package.zsh'
[1.253s] Level 1:colcon.colcon_core.environment:create_file_with_runtime_dependencies(/home/neha/gitjazzy/src/install/bme_gazebo_basics/share/colcon-core/packages/bme_gazebo_basics)
[1.254s] Level 1:colcon.colcon_core.environment:create_environment_scripts_only(bme_gazebo_basics)
[1.254s] Level 1:colcon.colcon_core.environment:checking '/home/neha/gitjazzy/src/install/bme_gazebo_basics' for CMake module files
[1.254s] Level 1:colcon.colcon_core.environment:checking '/home/neha/gitjazzy/src/install/bme_gazebo_basics' for CMake config files
[1.255s] Level 1:colcon.colcon_core.shell:create_environment_hook('bme_gazebo_basics', 'cmake_prefix_path')
[1.255s] INFO:colcon.colcon_core.shell:Creating environment descriptor '/home/neha/gitjazzy/src/install/bme_gazebo_basics/share/bme_gazebo_basics/hook/cmake_prefix_path.dsv'
[1.256s] INFO:colcon.colcon_core.shell:Creating environment hook '/home/neha/gitjazzy/src/install/bme_gazebo_basics/share/bme_gazebo_basics/hook/cmake_prefix_path.sh'
[1.256s] Level 1:colcon.colcon_core.environment:checking '/home/neha/gitjazzy/src/install/bme_gazebo_basics/bin'
[1.256s] Level 1:colcon.colcon_core.environment:checking '/home/neha/gitjazzy/src/install/bme_gazebo_basics/lib/pkgconfig/bme_gazebo_basics.pc'
[1.257s] Level 1:colcon.colcon_core.environment:checking '/home/neha/gitjazzy/src/install/bme_gazebo_basics/lib/python3.12/site-packages'
[1.257s] Level 1:colcon.colcon_core.environment:checking '/home/neha/gitjazzy/src/install/bme_gazebo_basics/bin'
[1.257s] INFO:colcon.colcon_core.shell:Creating package descriptor '/home/neha/gitjazzy/src/install/bme_gazebo_basics/share/bme_gazebo_basics/package.dsv'
[1.258s] INFO:colcon.colcon_core.shell:Creating package script '/home/neha/gitjazzy/src/install/bme_gazebo_basics/share/bme_gazebo_basics/package.sh'
[1.259s] INFO:colcon.colcon_core.shell:Creating package script '/home/neha/gitjazzy/src/install/bme_gazebo_basics/share/bme_gazebo_basics/package.bash'
[1.259s] INFO:colcon.colcon_core.shell:Creating package script '/home/neha/gitjazzy/src/install/bme_gazebo_basics/share/bme_gazebo_basics/package.zsh'
[1.260s] Level 1:colcon.colcon_core.environment:create_file_with_runtime_dependencies(/home/neha/gitjazzy/src/install/bme_gazebo_basics/share/colcon-core/packages/bme_gazebo_basics)
[1.264s] DEBUG:colcon.colcon_core.event_handler.log_command:Invoked command in '/home/neha/gitjazzy/src/build/bme_ros2_navigation' returned '0': CMAKE_PREFIX_PATH=${CMAKE_PREFIX_PATH}:/opt/ros/jazzy /usr/bin/cmake --build /home/neha/gitjazzy/src/build/bme_ros2_navigation -- -j8 -l8
[1.268s] DEBUG:colcon.colcon_core.event_handler.log_command:Invoking command in '/home/neha/gitjazzy/src/build/bme_ros2_navigation': CMAKE_PREFIX_PATH=${CMAKE_PREFIX_PATH}:/opt/ros/jazzy /usr/bin/cmake --install /home/neha/gitjazzy/src/build/bme_ros2_navigation
[1.271s] Level 1:colcon.colcon_core.environment:create_environment_scripts_only(bme_gazebo_sensors)
[1.272s] Level 1:colcon.colcon_core.environment:checking '/home/neha/gitjazzy/src/install/bme_gazebo_sensors' for CMake module files
[1.273s] DEBUG:colcon.colcon_core.event_handler.log_command:Invoked command in '/home/neha/gitjazzy/src/build/bme_gazebo_sensors' returned '0': CMAKE_PREFIX_PATH=${CMAKE_PREFIX_PATH}:/opt/ros/jazzy /usr/bin/cmake --install /home/neha/gitjazzy/src/build/bme_gazebo_sensors
[1.274s] Level 1:colcon.colcon_core.environment:checking '/home/neha/gitjazzy/src/install/bme_gazebo_sensors' for CMake config files
[1.275s] Level 1:colcon.colcon_core.shell:create_environment_hook('bme_gazebo_sensors', 'cmake_prefix_path')
[1.275s] INFO:colcon.colcon_core.shell:Creating environment descriptor '/home/neha/gitjazzy/src/install/bme_gazebo_sensors/share/bme_gazebo_sensors/hook/cmake_prefix_path.dsv'
[1.276s] INFO:colcon.colcon_core.shell:Creating environment hook '/home/neha/gitjazzy/src/install/bme_gazebo_sensors/share/bme_gazebo_sensors/hook/cmake_prefix_path.sh'
[1.277s] Level 1:colcon.colcon_core.environment:checking '/home/neha/gitjazzy/src/install/bme_gazebo_sensors/bin'
[1.277s] Level 1:colcon.colcon_core.environment:checking '/home/neha/gitjazzy/src/install/bme_gazebo_sensors/lib/pkgconfig/bme_gazebo_sensors.pc'
[1.277s] Level 1:colcon.colcon_core.environment:checking '/home/neha/gitjazzy/src/install/bme_gazebo_sensors/lib/python3.12/site-packages'
[1.278s] Level 1:colcon.colcon_core.environment:checking '/home/neha/gitjazzy/src/install/bme_gazebo_sensors/bin'
[1.278s] INFO:colcon.colcon_core.shell:Creating package descriptor '/home/neha/gitjazzy/src/install/bme_gazebo_sensors/share/bme_gazebo_sensors/package.dsv'
[1.279s] INFO:colcon.colcon_core.shell:Creating package script '/home/neha/gitjazzy/src/install/bme_gazebo_sensors/share/bme_gazebo_sensors/package.sh'
[1.280s] INFO:colcon.colcon_core.shell:Creating package script '/home/neha/gitjazzy/src/install/bme_gazebo_sensors/share/bme_gazebo_sensors/package.bash'
[1.280s] INFO:colcon.colcon_core.shell:Creating package script '/home/neha/gitjazzy/src/install/bme_gazebo_sensors/share/bme_gazebo_sensors/package.zsh'
[1.281s] Level 1:colcon.colcon_core.environment:create_file_with_runtime_dependencies(/home/neha/gitjazzy/src/install/bme_gazebo_sensors/share/colcon-core/packages/bme_gazebo_sensors)
[1.282s] Level 1:colcon.colcon_core.environment:create_environment_scripts_only(bme_gazebo_sensors)
[1.282s] Level 1:colcon.colcon_core.environment:checking '/home/neha/gitjazzy/src/install/bme_gazebo_sensors' for CMake module files
[1.288s] Level 1:colcon.colcon_core.environment:checking '/home/neha/gitjazzy/src/install/bme_gazebo_sensors' for CMake config files
[1.306s] Level 1:colcon.colcon_core.shell:create_environment_hook('bme_gazebo_sensors', 'cmake_prefix_path')
[1.306s] INFO:colcon.colcon_core.shell:Creating environment descriptor '/home/neha/gitjazzy/src/install/bme_gazebo_sensors/share/bme_gazebo_sensors/hook/cmake_prefix_path.dsv'
[1.311s] INFO:colcon.colcon_core.shell:Creating environment hook '/home/neha/gitjazzy/src/install/bme_gazebo_sensors/share/bme_gazebo_sensors/hook/cmake_prefix_path.sh'
[1.312s] Level 1:colcon.colcon_core.environment:checking '/home/neha/gitjazzy/src/install/bme_gazebo_sensors/bin'
[1.312s] Level 1:colcon.colcon_core.environment:checking '/home/neha/gitjazzy/src/install/bme_gazebo_sensors/lib/pkgconfig/bme_gazebo_sensors.pc'
[1.312s] Level 1:colcon.colcon_core.environment:checking '/home/neha/gitjazzy/src/install/bme_gazebo_sensors/lib/python3.12/site-packages'
[1.312s] Level 1:colcon.colcon_core.environment:checking '/home/neha/gitjazzy/src/install/bme_gazebo_sensors/bin'
[1.313s] INFO:colcon.colcon_core.shell:Creating package descriptor '/home/neha/gitjazzy/src/install/bme_gazebo_sensors/share/bme_gazebo_sensors/package.dsv'
[1.313s] INFO:colcon.colcon_core.shell:Creating package script '/home/neha/gitjazzy/src/install/bme_gazebo_sensors/share/bme_gazebo_sensors/package.sh'
[1.314s] INFO:colcon.colcon_core.shell:Creating package script '/home/neha/gitjazzy/src/install/bme_gazebo_sensors/share/bme_gazebo_sensors/package.bash'
[1.315s] INFO:colcon.colcon_core.shell:Creating package script '/home/neha/gitjazzy/src/install/bme_gazebo_sensors/share/bme_gazebo_sensors/package.zsh'
[1.316s] Level 1:colcon.colcon_core.environment:create_file_with_runtime_dependencies(/home/neha/gitjazzy/src/install/bme_gazebo_sensors/share/colcon-core/packages/bme_gazebo_sensors)
[1.319s] Level 1:colcon.colcon_core.environment:create_environment_scripts_only(bme_ros2_navigation)
[1.319s] Level 1:colcon.colcon_core.environment:checking '/home/neha/gitjazzy/src/install/bme_ros2_navigation' for CMake module files
[1.321s] DEBUG:colcon.colcon_core.event_handler.log_command:Invoked command in '/home/neha/gitjazzy/src/build/bme_ros2_navigation' returned '0': CMAKE_PREFIX_PATH=${CMAKE_PREFIX_PATH}:/opt/ros/jazzy /usr/bin/cmake --install /home/neha/gitjazzy/src/build/bme_ros2_navigation
[1.322s] Level 1:colcon.colcon_core.environment:checking '/home/neha/gitjazzy/src/install/bme_ros2_navigation' for CMake config files
[1.323s] Level 1:colcon.colcon_core.shell:create_environment_hook('bme_ros2_navigation', 'cmake_prefix_path')
[1.323s] INFO:colcon.colcon_core.shell:Creating environment descriptor '/home/neha/gitjazzy/src/install/bme_ros2_navigation/share/bme_ros2_navigation/hook/cmake_prefix_path.dsv'
[1.324s] INFO:colcon.colcon_core.shell:Creating environment hook '/home/neha/gitjazzy/src/install/bme_ros2_navigation/share/bme_ros2_navigation/hook/cmake_prefix_path.sh'
[1.326s] Level 1:colcon.colcon_core.environment:checking '/home/neha/gitjazzy/src/install/bme_ros2_navigation/bin'
[1.326s] Level 1:colcon.colcon_core.environment:checking '/home/neha/gitjazzy/src/install/bme_ros2_navigation/lib/pkgconfig/bme_ros2_navigation.pc'
[1.327s] Level 1:colcon.colcon_core.environment:checking '/home/neha/gitjazzy/src/install/bme_ros2_navigation/lib/python3.12/site-packages'
[1.328s] Level 1:colcon.colcon_core.environment:checking '/home/neha/gitjazzy/src/install/bme_ros2_navigation/bin'
[1.329s] INFO:colcon.colcon_core.shell:Creating package descriptor '/home/neha/gitjazzy/src/install/bme_ros2_navigation/share/bme_ros2_navigation/package.dsv'
[1.330s] INFO:colcon.colcon_core.shell:Creating package script '/home/neha/gitjazzy/src/install/bme_ros2_navigation/share/bme_ros2_navigation/package.sh'
[1.331s] INFO:colcon.colcon_core.shell:Creating package script '/home/neha/gitjazzy/src/install/bme_ros2_navigation/share/bme_ros2_navigation/package.bash'
[1.332s] INFO:colcon.colcon_core.shell:Creating package script '/home/neha/gitjazzy/src/install/bme_ros2_navigation/share/bme_ros2_navigation/package.zsh'
[1.332s] Level 1:colcon.colcon_core.environment:create_file_with_runtime_dependencies(/home/neha/gitjazzy/src/install/bme_ros2_navigation/share/colcon-core/packages/bme_ros2_navigation)
[1.333s] Level 1:colcon.colcon_core.environment:create_environment_scripts_only(bme_ros2_navigation)
[1.333s] Level 1:colcon.colcon_core.environment:checking '/home/neha/gitjazzy/src/install/bme_ros2_navigation' for CMake module files
[1.334s] Level 1:colcon.colcon_core.environment:checking '/home/neha/gitjazzy/src/install/bme_ros2_navigation' for CMake config files
[1.334s] Level 1:colcon.colcon_core.shell:create_environment_hook('bme_ros2_navigation', 'cmake_prefix_path')
[1.335s] INFO:colcon.colcon_core.shell:Creating environment descriptor '/home/neha/gitjazzy/src/install/bme_ros2_navigation/share/bme_ros2_navigation/hook/cmake_prefix_path.dsv'
[1.335s] INFO:colcon.colcon_core.shell:Creating environment hook '/home/neha/gitjazzy/src/install/bme_ros2_navigation/share/bme_ros2_navigation/hook/cmake_prefix_path.sh'
[1.336s] Level 1:colcon.colcon_core.environment:checking '/home/neha/gitjazzy/src/install/bme_ros2_navigation/bin'
[1.336s] Level 1:colcon.colcon_core.environment:checking '/home/neha/gitjazzy/src/install/bme_ros2_navigation/lib/pkgconfig/bme_ros2_navigation.pc'
[1.337s] Level 1:colcon.colcon_core.environment:checking '/home/neha/gitjazzy/src/install/bme_ros2_navigation/lib/python3.12/site-packages'
[1.337s] Level 1:colcon.colcon_core.environment:checking '/home/neha/gitjazzy/src/install/bme_ros2_navigation/bin'
[1.338s] INFO:colcon.colcon_core.shell:Creating package descriptor '/home/neha/gitjazzy/src/install/bme_ros2_navigation/share/bme_ros2_navigation/package.dsv'
[1.338s] INFO:colcon.colcon_core.shell:Creating package script '/home/neha/gitjazzy/src/install/bme_ros2_navigation/share/bme_ros2_navigation/package.sh'
[1.339s] INFO:colcon.colcon_core.shell:Creating package script '/home/neha/gitjazzy/src/install/bme_ros2_navigation/share/bme_ros2_navigation/package.bash'
[1.340s] INFO:colcon.colcon_core.shell:Creating package script '/home/neha/gitjazzy/src/install/bme_ros2_navigation/share/bme_ros2_navigation/package.zsh'
[1.340s] Level 1:colcon.colcon_core.environment:create_file_with_runtime_dependencies(/home/neha/gitjazzy/src/install/bme_ros2_navigation/share/colcon-core/packages/bme_ros2_navigation)
[1.810s] DEBUG:colcon.colcon_core.event_handler.log_command:Invoking command in '/home/neha/gitjazzy/src/Week-7-8-ROS2-Navigation/bme_ros2_navigation_py': PYTHONPATH=/home/neha/gitjazzy/src/build/bme_ros2_navigation_py/prefix_override:/usr/lib/python3/dist-packages/colcon_core/task/python/colcon_distutils_commands:/home/neha/gitjazzy/src/install/bme_ros2_navigation_py/lib/python3.12/site-packages:${PYTHONPATH} /usr/bin/python3 -W ignore:setup.py install is deprecated -W ignore:easy_install command is deprecated setup.py egg_info --egg-base ../../build/bme_ros2_navigation_py build --build-base /home/neha/gitjazzy/src/build/bme_ros2_navigation_py/build install --record /home/neha/gitjazzy/src/build/bme_ros2_navigation_py/install.log --single-version-externally-managed install_data
[1.813s] DEBUG:colcon.colcon_core.event_handler.log_command:Invoking command in '/home/neha/gitjazzy/src/Week-5-6-Gazebo-sensors/bme_gazebo_sensors_py': PYTHONPATH=/home/neha/gitjazzy/src/build/bme_gazebo_sensors_py/prefix_override:/usr/lib/python3/dist-packages/colcon_core/task/python/colcon_distutils_commands:/home/neha/gitjazzy/src/install/bme_gazebo_sensors_py/lib/python3.12/site-packages:${PYTHONPATH} /usr/bin/python3 -W ignore:setup.py install is deprecated -W ignore:easy_install command is deprecated setup.py egg_info --egg-base ../../build/bme_gazebo_sensors_py build --build-base /home/neha/gitjazzy/src/build/bme_gazebo_sensors_py/build install --record /home/neha/gitjazzy/src/build/bme_gazebo_sensors_py/install.log --single-version-externally-managed install_data
[2.574s] Level 1:colcon.colcon_core.environment:checking '/home/neha/gitjazzy/src/install/bme_gazebo_sensors_py' for CMake module files
[2.575s] DEBUG:colcon.colcon_core.event_handler.log_command:Invoked command in '/home/neha/gitjazzy/src/Week-5-6-Gazebo-sensors/bme_gazebo_sensors_py' returned '0': PYTHONPATH=/home/neha/gitjazzy/src/build/bme_gazebo_sensors_py/prefix_override:/usr/lib/python3/dist-packages/colcon_core/task/python/colcon_distutils_commands:/home/neha/gitjazzy/src/install/bme_gazebo_sensors_py/lib/python3.12/site-packages:${PYTHONPATH} /usr/bin/python3 -W ignore:setup.py install is deprecated -W ignore:easy_install command is deprecated setup.py egg_info --egg-base ../../build/bme_gazebo_sensors_py build --build-base /home/neha/gitjazzy/src/build/bme_gazebo_sensors_py/build install --record /home/neha/gitjazzy/src/build/bme_gazebo_sensors_py/install.log --single-version-externally-managed install_data
[2.577s] Level 1:colcon.colcon_core.environment:checking '/home/neha/gitjazzy/src/install/bme_gazebo_sensors_py' for CMake config files
[2.578s] Level 1:colcon.colcon_core.environment:checking '/home/neha/gitjazzy/src/install/bme_gazebo_sensors_py/lib'
[2.579s] Level 1:colcon.colcon_core.environment:checking '/home/neha/gitjazzy/src/install/bme_gazebo_sensors_py/bin'
[2.579s] Level 1:colcon.colcon_core.environment:checking '/home/neha/gitjazzy/src/install/bme_gazebo_sensors_py/lib/pkgconfig/bme_gazebo_sensors_py.pc'
[2.580s] Level 1:colcon.colcon_core.environment:checking '/home/neha/gitjazzy/src/install/bme_gazebo_sensors_py/lib/python3.12/site-packages'
[2.580s] Level 1:colcon.colcon_core.shell:create_environment_hook('bme_gazebo_sensors_py', 'pythonpath')
[2.581s] INFO:colcon.colcon_core.shell:Creating environment descriptor '/home/neha/gitjazzy/src/install/bme_gazebo_sensors_py/share/bme_gazebo_sensors_py/hook/pythonpath.dsv'
[2.582s] INFO:colcon.colcon_core.shell:Creating environment hook '/home/neha/gitjazzy/src/install/bme_gazebo_sensors_py/share/bme_gazebo_sensors_py/hook/pythonpath.sh'
[2.583s] Level 1:colcon.colcon_core.environment:checking '/home/neha/gitjazzy/src/install/bme_gazebo_sensors_py/bin'
[2.583s] Level 1:colcon.colcon_core.environment:create_environment_scripts_only(bme_gazebo_sensors_py)
[2.584s] INFO:colcon.colcon_core.shell:Creating package descriptor '/home/neha/gitjazzy/src/install/bme_gazebo_sensors_py/share/bme_gazebo_sensors_py/package.dsv'
[2.584s] INFO:colcon.colcon_core.shell:Creating package script '/home/neha/gitjazzy/src/install/bme_gazebo_sensors_py/share/bme_gazebo_sensors_py/package.sh'
[2.585s] INFO:colcon.colcon_core.shell:Creating package script '/home/neha/gitjazzy/src/install/bme_gazebo_sensors_py/share/bme_gazebo_sensors_py/package.bash'
[2.586s] INFO:colcon.colcon_core.shell:Creating package script '/home/neha/gitjazzy/src/install/bme_gazebo_sensors_py/share/bme_gazebo_sensors_py/package.zsh'
[2.587s] Level 1:colcon.colcon_core.environment:create_file_with_runtime_dependencies(/home/neha/gitjazzy/src/install/bme_gazebo_sensors_py/share/colcon-core/packages/bme_gazebo_sensors_py)
[2.588s] Level 1:colcon.colcon_core.environment:checking '/home/neha/gitjazzy/src/install/bme_ros2_navigation_py' for CMake module files
[2.591s] DEBUG:colcon.colcon_core.event_handler.log_command:Invoked command in '/home/neha/gitjazzy/src/Week-7-8-ROS2-Navigation/bme_ros2_navigation_py' returned '0': PYTHONPATH=/home/neha/gitjazzy/src/build/bme_ros2_navigation_py/prefix_override:/usr/lib/python3/dist-packages/colcon_core/task/python/colcon_distutils_commands:/home/neha/gitjazzy/src/install/bme_ros2_navigation_py/lib/python3.12/site-packages:${PYTHONPATH} /usr/bin/python3 -W ignore:setup.py install is deprecated -W ignore:easy_install command is deprecated setup.py egg_info --egg-base ../../build/bme_ros2_navigation_py build --build-base /home/neha/gitjazzy/src/build/bme_ros2_navigation_py/build install --record /home/neha/gitjazzy/src/build/bme_ros2_navigation_py/install.log --single-version-externally-managed install_data
[2.591s] Level 1:colcon.colcon_core.environment:checking '/home/neha/gitjazzy/src/install/bme_ros2_navigation_py' for CMake config files
[2.592s] Level 1:colcon.colcon_core.environment:checking '/home/neha/gitjazzy/src/install/bme_ros2_navigation_py/lib'
[2.592s] Level 1:colcon.colcon_core.environment:checking '/home/neha/gitjazzy/src/install/bme_ros2_navigation_py/bin'
[2.592s] Level 1:colcon.colcon_core.environment:checking '/home/neha/gitjazzy/src/install/bme_ros2_navigation_py/lib/pkgconfig/bme_ros2_navigation_py.pc'
[2.593s] Level 1:colcon.colcon_core.environment:checking '/home/neha/gitjazzy/src/install/bme_ros2_navigation_py/lib/python3.12/site-packages'
[2.593s] Level 1:colcon.colcon_core.shell:create_environment_hook('bme_ros2_navigation_py', 'pythonpath')
[2.593s] INFO:colcon.colcon_core.shell:Creating environment descriptor '/home/neha/gitjazzy/src/install/bme_ros2_navigation_py/share/bme_ros2_navigation_py/hook/pythonpath.dsv'
[2.594s] INFO:colcon.colcon_core.shell:Creating environment hook '/home/neha/gitjazzy/src/install/bme_ros2_navigation_py/share/bme_ros2_navigation_py/hook/pythonpath.sh'
[2.595s] Level 1:colcon.colcon_core.environment:checking '/home/neha/gitjazzy/src/install/bme_ros2_navigation_py/bin'
[2.595s] Level 1:colcon.colcon_core.environment:create_environment_scripts_only(bme_ros2_navigation_py)
[2.596s] INFO:colcon.colcon_core.shell:Creating package descriptor '/home/neha/gitjazzy/src/install/bme_ros2_navigation_py/share/bme_ros2_navigation_py/package.dsv'
[2.596s] INFO:colcon.colcon_core.shell:Creating package script '/home/neha/gitjazzy/src/install/bme_ros2_navigation_py/share/bme_ros2_navigation_py/package.sh'
[2.597s] INFO:colcon.colcon_core.shell:Creating package script '/home/neha/gitjazzy/src/install/bme_ros2_navigation_py/share/bme_ros2_navigation_py/package.bash'
[2.598s] INFO:colcon.colcon_core.shell:Creating package script '/home/neha/gitjazzy/src/install/bme_ros2_navigation_py/share/bme_ros2_navigation_py/package.zsh'
[2.598s] Level 1:colcon.colcon_core.environment:create_file_with_runtime_dependencies(/home/neha/gitjazzy/src/install/bme_ros2_navigation_py/share/colcon-core/packages/bme_ros2_navigation_py)
[2.599s] DEBUG:colcon.colcon_parallel_executor.executor.parallel:closing loop
[2.600s] DEBUG:colcon.colcon_parallel_executor.executor.parallel:loop closed
[2.600s] DEBUG:colcon.colcon_parallel_executor.executor.parallel:run_until_complete finished with '0'
[2.600s] DEBUG:colcon.colcon_core.event_reactor:joining thread
[2.672s] INFO:colcon.colcon_core.plugin_system:Skipping extension 'colcon_notification.desktop_notification.notify_send': Could not find 'notify-send'
[2.672s] INFO:colcon.colcon_core.plugin_system:Skipping extension 'colcon_notification.desktop_notification.terminal_notifier': Not used on non-Darwin systems
[2.672s] INFO:colcon.colcon_core.plugin_system:Skipping extension 'colcon_notification.desktop_notification.win32': Not used on non-Windows systems
[2.672s] INFO:colcon.colcon_notification.desktop_notification:Sending desktop notification using 'notify2'
[2.693s] DEBUG:colcon.colcon_notification.desktop_notification.notify2:Failed to initialize notify2: org.freedesktop.DBus.Error.ServiceUnknown: The name org.freedesktop.Notifications was not provided by any .service files
[2.693s] DEBUG:colcon.colcon_core.event_reactor:joined thread
[2.694s] INFO:colcon.colcon_core.shell:Creating prefix script '/home/neha/gitjazzy/src/install/local_setup.sh'
[2.695s] INFO:colcon.colcon_core.shell:Creating prefix util module '/home/neha/gitjazzy/src/install/_local_setup_util_sh.py'
[2.697s] INFO:colcon.colcon_core.shell:Creating prefix chain script '/home/neha/gitjazzy/src/install/setup.sh'
[2.699s] INFO:colcon.colcon_core.shell:Creating prefix script '/home/neha/gitjazzy/src/install/local_setup.bash'
[2.700s] INFO:colcon.colcon_core.shell:Creating prefix chain script '/home/neha/gitjazzy/src/install/setup.bash'
[2.702s] INFO:colcon.colcon_core.shell:Creating prefix script '/home/neha/gitjazzy/src/install/local_setup.zsh'
[2.703s] INFO:colcon.colcon_core.shell:Creating prefix chain script '/home/neha/gitjazzy/src/install/setup.zsh'
