[0.349s] Invoking command in '/home/neha/gitjazzy/build/bme_ros2_navigation': CMAKE_PREFIX_PATH=${CMAKE_PREFIX_PATH}:/opt/ros/jazzy /usr/bin/cmake --build /home/neha/gitjazzy/build/bme_ros2_navigation -- -j8 -l8
[0.681s] Invoked command in '/home/neha/gitjazzy/build/bme_ros2_navigation' returned '0': CMAKE_PREFIX_PATH=${CMAKE_PREFIX_PATH}:/opt/ros/jazzy /usr/bin/cmake --build /home/neha/gitjazzy/build/bme_ros2_navigation -- -j8 -l8
[0.684s] Invoking command in '/home/neha/gitjazzy/build/bme_ros2_navigation': CMAKE_PREFIX_PATH=${CMAKE_PREFIX_PATH}:/opt/ros/jazzy /usr/bin/cmake --install /home/neha/gitjazzy/build/bme_ros2_navigation
[0.999s] -- Install configuration: ""
[1.000s] -- Up-to-date: /home/neha/gitjazzy/install/bme_ros2_navigation/share/bme_ros2_navigation/launch
[1.000s] -- Up-to-date: /home/neha/gitjazzy/install/bme_ros2_navigation/share/bme_ros2_navigation/launch/check_urdf.launch.py
[1.000s] -- Up-to-date: /home/neha/gitjazzy/install/bme_ros2_navigation/share/bme_ros2_navigation/launch/navigation.launch.py
[1.000s] -- Up-to-date: /home/neha/gitjazzy/install/bme_ros2_navigation/share/bme_ros2_navigation/launch/navigation_with_slam.launch.py
[1.000s] -- Up-to-date: /home/neha/gitjazzy/install/bme_ros2_navigation/share/bme_ros2_navigation/launch/localization_slam_toolbox.launch.py
[1.000s] -- Up-to-date: /home/neha/gitjazzy/install/bme_ros2_navigation/share/bme_ros2_navigation/launch/mapping.launch.py
[1.001s] -- Up-to-date: /home/neha/gitjazzy/install/bme_ros2_navigation/share/bme_ros2_navigation/launch/localization.launch.py
[1.001s] -- Up-to-date: /home/neha/gitjazzy/install/bme_ros2_navigation/share/bme_ros2_navigation/launch/spawn_robot.launch.py
[1.002s] -- Up-to-date: /home/neha/gitjazzy/install/bme_ros2_navigation/share/bme_ros2_navigation/launch/world.launch.py
[1.002s] -- Up-to-date: /home/neha/gitjazzy/install/bme_ros2_navigation/share/bme_ros2_navigation/worlds
[1.002s] -- Up-to-date: /home/neha/gitjazzy/install/bme_ros2_navigation/share/bme_ros2_navigation/worlds/home.sdf
[1.002s] -- Up-to-date: /home/neha/gitjazzy/install/bme_ros2_navigation/share/bme_ros2_navigation/worlds/empty.sdf
[1.003s] -- Up-to-date: /home/neha/gitjazzy/install/bme_ros2_navigation/share/bme_ros2_navigation/rviz
[1.003s] -- Up-to-date: /home/neha/gitjazzy/install/bme_ros2_navigation/share/bme_ros2_navigation/rviz/navigation.rviz
[1.003s] -- Up-to-date: /home/neha/gitjazzy/install/bme_ros2_navigation/share/bme_ros2_navigation/rviz/rviz.rviz
[1.004s] -- Up-to-date: /home/neha/gitjazzy/install/bme_ros2_navigation/share/bme_ros2_navigation/rviz/mapping.rviz
[1.004s] -- Up-to-date: /home/neha/gitjazzy/install/bme_ros2_navigation/share/bme_ros2_navigation/rviz/localization.rviz
[1.005s] -- Up-to-date: /home/neha/gitjazzy/install/bme_ros2_navigation/share/bme_ros2_navigation/rviz/urdf.rviz
[1.005s] -- Up-to-date: /home/neha/gitjazzy/install/bme_ros2_navigation/share/bme_ros2_navigation/urdf
[1.005s] -- Up-to-date: /home/neha/gitjazzy/install/bme_ros2_navigation/share/bme_ros2_navigation/urdf/mogi_bot.urdf
[1.005s] -- Up-to-date: /home/neha/gitjazzy/install/bme_ros2_navigation/share/bme_ros2_navigation/urdf/materials.xacro
[1.006s] -- Up-to-date: /home/neha/gitjazzy/install/bme_ros2_navigation/share/bme_ros2_navigation/urdf/mogi_bot.gazebo
[1.006s] -- Up-to-date: /home/neha/gitjazzy/install/bme_ros2_navigation/share/bme_ros2_navigation/meshes
[1.006s] -- Up-to-date: /home/neha/gitjazzy/install/bme_ros2_navigation/share/bme_ros2_navigation/meshes/lidar.dae
[1.006s] -- Up-to-date: /home/neha/gitjazzy/install/bme_ros2_navigation/share/bme_ros2_navigation/meshes/mogi_bot.dae
[1.007s] -- Up-to-date: /home/neha/gitjazzy/install/bme_ros2_navigation/share/bme_ros2_navigation/meshes/wheel.dae
[1.007s] -- Up-to-date: /home/neha/gitjazzy/install/bme_ros2_navigation/share/bme_ros2_navigation/config
[1.008s] -- Up-to-date: /home/neha/gitjazzy/install/bme_ros2_navigation/share/bme_ros2_navigation/config/amcl_localization.yaml
[1.008s] -- Up-to-date: /home/neha/gitjazzy/install/bme_ros2_navigation/share/bme_ros2_navigation/config/navigation.yaml
[1.008s] -- Up-to-date: /home/neha/gitjazzy/install/bme_ros2_navigation/share/bme_ros2_navigation/config/gz_bridge.yaml
[1.009s] -- Up-to-date: /home/neha/gitjazzy/install/bme_ros2_navigation/share/bme_ros2_navigation/config/waypoints.yaml
[1.009s] -- Up-to-date: /home/neha/gitjazzy/install/bme_ros2_navigation/share/bme_ros2_navigation/config/ekf.yaml
[1.009s] -- Up-to-date: /home/neha/gitjazzy/install/bme_ros2_navigation/share/bme_ros2_navigation/config/slam_toolbox_localization.yaml
[1.010s] -- Up-to-date: /home/neha/gitjazzy/install/bme_ros2_navigation/share/bme_ros2_navigation/config/slam_toolbox_mapping.yaml
[1.010s] -- Up-to-date: /home/neha/gitjazzy/install/bme_ros2_navigation/share/bme_ros2_navigation/maps
[1.011s] -- Up-to-date: /home/neha/gitjazzy/install/bme_ros2_navigation/share/bme_ros2_navigation/maps/my_map.pgm
[1.011s] -- Up-to-date: /home/neha/gitjazzy/install/bme_ros2_navigation/share/bme_ros2_navigation/maps/my_map.yaml
[1.012s] -- Up-to-date: /home/neha/gitjazzy/install/bme_ros2_navigation/share/bme_ros2_navigation/maps/serialized.data
[1.012s] -- Up-to-date: /home/neha/gitjazzy/install/bme_ros2_navigation/share/bme_ros2_navigation/maps/serialized.posegraph
[1.012s] -- Up-to-date: /home/neha/gitjazzy/install/bme_ros2_navigation/share/ament_index/resource_index/package_run_dependencies/bme_ros2_navigation
[1.012s] -- Up-to-date: /home/neha/gitjazzy/install/bme_ros2_navigation/share/ament_index/resource_index/parent_prefix_path/bme_ros2_navigation
[1.013s] -- Up-to-date: /home/neha/gitjazzy/install/bme_ros2_navigation/share/bme_ros2_navigation/environment/ament_prefix_path.sh
[1.013s] -- Up-to-date: /home/neha/gitjazzy/install/bme_ros2_navigation/share/bme_ros2_navigation/environment/ament_prefix_path.dsv
[1.013s] -- Up-to-date: /home/neha/gitjazzy/install/bme_ros2_navigation/share/bme_ros2_navigation/environment/path.sh
[1.013s] -- Up-to-date: /home/neha/gitjazzy/install/bme_ros2_navigation/share/bme_ros2_navigation/environment/path.dsv
[1.014s] -- Up-to-date: /home/neha/gitjazzy/install/bme_ros2_navigation/share/bme_ros2_navigation/local_setup.bash
[1.014s] -- Up-to-date: /home/neha/gitjazzy/install/bme_ros2_navigation/share/bme_ros2_navigation/local_setup.sh
[1.014s] -- Up-to-date: /home/neha/gitjazzy/install/bme_ros2_navigation/share/bme_ros2_navigation/local_setup.zsh
[1.015s] -- Up-to-date: /home/neha/gitjazzy/install/bme_ros2_navigation/share/bme_ros2_navigation/local_setup.dsv
[1.015s] -- Installing: /home/neha/gitjazzy/install/bme_ros2_navigation/share/bme_ros2_navigation/package.dsv
[1.015s] -- Up-to-date: /home/neha/gitjazzy/install/bme_ros2_navigation/share/ament_index/resource_index/packages/bme_ros2_navigation
[1.015s] -- Up-to-date: /home/neha/gitjazzy/install/bme_ros2_navigation/share/bme_ros2_navigation/cmake/bme_ros2_navigationConfig.cmake
[1.015s] -- Up-to-date: /home/neha/gitjazzy/install/bme_ros2_navigation/share/bme_ros2_navigation/cmake/bme_ros2_navigationConfig-version.cmake
[1.016s] -- Up-to-date: /home/neha/gitjazzy/install/bme_ros2_navigation/share/bme_ros2_navigation/package.xml
[1.038s] Invoked command in '/home/neha/gitjazzy/build/bme_ros2_navigation' returned '0': CMAKE_PREFIX_PATH=${CMAKE_PREFIX_PATH}:/opt/ros/jazzy /usr/bin/cmake --install /home/neha/gitjazzy/build/bme_ros2_navigation
