[0.592s] DEBUG:colcon:Command line arguments: ['/usr/bin/colcon', 'build']
[0.592s] DEBUG:colcon:Parsed command line arguments: Namespace(log_base=None, log_level=None, verb_name='build', build_base='build', install_base='install', merge_install=False, symlink_install=False, test_result_base=None, continue_on_error=False, executor='parallel', parallel_workers=8, event_handlers=None, ignore_user_meta=False, metas=['./colcon.meta'], base_paths=['.'], packages_ignore=None, packages_ignore_regex=None, paths=None, packages_up_to=None, packages_up_to_regex=None, packages_above=None, packages_above_and_dependencies=None, packages_above_depth=None, packages_select_by_dep=None, packages_skip_by_dep=None, packages_skip_up_to=None, packages_select_build_failed=False, packages_skip_build_finished=False, packages_select_test_failures=False, packages_skip_test_passed=False, packages_select=None, packages_skip=None, packages_select_regex=None, packages_skip_regex=None, packages_start=None, packages_end=None, cmake_args=None, cmake_target=None, cmake_target_skip_unavailable=False, cmake_clean_cache=False, cmake_clean_first=False, cmake_force_configure=False, ament_cmake_args=None, catkin_cmake_args=None, catkin_skip_building_tests=False, verb_parser=<colcon_defaults.argument_parser.defaults.DefaultArgumentsDecorator object at 0x7ff1dcfb9070>, verb_extension=<colcon_core.verb.build.BuildVerb object at 0x7ff1dcfb8ef0>, main=<bound method BuildVerb.main of <colcon_core.verb.build.BuildVerb object at 0x7ff1dcfb8ef0>>)
[0.765s] Level 1:colcon.colcon_core.package_discovery:discover_packages(colcon_meta) check parameters
[0.766s] Level 1:colcon.colcon_core.package_discovery:discover_packages(recursive) check parameters
[0.766s] Level 1:colcon.colcon_core.package_discovery:discover_packages(ignore) check parameters
[0.766s] Level 1:colcon.colcon_core.package_discovery:discover_packages(path) check parameters
[0.766s] Level 1:colcon.colcon_core.package_discovery:discover_packages(colcon_meta) discover
[0.766s] Level 1:colcon.colcon_core.package_discovery:discover_packages(recursive) discover
[0.766s] INFO:colcon.colcon_core.package_discovery:Crawling recursively for packages in '/home/neha/gitjazzy/src'
[0.767s] Level 1:colcon.colcon_core.package_identification:_identify(.) by extensions ['ignore', 'ignore_ament_install']
[0.767s] Level 1:colcon.colcon_core.package_identification:_identify(.) by extension 'ignore'
[0.767s] Level 1:colcon.colcon_core.package_identification:_identify(.) by extension 'ignore_ament_install'
[0.767s] Level 1:colcon.colcon_core.package_identification:_identify(.) by extensions ['colcon_pkg']
[0.768s] Level 1:colcon.colcon_core.package_identification:_identify(.) by extension 'colcon_pkg'
[0.768s] Level 1:colcon.colcon_core.package_identification:_identify(.) by extensions ['colcon_meta']
[0.768s] Level 1:colcon.colcon_core.package_identification:_identify(.) by extension 'colcon_meta'
[0.768s] Level 1:colcon.colcon_core.package_identification:_identify(.) by extensions ['ros']
[0.768s] Level 1:colcon.colcon_core.package_identification:_identify(.) by extension 'ros'
[0.841s] Level 1:colcon.colcon_core.package_identification:_identify(.) by extensions ['cmake', 'python']
[0.841s] Level 1:colcon.colcon_core.package_identification:_identify(.) by extension 'cmake'
[0.842s] Level 1:colcon.colcon_core.package_identification:_identify(.) by extension 'python'
[0.842s] Level 1:colcon.colcon_core.package_identification:_identify(.) by extensions ['python_setup_py']
[0.842s] Level 1:colcon.colcon_core.package_identification:_identify(.) by extension 'python_setup_py'
[0.842s] Level 1:colcon.colcon_core.package_identification:_identify(Week-3-4-Gazebo-basics) by extensions ['ignore', 'ignore_ament_install']
[0.842s] Level 1:colcon.colcon_core.package_identification:_identify(Week-3-4-Gazebo-basics) by extension 'ignore'
[0.842s] Level 1:colcon.colcon_core.package_identification:_identify(Week-3-4-Gazebo-basics) by extension 'ignore_ament_install'
[0.842s] Level 1:colcon.colcon_core.package_identification:_identify(Week-3-4-Gazebo-basics) by extensions ['colcon_pkg']
[0.842s] Level 1:colcon.colcon_core.package_identification:_identify(Week-3-4-Gazebo-basics) by extension 'colcon_pkg'
[0.842s] Level 1:colcon.colcon_core.package_identification:_identify(Week-3-4-Gazebo-basics) by extensions ['colcon_meta']
[0.842s] Level 1:colcon.colcon_core.package_identification:_identify(Week-3-4-Gazebo-basics) by extension 'colcon_meta'
[0.843s] Level 1:colcon.colcon_core.package_identification:_identify(Week-3-4-Gazebo-basics) by extensions ['ros']
[0.843s] Level 1:colcon.colcon_core.package_identification:_identify(Week-3-4-Gazebo-basics) by extension 'ros'
[0.843s] Level 1:colcon.colcon_core.package_identification:_identify(Week-3-4-Gazebo-basics) by extensions ['cmake', 'python']
[0.843s] Level 1:colcon.colcon_core.package_identification:_identify(Week-3-4-Gazebo-basics) by extension 'cmake'
[0.843s] Level 1:colcon.colcon_core.package_identification:_identify(Week-3-4-Gazebo-basics) by extension 'python'
[0.843s] Level 1:colcon.colcon_core.package_identification:_identify(Week-3-4-Gazebo-basics) by extensions ['python_setup_py']
[0.843s] Level 1:colcon.colcon_core.package_identification:_identify(Week-3-4-Gazebo-basics) by extension 'python_setup_py'
[0.843s] Level 1:colcon.colcon_core.package_identification:_identify(Week-3-4-Gazebo-basics/assets) by extensions ['ignore', 'ignore_ament_install']
[0.843s] Level 1:colcon.colcon_core.package_identification:_identify(Week-3-4-Gazebo-basics/assets) by extension 'ignore'
[0.844s] Level 1:colcon.colcon_core.package_identification:_identify(Week-3-4-Gazebo-basics/assets) by extension 'ignore_ament_install'
[0.844s] Level 1:colcon.colcon_core.package_identification:_identify(Week-3-4-Gazebo-basics/assets) by extensions ['colcon_pkg']
[0.844s] Level 1:colcon.colcon_core.package_identification:_identify(Week-3-4-Gazebo-basics/assets) by extension 'colcon_pkg'
[0.844s] Level 1:colcon.colcon_core.package_identification:_identify(Week-3-4-Gazebo-basics/assets) by extensions ['colcon_meta']
[0.844s] Level 1:colcon.colcon_core.package_identification:_identify(Week-3-4-Gazebo-basics/assets) by extension 'colcon_meta'
[0.844s] Level 1:colcon.colcon_core.package_identification:_identify(Week-3-4-Gazebo-basics/assets) by extensions ['ros']
[0.844s] Level 1:colcon.colcon_core.package_identification:_identify(Week-3-4-Gazebo-basics/assets) by extension 'ros'
[0.844s] Level 1:colcon.colcon_core.package_identification:_identify(Week-3-4-Gazebo-basics/assets) by extensions ['cmake', 'python']
[0.844s] Level 1:colcon.colcon_core.package_identification:_identify(Week-3-4-Gazebo-basics/assets) by extension 'cmake'
[0.844s] Level 1:colcon.colcon_core.package_identification:_identify(Week-3-4-Gazebo-basics/assets) by extension 'python'
[0.845s] Level 1:colcon.colcon_core.package_identification:_identify(Week-3-4-Gazebo-basics/assets) by extensions ['python_setup_py']
[0.845s] Level 1:colcon.colcon_core.package_identification:_identify(Week-3-4-Gazebo-basics/assets) by extension 'python_setup_py'
[0.845s] Level 1:colcon.colcon_core.package_identification:_identify(Week-3-4-Gazebo-basics/bme_gazebo_basics) by extensions ['ignore', 'ignore_ament_install']
[0.845s] Level 1:colcon.colcon_core.package_identification:_identify(Week-3-4-Gazebo-basics/bme_gazebo_basics) by extension 'ignore'
[0.845s] Level 1:colcon.colcon_core.package_identification:_identify(Week-3-4-Gazebo-basics/bme_gazebo_basics) by extension 'ignore_ament_install'
[0.845s] Level 1:colcon.colcon_core.package_identification:_identify(Week-3-4-Gazebo-basics/bme_gazebo_basics) by extensions ['colcon_pkg']
[0.845s] Level 1:colcon.colcon_core.package_identification:_identify(Week-3-4-Gazebo-basics/bme_gazebo_basics) by extension 'colcon_pkg'
[0.845s] Level 1:colcon.colcon_core.package_identification:_identify(Week-3-4-Gazebo-basics/bme_gazebo_basics) by extensions ['colcon_meta']
[0.845s] Level 1:colcon.colcon_core.package_identification:_identify(Week-3-4-Gazebo-basics/bme_gazebo_basics) by extension 'colcon_meta'
[0.846s] Level 1:colcon.colcon_core.package_identification:_identify(Week-3-4-Gazebo-basics/bme_gazebo_basics) by extensions ['ros']
[0.846s] Level 1:colcon.colcon_core.package_identification:_identify(Week-3-4-Gazebo-basics/bme_gazebo_basics) by extension 'ros'
[0.851s] DEBUG:colcon.colcon_core.package_identification:Package 'Week-3-4-Gazebo-basics/bme_gazebo_basics' with type 'ros.ament_cmake' and name 'bme_gazebo_basics'
[0.851s] Level 1:colcon.colcon_core.package_identification:_identify(build) by extensions ['ignore', 'ignore_ament_install']
[0.851s] Level 1:colcon.colcon_core.package_identification:_identify(build) by extension 'ignore'
[0.852s] Level 1:colcon.colcon_core.package_identification:_identify(build) ignored
[0.852s] Level 1:colcon.colcon_core.package_identification:_identify(install) by extensions ['ignore', 'ignore_ament_install']
[0.852s] Level 1:colcon.colcon_core.package_identification:_identify(install) by extension 'ignore'
[0.852s] Level 1:colcon.colcon_core.package_identification:_identify(install) ignored
[0.852s] Level 1:colcon.colcon_core.package_identification:_identify(log) by extensions ['ignore', 'ignore_ament_install']
[0.852s] Level 1:colcon.colcon_core.package_identification:_identify(log) by extension 'ignore'
[0.852s] Level 1:colcon.colcon_core.package_identification:_identify(log) ignored
[0.852s] Level 1:colcon.colcon_core.package_discovery:discover_packages(recursive) using defaults
[0.853s] Level 1:colcon.colcon_core.package_discovery:discover_packages(ignore) discover
[0.853s] Level 1:colcon.colcon_core.package_discovery:discover_packages(ignore) using defaults
[0.853s] Level 1:colcon.colcon_core.package_discovery:discover_packages(path) discover
[0.853s] Level 1:colcon.colcon_core.package_discovery:discover_packages(path) using defaults
[0.906s] Level 5:colcon.colcon_core.verb:set package 'bme_gazebo_basics' build argument 'cmake_args' from command line to 'None'
[0.906s] Level 5:colcon.colcon_core.verb:set package 'bme_gazebo_basics' build argument 'cmake_target' from command line to 'None'
[0.907s] Level 5:colcon.colcon_core.verb:set package 'bme_gazebo_basics' build argument 'cmake_target_skip_unavailable' from command line to 'False'
[0.907s] Level 5:colcon.colcon_core.verb:set package 'bme_gazebo_basics' build argument 'cmake_clean_cache' from command line to 'False'
[0.907s] Level 5:colcon.colcon_core.verb:set package 'bme_gazebo_basics' build argument 'cmake_clean_first' from command line to 'False'
[0.907s] Level 5:colcon.colcon_core.verb:set package 'bme_gazebo_basics' build argument 'cmake_force_configure' from command line to 'False'
[0.907s] Level 5:colcon.colcon_core.verb:set package 'bme_gazebo_basics' build argument 'ament_cmake_args' from command line to 'None'
[0.907s] Level 5:colcon.colcon_core.verb:set package 'bme_gazebo_basics' build argument 'catkin_cmake_args' from command line to 'None'
[0.907s] Level 5:colcon.colcon_core.verb:set package 'bme_gazebo_basics' build argument 'catkin_skip_building_tests' from command line to 'False'
[0.907s] DEBUG:colcon.colcon_core.verb:Building package 'bme_gazebo_basics' with the following arguments: {'ament_cmake_args': None, 'build_base': '/home/neha/gitjazzy/src/build/bme_gazebo_basics', 'catkin_cmake_args': None, 'catkin_skip_building_tests': False, 'cmake_args': None, 'cmake_clean_cache': False, 'cmake_clean_first': False, 'cmake_force_configure': False, 'cmake_target': None, 'cmake_target_skip_unavailable': False, 'install_base': '/home/neha/gitjazzy/src/install/bme_gazebo_basics', 'merge_install': False, 'path': '/home/neha/gitjazzy/src/Week-3-4-Gazebo-basics/bme_gazebo_basics', 'symlink_install': False, 'test_result_base': None}
[0.907s] INFO:colcon.colcon_core.executor:Executing jobs using 'parallel' executor
[0.909s] DEBUG:colcon.colcon_parallel_executor.executor.parallel:run_until_complete
[0.910s] INFO:colcon.colcon_ros.task.ament_cmake.build:Building ROS package in '/home/neha/gitjazzy/src/Week-3-4-Gazebo-basics/bme_gazebo_basics' with build type 'ament_cmake'
[0.910s] INFO:colcon.colcon_cmake.task.cmake.build:Building CMake package in '/home/neha/gitjazzy/src/Week-3-4-Gazebo-basics/bme_gazebo_basics'
[0.921s] INFO:colcon.colcon_core.plugin_system:Skipping extension 'colcon_core.shell.bat': Not used on non-Windows systems
[0.922s] DEBUG:colcon.colcon_core.shell:Skip shell extension 'dsv' for command environment
[0.943s] DEBUG:colcon.colcon_core.event_handler.log_command:Invoking command in '/home/neha/gitjazzy/src/build/bme_gazebo_basics': CMAKE_PREFIX_PATH=${CMAKE_PREFIX_PATH}:/opt/ros/jazzy /usr/bin/cmake /home/neha/gitjazzy/src/Week-3-4-Gazebo-basics/bme_gazebo_basics -DCMAKE_INSTALL_PREFIX=/home/neha/gitjazzy/src/install/bme_gazebo_basics
[4.808s] DEBUG:colcon.colcon_core.event_handler.log_command:Invoked command in '/home/neha/gitjazzy/src/build/bme_gazebo_basics' returned '0': CMAKE_PREFIX_PATH=${CMAKE_PREFIX_PATH}:/opt/ros/jazzy /usr/bin/cmake /home/neha/gitjazzy/src/Week-3-4-Gazebo-basics/bme_gazebo_basics -DCMAKE_INSTALL_PREFIX=/home/neha/gitjazzy/src/install/bme_gazebo_basics
[4.810s] DEBUG:colcon.colcon_core.event_handler.log_command:Invoking command in '/home/neha/gitjazzy/src/build/bme_gazebo_basics': CMAKE_PREFIX_PATH=${CMAKE_PREFIX_PATH}:/opt/ros/jazzy /usr/bin/cmake --build /home/neha/gitjazzy/src/build/bme_gazebo_basics -- -j8 -l8
[4.862s] DEBUG:colcon.colcon_core.event_handler.log_command:Invoked command in '/home/neha/gitjazzy/src/build/bme_gazebo_basics' returned '0': CMAKE_PREFIX_PATH=${CMAKE_PREFIX_PATH}:/opt/ros/jazzy /usr/bin/cmake --build /home/neha/gitjazzy/src/build/bme_gazebo_basics -- -j8 -l8
[4.879s] DEBUG:colcon.colcon_core.event_handler.log_command:Invoking command in '/home/neha/gitjazzy/src/build/bme_gazebo_basics': CMAKE_PREFIX_PATH=${CMAKE_PREFIX_PATH}:/opt/ros/jazzy /usr/bin/cmake --install /home/neha/gitjazzy/src/build/bme_gazebo_basics
[4.898s] DEBUG:colcon.colcon_core.event_handler.log_command:Invoked command in '/home/neha/gitjazzy/src/build/bme_gazebo_basics' returned '1': CMAKE_PREFIX_PATH=${CMAKE_PREFIX_PATH}:/opt/ros/jazzy /usr/bin/cmake --install /home/neha/gitjazzy/src/build/bme_gazebo_basics
[4.899s] Level 1:colcon.colcon_core.environment:create_environment_scripts_only(bme_gazebo_basics)
[4.920s] Level 1:colcon.colcon_core.environment:checking '/home/neha/gitjazzy/src/install/bme_gazebo_basics' for CMake module files
[4.921s] Level 1:colcon.colcon_core.environment:checking '/home/neha/gitjazzy/src/install/bme_gazebo_basics' for CMake config files
[4.922s] Level 1:colcon.colcon_core.environment:checking '/home/neha/gitjazzy/src/install/bme_gazebo_basics/bin'
[4.922s] Level 1:colcon.colcon_core.environment:checking '/home/neha/gitjazzy/src/install/bme_gazebo_basics/lib/pkgconfig/bme_gazebo_basics.pc'
[4.927s] Level 1:colcon.colcon_core.environment:checking '/home/neha/gitjazzy/src/install/bme_gazebo_basics/lib/python3.12/site-packages'
[4.928s] Level 1:colcon.colcon_core.environment:checking '/home/neha/gitjazzy/src/install/bme_gazebo_basics/bin'
[4.928s] INFO:colcon.colcon_core.shell:Creating package descriptor '/home/neha/gitjazzy/src/install/bme_gazebo_basics/share/bme_gazebo_basics/package.dsv'
[4.932s] INFO:colcon.colcon_core.shell:Creating package script '/home/neha/gitjazzy/src/install/bme_gazebo_basics/share/bme_gazebo_basics/package.sh'
[4.934s] INFO:colcon.colcon_core.shell:Creating package script '/home/neha/gitjazzy/src/install/bme_gazebo_basics/share/bme_gazebo_basics/package.bash'
[4.937s] INFO:colcon.colcon_core.shell:Creating package script '/home/neha/gitjazzy/src/install/bme_gazebo_basics/share/bme_gazebo_basics/package.zsh'
[4.939s] Level 1:colcon.colcon_core.environment:create_file_with_runtime_dependencies(/home/neha/gitjazzy/src/install/bme_gazebo_basics/share/colcon-core/packages/bme_gazebo_basics)
[4.951s] DEBUG:colcon.colcon_parallel_executor.executor.parallel:closing loop
[4.951s] DEBUG:colcon.colcon_parallel_executor.executor.parallel:loop closed
[4.952s] DEBUG:colcon.colcon_parallel_executor.executor.parallel:run_until_complete finished with '1'
[4.952s] DEBUG:colcon.colcon_core.event_reactor:joining thread
[5.041s] INFO:colcon.colcon_core.plugin_system:Skipping extension 'colcon_notification.desktop_notification.notify_send': Could not find 'notify-send'
[5.041s] INFO:colcon.colcon_core.plugin_system:Skipping extension 'colcon_notification.desktop_notification.terminal_notifier': Not used on non-Darwin systems
[5.041s] INFO:colcon.colcon_core.plugin_system:Skipping extension 'colcon_notification.desktop_notification.win32': Not used on non-Windows systems
[5.042s] INFO:colcon.colcon_notification.desktop_notification:Sending desktop notification using 'notify2'
[5.048s] DEBUG:colcon.colcon_notification.desktop_notification.notify2:Failed to initialize notify2: org.freedesktop.DBus.Error.ServiceUnknown: The name org.freedesktop.Notifications was not provided by any .service files
[5.049s] DEBUG:colcon.colcon_core.event_reactor:joined thread
[5.049s] INFO:colcon.colcon_core.shell:Creating prefix script '/home/neha/gitjazzy/src/install/local_setup.sh'
[5.051s] INFO:colcon.colcon_core.shell:Creating prefix util module '/home/neha/gitjazzy/src/install/_local_setup_util_sh.py'
[5.055s] INFO:colcon.colcon_core.shell:Creating prefix chain script '/home/neha/gitjazzy/src/install/setup.sh'
[5.058s] INFO:colcon.colcon_core.shell:Creating prefix script '/home/neha/gitjazzy/src/install/local_setup.bash'
[5.060s] INFO:colcon.colcon_core.shell:Creating prefix chain script '/home/neha/gitjazzy/src/install/setup.bash'
[5.063s] INFO:colcon.colcon_core.shell:Creating prefix script '/home/neha/gitjazzy/src/install/local_setup.zsh'
[5.064s] INFO:colcon.colcon_core.shell:Creating prefix chain script '/home/neha/gitjazzy/src/install/setup.zsh'
