[0.091s] Invoking command in '/home/neha/gitjazzy/build/bme_gazebo_sensors': CMAKE_PREFIX_PATH=${CMAKE_PREFIX_PATH}:/opt/ros/jazzy /usr/bin/cmake --build /home/neha/gitjazzy/build/bme_gazebo_sensors -- -j8 -l8
[1.735s] Invoked command in '/home/neha/gitjazzy/build/bme_gazebo_sensors' returned '0': CMAKE_PREFIX_PATH=${CMAKE_PREFIX_PATH}:/opt/ros/jazzy /usr/bin/cmake --build /home/neha/gitjazzy/build/bme_gazebo_sensors -- -j8 -l8
[1.737s] Invoking command in '/home/neha/gitjazzy/build/bme_gazebo_sensors': CMAKE_PREFIX_PATH=${CMAKE_PREFIX_PATH}:/opt/ros/jazzy /usr/bin/cmake --install /home/neha/gitjazzy/build/bme_gazebo_sensors
[1.767s] -- Install configuration: ""
[1.776s] -- Up-to-date: /home/neha/gitjazzy/install/bme_gazebo_sensors/share/bme_gazebo_sensors/launch
[1.776s] -- Up-to-date: /home/neha/gitjazzy/install/bme_gazebo_sensors/share/bme_gazebo_sensors/launch/check_urdf.launch.py
[1.776s] -- Up-to-date: /home/neha/gitjazzy/install/bme_gazebo_sensors/share/bme_gazebo_sensors/launch/spawn_robot.launch.py
[1.776s] -- Up-to-date: /home/neha/gitjazzy/install/bme_gazebo_sensors/share/bme_gazebo_sensors/launch/world.launch.py
[1.776s] -- Up-to-date: /home/neha/gitjazzy/install/bme_gazebo_sensors/share/bme_gazebo_sensors/worlds
[1.776s] -- Up-to-date: /home/neha/gitjazzy/install/bme_gazebo_sensors/share/bme_gazebo_sensors/worlds/home.sdf
[1.776s] -- Up-to-date: /home/neha/gitjazzy/install/bme_gazebo_sensors/share/bme_gazebo_sensors/worlds/world.sdf
[1.776s] -- Up-to-date: /home/neha/gitjazzy/install/bme_gazebo_sensors/share/bme_gazebo_sensors/worlds/empty.sdf
[1.776s] -- Up-to-date: /home/neha/gitjazzy/install/bme_gazebo_sensors/share/bme_gazebo_sensors/rviz
[1.777s] -- Up-to-date: /home/neha/gitjazzy/install/bme_gazebo_sensors/share/bme_gazebo_sensors/rviz/gps.rviz
[1.777s] -- Up-to-date: /home/neha/gitjazzy/install/bme_gazebo_sensors/share/bme_gazebo_sensors/rviz/rviz.rviz
[1.777s] -- Up-to-date: /home/neha/gitjazzy/install/bme_gazebo_sensors/share/bme_gazebo_sensors/rviz/urdf.rviz
[1.777s] -- Up-to-date: /home/neha/gitjazzy/install/bme_gazebo_sensors/share/bme_gazebo_sensors/urdf
[1.777s] -- Up-to-date: /home/neha/gitjazzy/install/bme_gazebo_sensors/share/bme_gazebo_sensors/urdf/mogi_bot.urdf
[1.777s] -- Up-to-date: /home/neha/gitjazzy/install/bme_gazebo_sensors/share/bme_gazebo_sensors/urdf/different_cameras.gazebo.bak
[1.778s] -- Up-to-date: /home/neha/gitjazzy/install/bme_gazebo_sensors/share/bme_gazebo_sensors/urdf/materials.xacro
[1.778s] -- Up-to-date: /home/neha/gitjazzy/install/bme_gazebo_sensors/share/bme_gazebo_sensors/urdf/mogi_bot.gazebo
[1.778s] -- Up-to-date: /home/neha/gitjazzy/install/bme_gazebo_sensors/share/bme_gazebo_sensors/meshes
[1.778s] -- Up-to-date: /home/neha/gitjazzy/install/bme_gazebo_sensors/share/bme_gazebo_sensors/meshes/lidar.dae
[1.778s] -- Up-to-date: /home/neha/gitjazzy/install/bme_gazebo_sensors/share/bme_gazebo_sensors/meshes/mogi_bot.dae
[1.778s] -- Up-to-date: /home/neha/gitjazzy/install/bme_gazebo_sensors/share/bme_gazebo_sensors/meshes/wheel.dae
[1.781s] -- Up-to-date: /home/neha/gitjazzy/install/bme_gazebo_sensors/share/bme_gazebo_sensors/config
[1.781s] -- Up-to-date: /home/neha/gitjazzy/install/bme_gazebo_sensors/share/bme_gazebo_sensors/config/ekf.yaml
[1.781s] -- Up-to-date: /home/neha/gitjazzy/install/bme_gazebo_sensors/share/ament_index/resource_index/package_run_dependencies/bme_gazebo_sensors
[1.781s] -- Up-to-date: /home/neha/gitjazzy/install/bme_gazebo_sensors/share/ament_index/resource_index/parent_prefix_path/bme_gazebo_sensors
[1.781s] -- Up-to-date: /home/neha/gitjazzy/install/bme_gazebo_sensors/share/bme_gazebo_sensors/environment/ament_prefix_path.sh
[1.782s] -- Up-to-date: /home/neha/gitjazzy/install/bme_gazebo_sensors/share/bme_gazebo_sensors/environment/ament_prefix_path.dsv
[1.782s] -- Up-to-date: /home/neha/gitjazzy/install/bme_gazebo_sensors/share/bme_gazebo_sensors/environment/path.sh
[1.782s] -- Up-to-date: /home/neha/gitjazzy/install/bme_gazebo_sensors/share/bme_gazebo_sensors/environment/path.dsv
[1.782s] -- Up-to-date: /home/neha/gitjazzy/install/bme_gazebo_sensors/share/bme_gazebo_sensors/local_setup.bash
[1.782s] -- Up-to-date: /home/neha/gitjazzy/install/bme_gazebo_sensors/share/bme_gazebo_sensors/local_setup.sh
[1.782s] -- Up-to-date: /home/neha/gitjazzy/install/bme_gazebo_sensors/share/bme_gazebo_sensors/local_setup.zsh
[1.782s] -- Up-to-date: /home/neha/gitjazzy/install/bme_gazebo_sensors/share/bme_gazebo_sensors/local_setup.dsv
[1.783s] -- Installing: /home/neha/gitjazzy/install/bme_gazebo_sensors/share/bme_gazebo_sensors/package.dsv
[1.783s] -- Up-to-date: /home/neha/gitjazzy/install/bme_gazebo_sensors/share/ament_index/resource_index/packages/bme_gazebo_sensors
[1.783s] -- Up-to-date: /home/neha/gitjazzy/install/bme_gazebo_sensors/share/bme_gazebo_sensors/cmake/bme_gazebo_sensorsConfig.cmake
[1.783s] -- Up-to-date: /home/neha/gitjazzy/install/bme_gazebo_sensors/share/bme_gazebo_sensors/cmake/bme_gazebo_sensorsConfig-version.cmake
[1.783s] -- Up-to-date: /home/neha/gitjazzy/install/bme_gazebo_sensors/share/bme_gazebo_sensors/package.xml
[1.831s] Invoked command in '/home/neha/gitjazzy/build/bme_gazebo_sensors' returned '0': CMAKE_PREFIX_PATH=${CMAKE_PREFIX_PATH}:/opt/ros/jazzy /usr/bin/cmake --install /home/neha/gitjazzy/build/bme_gazebo_sensors
